[2020-04-16 11:50:57,579] INFO Registered kafka:type=kafka.Log4jController MBean (kafka.utils.Log4jControllerRegistration$)
[2020-04-16 11:51:01,441] INFO Registered signal handlers for TERM, INT, HUP (org.apache.kafka.common.utils.LoggingSignalHandler)
[2020-04-16 11:51:01,447] INFO starting (kafka.server.KafkaServer)
[2020-04-16 11:51:01,462] INFO Connecting to zookeeper on localhost:2181 (kafka.server.KafkaServer)
[2020-04-16 11:51:01,637] INFO [ZooKeeperClient Kafka server] Initializing a new session to localhost:2181. (kafka.zookeeper.ZooKeeperClient)
[2020-04-16 11:51:01,657] INFO Client environment:zookeeper.version=3.5.7-f0fdd52973d373ffd9c86b81d99842dc2c7f660e, built on 02/10/2020 11:30 GMT (org.apache.zookeeper.ZooKeeper)
[2020-04-16 11:51:01,657] INFO Client environment:host.name=bumblebee (org.apache.zookeeper.ZooKeeper)
[2020-04-16 11:51:01,659] INFO Client environment:java.version=1.8.0_242 (org.apache.zookeeper.ZooKeeper)
[2020-04-16 11:51:01,660] INFO Client environment:java.vendor=Oracle Corporation (org.apache.zookeeper.ZooKeeper)
[2020-04-16 11:51:01,660] INFO Client environment:java.home=/usr/lib/jvm/java-8-openjdk/jre (org.apache.zookeeper.ZooKeeper)
[2020-04-16 11:51:01,660] INFO Client environment:java.class.path=/home/user/Desktop/ZiTh0s/docs/uni/2ºSemestre/AS/projeto2/AS-Project2/PA2_T2G01/src/main/java/com/as/pa2_t2g01/Scripts/kafka_2.12-2.4.1/bin/../libs/activation-1.1.1.jar:/home/user/Desktop/ZiTh0s/docs/uni/2ºSemestre/AS/projeto2/AS-Project2/PA2_T2G01/src/main/java/com/as/pa2_t2g01/Scripts/kafka_2.12-2.4.1/bin/../libs/aopalliance-repackaged-2.5.0.jar:/home/user/Desktop/ZiTh0s/docs/uni/2ºSemestre/AS/projeto2/AS-Project2/PA2_T2G01/src/main/java/com/as/pa2_t2g01/Scripts/kafka_2.12-2.4.1/bin/../libs/argparse4j-0.7.0.jar:/home/user/Desktop/ZiTh0s/docs/uni/2ºSemestre/AS/projeto2/AS-Project2/PA2_T2G01/src/main/java/com/as/pa2_t2g01/Scripts/kafka_2.12-2.4.1/bin/../libs/audience-annotations-0.5.0.jar:/home/user/Desktop/ZiTh0s/docs/uni/2ºSemestre/AS/projeto2/AS-Project2/PA2_T2G01/src/main/java/com/as/pa2_t2g01/Scripts/kafka_2.12-2.4.1/bin/../libs/commons-cli-1.4.jar:/home/user/Desktop/ZiTh0s/docs/uni/2ºSemestre/AS/projeto2/AS-Project2/PA2_T2G01/src/main/java/com/as/pa2_t2g01/Scripts/kafka_2.12-2.4.1/bin/../libs/commons-lang3-3.8.1.jar:/home/user/Desktop/ZiTh0s/docs/uni/2ºSemestre/AS/projeto2/AS-Project2/PA2_T2G01/src/main/java/com/as/pa2_t2g01/Scripts/kafka_2.12-2.4.1/bin/../libs/connect-api-2.4.1.jar:/home/user/Desktop/ZiTh0s/docs/uni/2ºSemestre/AS/projeto2/AS-Project2/PA2_T2G01/src/main/java/com/as/pa2_t2g01/Scripts/kafka_2.12-2.4.1/bin/../libs/connect-basic-auth-extension-2.4.1.jar:/home/user/Desktop/ZiTh0s/docs/uni/2ºSemestre/AS/projeto2/AS-Project2/PA2_T2G01/src/main/java/com/as/pa2_t2g01/Scripts/kafka_2.12-2.4.1/bin/../libs/connect-file-2.4.1.jar:/home/user/Desktop/ZiTh0s/docs/uni/2ºSemestre/AS/projeto2/AS-Project2/PA2_T2G01/src/main/java/com/as/pa2_t2g01/Scripts/kafka_2.12-2.4.1/bin/../libs/connect-json-2.4.1.jar:/home/user/Desktop/ZiTh0s/docs/uni/2ºSemestre/AS/projeto2/AS-Project2/PA2_T2G01/src/main/java/com/as/pa2_t2g01/Scripts/kafka_2.12-2.4.1/bin/../libs/connect-mirror-2.4.1.jar:/home/user/Desktop/ZiTh0s/docs/uni/2ºSemestre/AS/projeto2/AS-Project2/PA2_T2G01/src/main/java/com/as/pa2_t2g01/Scripts/kafka_2.12-2.4.1/bin/../libs/connect-mirror-client-2.4.1.jar:/home/user/Desktop/ZiTh0s/docs/uni/2ºSemestre/AS/projeto2/AS-Project2/PA2_T2G01/src/main/java/com/as/pa2_t2g01/Scripts/kafka_2.12-2.4.1/bin/../libs/connect-runtime-2.4.1.jar:/home/user/Desktop/ZiTh0s/docs/uni/2ºSemestre/AS/projeto2/AS-Project2/PA2_T2G01/src/main/java/com/as/pa2_t2g01/Scripts/kafka_2.12-2.4.1/bin/../libs/connect-transforms-2.4.1.jar:/home/user/Desktop/ZiTh0s/docs/uni/2ºSemestre/AS/projeto2/AS-Project2/PA2_T2G01/src/main/java/com/as/pa2_t2g01/Scripts/kafka_2.12-2.4.1/bin/../libs/guava-20.0.jar:/home/user/Desktop/ZiTh0s/docs/uni/2ºSemestre/AS/projeto2/AS-Project2/PA2_T2G01/src/main/java/com/as/pa2_t2g01/Scripts/kafka_2.12-2.4.1/bin/../libs/hk2-api-2.5.0.jar:/home/user/Desktop/ZiTh0s/docs/uni/2ºSemestre/AS/projeto2/AS-Project2/PA2_T2G01/src/main/java/com/as/pa2_t2g01/Scripts/kafka_2.12-2.4.1/bin/../libs/hk2-locator-2.5.0.jar:/home/user/Desktop/ZiTh0s/docs/uni/2ºSemestre/AS/projeto2/AS-Project2/PA2_T2G01/src/main/java/com/as/pa2_t2g01/Scripts/kafka_2.12-2.4.1/bin/../libs/hk2-utils-2.5.0.jar:/home/user/Desktop/ZiTh0s/docs/uni/2ºSemestre/AS/projeto2/AS-Project2/PA2_T2G01/src/main/java/com/as/pa2_t2g01/Scripts/kafka_2.12-2.4.1/bin/../libs/jackson-annotations-2.10.0.jar:/home/user/Desktop/ZiTh0s/docs/uni/2ºSemestre/AS/projeto2/AS-Project2/PA2_T2G01/src/main/java/com/as/pa2_t2g01/Scripts/kafka_2.12-2.4.1/bin/../libs/jackson-core-2.10.0.jar:/home/user/Desktop/ZiTh0s/docs/uni/2ºSemestre/AS/projeto2/AS-Project2/PA2_T2G01/src/main/java/com/as/pa2_t2g01/Scripts/kafka_2.12-2.4.1/bin/../libs/jackson-databind-2.10.0.jar:/home/user/Desktop/ZiTh0s/docs/uni/2ºSemestre/AS/projeto2/AS-Project2/PA2_T2G01/src/main/java/com/as/pa2_t2g01/Scripts/kafka_2.12-2.4.1/bin/../libs/jackson-dataformat-csv-2.10.0.jar:/home/user/Desktop/ZiTh0s/docs/uni/2ºSemestre/AS/projeto2/AS-Project2/PA2_T2G01/src/main/java/com/as/pa2_t2g01/Scripts/kafka_2.12-2.4.1/bin/../libs/jackson-datatype-jdk8-2.10.0.jar:/home/user/Desktop/ZiTh0s/docs/uni/2ºSemestre/AS/projeto2/AS-Project2/PA2_T2G01/src/main/java/com/as/pa2_t2g01/Scripts/kafka_2.12-2.4.1/bin/../libs/jackson-jaxrs-base-2.10.0.jar:/home/user/Desktop/ZiTh0s/docs/uni/2ºSemestre/AS/projeto2/AS-Project2/PA2_T2G01/src/main/java/com/as/pa2_t2g01/Scripts/kafka_2.12-2.4.1/bin/../libs/jackson-jaxrs-json-provider-2.10.0.jar:/home/user/Desktop/ZiTh0s/docs/uni/2ºSemestre/AS/projeto2/AS-Project2/PA2_T2G01/src/main/java/com/as/pa2_t2g01/Scripts/kafka_2.12-2.4.1/bin/../libs/jackson-module-jaxb-annotations-2.10.0.jar:/home/user/Desktop/ZiTh0s/docs/uni/2ºSemestre/AS/projeto2/AS-Project2/PA2_T2G01/src/main/java/com/as/pa2_t2g01/Scripts/kafka_2.12-2.4.1/bin/../libs/jackson-module-paranamer-2.10.0.jar:/home/user/Desktop/ZiTh0s/docs/uni/2ºSemestre/AS/projeto2/AS-Project2/PA2_T2G01/src/main/java/com/as/pa2_t2g01/Scripts/kafka_2.12-2.4.1/bin/../libs/jackson-module-scala_2.12-2.10.0.jar:/home/user/Desktop/ZiTh0s/docs/uni/2ºSemestre/AS/projeto2/AS-Project2/PA2_T2G01/src/main/java/com/as/pa2_t2g01/Scripts/kafka_2.12-2.4.1/bin/../libs/jakarta.activation-api-1.2.1.jar:/home/user/Desktop/ZiTh0s/docs/uni/2ºSemestre/AS/projeto2/AS-Project2/PA2_T2G01/src/main/java/com/as/pa2_t2g01/Scripts/kafka_2.12-2.4.1/bin/../libs/jakarta.annotation-api-1.3.4.jar:/home/user/Desktop/ZiTh0s/docs/uni/2ºSemestre/AS/projeto2/AS-Project2/PA2_T2G01/src/main/java/com/as/pa2_t2g01/Scripts/kafka_2.12-2.4.1/bin/../libs/jakarta.inject-2.5.0.jar:/home/user/Desktop/ZiTh0s/docs/uni/2ºSemestre/AS/projeto2/AS-Project2/PA2_T2G01/src/main/java/com/as/pa2_t2g01/Scripts/kafka_2.12-2.4.1/bin/../libs/jakarta.ws.rs-api-2.1.5.jar:/home/user/Desktop/ZiTh0s/docs/uni/2ºSemestre/AS/projeto2/AS-Project2/PA2_T2G01/src/main/java/com/as/pa2_t2g01/Scripts/kafka_2.12-2.4.1/bin/../libs/jakarta.xml.bind-api-2.3.2.jar:/home/user/Desktop/ZiTh0s/docs/uni/2ºSemestre/AS/projeto2/AS-Project2/PA2_T2G01/src/main/java/com/as/pa2_t2g01/Scripts/kafka_2.12-2.4.1/bin/../libs/javassist-3.22.0-CR2.jar:/home/user/Desktop/ZiTh0s/docs/uni/2ºSemestre/AS/projeto2/AS-Project2/PA2_T2G01/src/main/java/com/as/pa2_t2g01/Scripts/kafka_2.12-2.4.1/bin/../libs/javax.servlet-api-3.1.0.jar:/home/user/Desktop/ZiTh0s/docs/uni/2ºSemestre/AS/projeto2/AS-Project2/PA2_T2G01/src/main/java/com/as/pa2_t2g01/Scripts/kafka_2.12-2.4.1/bin/../libs/javax.ws.rs-api-2.1.1.jar:/home/user/Desktop/ZiTh0s/docs/uni/2ºSemestre/AS/projeto2/AS-Project2/PA2_T2G01/src/main/java/com/as/pa2_t2g01/Scripts/kafka_2.12-2.4.1/bin/../libs/jaxb-api-2.3.0.jar:/home/user/Desktop/ZiTh0s/docs/uni/2ºSemestre/AS/projeto2/AS-Project2/PA2_T2G01/src/main/java/com/as/pa2_t2g01/Scripts/kafka_2.12-2.4.1/bin/../libs/jersey-client-2.28.jar:/home/user/Desktop/ZiTh0s/docs/uni/2ºSemestre/AS/projeto2/AS-Project2/PA2_T2G01/src/main/java/com/as/pa2_t2g01/Scripts/kafka_2.12-2.4.1/bin/../libs/jersey-common-2.28.jar:/home/user/Desktop/ZiTh0s/docs/uni/2ºSemestre/AS/projeto2/AS-Project2/PA2_T2G01/src/main/java/com/as/pa2_t2g01/Scripts/kafka_2.12-2.4.1/bin/../libs/jersey-container-servlet-2.28.jar:/home/user/Desktop/ZiTh0s/docs/uni/2ºSemestre/AS/projeto2/AS-Project2/PA2_T2G01/src/main/java/com/as/pa2_t2g01/Scripts/kafka_2.12-2.4.1/bin/../libs/jersey-container-servlet-core-2.28.jar:/home/user/Desktop/ZiTh0s/docs/uni/2ºSemestre/AS/projeto2/AS-Project2/PA2_T2G01/src/main/java/com/as/pa2_t2g01/Scripts/kafka_2.12-2.4.1/bin/../libs/jersey-hk2-2.28.jar:/home/user/Desktop/ZiTh0s/docs/uni/2ºSemestre/AS/projeto2/AS-Project2/PA2_T2G01/src/main/java/com/as/pa2_t2g01/Scripts/kafka_2.12-2.4.1/bin/../libs/jersey-media-jaxb-2.28.jar:/home/user/Desktop/ZiTh0s/docs/uni/2ºSemestre/AS/projeto2/AS-Project2/PA2_T2G01/src/main/java/com/as/pa2_t2g01/Scripts/kafka_2.12-2.4.1/bin/../libs/jersey-server-2.28.jar:/home/user/Desktop/ZiTh0s/docs/uni/2ºSemestre/AS/projeto2/AS-Project2/PA2_T2G01/src/main/java/com/as/pa2_t2g01/Scripts/kafka_2.12-2.4.1/bin/../libs/jetty-client-9.4.20.v20190813.jar:/home/user/Desktop/ZiTh0s/docs/uni/2ºSemestre/AS/projeto2/AS-Project2/PA2_T2G01/src/main/java/com/as/pa2_t2g01/Scripts/kafka_2.12-2.4.1/bin/../libs/jetty-continuation-9.4.20.v20190813.jar:/home/user/Desktop/ZiTh0s/docs/uni/2ºSemestre/AS/projeto2/AS-Project2/PA2_T2G01/src/main/java/com/as/pa2_t2g01/Scripts/kafka_2.12-2.4.1/bin/../libs/jetty-http-9.4.20.v20190813.jar:/home/user/Desktop/ZiTh0s/docs/uni/2ºSemestre/AS/projeto2/AS-Project2/PA2_T2G01/src/main/java/com/as/pa2_t2g01/Scripts/kafka_2.12-2.4.1/bin/../libs/jetty-io-9.4.20.v20190813.jar:/home/user/Desktop/ZiTh0s/docs/uni/2ºSemestre/AS/projeto2/AS-Project2/PA2_T2G01/src/main/java/com/as/pa2_t2g01/Scripts/kafka_2.12-2.4.1/bin/../libs/jetty-security-9.4.20.v20190813.jar:/home/user/Desktop/ZiTh0s/docs/uni/2ºSemestre/AS/projeto2/AS-Project2/PA2_T2G01/src/main/java/com/as/pa2_t2g01/Scripts/kafka_2.12-2.4.1/bin/../libs/jetty-server-9.4.20.v20190813.jar:/home/user/Desktop/ZiTh0s/docs/uni/2ºSemestre/AS/projeto2/AS-Project2/PA2_T2G01/src/main/java/com/as/pa2_t2g01/Scripts/kafka_2.12-2.4.1/bin/../libs/jetty-servlet-9.4.20.v20190813.jar:/home/user/Desktop/ZiTh0s/docs/uni/2ºSemestre/AS/projeto2/AS-Project2/PA2_T2G01/src/main/java/com/as/pa2_t2g01/Scripts/kafka_2.12-2.4.1/bin/../libs/jetty-servlets-9.4.20.v20190813.jar:/home/user/Desktop/ZiTh0s/docs/uni/2ºSemestre/AS/projeto2/AS-Project2/PA2_T2G01/src/main/java/com/as/pa2_t2g01/Scripts/kafka_2.12-2.4.1/bin/../libs/jetty-util-9.4.20.v20190813.jar:/home/user/Desktop/ZiTh0s/docs/uni/2ºSemestre/AS/projeto2/AS-Project2/PA2_T2G01/src/main/java/com/as/pa2_t2g01/Scripts/kafka_2.12-2.4.1/bin/../libs/jopt-simple-5.0.4.jar:/home/user/Desktop/ZiTh0s/docs/uni/2ºSemestre/AS/projeto2/AS-Project2/PA2_T2G01/src/main/java/com/as/pa2_t2g01/Scripts/kafka_2.12-2.4.1/bin/../libs/kafka_2.12-2.4.1.jar:/home/user/Desktop/ZiTh0s/docs/uni/2ºSemestre/AS/projeto2/AS-Project2/PA2_T2G01/src/main/java/com/as/pa2_t2g01/Scripts/kafka_2.12-2.4.1/bin/../libs/kafka_2.12-2.4.1-sources.jar:/home/user/Desktop/ZiTh0s/docs/uni/2ºSemestre/AS/projeto2/AS-Project2/PA2_T2G01/src/main/java/com/as/pa2_t2g01/Scripts/kafka_2.12-2.4.1/bin/../libs/kafka-clients-2.4.1.jar:/home/user/Desktop/ZiTh0s/docs/uni/2ºSemestre/AS/projeto2/AS-Project2/PA2_T2G01/src/main/java/com/as/pa2_t2g01/Scripts/kafka_2.12-2.4.1/bin/../libs/kafka-log4j-appender-2.4.1.jar:/home/user/Desktop/ZiTh0s/docs/uni/2ºSemestre/AS/projeto2/AS-Project2/PA2_T2G01/src/main/java/com/as/pa2_t2g01/Scripts/kafka_2.12-2.4.1/bin/../libs/kafka-streams-2.4.1.jar:/home/user/Desktop/ZiTh0s/docs/uni/2ºSemestre/AS/projeto2/AS-Project2/PA2_T2G01/src/main/java/com/as/pa2_t2g01/Scripts/kafka_2.12-2.4.1/bin/../libs/kafka-streams-examples-2.4.1.jar:/home/user/Desktop/ZiTh0s/docs/uni/2ºSemestre/AS/projeto2/AS-Project2/PA2_T2G01/src/main/java/com/as/pa2_t2g01/Scripts/kafka_2.12-2.4.1/bin/../libs/kafka-streams-scala_2.12-2.4.1.jar:/home/user/Desktop/ZiTh0s/docs/uni/2ºSemestre/AS/projeto2/AS-Project2/PA2_T2G01/src/main/java/com/as/pa2_t2g01/Scripts/kafka_2.12-2.4.1/bin/../libs/kafka-streams-test-utils-2.4.1.jar:/home/user/Desktop/ZiTh0s/docs/uni/2ºSemestre/AS/projeto2/AS-Project2/PA2_T2G01/src/main/java/com/as/pa2_t2g01/Scripts/kafka_2.12-2.4.1/bin/../libs/kafka-tools-2.4.1.jar:/home/user/Desktop/ZiTh0s/docs/uni/2ºSemestre/AS/projeto2/AS-Project2/PA2_T2G01/src/main/java/com/as/pa2_t2g01/Scripts/kafka_2.12-2.4.1/bin/../libs/log4j-1.2.17.jar:/home/user/Desktop/ZiTh0s/docs/uni/2ºSemestre/AS/projeto2/AS-Project2/PA2_T2G01/src/main/java/com/as/pa2_t2g01/Scripts/kafka_2.12-2.4.1/bin/../libs/lz4-java-1.6.0.jar:/home/user/Desktop/ZiTh0s/docs/uni/2ºSemestre/AS/projeto2/AS-Project2/PA2_T2G01/src/main/java/com/as/pa2_t2g01/Scripts/kafka_2.12-2.4.1/bin/../libs/maven-artifact-3.6.1.jar:/home/user/Desktop/ZiTh0s/docs/uni/2ºSemestre/AS/projeto2/AS-Project2/PA2_T2G01/src/main/java/com/as/pa2_t2g01/Scripts/kafka_2.12-2.4.1/bin/../libs/metrics-core-2.2.0.jar:/home/user/Desktop/ZiTh0s/docs/uni/2ºSemestre/AS/projeto2/AS-Project2/PA2_T2G01/src/main/java/com/as/pa2_t2g01/Scripts/kafka_2.12-2.4.1/bin/../libs/netty-buffer-4.1.45.Final.jar:/home/user/Desktop/ZiTh0s/docs/uni/2ºSemestre/AS/projeto2/AS-Project2/PA2_T2G01/src/main/java/com/as/pa2_t2g01/Scripts/kafka_2.12-2.4.1/bin/../libs/netty-codec-4.1.45.Final.jar:/home/user/Desktop/ZiTh0s/docs/uni/2ºSemestre/AS/projeto2/AS-Project2/PA2_T2G01/src/main/java/com/as/pa2_t2g01/Scripts/kafka_2.12-2.4.1/bin/../libs/netty-common-4.1.45.Final.jar:/home/user/Desktop/ZiTh0s/docs/uni/2ºSemestre/AS/projeto2/AS-Project2/PA2_T2G01/src/main/java/com/as/pa2_t2g01/Scripts/kafka_2.12-2.4.1/bin/../libs/netty-handler-4.1.45.Final.jar:/home/user/Desktop/ZiTh0s/docs/uni/2ºSemestre/AS/projeto2/AS-Project2/PA2_T2G01/src/main/java/com/as/pa2_t2g01/Scripts/kafka_2.12-2.4.1/bin/../libs/netty-resolver-4.1.45.Final.jar:/home/user/Desktop/ZiTh0s/docs/uni/2ºSemestre/AS/projeto2/AS-Project2/PA2_T2G01/src/main/java/com/as/pa2_t2g01/Scripts/kafka_2.12-2.4.1/bin/../libs/netty-transport-4.1.45.Final.jar:/home/user/Desktop/ZiTh0s/docs/uni/2ºSemestre/AS/projeto2/AS-Project2/PA2_T2G01/src/main/java/com/as/pa2_t2g01/Scripts/kafka_2.12-2.4.1/bin/../libs/netty-transport-native-epoll-4.1.45.Final.jar:/home/user/Desktop/ZiTh0s/docs/uni/2ºSemestre/AS/projeto2/AS-Project2/PA2_T2G01/src/main/java/com/as/pa2_t2g01/Scripts/kafka_2.12-2.4.1/bin/../libs/netty-transport-native-unix-common-4.1.45.Final.jar:/home/user/Desktop/ZiTh0s/docs/uni/2ºSemestre/AS/projeto2/AS-Project2/PA2_T2G01/src/main/java/com/as/pa2_t2g01/Scripts/kafka_2.12-2.4.1/bin/../libs/osgi-resource-locator-1.0.1.jar:/home/user/Desktop/ZiTh0s/docs/uni/2ºSemestre/AS/projeto2/AS-Project2/PA2_T2G01/src/main/java/com/as/pa2_t2g01/Scripts/kafka_2.12-2.4.1/bin/../libs/paranamer-2.8.jar:/home/user/Desktop/ZiTh0s/docs/uni/2ºSemestre/AS/projeto2/AS-Project2/PA2_T2G01/src/main/java/com/as/pa2_t2g01/Scripts/kafka_2.12-2.4.1/bin/../libs/plexus-utils-3.2.0.jar:/home/user/Desktop/ZiTh0s/docs/uni/2ºSemestre/AS/projeto2/AS-Project2/PA2_T2G01/src/main/java/com/as/pa2_t2g01/Scripts/kafka_2.12-2.4.1/bin/../libs/reflections-0.9.11.jar:/home/user/Desktop/ZiTh0s/docs/uni/2ºSemestre/AS/projeto2/AS-Project2/PA2_T2G01/src/main/java/com/as/pa2_t2g01/Scripts/kafka_2.12-2.4.1/bin/../libs/rocksdbjni-5.18.3.jar:/home/user/Desktop/ZiTh0s/docs/uni/2ºSemestre/AS/projeto2/AS-Project2/PA2_T2G01/src/main/java/com/as/pa2_t2g01/Scripts/kafka_2.12-2.4.1/bin/../libs/scala-collection-compat_2.12-2.1.2.jar:/home/user/Desktop/ZiTh0s/docs/uni/2ºSemestre/AS/projeto2/AS-Project2/PA2_T2G01/src/main/java/com/as/pa2_t2g01/Scripts/kafka_2.12-2.4.1/bin/../libs/scala-java8-compat_2.12-0.9.0.jar:/home/user/Desktop/ZiTh0s/docs/uni/2ºSemestre/AS/projeto2/AS-Project2/PA2_T2G01/src/main/java/com/as/pa2_t2g01/Scripts/kafka_2.12-2.4.1/bin/../libs/scala-library-2.12.10.jar:/home/user/Desktop/ZiTh0s/docs/uni/2ºSemestre/AS/projeto2/AS-Project2/PA2_T2G01/src/main/java/com/as/pa2_t2g01/Scripts/kafka_2.12-2.4.1/bin/../libs/scala-logging_2.12-3.9.2.jar:/home/user/Desktop/ZiTh0s/docs/uni/2ºSemestre/AS/projeto2/AS-Project2/PA2_T2G01/src/main/java/com/as/pa2_t2g01/Scripts/kafka_2.12-2.4.1/bin/../libs/scala-reflect-2.12.10.jar:/home/user/Desktop/ZiTh0s/docs/uni/2ºSemestre/AS/projeto2/AS-Project2/PA2_T2G01/src/main/java/com/as/pa2_t2g01/Scripts/kafka_2.12-2.4.1/bin/../libs/slf4j-api-1.7.28.jar:/home/user/Desktop/ZiTh0s/docs/uni/2ºSemestre/AS/projeto2/AS-Project2/PA2_T2G01/src/main/java/com/as/pa2_t2g01/Scripts/kafka_2.12-2.4.1/bin/../libs/slf4j-log4j12-1.7.28.jar:/home/user/Desktop/ZiTh0s/docs/uni/2ºSemestre/AS/projeto2/AS-Project2/PA2_T2G01/src/main/java/com/as/pa2_t2g01/Scripts/kafka_2.12-2.4.1/bin/../libs/snappy-java-1.1.7.3.jar:/home/user/Desktop/ZiTh0s/docs/uni/2ºSemestre/AS/projeto2/AS-Project2/PA2_T2G01/src/main/java/com/as/pa2_t2g01/Scripts/kafka_2.12-2.4.1/bin/../libs/validation-api-2.0.1.Final.jar:/home/user/Desktop/ZiTh0s/docs/uni/2ºSemestre/AS/projeto2/AS-Project2/PA2_T2G01/src/main/java/com/as/pa2_t2g01/Scripts/kafka_2.12-2.4.1/bin/../libs/zookeeper-3.5.7.jar:/home/user/Desktop/ZiTh0s/docs/uni/2ºSemestre/AS/projeto2/AS-Project2/PA2_T2G01/src/main/java/com/as/pa2_t2g01/Scripts/kafka_2.12-2.4.1/bin/../libs/zookeeper-jute-3.5.7.jar:/home/user/Desktop/ZiTh0s/docs/uni/2ºSemestre/AS/projeto2/AS-Project2/PA2_T2G01/src/main/java/com/as/pa2_t2g01/Scripts/kafka_2.12-2.4.1/bin/../libs/zstd-jni-1.4.3-1.jar (org.apache.zookeeper.ZooKeeper)
[2020-04-16 11:51:01,667] INFO Client environment:java.library.path=/usr/java/packages/lib/amd64:/usr/lib64:/lib64:/lib:/usr/lib (org.apache.zookeeper.ZooKeeper)
[2020-04-16 11:51:01,667] INFO Client environment:java.io.tmpdir=/tmp (org.apache.zookeeper.ZooKeeper)
[2020-04-16 11:51:01,667] INFO Client environment:java.compiler=<NA> (org.apache.zookeeper.ZooKeeper)
[2020-04-16 11:51:01,667] INFO Client environment:os.name=Linux (org.apache.zookeeper.ZooKeeper)
[2020-04-16 11:51:01,667] INFO Client environment:os.arch=amd64 (org.apache.zookeeper.ZooKeeper)
[2020-04-16 11:51:01,667] INFO Client environment:os.version=5.4.31-1-MANJARO (org.apache.zookeeper.ZooKeeper)
[2020-04-16 11:51:01,668] INFO Client environment:user.name=user (org.apache.zookeeper.ZooKeeper)
[2020-04-16 11:51:01,668] INFO Client environment:user.home=/home/user (org.apache.zookeeper.ZooKeeper)
[2020-04-16 11:51:01,668] INFO Client environment:user.dir=/home/user/Desktop/ZiTh0s/docs/uni/2ºSemestre/AS/projeto2/AS-Project2/PA2_T2G01/src/main/java/com/as/pa2_t2g01/Scripts (org.apache.zookeeper.ZooKeeper)
[2020-04-16 11:51:01,668] INFO Client environment:os.memory.free=976MB (org.apache.zookeeper.ZooKeeper)
[2020-04-16 11:51:01,669] INFO Client environment:os.memory.max=1024MB (org.apache.zookeeper.ZooKeeper)
[2020-04-16 11:51:01,669] INFO Client environment:os.memory.total=1024MB (org.apache.zookeeper.ZooKeeper)
[2020-04-16 11:51:01,680] INFO Initiating client connection, connectString=localhost:2181 sessionTimeout=6000 watcher=kafka.zookeeper.ZooKeeperClient$ZooKeeperClientWatcher$@3d51f06e (org.apache.zookeeper.ZooKeeper)
[2020-04-16 11:51:01,705] INFO Setting -D jdk.tls.rejectClientInitiatedRenegotiation=true to disable client-initiated TLS renegotiation (org.apache.zookeeper.common.X509Util)
[2020-04-16 11:51:01,731] INFO jute.maxbuffer value is 4194304 Bytes (org.apache.zookeeper.ClientCnxnSocket)
[2020-04-16 11:51:01,755] INFO zookeeper.request.timeout value is 0. feature enabled= (org.apache.zookeeper.ClientCnxn)
[2020-04-16 11:51:01,782] INFO [ZooKeeperClient Kafka server] Waiting until connected. (kafka.zookeeper.ZooKeeperClient)
[2020-04-16 11:51:01,883] INFO Opening socket connection to server localhost/0:0:0:0:0:0:0:1:2181. Will not attempt to authenticate using SASL (unknown error) (org.apache.zookeeper.ClientCnxn)
[2020-04-16 11:51:01,910] INFO Socket connection established, initiating session, client: /0:0:0:0:0:0:0:1:38884, server: localhost/0:0:0:0:0:0:0:1:2181 (org.apache.zookeeper.ClientCnxn)
[2020-04-16 11:51:01,929] INFO Session establishment complete on server localhost/0:0:0:0:0:0:0:1:2181, sessionid = 0x100006f05530004, negotiated timeout = 6000 (org.apache.zookeeper.ClientCnxn)
[2020-04-16 11:51:01,940] INFO [ZooKeeperClient Kafka server] Connected. (kafka.zookeeper.ZooKeeperClient)
[2020-04-16 11:51:03,824] INFO Cluster ID = XssC7QCmQmSQy1XE53o6WQ (kafka.server.KafkaServer)
[2020-04-16 11:51:03,841] WARN No meta.properties file under dir /tmp/kafka-logs/server5/meta.properties (kafka.server.BrokerMetadataCheckpoint)
[2020-04-16 11:51:04,485] INFO KafkaConfig values: 
	advertised.host.name = null
	advertised.listeners = null
	advertised.port = null
	alter.config.policy.class.name = null
	alter.log.dirs.replication.quota.window.num = 11
	alter.log.dirs.replication.quota.window.size.seconds = 1
	authorizer.class.name = 
	auto.create.topics.enable = false
	auto.leader.rebalance.enable = true
	background.threads = 10
	broker.id = 4
	broker.id.generation.enable = true
	broker.rack = null
	client.quota.callback.class = null
	compression.type = producer
	connection.failed.authentication.delay.ms = 100
	connections.max.idle.ms = 600000
	connections.max.reauth.ms = 0
	control.plane.listener.name = null
	controlled.shutdown.enable = true
	controlled.shutdown.max.retries = 3
	controlled.shutdown.retry.backoff.ms = 5000
	controller.socket.timeout.ms = 30000
	create.topic.policy.class.name = null
	default.replication.factor = 1
	delegation.token.expiry.check.interval.ms = 3600000
	delegation.token.expiry.time.ms = 86400000
	delegation.token.master.key = null
	delegation.token.max.lifetime.ms = 604800000
	delete.records.purgatory.purge.interval.requests = 1
	delete.topic.enable = true
	fetch.purgatory.purge.interval.requests = 1000
	group.initial.rebalance.delay.ms = 3000
	group.max.session.timeout.ms = 1800000
	group.max.size = 2147483647
	group.min.session.timeout.ms = 6000
	host.name = 
	inter.broker.listener.name = null
	inter.broker.protocol.version = 2.4-IV1
	kafka.metrics.polling.interval.secs = 10
	kafka.metrics.reporters = []
	leader.imbalance.check.interval.seconds = 300
	leader.imbalance.per.broker.percentage = 10
	listener.security.protocol.map = PLAINTEXT:PLAINTEXT,SSL:SSL,SASL_PLAINTEXT:SASL_PLAINTEXT,SASL_SSL:SASL_SSL
	listeners = PLAINTEXT://:9096
	log.cleaner.backoff.ms = 15000
	log.cleaner.dedupe.buffer.size = 134217728
	log.cleaner.delete.retention.ms = 86400000
	log.cleaner.enable = true
	log.cleaner.io.buffer.load.factor = 0.9
	log.cleaner.io.buffer.size = 524288
	log.cleaner.io.max.bytes.per.second = 1.7976931348623157E308
	log.cleaner.max.compaction.lag.ms = 9223372036854775807
	log.cleaner.min.cleanable.ratio = 0.5
	log.cleaner.min.compaction.lag.ms = 0
	log.cleaner.threads = 1
	log.cleanup.policy = [delete]
	log.dir = /tmp/kafka-logs
	log.dirs = /tmp/kafka-logs/server5
	log.flush.interval.messages = 10000
	log.flush.interval.ms = 1000
	log.flush.offset.checkpoint.interval.ms = 60000
	log.flush.scheduler.interval.ms = 9223372036854775807
	log.flush.start.offset.checkpoint.interval.ms = 60000
	log.index.interval.bytes = 4096
	log.index.size.max.bytes = 10485760
	log.message.downconversion.enable = true
	log.message.format.version = 2.4-IV1
	log.message.timestamp.difference.max.ms = 9223372036854775807
	log.message.timestamp.type = CreateTime
	log.preallocate = false
	log.retention.bytes = 1073741824
	log.retention.check.interval.ms = 300000
	log.retention.hours = 168
	log.retention.minutes = null
	log.retention.ms = null
	log.roll.hours = 168
	log.roll.jitter.hours = 0
	log.roll.jitter.ms = null
	log.roll.ms = null
	log.segment.bytes = 1073741824
	log.segment.delete.delay.ms = 60000
	max.connections = 2147483647
	max.connections.per.ip = 2147483647
	max.connections.per.ip.overrides = 
	max.incremental.fetch.session.cache.slots = 1000
	message.max.bytes = 1000012
	metric.reporters = []
	metrics.num.samples = 2
	metrics.recording.level = INFO
	metrics.sample.window.ms = 30000
	min.insync.replicas = 2
	num.io.threads = 8
	num.network.threads = 3
	num.partitions = 1
	num.recovery.threads.per.data.dir = 1
	num.replica.alter.log.dirs.threads = null
	num.replica.fetchers = 1
	offset.metadata.max.bytes = 4096
	offsets.commit.required.acks = -1
	offsets.commit.timeout.ms = 5000
	offsets.load.buffer.size = 5242880
	offsets.retention.check.interval.ms = 600000
	offsets.retention.minutes = 10080
	offsets.topic.compression.codec = 0
	offsets.topic.num.partitions = 50
	offsets.topic.replication.factor = 3
	offsets.topic.segment.bytes = 104857600
	password.encoder.cipher.algorithm = AES/CBC/PKCS5Padding
	password.encoder.iterations = 4096
	password.encoder.key.length = 128
	password.encoder.keyfactory.algorithm = null
	password.encoder.old.secret = null
	password.encoder.secret = null
	port = 9092
	principal.builder.class = null
	producer.purgatory.purge.interval.requests = 1000
	queued.max.request.bytes = -1
	queued.max.requests = 500
	quota.consumer.default = 9223372036854775807
	quota.producer.default = 9223372036854775807
	quota.window.num = 11
	quota.window.size.seconds = 1
	replica.fetch.backoff.ms = 1000
	replica.fetch.max.bytes = 1048576
	replica.fetch.min.bytes = 1
	replica.fetch.response.max.bytes = 10485760
	replica.fetch.wait.max.ms = 500
	replica.high.watermark.checkpoint.interval.ms = 5000
	replica.lag.time.max.ms = 10000
	replica.selector.class = null
	replica.socket.receive.buffer.bytes = 65536
	replica.socket.timeout.ms = 30000
	replication.quota.window.num = 11
	replication.quota.window.size.seconds = 1
	request.timeout.ms = 30000
	reserved.broker.max.id = 1000
	sasl.client.callback.handler.class = null
	sasl.enabled.mechanisms = [GSSAPI]
	sasl.jaas.config = null
	sasl.kerberos.kinit.cmd = /usr/bin/kinit
	sasl.kerberos.min.time.before.relogin = 60000
	sasl.kerberos.principal.to.local.rules = [DEFAULT]
	sasl.kerberos.service.name = null
	sasl.kerberos.ticket.renew.jitter = 0.05
	sasl.kerberos.ticket.renew.window.factor = 0.8
	sasl.login.callback.handler.class = null
	sasl.login.class = null
	sasl.login.refresh.buffer.seconds = 300
	sasl.login.refresh.min.period.seconds = 60
	sasl.login.refresh.window.factor = 0.8
	sasl.login.refresh.window.jitter = 0.05
	sasl.mechanism.inter.broker.protocol = GSSAPI
	sasl.server.callback.handler.class = null
	security.inter.broker.protocol = PLAINTEXT
	security.providers = null
	socket.receive.buffer.bytes = 102400
	socket.request.max.bytes = 104857600
	socket.send.buffer.bytes = 102400
	ssl.cipher.suites = []
	ssl.client.auth = none
	ssl.enabled.protocols = [TLSv1.2, TLSv1.1, TLSv1]
	ssl.endpoint.identification.algorithm = https
	ssl.key.password = null
	ssl.keymanager.algorithm = SunX509
	ssl.keystore.location = null
	ssl.keystore.password = null
	ssl.keystore.type = JKS
	ssl.principal.mapping.rules = DEFAULT
	ssl.protocol = TLS
	ssl.provider = null
	ssl.secure.random.implementation = null
	ssl.trustmanager.algorithm = PKIX
	ssl.truststore.location = null
	ssl.truststore.password = null
	ssl.truststore.type = JKS
	transaction.abort.timed.out.transaction.cleanup.interval.ms = 60000
	transaction.max.timeout.ms = 900000
	transaction.remove.expired.transaction.cleanup.interval.ms = 3600000
	transaction.state.log.load.buffer.size = 5242880
	transaction.state.log.min.isr = 2
	transaction.state.log.num.partitions = 50
	transaction.state.log.replication.factor = 3
	transaction.state.log.segment.bytes = 104857600
	transactional.id.expiration.ms = 604800000
	unclean.leader.election.enable = false
	zookeeper.connect = localhost:2181
	zookeeper.connection.timeout.ms = 6000
	zookeeper.max.in.flight.requests = 10
	zookeeper.session.timeout.ms = 6000
	zookeeper.set.acl = false
	zookeeper.sync.time.ms = 2000
 (kafka.server.KafkaConfig)
[2020-04-16 11:51:04,599] INFO KafkaConfig values: 
	advertised.host.name = null
	advertised.listeners = null
	advertised.port = null
	alter.config.policy.class.name = null
	alter.log.dirs.replication.quota.window.num = 11
	alter.log.dirs.replication.quota.window.size.seconds = 1
	authorizer.class.name = 
	auto.create.topics.enable = false
	auto.leader.rebalance.enable = true
	background.threads = 10
	broker.id = 4
	broker.id.generation.enable = true
	broker.rack = null
	client.quota.callback.class = null
	compression.type = producer
	connection.failed.authentication.delay.ms = 100
	connections.max.idle.ms = 600000
	connections.max.reauth.ms = 0
	control.plane.listener.name = null
	controlled.shutdown.enable = true
	controlled.shutdown.max.retries = 3
	controlled.shutdown.retry.backoff.ms = 5000
	controller.socket.timeout.ms = 30000
	create.topic.policy.class.name = null
	default.replication.factor = 1
	delegation.token.expiry.check.interval.ms = 3600000
	delegation.token.expiry.time.ms = 86400000
	delegation.token.master.key = null
	delegation.token.max.lifetime.ms = 604800000
	delete.records.purgatory.purge.interval.requests = 1
	delete.topic.enable = true
	fetch.purgatory.purge.interval.requests = 1000
	group.initial.rebalance.delay.ms = 3000
	group.max.session.timeout.ms = 1800000
	group.max.size = 2147483647
	group.min.session.timeout.ms = 6000
	host.name = 
	inter.broker.listener.name = null
	inter.broker.protocol.version = 2.4-IV1
	kafka.metrics.polling.interval.secs = 10
	kafka.metrics.reporters = []
	leader.imbalance.check.interval.seconds = 300
	leader.imbalance.per.broker.percentage = 10
	listener.security.protocol.map = PLAINTEXT:PLAINTEXT,SSL:SSL,SASL_PLAINTEXT:SASL_PLAINTEXT,SASL_SSL:SASL_SSL
	listeners = PLAINTEXT://:9096
	log.cleaner.backoff.ms = 15000
	log.cleaner.dedupe.buffer.size = 134217728
	log.cleaner.delete.retention.ms = 86400000
	log.cleaner.enable = true
	log.cleaner.io.buffer.load.factor = 0.9
	log.cleaner.io.buffer.size = 524288
	log.cleaner.io.max.bytes.per.second = 1.7976931348623157E308
	log.cleaner.max.compaction.lag.ms = 9223372036854775807
	log.cleaner.min.cleanable.ratio = 0.5
	log.cleaner.min.compaction.lag.ms = 0
	log.cleaner.threads = 1
	log.cleanup.policy = [delete]
	log.dir = /tmp/kafka-logs
	log.dirs = /tmp/kafka-logs/server5
	log.flush.interval.messages = 10000
	log.flush.interval.ms = 1000
	log.flush.offset.checkpoint.interval.ms = 60000
	log.flush.scheduler.interval.ms = 9223372036854775807
	log.flush.start.offset.checkpoint.interval.ms = 60000
	log.index.interval.bytes = 4096
	log.index.size.max.bytes = 10485760
	log.message.downconversion.enable = true
	log.message.format.version = 2.4-IV1
	log.message.timestamp.difference.max.ms = 9223372036854775807
	log.message.timestamp.type = CreateTime
	log.preallocate = false
	log.retention.bytes = 1073741824
	log.retention.check.interval.ms = 300000
	log.retention.hours = 168
	log.retention.minutes = null
	log.retention.ms = null
	log.roll.hours = 168
	log.roll.jitter.hours = 0
	log.roll.jitter.ms = null
	log.roll.ms = null
	log.segment.bytes = 1073741824
	log.segment.delete.delay.ms = 60000
	max.connections = 2147483647
	max.connections.per.ip = 2147483647
	max.connections.per.ip.overrides = 
	max.incremental.fetch.session.cache.slots = 1000
	message.max.bytes = 1000012
	metric.reporters = []
	metrics.num.samples = 2
	metrics.recording.level = INFO
	metrics.sample.window.ms = 30000
	min.insync.replicas = 2
	num.io.threads = 8
	num.network.threads = 3
	num.partitions = 1
	num.recovery.threads.per.data.dir = 1
	num.replica.alter.log.dirs.threads = null
	num.replica.fetchers = 1
	offset.metadata.max.bytes = 4096
	offsets.commit.required.acks = -1
	offsets.commit.timeout.ms = 5000
	offsets.load.buffer.size = 5242880
	offsets.retention.check.interval.ms = 600000
	offsets.retention.minutes = 10080
	offsets.topic.compression.codec = 0
	offsets.topic.num.partitions = 50
	offsets.topic.replication.factor = 3
	offsets.topic.segment.bytes = 104857600
	password.encoder.cipher.algorithm = AES/CBC/PKCS5Padding
	password.encoder.iterations = 4096
	password.encoder.key.length = 128
	password.encoder.keyfactory.algorithm = null
	password.encoder.old.secret = null
	password.encoder.secret = null
	port = 9092
	principal.builder.class = null
	producer.purgatory.purge.interval.requests = 1000
	queued.max.request.bytes = -1
	queued.max.requests = 500
	quota.consumer.default = 9223372036854775807
	quota.producer.default = 9223372036854775807
	quota.window.num = 11
	quota.window.size.seconds = 1
	replica.fetch.backoff.ms = 1000
	replica.fetch.max.bytes = 1048576
	replica.fetch.min.bytes = 1
	replica.fetch.response.max.bytes = 10485760
	replica.fetch.wait.max.ms = 500
	replica.high.watermark.checkpoint.interval.ms = 5000
	replica.lag.time.max.ms = 10000
	replica.selector.class = null
	replica.socket.receive.buffer.bytes = 65536
	replica.socket.timeout.ms = 30000
	replication.quota.window.num = 11
	replication.quota.window.size.seconds = 1
	request.timeout.ms = 30000
	reserved.broker.max.id = 1000
	sasl.client.callback.handler.class = null
	sasl.enabled.mechanisms = [GSSAPI]
	sasl.jaas.config = null
	sasl.kerberos.kinit.cmd = /usr/bin/kinit
	sasl.kerberos.min.time.before.relogin = 60000
	sasl.kerberos.principal.to.local.rules = [DEFAULT]
	sasl.kerberos.service.name = null
	sasl.kerberos.ticket.renew.jitter = 0.05
	sasl.kerberos.ticket.renew.window.factor = 0.8
	sasl.login.callback.handler.class = null
	sasl.login.class = null
	sasl.login.refresh.buffer.seconds = 300
	sasl.login.refresh.min.period.seconds = 60
	sasl.login.refresh.window.factor = 0.8
	sasl.login.refresh.window.jitter = 0.05
	sasl.mechanism.inter.broker.protocol = GSSAPI
	sasl.server.callback.handler.class = null
	security.inter.broker.protocol = PLAINTEXT
	security.providers = null
	socket.receive.buffer.bytes = 102400
	socket.request.max.bytes = 104857600
	socket.send.buffer.bytes = 102400
	ssl.cipher.suites = []
	ssl.client.auth = none
	ssl.enabled.protocols = [TLSv1.2, TLSv1.1, TLSv1]
	ssl.endpoint.identification.algorithm = https
	ssl.key.password = null
	ssl.keymanager.algorithm = SunX509
	ssl.keystore.location = null
	ssl.keystore.password = null
	ssl.keystore.type = JKS
	ssl.principal.mapping.rules = DEFAULT
	ssl.protocol = TLS
	ssl.provider = null
	ssl.secure.random.implementation = null
	ssl.trustmanager.algorithm = PKIX
	ssl.truststore.location = null
	ssl.truststore.password = null
	ssl.truststore.type = JKS
	transaction.abort.timed.out.transaction.cleanup.interval.ms = 60000
	transaction.max.timeout.ms = 900000
	transaction.remove.expired.transaction.cleanup.interval.ms = 3600000
	transaction.state.log.load.buffer.size = 5242880
	transaction.state.log.min.isr = 2
	transaction.state.log.num.partitions = 50
	transaction.state.log.replication.factor = 3
	transaction.state.log.segment.bytes = 104857600
	transactional.id.expiration.ms = 604800000
	unclean.leader.election.enable = false
	zookeeper.connect = localhost:2181
	zookeeper.connection.timeout.ms = 6000
	zookeeper.max.in.flight.requests = 10
	zookeeper.session.timeout.ms = 6000
	zookeeper.set.acl = false
	zookeeper.sync.time.ms = 2000
 (kafka.server.KafkaConfig)
[2020-04-16 11:51:04,890] INFO [ThrottledChannelReaper-Fetch]: Starting (kafka.server.ClientQuotaManager$ThrottledChannelReaper)
[2020-04-16 11:51:04,911] INFO [ThrottledChannelReaper-Produce]: Starting (kafka.server.ClientQuotaManager$ThrottledChannelReaper)
[2020-04-16 11:51:04,934] INFO [ThrottledChannelReaper-Request]: Starting (kafka.server.ClientQuotaManager$ThrottledChannelReaper)
[2020-04-16 11:51:05,235] INFO Log directory /tmp/kafka-logs/server5 not found, creating it. (kafka.log.LogManager)
[2020-04-16 11:51:05,341] INFO Loading logs. (kafka.log.LogManager)
[2020-04-16 11:51:05,459] INFO Logs loading complete in 110 ms. (kafka.log.LogManager)
[2020-04-16 11:51:05,603] INFO Starting log cleanup with a period of 300000 ms. (kafka.log.LogManager)
[2020-04-16 11:51:05,635] INFO Starting log flusher with a default period of 9223372036854775807 ms. (kafka.log.LogManager)
[2020-04-16 11:51:07,679] INFO Awaiting socket connections on 0.0.0.0:9096. (kafka.network.Acceptor)
[2020-04-16 11:51:07,943] INFO [SocketServer brokerId=4] Created data-plane acceptor and processors for endpoint : EndPoint(null,9096,ListenerName(PLAINTEXT),PLAINTEXT) (kafka.network.SocketServer)
[2020-04-16 11:51:07,946] INFO [SocketServer brokerId=4] Started 1 acceptor threads for data-plane (kafka.network.SocketServer)
[2020-04-16 11:51:08,094] INFO [ExpirationReaper-4-Produce]: Starting (kafka.server.DelayedOperationPurgatory$ExpiredOperationReaper)
[2020-04-16 11:51:08,113] INFO [ExpirationReaper-4-DeleteRecords]: Starting (kafka.server.DelayedOperationPurgatory$ExpiredOperationReaper)
[2020-04-16 11:51:08,113] INFO [ExpirationReaper-4-Fetch]: Starting (kafka.server.DelayedOperationPurgatory$ExpiredOperationReaper)
[2020-04-16 11:51:08,126] INFO [ExpirationReaper-4-ElectLeader]: Starting (kafka.server.DelayedOperationPurgatory$ExpiredOperationReaper)
[2020-04-16 11:51:08,231] INFO [LogDirFailureHandler]: Starting (kafka.server.ReplicaManager$LogDirFailureHandler)
[2020-04-16 11:51:08,586] INFO Creating /brokers/ids/4 (is it secure? false) (kafka.zk.KafkaZkClient)
[2020-04-16 11:51:08,796] INFO Stat of the created znode at /brokers/ids/4 is: 1826,1826,1587034268747,1587034268747,1,0,0,72058070868623364,188,0,1826
 (kafka.zk.KafkaZkClient)
[2020-04-16 11:51:08,797] INFO Registered broker 4 at path /brokers/ids/4 with addresses: ArrayBuffer(EndPoint(bumblebee,9096,ListenerName(PLAINTEXT),PLAINTEXT)), czxid (broker epoch): 1826 (kafka.zk.KafkaZkClient)
[2020-04-16 11:51:09,441] INFO [ExpirationReaper-4-topic]: Starting (kafka.server.DelayedOperationPurgatory$ExpiredOperationReaper)
[2020-04-16 11:51:09,502] INFO [ExpirationReaper-4-Heartbeat]: Starting (kafka.server.DelayedOperationPurgatory$ExpiredOperationReaper)
[2020-04-16 11:51:09,517] INFO [ExpirationReaper-4-Rebalance]: Starting (kafka.server.DelayedOperationPurgatory$ExpiredOperationReaper)
[2020-04-16 11:51:09,863] INFO [GroupCoordinator 4]: Starting up. (kafka.coordinator.group.GroupCoordinator)
[2020-04-16 11:51:09,883] INFO [GroupCoordinator 4]: Startup complete. (kafka.coordinator.group.GroupCoordinator)
[2020-04-16 11:51:09,992] INFO [GroupMetadataManager brokerId=4] Removed 0 expired offsets in 99 milliseconds. (kafka.coordinator.group.GroupMetadataManager)
[2020-04-16 11:51:10,041] INFO [ProducerId Manager 4]: Acquired new producerId block (brokerId:4,blockStartProducerId:49000,blockEndProducerId:49999) by writing to Zk with path version 50 (kafka.coordinator.transaction.ProducerIdManager)
[2020-04-16 11:51:10,259] INFO [TransactionCoordinator id=4] Starting up. (kafka.coordinator.transaction.TransactionCoordinator)
[2020-04-16 11:51:10,264] INFO [TransactionCoordinator id=4] Startup complete. (kafka.coordinator.transaction.TransactionCoordinator)
[2020-04-16 11:51:10,279] INFO [Transaction Marker Channel Manager 4]: Starting (kafka.coordinator.transaction.TransactionMarkerChannelManager)
[2020-04-16 11:51:10,620] INFO [ExpirationReaper-4-AlterAcls]: Starting (kafka.server.DelayedOperationPurgatory$ExpiredOperationReaper)
[2020-04-16 11:51:10,928] INFO [/config/changes-event-process-thread]: Starting (kafka.common.ZkNodeChangeNotificationListener$ChangeEventProcessThread)
[2020-04-16 11:51:11,103] INFO [SocketServer brokerId=4] Started data-plane processors for 1 acceptors (kafka.network.SocketServer)
[2020-04-16 11:51:11,133] INFO Kafka version: 2.4.1 (org.apache.kafka.common.utils.AppInfoParser)
[2020-04-16 11:51:11,134] INFO Kafka commitId: c57222ae8cd7866b (org.apache.kafka.common.utils.AppInfoParser)
[2020-04-16 11:51:11,134] INFO Kafka startTimeMs: 1587034271104 (org.apache.kafka.common.utils.AppInfoParser)
[2020-04-16 11:51:11,144] INFO [KafkaServer id=4] started (kafka.server.KafkaServer)
[2020-04-16 11:53:05,206] INFO [GroupCoordinator 4]: Removed 0 offsets associated with deleted partitions: AlarmTopic-2, AlarmTopic-1, AlarmTopic-0. (kafka.coordinator.group.GroupCoordinator)
[2020-04-16 11:53:33,320] INFO [GroupCoordinator 4]: Removed 0 offsets associated with deleted partitions: BatchTopic-2, BatchTopic-1, BatchTopic-0. (kafka.coordinator.group.GroupCoordinator)
[2020-04-16 11:53:44,098] INFO [GroupCoordinator 4]: Removed 0 offsets associated with deleted partitions: ReportTopic-2, ReportTopic-1, ReportTopic-0. (kafka.coordinator.group.GroupCoordinator)
[2020-04-16 11:54:45,296] INFO [Log partition=BatchTopic-1, dir=/tmp/kafka-logs/server5] Loading producer state till offset 0 with message format version 2 (kafka.log.Log)
[2020-04-16 11:54:45,393] INFO [Log partition=BatchTopic-1, dir=/tmp/kafka-logs/server5] Completed load of log with 1 segments, log start offset 0 and log end offset 0 in 774 ms (kafka.log.Log)
[2020-04-16 11:54:45,410] INFO Created log for partition BatchTopic-1 in /tmp/kafka-logs/server5/BatchTopic-1 with properties {compression.type -> producer, message.downconversion.enable -> true, min.insync.replicas -> 2, segment.jitter.ms -> 0, cleanup.policy -> [delete], flush.ms -> 1000, segment.bytes -> 1073741824, retention.ms -> 604800000, flush.messages -> 10000, message.format.version -> 2.4-IV1, file.delete.delay.ms -> 60000, max.compaction.lag.ms -> 9223372036854775807, max.message.bytes -> 1000012, min.compaction.lag.ms -> 0, message.timestamp.type -> CreateTime, preallocate -> false, min.cleanable.dirty.ratio -> 0.5, index.interval.bytes -> 4096, unclean.leader.election.enable -> false, retention.bytes -> 1073741824, delete.retention.ms -> 86400000, segment.ms -> 604800000, message.timestamp.difference.max.ms -> 9223372036854775807, segment.index.bytes -> 10485760}. (kafka.log.LogManager)
[2020-04-16 11:54:45,442] INFO [Partition BatchTopic-1 broker=4] No checkpointed highwatermark is found for partition BatchTopic-1 (kafka.cluster.Partition)
[2020-04-16 11:54:45,445] INFO [Partition BatchTopic-1 broker=4] Log loaded for partition BatchTopic-1 with initial high watermark 0 (kafka.cluster.Partition)
[2020-04-16 11:54:45,471] INFO [Log partition=BatchTopic-0, dir=/tmp/kafka-logs/server5] Loading producer state till offset 0 with message format version 2 (kafka.log.Log)
[2020-04-16 11:54:45,472] INFO [Log partition=BatchTopic-0, dir=/tmp/kafka-logs/server5] Completed load of log with 1 segments, log start offset 0 and log end offset 0 in 10 ms (kafka.log.Log)
[2020-04-16 11:54:45,474] INFO Created log for partition BatchTopic-0 in /tmp/kafka-logs/server5/BatchTopic-0 with properties {compression.type -> producer, message.downconversion.enable -> true, min.insync.replicas -> 2, segment.jitter.ms -> 0, cleanup.policy -> [delete], flush.ms -> 1000, segment.bytes -> 1073741824, retention.ms -> 604800000, flush.messages -> 10000, message.format.version -> 2.4-IV1, file.delete.delay.ms -> 60000, max.compaction.lag.ms -> 9223372036854775807, max.message.bytes -> 1000012, min.compaction.lag.ms -> 0, message.timestamp.type -> CreateTime, preallocate -> false, min.cleanable.dirty.ratio -> 0.5, index.interval.bytes -> 4096, unclean.leader.election.enable -> false, retention.bytes -> 1073741824, delete.retention.ms -> 86400000, segment.ms -> 604800000, message.timestamp.difference.max.ms -> 9223372036854775807, segment.index.bytes -> 10485760}. (kafka.log.LogManager)
[2020-04-16 11:54:45,484] INFO [Partition BatchTopic-0 broker=4] No checkpointed highwatermark is found for partition BatchTopic-0 (kafka.cluster.Partition)
[2020-04-16 11:54:45,484] INFO [Partition BatchTopic-0 broker=4] Log loaded for partition BatchTopic-0 with initial high watermark 0 (kafka.cluster.Partition)
[2020-04-16 11:54:45,488] INFO [ReplicaFetcherManager on broker 4] Removed fetcher for partitions Set(BatchTopic-0, BatchTopic-1) (kafka.server.ReplicaFetcherManager)
[2020-04-16 11:54:45,814] INFO [ReplicaFetcherManager on broker 4] Added fetcher to broker BrokerEndPoint(id=1, host=bumblebee:9093) for partitions Map(BatchTopic-0 -> (offset=0, leaderEpoch=0)) (kafka.server.ReplicaFetcherManager)
[2020-04-16 11:54:45,818] INFO [ReplicaFetcher replicaId=4, leaderId=1, fetcherId=0] Starting (kafka.server.ReplicaFetcherThread)
[2020-04-16 11:54:45,839] INFO [ReplicaFetcher replicaId=4, leaderId=1, fetcherId=0] Truncating partition BatchTopic-0 to local high watermark 0 (kafka.server.ReplicaFetcherThread)
[2020-04-16 11:54:45,854] INFO [Log partition=BatchTopic-0, dir=/tmp/kafka-logs/server5] Truncating to 0 has no effect as the largest offset in the log is -1 (kafka.log.Log)
[2020-04-16 11:54:45,880] INFO [ReplicaFetcherManager on broker 4] Added fetcher to broker BrokerEndPoint(id=6, host=bumblebee:9098) for partitions Map(BatchTopic-1 -> (offset=0, leaderEpoch=0)) (kafka.server.ReplicaFetcherManager)
[2020-04-16 11:54:45,881] INFO [ReplicaFetcher replicaId=4, leaderId=6, fetcherId=0] Starting (kafka.server.ReplicaFetcherThread)
[2020-04-16 11:54:45,888] INFO [ReplicaFetcher replicaId=4, leaderId=6, fetcherId=0] Truncating partition BatchTopic-1 to local high watermark 0 (kafka.server.ReplicaFetcherThread)
[2020-04-16 11:54:45,889] INFO [Log partition=BatchTopic-1, dir=/tmp/kafka-logs/server5] Truncating to 0 has no effect as the largest offset in the log is -1 (kafka.log.Log)
[2020-04-16 11:54:46,157] ERROR [ReplicaFetcher replicaId=4, leaderId=6, fetcherId=0] Error for partition BatchTopic-1 at offset 0 (kafka.server.ReplicaFetcherThread)
org.apache.kafka.common.errors.UnknownTopicOrPartitionException: This server does not host this topic-partition.
[2020-04-16 11:56:49,382] INFO Terminating process due to signal SIGTERM (org.apache.kafka.common.utils.LoggingSignalHandler)
[2020-04-16 11:56:49,401] INFO [KafkaServer id=4] shutting down (kafka.server.KafkaServer)
[2020-04-16 11:56:49,457] INFO [KafkaServer id=4] Starting controlled shutdown (kafka.server.KafkaServer)
[2020-04-16 11:56:49,835] INFO [ReplicaFetcherManager on broker 4] Removed fetcher for partitions Set(BatchTopic-0) (kafka.server.ReplicaFetcherManager)
[2020-04-16 11:56:49,840] INFO [ReplicaFetcher replicaId=4, leaderId=1, fetcherId=0] Shutting down (kafka.server.ReplicaFetcherThread)
[2020-04-16 11:56:49,875] INFO [ReplicaFetcher replicaId=4, leaderId=1, fetcherId=0] Stopped (kafka.server.ReplicaFetcherThread)
[2020-04-16 11:56:49,889] INFO [ReplicaFetcher replicaId=4, leaderId=1, fetcherId=0] Shutdown completed (kafka.server.ReplicaFetcherThread)
[2020-04-16 11:56:49,954] INFO [KafkaServer id=4] Controlled shutdown succeeded (kafka.server.KafkaServer)
[2020-04-16 11:56:49,991] INFO [/config/changes-event-process-thread]: Shutting down (kafka.common.ZkNodeChangeNotificationListener$ChangeEventProcessThread)
[2020-04-16 11:56:50,020] INFO [/config/changes-event-process-thread]: Stopped (kafka.common.ZkNodeChangeNotificationListener$ChangeEventProcessThread)
[2020-04-16 11:56:50,031] INFO [ReplicaFetcherManager on broker 4] Removed fetcher for partitions Set(BatchTopic-1) (kafka.server.ReplicaFetcherManager)
[2020-04-16 11:56:50,035] INFO [ReplicaFetcher replicaId=4, leaderId=6, fetcherId=0] Shutting down (kafka.server.ReplicaFetcherThread)
[2020-04-16 11:56:50,036] INFO [/config/changes-event-process-thread]: Shutdown completed (kafka.common.ZkNodeChangeNotificationListener$ChangeEventProcessThread)
[2020-04-16 11:56:50,046] INFO [ReplicaFetcher replicaId=4, leaderId=6, fetcherId=0] Error sending fetch request (sessionId=1234645309, epoch=243) to node 6: {}. (org.apache.kafka.clients.FetchSessionHandler)
java.io.IOException: Client was shutdown before response was read
	at org.apache.kafka.clients.NetworkClientUtils.sendAndReceive(NetworkClientUtils.java:109)
	at kafka.server.ReplicaFetcherBlockingSend.sendRequest(ReplicaFetcherBlockingSend.scala:107)
	at kafka.server.ReplicaFetcherThread.fetchFromLeader(ReplicaFetcherThread.scala:196)
	at kafka.server.AbstractFetcherThread.processFetchRequest(AbstractFetcherThread.scala:286)
	at kafka.server.AbstractFetcherThread.$anonfun$maybeFetch$3(AbstractFetcherThread.scala:133)
	at kafka.server.AbstractFetcherThread.$anonfun$maybeFetch$3$adapted(AbstractFetcherThread.scala:132)
	at scala.Option.foreach(Option.scala:407)
	at kafka.server.AbstractFetcherThread.maybeFetch(AbstractFetcherThread.scala:132)
	at kafka.server.AbstractFetcherThread.doWork(AbstractFetcherThread.scala:114)
	at kafka.utils.ShutdownableThread.run(ShutdownableThread.scala:96)
[2020-04-16 11:56:50,047] INFO [ReplicaFetcher replicaId=4, leaderId=6, fetcherId=0] Stopped (kafka.server.ReplicaFetcherThread)
[2020-04-16 11:56:50,048] INFO [ReplicaFetcher replicaId=4, leaderId=6, fetcherId=0] Shutdown completed (kafka.server.ReplicaFetcherThread)
[2020-04-16 11:56:50,050] INFO [SocketServer brokerId=4] Stopping socket server request processors (kafka.network.SocketServer)
[2020-04-16 11:56:50,149] INFO [SocketServer brokerId=4] Stopped socket server request processors (kafka.network.SocketServer)
[2020-04-16 11:56:50,168] INFO [data-plane Kafka Request Handler on Broker 4], shutting down (kafka.server.KafkaRequestHandlerPool)
[2020-04-16 11:56:50,190] INFO [data-plane Kafka Request Handler on Broker 4], shut down completely (kafka.server.KafkaRequestHandlerPool)
[2020-04-16 11:56:50,211] INFO [ExpirationReaper-4-AlterAcls]: Shutting down (kafka.server.DelayedOperationPurgatory$ExpiredOperationReaper)
[2020-04-16 11:56:50,264] INFO [ExpirationReaper-4-AlterAcls]: Stopped (kafka.server.DelayedOperationPurgatory$ExpiredOperationReaper)
[2020-04-16 11:56:50,266] INFO [ExpirationReaper-4-AlterAcls]: Shutdown completed (kafka.server.DelayedOperationPurgatory$ExpiredOperationReaper)
[2020-04-16 11:56:50,268] INFO [KafkaApi-4] Shutdown complete. (kafka.server.KafkaApis)
[2020-04-16 11:56:50,287] INFO [ExpirationReaper-4-topic]: Shutting down (kafka.server.DelayedOperationPurgatory$ExpiredOperationReaper)
[2020-04-16 11:56:50,462] INFO [ExpirationReaper-4-topic]: Stopped (kafka.server.DelayedOperationPurgatory$ExpiredOperationReaper)
[2020-04-16 11:56:50,463] INFO [ExpirationReaper-4-topic]: Shutdown completed (kafka.server.DelayedOperationPurgatory$ExpiredOperationReaper)
[2020-04-16 11:56:50,475] INFO [TransactionCoordinator id=4] Shutting down. (kafka.coordinator.transaction.TransactionCoordinator)
[2020-04-16 11:56:50,478] INFO [ProducerId Manager 4]: Shutdown complete: last producerId assigned 49000 (kafka.coordinator.transaction.ProducerIdManager)
[2020-04-16 11:56:50,484] INFO [Transaction State Manager 4]: Shutdown complete (kafka.coordinator.transaction.TransactionStateManager)
[2020-04-16 11:56:50,484] INFO [Transaction Marker Channel Manager 4]: Shutting down (kafka.coordinator.transaction.TransactionMarkerChannelManager)
[2020-04-16 11:56:50,486] INFO [Transaction Marker Channel Manager 4]: Stopped (kafka.coordinator.transaction.TransactionMarkerChannelManager)
[2020-04-16 11:56:50,486] INFO [Transaction Marker Channel Manager 4]: Shutdown completed (kafka.coordinator.transaction.TransactionMarkerChannelManager)
[2020-04-16 11:56:50,488] INFO [TransactionCoordinator id=4] Shutdown complete. (kafka.coordinator.transaction.TransactionCoordinator)
[2020-04-16 11:56:50,497] INFO [GroupCoordinator 4]: Shutting down. (kafka.coordinator.group.GroupCoordinator)
[2020-04-16 11:56:50,505] INFO [ExpirationReaper-4-Heartbeat]: Shutting down (kafka.server.DelayedOperationPurgatory$ExpiredOperationReaper)
[2020-04-16 11:56:50,664] INFO [ExpirationReaper-4-Heartbeat]: Stopped (kafka.server.DelayedOperationPurgatory$ExpiredOperationReaper)
[2020-04-16 11:56:50,664] INFO [ExpirationReaper-4-Heartbeat]: Shutdown completed (kafka.server.DelayedOperationPurgatory$ExpiredOperationReaper)
[2020-04-16 11:56:50,665] INFO [ExpirationReaper-4-Rebalance]: Shutting down (kafka.server.DelayedOperationPurgatory$ExpiredOperationReaper)
[2020-04-16 11:56:50,702] INFO [ExpirationReaper-4-Rebalance]: Stopped (kafka.server.DelayedOperationPurgatory$ExpiredOperationReaper)
[2020-04-16 11:56:50,702] INFO [ExpirationReaper-4-Rebalance]: Shutdown completed (kafka.server.DelayedOperationPurgatory$ExpiredOperationReaper)
[2020-04-16 11:56:50,704] INFO [GroupCoordinator 4]: Shutdown complete. (kafka.coordinator.group.GroupCoordinator)
[2020-04-16 11:56:50,708] INFO [ReplicaManager broker=4] Shutting down (kafka.server.ReplicaManager)
[2020-04-16 11:56:50,708] INFO [LogDirFailureHandler]: Shutting down (kafka.server.ReplicaManager$LogDirFailureHandler)
[2020-04-16 11:56:50,709] INFO [LogDirFailureHandler]: Stopped (kafka.server.ReplicaManager$LogDirFailureHandler)
[2020-04-16 11:56:50,709] INFO [LogDirFailureHandler]: Shutdown completed (kafka.server.ReplicaManager$LogDirFailureHandler)
[2020-04-16 11:56:50,710] INFO [ReplicaFetcherManager on broker 4] shutting down (kafka.server.ReplicaFetcherManager)
[2020-04-16 11:56:50,719] INFO [ReplicaFetcherManager on broker 4] shutdown completed (kafka.server.ReplicaFetcherManager)
[2020-04-16 11:56:50,721] INFO [ReplicaAlterLogDirsManager on broker 4] shutting down (kafka.server.ReplicaAlterLogDirsManager)
[2020-04-16 11:56:50,721] INFO [ReplicaAlterLogDirsManager on broker 4] shutdown completed (kafka.server.ReplicaAlterLogDirsManager)
[2020-04-16 11:56:50,721] INFO [ExpirationReaper-4-Fetch]: Shutting down (kafka.server.DelayedOperationPurgatory$ExpiredOperationReaper)
[2020-04-16 11:56:50,904] INFO [ExpirationReaper-4-Fetch]: Stopped (kafka.server.DelayedOperationPurgatory$ExpiredOperationReaper)
[2020-04-16 11:56:50,904] INFO [ExpirationReaper-4-Fetch]: Shutdown completed (kafka.server.DelayedOperationPurgatory$ExpiredOperationReaper)
[2020-04-16 11:56:50,905] INFO [ExpirationReaper-4-Produce]: Shutting down (kafka.server.DelayedOperationPurgatory$ExpiredOperationReaper)
[2020-04-16 11:56:51,063] INFO [ExpirationReaper-4-Produce]: Stopped (kafka.server.DelayedOperationPurgatory$ExpiredOperationReaper)
[2020-04-16 11:56:51,063] INFO [ExpirationReaper-4-Produce]: Shutdown completed (kafka.server.DelayedOperationPurgatory$ExpiredOperationReaper)
[2020-04-16 11:56:51,064] INFO [ExpirationReaper-4-DeleteRecords]: Shutting down (kafka.server.DelayedOperationPurgatory$ExpiredOperationReaper)
[2020-04-16 11:56:51,104] INFO [ExpirationReaper-4-DeleteRecords]: Stopped (kafka.server.DelayedOperationPurgatory$ExpiredOperationReaper)
[2020-04-16 11:56:51,106] INFO [ExpirationReaper-4-DeleteRecords]: Shutdown completed (kafka.server.DelayedOperationPurgatory$ExpiredOperationReaper)
[2020-04-16 11:56:51,106] INFO [ExpirationReaper-4-ElectLeader]: Shutting down (kafka.server.DelayedOperationPurgatory$ExpiredOperationReaper)
[2020-04-16 11:56:51,303] INFO [ExpirationReaper-4-ElectLeader]: Stopped (kafka.server.DelayedOperationPurgatory$ExpiredOperationReaper)
[2020-04-16 11:56:51,303] INFO [ExpirationReaper-4-ElectLeader]: Shutdown completed (kafka.server.DelayedOperationPurgatory$ExpiredOperationReaper)
[2020-04-16 11:56:51,307] INFO [ReplicaManager broker=4] Shut down completely (kafka.server.ReplicaManager)
[2020-04-16 11:56:51,310] INFO Shutting down. (kafka.log.LogManager)
[2020-04-16 11:56:51,409] INFO Shutdown complete. (kafka.log.LogManager)
[2020-04-16 11:56:51,458] INFO [ZooKeeperClient Kafka server] Closing. (kafka.zookeeper.ZooKeeperClient)
[2020-04-16 11:56:51,569] INFO Session: 0x100006f05530004 closed (org.apache.zookeeper.ZooKeeper)
[2020-04-16 11:56:51,569] INFO EventThread shut down for session: 0x100006f05530004 (org.apache.zookeeper.ClientCnxn)
[2020-04-16 11:56:51,571] INFO [ZooKeeperClient Kafka server] Closed. (kafka.zookeeper.ZooKeeperClient)
[2020-04-16 11:56:51,572] INFO [ThrottledChannelReaper-Fetch]: Shutting down (kafka.server.ClientQuotaManager$ThrottledChannelReaper)
[2020-04-16 11:56:51,979] INFO [ThrottledChannelReaper-Fetch]: Shutdown completed (kafka.server.ClientQuotaManager$ThrottledChannelReaper)
[2020-04-16 11:56:51,979] INFO [ThrottledChannelReaper-Fetch]: Stopped (kafka.server.ClientQuotaManager$ThrottledChannelReaper)
[2020-04-16 11:56:51,979] INFO [ThrottledChannelReaper-Produce]: Shutting down (kafka.server.ClientQuotaManager$ThrottledChannelReaper)
[2020-04-16 11:56:52,038] INFO [ThrottledChannelReaper-Produce]: Stopped (kafka.server.ClientQuotaManager$ThrottledChannelReaper)
[2020-04-16 11:56:52,039] INFO [ThrottledChannelReaper-Produce]: Shutdown completed (kafka.server.ClientQuotaManager$ThrottledChannelReaper)
[2020-04-16 11:56:52,039] INFO [ThrottledChannelReaper-Request]: Shutting down (kafka.server.ClientQuotaManager$ThrottledChannelReaper)
[2020-04-16 11:56:53,010] INFO [ThrottledChannelReaper-Request]: Stopped (kafka.server.ClientQuotaManager$ThrottledChannelReaper)
[2020-04-16 11:56:53,011] INFO [ThrottledChannelReaper-Request]: Shutdown completed (kafka.server.ClientQuotaManager$ThrottledChannelReaper)
[2020-04-16 11:56:53,013] INFO [SocketServer brokerId=4] Shutting down socket server (kafka.network.SocketServer)
[2020-04-16 11:56:53,092] INFO [SocketServer brokerId=4] Shutdown completed (kafka.network.SocketServer)
[2020-04-16 11:56:53,097] INFO [KafkaServer id=4] shut down completed (kafka.server.KafkaServer)
