[2020-04-18 18:02:20,936] INFO Shutting down the log cleaner. (kafka.log.LogCleaner)
[2020-04-18 18:02:20,938] INFO [kafka-log-cleaner-thread-0]: Shutting down (kafka.log.LogCleaner)
[2020-04-18 18:02:20,938] INFO [kafka-log-cleaner-thread-0]: Shutdown completed (kafka.log.LogCleaner)
[2020-04-18 18:02:20,938] INFO [kafka-log-cleaner-thread-0]: Stopped (kafka.log.LogCleaner)
[2020-04-19 11:32:47,465] INFO Starting the log cleaner (kafka.log.LogCleaner)
[2020-04-19 11:32:47,595] INFO [kafka-log-cleaner-thread-0]: Starting (kafka.log.LogCleaner)
[2020-04-19 11:32:53,204] INFO Starting the log cleaner (kafka.log.LogCleaner)
[2020-04-19 11:32:53,331] INFO [kafka-log-cleaner-thread-0]: Starting (kafka.log.LogCleaner)
[2020-04-19 11:32:59,673] INFO Starting the log cleaner (kafka.log.LogCleaner)
[2020-04-19 11:32:59,841] INFO [kafka-log-cleaner-thread-0]: Starting (kafka.log.LogCleaner)
[2020-04-19 11:33:04,719] INFO Starting the log cleaner (kafka.log.LogCleaner)
[2020-04-19 11:33:04,869] INFO [kafka-log-cleaner-thread-0]: Starting (kafka.log.LogCleaner)
[2020-04-19 11:33:10,078] INFO Starting the log cleaner (kafka.log.LogCleaner)
[2020-04-19 11:33:10,225] INFO [kafka-log-cleaner-thread-0]: Starting (kafka.log.LogCleaner)
[2020-04-19 11:33:14,212] INFO Starting the log cleaner (kafka.log.LogCleaner)
[2020-04-19 11:33:14,376] INFO [kafka-log-cleaner-thread-0]: Starting (kafka.log.LogCleaner)
[2020-04-19 11:33:19,166] INFO Starting the log cleaner (kafka.log.LogCleaner)
[2020-04-19 11:33:19,330] INFO [kafka-log-cleaner-thread-0]: Starting (kafka.log.LogCleaner)
[2020-04-19 11:33:24,565] INFO Starting the log cleaner (kafka.log.LogCleaner)
[2020-04-19 11:33:24,750] INFO [kafka-log-cleaner-thread-0]: Starting (kafka.log.LogCleaner)
[2020-04-19 11:51:15,019] INFO Shutting down the log cleaner. (kafka.log.LogCleaner)
[2020-04-19 11:51:15,063] INFO [kafka-log-cleaner-thread-0]: Shutting down (kafka.log.LogCleaner)
[2020-04-19 11:51:15,064] INFO [kafka-log-cleaner-thread-0]: Stopped (kafka.log.LogCleaner)
[2020-04-19 11:51:15,065] INFO [kafka-log-cleaner-thread-0]: Shutdown completed (kafka.log.LogCleaner)
[2020-04-19 11:51:16,356] INFO Shutting down the log cleaner. (kafka.log.LogCleaner)
[2020-04-19 11:51:16,368] INFO [kafka-log-cleaner-thread-0]: Shutting down (kafka.log.LogCleaner)
[2020-04-19 11:51:16,370] INFO [kafka-log-cleaner-thread-0]: Stopped (kafka.log.LogCleaner)
[2020-04-19 11:51:16,371] INFO [kafka-log-cleaner-thread-0]: Shutdown completed (kafka.log.LogCleaner)
[2020-04-19 11:51:31,499] INFO Shutting down the log cleaner. (kafka.log.LogCleaner)
[2020-04-19 11:51:31,499] INFO [kafka-log-cleaner-thread-0]: Shutting down (kafka.log.LogCleaner)
[2020-04-19 11:51:31,500] INFO [kafka-log-cleaner-thread-0]: Stopped (kafka.log.LogCleaner)
[2020-04-19 11:51:31,500] INFO [kafka-log-cleaner-thread-0]: Shutdown completed (kafka.log.LogCleaner)
[2020-04-19 11:51:31,675] INFO Shutting down the log cleaner. (kafka.log.LogCleaner)
[2020-04-19 11:51:31,677] INFO [kafka-log-cleaner-thread-0]: Shutting down (kafka.log.LogCleaner)
[2020-04-19 11:51:31,683] INFO [kafka-log-cleaner-thread-0]: Stopped (kafka.log.LogCleaner)
[2020-04-19 11:51:31,684] INFO [kafka-log-cleaner-thread-0]: Shutdown completed (kafka.log.LogCleaner)
[2020-04-19 11:51:31,714] INFO Shutting down the log cleaner. (kafka.log.LogCleaner)
[2020-04-19 11:51:31,714] INFO [kafka-log-cleaner-thread-0]: Shutting down (kafka.log.LogCleaner)
[2020-04-19 11:51:31,736] INFO [kafka-log-cleaner-thread-0]: Stopped (kafka.log.LogCleaner)
[2020-04-19 11:51:31,750] INFO [kafka-log-cleaner-thread-0]: Shutdown completed (kafka.log.LogCleaner)
[2020-04-19 11:51:32,217] INFO Shutting down the log cleaner. (kafka.log.LogCleaner)
[2020-04-19 11:51:32,228] INFO [kafka-log-cleaner-thread-0]: Shutting down (kafka.log.LogCleaner)
[2020-04-19 11:51:32,228] INFO [kafka-log-cleaner-thread-0]: Stopped (kafka.log.LogCleaner)
[2020-04-19 11:51:32,228] INFO [kafka-log-cleaner-thread-0]: Shutdown completed (kafka.log.LogCleaner)
[2020-04-19 11:51:32,820] INFO Shutting down the log cleaner. (kafka.log.LogCleaner)
[2020-04-19 11:51:32,820] INFO [kafka-log-cleaner-thread-0]: Shutting down (kafka.log.LogCleaner)
[2020-04-19 11:51:32,821] INFO [kafka-log-cleaner-thread-0]: Stopped (kafka.log.LogCleaner)
[2020-04-19 11:51:32,827] INFO [kafka-log-cleaner-thread-0]: Shutdown completed (kafka.log.LogCleaner)
[2020-04-19 11:51:33,034] INFO Shutting down the log cleaner. (kafka.log.LogCleaner)
[2020-04-19 11:51:33,035] INFO [kafka-log-cleaner-thread-0]: Shutting down (kafka.log.LogCleaner)
[2020-04-19 11:51:33,037] INFO [kafka-log-cleaner-thread-0]: Stopped (kafka.log.LogCleaner)
[2020-04-19 11:51:33,038] INFO [kafka-log-cleaner-thread-0]: Shutdown completed (kafka.log.LogCleaner)
