[2020-04-18 18:02:03,746] INFO Terminating process due to signal SIGTERM (org.apache.kafka.common.utils.LoggingSignalHandler)
[2020-04-18 18:02:03,816] INFO [KafkaServer id=4] shutting down (kafka.server.KafkaServer)
[2020-04-18 18:02:04,200] INFO [KafkaServer id=4] Starting controlled shutdown (kafka.server.KafkaServer)
[2020-04-18 18:02:04,228] INFO [ReplicaFetcherManager on broker 4] Removed fetcher for partitions Set(__consumer_offsets-45) (kafka.server.ReplicaFetcherManager)
[2020-04-18 18:02:04,241] INFO [Partition __consumer_offsets-45 broker=4] __consumer_offsets-45 starts at leader epoch 7 from offset 0 with high watermark 0. Previous leader epoch was 6. (kafka.cluster.Partition)
[2020-04-18 18:02:04,262] INFO [ReplicaFetcherManager on broker 4] Removed fetcher for partitions Set(__consumer_offsets-37) (kafka.server.ReplicaFetcherManager)
[2020-04-18 18:02:04,274] INFO [ReplicaFetcher replicaId=4, leaderId=0, fetcherId=0] Shutting down (kafka.server.ReplicaFetcherThread)
[2020-04-18 18:02:04,283] INFO [ReplicaFetcher replicaId=4, leaderId=0, fetcherId=0] Stopped (kafka.server.ReplicaFetcherThread)
[2020-04-18 18:02:04,305] INFO [ReplicaFetcher replicaId=4, leaderId=0, fetcherId=0] Shutdown completed (kafka.server.ReplicaFetcherThread)
[2020-04-18 18:02:04,406] WARN [KafkaServer id=4] Connection to node 0 (pop-os.localdomain/127.0.1.1:9092) could not be established. Broker may not be available. (org.apache.kafka.clients.NetworkClient)
[2020-04-18 18:02:04,408] WARN [KafkaServer id=4] Error during controlled shutdown, possibly because leader movement took longer than the configured controller.socket.timeout.ms and/or request.timeout.ms: Connection to pop-os.localdomain:9092 (id: 0 rack: null) failed. (kafka.server.KafkaServer)
[2020-04-18 18:02:04,419] INFO [GroupMetadataManager brokerId=4] Scheduling loading of offsets and group metadata from __consumer_offsets-45 (kafka.coordinator.group.GroupMetadataManager)
[2020-04-18 18:02:04,419] INFO [GroupMetadataManager brokerId=4] Scheduling unloading of offsets and group metadata from __consumer_offsets-37 (kafka.coordinator.group.GroupMetadataManager)
[2020-04-18 18:02:04,420] INFO [GroupMetadataManager brokerId=4] Finished loading offsets and group metadata from __consumer_offsets-45 in 1 milliseconds. (kafka.coordinator.group.GroupMetadataManager)
[2020-04-18 18:02:04,420] INFO [GroupMetadataManager brokerId=4] Finished unloading __consumer_offsets-37. Removed 0 cached offsets and 0 cached groups. (kafka.coordinator.group.GroupMetadataManager)
[2020-04-18 18:02:04,437] INFO [ReplicaFetcherManager on broker 4] Removed fetcher for partitions Set(__consumer_offsets-33, __consumer_offsets-41) (kafka.server.ReplicaFetcherManager)
[2020-04-18 18:02:04,440] INFO [Partition __consumer_offsets-33 broker=4] __consumer_offsets-33 starts at leader epoch 8 from offset 0 with high watermark 0. Previous leader epoch was 7. (kafka.cluster.Partition)
[2020-04-18 18:02:04,449] INFO [Partition __consumer_offsets-41 broker=4] __consumer_offsets-41 starts at leader epoch 6 from offset 0 with high watermark 0. Previous leader epoch was 5. (kafka.cluster.Partition)
[2020-04-18 18:02:04,466] INFO [ReplicaFetcherManager on broker 4] Removed fetcher for partitions Set(__consumer_offsets-44) (kafka.server.ReplicaFetcherManager)
[2020-04-18 18:02:04,467] INFO [ReplicaFetcher replicaId=4, leaderId=7, fetcherId=0] Shutting down (kafka.server.ReplicaFetcherThread)
[2020-04-18 18:02:04,467] INFO [ReplicaFetcher replicaId=4, leaderId=7, fetcherId=0] Stopped (kafka.server.ReplicaFetcherThread)
[2020-04-18 18:02:04,467] INFO [ReplicaFetcher replicaId=4, leaderId=7, fetcherId=0] Shutdown completed (kafka.server.ReplicaFetcherThread)
[2020-04-18 18:02:04,475] INFO [GroupMetadataManager brokerId=4] Scheduling unloading of offsets and group metadata from __consumer_offsets-44 (kafka.coordinator.group.GroupMetadataManager)
[2020-04-18 18:02:04,476] INFO [GroupMetadataManager brokerId=4] Finished unloading __consumer_offsets-44. Removed 0 cached offsets and 0 cached groups. (kafka.coordinator.group.GroupMetadataManager)
[2020-04-18 18:02:04,487] INFO [ReplicaFetcherManager on broker 4] Removed fetcher for partitions Set(__consumer_offsets-33, __consumer_offsets-25) (kafka.server.ReplicaFetcherManager)
[2020-04-18 18:02:04,488] INFO [Partition __consumer_offsets-33 broker=4] __consumer_offsets-33 starts at leader epoch 9 from offset 0 with high watermark 0. Previous leader epoch was 8. (kafka.cluster.Partition)
[2020-04-18 18:02:04,493] INFO [Partition __consumer_offsets-25 broker=4] __consumer_offsets-25 starts at leader epoch 6 from offset 0 with high watermark 0. Previous leader epoch was 5. (kafka.cluster.Partition)
[2020-04-18 18:02:04,504] INFO [ReplicaFetcherManager on broker 4] Removed fetcher for partitions Set(__consumer_offsets-38) (kafka.server.ReplicaFetcherManager)
[2020-04-18 18:02:04,504] INFO [Partition __consumer_offsets-38 broker=4] __consumer_offsets-38 starts at leader epoch 7 from offset 0 with high watermark 0. Previous leader epoch was 6. (kafka.cluster.Partition)
[2020-04-18 18:02:04,509] INFO [ReplicaFetcherManager on broker 4] Removed fetcher for partitions Set(__consumer_offsets-30) (kafka.server.ReplicaFetcherManager)
[2020-04-18 18:02:04,509] INFO [ReplicaFetcher replicaId=4, leaderId=1, fetcherId=0] Shutting down (kafka.server.ReplicaFetcherThread)
[2020-04-18 18:02:04,509] INFO [ReplicaFetcher replicaId=4, leaderId=1, fetcherId=0] Stopped (kafka.server.ReplicaFetcherThread)
[2020-04-18 18:02:04,510] INFO [ReplicaFetcher replicaId=4, leaderId=1, fetcherId=0] Shutdown completed (kafka.server.ReplicaFetcherThread)
[2020-04-18 18:02:04,516] INFO [GroupMetadataManager brokerId=4] Scheduling loading of offsets and group metadata from __consumer_offsets-38 (kafka.coordinator.group.GroupMetadataManager)
[2020-04-18 18:02:04,517] INFO [GroupMetadataManager brokerId=4] Finished loading offsets and group metadata from __consumer_offsets-38 in 0 milliseconds. (kafka.coordinator.group.GroupMetadataManager)
[2020-04-18 18:02:04,517] INFO [GroupMetadataManager brokerId=4] Scheduling unloading of offsets and group metadata from __consumer_offsets-30 (kafka.coordinator.group.GroupMetadataManager)
[2020-04-18 18:02:04,517] INFO [GroupMetadataManager brokerId=4] Finished unloading __consumer_offsets-30. Removed 0 cached offsets and 0 cached groups. (kafka.coordinator.group.GroupMetadataManager)
[2020-04-18 18:02:04,523] INFO [ReplicaFetcherManager on broker 4] Removed fetcher for partitions Set(__consumer_offsets-49, __consumer_offsets-41) (kafka.server.ReplicaFetcherManager)
[2020-04-18 18:02:04,523] INFO [Partition __consumer_offsets-49 broker=4] __consumer_offsets-49 starts at leader epoch 6 from offset 0 with high watermark 0. Previous leader epoch was 5. (kafka.cluster.Partition)
[2020-04-18 18:02:04,533] INFO [Partition __consumer_offsets-41 broker=4] __consumer_offsets-41 starts at leader epoch 7 from offset 0 with high watermark 0. Previous leader epoch was 6. (kafka.cluster.Partition)
[2020-04-18 18:02:04,546] INFO [ReplicaFetcherManager on broker 4] Removed fetcher for partitions Set(ReportTopic-1) (kafka.server.ReplicaFetcherManager)
[2020-04-18 18:02:04,574] INFO [ReplicaFetcherManager on broker 4] Removed fetcher for partitions Set(__consumer_offsets-3) (kafka.server.ReplicaFetcherManager)
[2020-04-18 18:02:04,574] INFO [Partition __consumer_offsets-3 broker=4] __consumer_offsets-3 starts at leader epoch 5 from offset 0 with high watermark 0. Previous leader epoch was 4. (kafka.cluster.Partition)
[2020-04-18 18:02:04,579] INFO [ReplicaFetcher replicaId=4, leaderId=6, fetcherId=0] Shutting down (kafka.server.ReplicaFetcherThread)
[2020-04-18 18:02:04,579] INFO [ReplicaFetcher replicaId=4, leaderId=6, fetcherId=0] Stopped (kafka.server.ReplicaFetcherThread)
[2020-04-18 18:02:04,580] INFO [ReplicaFetcher replicaId=4, leaderId=6, fetcherId=0] Shutdown completed (kafka.server.ReplicaFetcherThread)
[2020-04-18 18:02:04,590] INFO [GroupMetadataManager brokerId=4] Scheduling loading of offsets and group metadata from __consumer_offsets-3 (kafka.coordinator.group.GroupMetadataManager)
[2020-04-18 18:02:04,590] INFO [GroupMetadataManager brokerId=4] Finished loading offsets and group metadata from __consumer_offsets-3 in 0 milliseconds. (kafka.coordinator.group.GroupMetadataManager)
[2020-04-18 18:02:04,609] INFO [ReplicaFetcherManager on broker 4] Removed fetcher for partitions Set(__consumer_offsets-17, __consumer_offsets-25) (kafka.server.ReplicaFetcherManager)
[2020-04-18 18:02:04,609] INFO [Partition __consumer_offsets-17 broker=4] __consumer_offsets-17 starts at leader epoch 6 from offset 0 with high watermark 0. Previous leader epoch was 5. (kafka.cluster.Partition)
[2020-04-18 18:02:04,613] INFO [Partition __consumer_offsets-25 broker=4] __consumer_offsets-25 starts at leader epoch 7 from offset 0 with high watermark 0. Previous leader epoch was 6. (kafka.cluster.Partition)
[2020-04-18 18:02:04,618] INFO [ReplicaFetcherManager on broker 4] Removed fetcher for partitions Set(__consumer_offsets-10, ReportTopic-2) (kafka.server.ReplicaFetcherManager)
[2020-04-18 18:02:04,619] INFO [GroupMetadataManager brokerId=4] Scheduling unloading of offsets and group metadata from __consumer_offsets-10 (kafka.coordinator.group.GroupMetadataManager)
[2020-04-18 18:02:04,619] INFO [GroupMetadataManager brokerId=4] Finished unloading __consumer_offsets-10. Removed 0 cached offsets and 0 cached groups. (kafka.coordinator.group.GroupMetadataManager)
[2020-04-18 18:02:04,626] INFO [ReplicaFetcherManager on broker 4] Removed fetcher for partitions Set(__consumer_offsets-31, ReportTopic-1) (kafka.server.ReplicaFetcherManager)
[2020-04-18 18:02:04,626] INFO [Partition __consumer_offsets-31 broker=4] __consumer_offsets-31 starts at leader epoch 7 from offset 0 with high watermark 0. Previous leader epoch was 6. (kafka.cluster.Partition)
[2020-04-18 18:02:04,630] INFO [Partition ReportTopic-1 broker=4] ReportTopic-1 starts at leader epoch 7 from offset 6737 with high watermark 6737. Previous leader epoch was 6. (kafka.cluster.Partition)
[2020-04-18 18:02:04,634] INFO [ReplicaFetcherManager on broker 4] Removed fetcher for partitions Set(__consumer_offsets-23) (kafka.server.ReplicaFetcherManager)
[2020-04-18 18:02:04,635] INFO [ReplicaFetcher replicaId=4, leaderId=2, fetcherId=0] Shutting down (kafka.server.ReplicaFetcherThread)
[2020-04-18 18:02:04,636] INFO [ReplicaFetcher replicaId=4, leaderId=2, fetcherId=0] Stopped (kafka.server.ReplicaFetcherThread)
[2020-04-18 18:02:04,636] INFO [ReplicaFetcher replicaId=4, leaderId=2, fetcherId=0] Shutdown completed (kafka.server.ReplicaFetcherThread)
[2020-04-18 18:02:04,673] INFO [GroupMetadataManager brokerId=4] Scheduling loading of offsets and group metadata from __consumer_offsets-31 (kafka.coordinator.group.GroupMetadataManager)
[2020-04-18 18:02:04,674] INFO [GroupMetadataManager brokerId=4] Scheduling unloading of offsets and group metadata from __consumer_offsets-23 (kafka.coordinator.group.GroupMetadataManager)
[2020-04-18 18:02:04,674] INFO [GroupMetadataManager brokerId=4] Finished loading offsets and group metadata from __consumer_offsets-31 in 0 milliseconds. (kafka.coordinator.group.GroupMetadataManager)
[2020-04-18 18:02:04,674] INFO [GroupMetadataManager brokerId=4] Finished unloading __consumer_offsets-23. Removed 0 cached offsets and 0 cached groups. (kafka.coordinator.group.GroupMetadataManager)
[2020-04-18 18:02:04,679] INFO [ReplicaFetcherManager on broker 4] Removed fetcher for partitions Set(__consumer_offsets-1, __consumer_offsets-49) (kafka.server.ReplicaFetcherManager)
[2020-04-18 18:02:04,680] INFO [Partition __consumer_offsets-1 broker=4] __consumer_offsets-1 starts at leader epoch 7 from offset 0 with high watermark 0. Previous leader epoch was 6. (kafka.cluster.Partition)
[2020-04-18 18:02:04,684] INFO [Partition __consumer_offsets-49 broker=4] __consumer_offsets-49 starts at leader epoch 7 from offset 0 with high watermark 0. Previous leader epoch was 6. (kafka.cluster.Partition)
[2020-04-18 18:02:04,688] INFO [ReplicaFetcherManager on broker 4] Removed fetcher for partitions Set(__consumer_offsets-8) (kafka.server.ReplicaFetcherManager)
[2020-04-18 18:02:04,689] INFO [GroupMetadataManager brokerId=4] Scheduling unloading of offsets and group metadata from __consumer_offsets-8 (kafka.coordinator.group.GroupMetadataManager)
[2020-04-18 18:02:04,689] INFO [GroupMetadataManager brokerId=4] Finished unloading __consumer_offsets-8. Removed 0 cached offsets and 0 cached groups. (kafka.coordinator.group.GroupMetadataManager)
[2020-04-18 18:02:04,695] INFO [ReplicaFetcherManager on broker 4] Removed fetcher for partitions Set(__consumer_offsets-30, ReportTopic-2, __consumer_offsets-8, __consumer_offsets-23, __consumer_offsets-16, __consumer_offsets-37, __consumer_offsets-44) (kafka.server.ReplicaFetcherManager)
[2020-04-18 18:02:04,695] INFO [Partition __consumer_offsets-23 broker=4] __consumer_offsets-23 starts at leader epoch 9 from offset 0 with high watermark 0. Previous leader epoch was 8. (kafka.cluster.Partition)
[2020-04-18 18:02:04,703] INFO [Partition ReportTopic-2 broker=4] ReportTopic-2 starts at leader epoch 7 from offset 6766 with high watermark 6766. Previous leader epoch was 6. (kafka.cluster.Partition)
[2020-04-18 18:02:04,706] INFO [Partition __consumer_offsets-30 broker=4] __consumer_offsets-30 starts at leader epoch 6 from offset 0 with high watermark 0. Previous leader epoch was 5. (kafka.cluster.Partition)
[2020-04-18 18:02:04,709] INFO [Partition __consumer_offsets-8 broker=4] __consumer_offsets-8 starts at leader epoch 9 from offset 0 with high watermark 0. Previous leader epoch was 8. (kafka.cluster.Partition)
[2020-04-18 18:02:04,713] INFO [Partition __consumer_offsets-37 broker=4] __consumer_offsets-37 starts at leader epoch 9 from offset 0 with high watermark 0. Previous leader epoch was 8. (kafka.cluster.Partition)
[2020-04-18 18:02:04,717] INFO [Partition __consumer_offsets-16 broker=4] __consumer_offsets-16 starts at leader epoch 7 from offset 0 with high watermark 0. Previous leader epoch was 6. (kafka.cluster.Partition)
[2020-04-18 18:02:04,720] INFO [Partition __consumer_offsets-44 broker=4] __consumer_offsets-44 starts at leader epoch 8 from offset 0 with high watermark 0. Previous leader epoch was 7. (kafka.cluster.Partition)
[2020-04-18 18:02:04,724] INFO [ReplicaFetcher replicaId=4, leaderId=3, fetcherId=0] Shutting down (kafka.server.ReplicaFetcherThread)
[2020-04-18 18:02:04,724] INFO [ReplicaFetcher replicaId=4, leaderId=3, fetcherId=0] Stopped (kafka.server.ReplicaFetcherThread)
[2020-04-18 18:02:04,724] INFO [ReplicaFetcher replicaId=4, leaderId=3, fetcherId=0] Shutdown completed (kafka.server.ReplicaFetcherThread)
[2020-04-18 18:02:04,729] INFO [GroupMetadataManager brokerId=4] Scheduling loading of offsets and group metadata from __consumer_offsets-44 (kafka.coordinator.group.GroupMetadataManager)
[2020-04-18 18:02:04,729] INFO [GroupMetadataManager brokerId=4] Finished loading offsets and group metadata from __consumer_offsets-44 in 0 milliseconds. (kafka.coordinator.group.GroupMetadataManager)
[2020-04-18 18:02:04,729] INFO [GroupMetadataManager brokerId=4] Scheduling loading of offsets and group metadata from __consumer_offsets-37 (kafka.coordinator.group.GroupMetadataManager)
[2020-04-18 18:02:04,729] INFO [GroupMetadataManager brokerId=4] Finished loading offsets and group metadata from __consumer_offsets-37 in 0 milliseconds. (kafka.coordinator.group.GroupMetadataManager)
[2020-04-18 18:02:04,729] INFO [GroupMetadataManager brokerId=4] Scheduling loading of offsets and group metadata from __consumer_offsets-8 (kafka.coordinator.group.GroupMetadataManager)
[2020-04-18 18:02:04,730] INFO [GroupMetadataManager brokerId=4] Finished loading offsets and group metadata from __consumer_offsets-8 in 0 milliseconds. (kafka.coordinator.group.GroupMetadataManager)
[2020-04-18 18:02:04,730] INFO [GroupMetadataManager brokerId=4] Scheduling loading of offsets and group metadata from __consumer_offsets-30 (kafka.coordinator.group.GroupMetadataManager)
[2020-04-18 18:02:04,730] INFO [GroupMetadataManager brokerId=4] Finished loading offsets and group metadata from __consumer_offsets-30 in 0 milliseconds. (kafka.coordinator.group.GroupMetadataManager)
[2020-04-18 18:02:04,730] INFO [GroupMetadataManager brokerId=4] Scheduling loading of offsets and group metadata from __consumer_offsets-23 (kafka.coordinator.group.GroupMetadataManager)
[2020-04-18 18:02:04,730] INFO [GroupMetadataManager brokerId=4] Finished loading offsets and group metadata from __consumer_offsets-23 in 0 milliseconds. (kafka.coordinator.group.GroupMetadataManager)
[2020-04-18 18:02:04,730] INFO [GroupMetadataManager brokerId=4] Scheduling loading of offsets and group metadata from __consumer_offsets-16 (kafka.coordinator.group.GroupMetadataManager)
[2020-04-18 18:02:04,731] INFO [GroupMetadataManager brokerId=4] Finished loading offsets and group metadata from __consumer_offsets-16 in 0 milliseconds. (kafka.coordinator.group.GroupMetadataManager)
[2020-04-18 18:02:04,734] INFO [ReplicaFetcherManager on broker 4] Removed fetcher for partitions Set(__consumer_offsets-1, __consumer_offsets-9) (kafka.server.ReplicaFetcherManager)
[2020-04-18 18:02:04,735] INFO [Partition __consumer_offsets-1 broker=4] __consumer_offsets-1 starts at leader epoch 8 from offset 0 with high watermark 0. Previous leader epoch was 7. (kafka.cluster.Partition)
[2020-04-18 18:02:04,738] INFO [Partition __consumer_offsets-9 broker=4] __consumer_offsets-9 starts at leader epoch 7 from offset 0 with high watermark 0. Previous leader epoch was 6. (kafka.cluster.Partition)
[2020-04-18 18:02:04,742] INFO [ReplicaFetcherManager on broker 4] Removed fetcher for partitions Set(__consumer_offsets-2) (kafka.server.ReplicaFetcherManager)
[2020-04-18 18:02:04,742] INFO [ReplicaFetcher replicaId=4, leaderId=5, fetcherId=0] Shutting down (kafka.server.ReplicaFetcherThread)
[2020-04-18 18:02:04,745] INFO [ReplicaFetcher replicaId=4, leaderId=5, fetcherId=0] Error sending fetch request (sessionId=965025029, epoch=1791) to node 5: {}. (org.apache.kafka.clients.FetchSessionHandler)
java.io.IOException: Client was shutdown before response was read
	at org.apache.kafka.clients.NetworkClientUtils.sendAndReceive(NetworkClientUtils.java:109)
	at kafka.server.ReplicaFetcherBlockingSend.sendRequest(ReplicaFetcherBlockingSend.scala:107)
	at kafka.server.ReplicaFetcherThread.fetchFromLeader(ReplicaFetcherThread.scala:196)
	at kafka.server.AbstractFetcherThread.processFetchRequest(AbstractFetcherThread.scala:286)
	at kafka.server.AbstractFetcherThread.$anonfun$maybeFetch$3(AbstractFetcherThread.scala:133)
	at kafka.server.AbstractFetcherThread.$anonfun$maybeFetch$3$adapted(AbstractFetcherThread.scala:132)
	at scala.Option.foreach(Option.scala:407)
	at kafka.server.AbstractFetcherThread.maybeFetch(AbstractFetcherThread.scala:132)
	at kafka.server.AbstractFetcherThread.doWork(AbstractFetcherThread.scala:114)
	at kafka.utils.ShutdownableThread.run(ShutdownableThread.scala:96)
[2020-04-18 18:02:04,746] INFO [ReplicaFetcher replicaId=4, leaderId=5, fetcherId=0] Stopped (kafka.server.ReplicaFetcherThread)
[2020-04-18 18:02:04,746] INFO [ReplicaFetcher replicaId=4, leaderId=5, fetcherId=0] Shutdown completed (kafka.server.ReplicaFetcherThread)
[2020-04-18 18:02:04,749] INFO [GroupMetadataManager brokerId=4] Scheduling unloading of offsets and group metadata from __consumer_offsets-2 (kafka.coordinator.group.GroupMetadataManager)
[2020-04-18 18:02:04,749] INFO [GroupMetadataManager brokerId=4] Finished unloading __consumer_offsets-2. Removed 0 cached offsets and 0 cached groups. (kafka.coordinator.group.GroupMetadataManager)
[2020-04-18 18:02:09,223] INFO [ReplicaFetcherManager on broker 4] Removed fetcher for partitions Set(__consumer_offsets-10, __consumer_offsets-2) (kafka.server.ReplicaFetcherManager)
[2020-04-18 18:02:09,223] INFO [Partition __consumer_offsets-10 broker=4] __consumer_offsets-10 starts at leader epoch 7 from offset 0 with high watermark 0. Previous leader epoch was 6. (kafka.cluster.Partition)
[2020-04-18 18:02:09,229] INFO [Partition __consumer_offsets-2 broker=4] __consumer_offsets-2 starts at leader epoch 7 from offset 0 with high watermark 0. Previous leader epoch was 6. (kafka.cluster.Partition)
[2020-04-18 18:02:09,235] INFO [GroupMetadataManager brokerId=4] Scheduling loading of offsets and group metadata from __consumer_offsets-2 (kafka.coordinator.group.GroupMetadataManager)
[2020-04-18 18:02:09,235] INFO [GroupMetadataManager brokerId=4] Scheduling loading of offsets and group metadata from __consumer_offsets-10 (kafka.coordinator.group.GroupMetadataManager)
[2020-04-18 18:02:09,235] INFO [GroupMetadataManager brokerId=4] Finished loading offsets and group metadata from __consumer_offsets-2 in 0 milliseconds. (kafka.coordinator.group.GroupMetadataManager)
[2020-04-18 18:02:09,235] INFO [GroupMetadataManager brokerId=4] Finished loading offsets and group metadata from __consumer_offsets-10 in 0 milliseconds. (kafka.coordinator.group.GroupMetadataManager)
[2020-04-18 18:02:09,243] INFO [ReplicaFetcherManager on broker 4] Removed fetcher for partitions Set(__consumer_offsets-9, __consumer_offsets-16, __consumer_offsets-31, __consumer_offsets-3, __consumer_offsets-38, __consumer_offsets-17, __consumer_offsets-45) (kafka.server.ReplicaFetcherManager)
[2020-04-18 18:02:09,243] INFO [Partition __consumer_offsets-45 broker=4] __consumer_offsets-45 starts at leader epoch 8 from offset 0 with high watermark 0. Previous leader epoch was 7. (kafka.cluster.Partition)
[2020-04-18 18:02:09,247] INFO [Partition __consumer_offsets-17 broker=4] __consumer_offsets-17 starts at leader epoch 7 from offset 0 with high watermark 0. Previous leader epoch was 6. (kafka.cluster.Partition)
[2020-04-18 18:02:09,251] INFO [Partition __consumer_offsets-31 broker=4] __consumer_offsets-31 starts at leader epoch 8 from offset 0 with high watermark 0. Previous leader epoch was 7. (kafka.cluster.Partition)
[2020-04-18 18:02:09,255] INFO [Partition __consumer_offsets-38 broker=4] __consumer_offsets-38 starts at leader epoch 8 from offset 0 with high watermark 0. Previous leader epoch was 7. (kafka.cluster.Partition)
[2020-04-18 18:02:09,259] INFO [Partition __consumer_offsets-9 broker=4] __consumer_offsets-9 starts at leader epoch 8 from offset 0 with high watermark 0. Previous leader epoch was 7. (kafka.cluster.Partition)
[2020-04-18 18:02:09,263] INFO [Partition __consumer_offsets-16 broker=4] __consumer_offsets-16 starts at leader epoch 8 from offset 0 with high watermark 0. Previous leader epoch was 7. (kafka.cluster.Partition)
[2020-04-18 18:02:09,266] INFO [Partition __consumer_offsets-3 broker=4] __consumer_offsets-3 starts at leader epoch 6 from offset 0 with high watermark 0. Previous leader epoch was 5. (kafka.cluster.Partition)
[2020-04-18 18:02:09,409] WARN [KafkaServer id=4] Retrying controlled shutdown after the previous attempt failed... (kafka.server.KafkaServer)
[2020-04-18 18:02:09,412] WARN [KafkaServer id=4] Connection to node 7 (pop-os.localdomain/127.0.1.1:9099) could not be established. Broker may not be available. (org.apache.kafka.clients.NetworkClient)
[2020-04-18 18:02:09,412] WARN [KafkaServer id=4] Error during controlled shutdown, possibly because leader movement took longer than the configured controller.socket.timeout.ms and/or request.timeout.ms: Connection to pop-os.localdomain:9099 (id: 7 rack: null) failed. (kafka.server.KafkaServer)
[2020-04-18 18:02:14,412] WARN [KafkaServer id=4] Retrying controlled shutdown after the previous attempt failed... (kafka.server.KafkaServer)
[2020-04-18 18:02:14,468] INFO [KafkaServer id=4] Remaining partitions to move: [RemainingPartition(topicName='__consumer_offsets', partitionIndex=30), RemainingPartition(topicName='ReportTopic', partitionIndex=2), RemainingPartition(topicName='__consumer_offsets', partitionIndex=8), RemainingPartition(topicName='__consumer_offsets', partitionIndex=9), RemainingPartition(topicName='__consumer_offsets', partitionIndex=25), RemainingPartition(topicName='__consumer_offsets', partitionIndex=41), RemainingPartition(topicName='__consumer_offsets', partitionIndex=33), RemainingPartition(topicName='__consumer_offsets', partitionIndex=23), RemainingPartition(topicName='__consumer_offsets', partitionIndex=49), RemainingPartition(topicName='__consumer_offsets', partitionIndex=16), RemainingPartition(topicName='__consumer_offsets', partitionIndex=31), RemainingPartition(topicName='__consumer_offsets', partitionIndex=3), RemainingPartition(topicName='__consumer_offsets', partitionIndex=37), RemainingPartition(topicName='__consumer_offsets', partitionIndex=38), RemainingPartition(topicName='__consumer_offsets', partitionIndex=17), RemainingPartition(topicName='__consumer_offsets', partitionIndex=2), RemainingPartition(topicName='__consumer_offsets', partitionIndex=44), RemainingPartition(topicName='ReportTopic', partitionIndex=1), RemainingPartition(topicName='__consumer_offsets', partitionIndex=45), RemainingPartition(topicName='__consumer_offsets', partitionIndex=1), RemainingPartition(topicName='__consumer_offsets', partitionIndex=10)] (kafka.server.KafkaServer)
[2020-04-18 18:02:14,469] INFO [KafkaServer id=4] Error from controller: NONE (kafka.server.KafkaServer)
[2020-04-18 18:02:19,470] WARN [KafkaServer id=4] Retrying controlled shutdown after the previous attempt failed... (kafka.server.KafkaServer)
[2020-04-18 18:02:19,478] WARN [KafkaServer id=4] Proceeding to do an unclean shutdown as all the controlled shutdown attempts failed (kafka.server.KafkaServer)
[2020-04-18 18:02:19,483] INFO [/config/changes-event-process-thread]: Shutting down (kafka.common.ZkNodeChangeNotificationListener$ChangeEventProcessThread)
[2020-04-18 18:02:19,484] INFO [/config/changes-event-process-thread]: Stopped (kafka.common.ZkNodeChangeNotificationListener$ChangeEventProcessThread)
[2020-04-18 18:02:19,484] INFO [/config/changes-event-process-thread]: Shutdown completed (kafka.common.ZkNodeChangeNotificationListener$ChangeEventProcessThread)
[2020-04-18 18:02:19,488] INFO [SocketServer brokerId=4] Stopping socket server request processors (kafka.network.SocketServer)
[2020-04-18 18:02:19,529] INFO [SocketServer brokerId=4] Stopped socket server request processors (kafka.network.SocketServer)
[2020-04-18 18:02:19,531] INFO [data-plane Kafka Request Handler on Broker 4], shutting down (kafka.server.KafkaRequestHandlerPool)
[2020-04-18 18:02:19,535] INFO [data-plane Kafka Request Handler on Broker 4], shut down completely (kafka.server.KafkaRequestHandlerPool)
[2020-04-18 18:02:19,539] INFO [ExpirationReaper-4-AlterAcls]: Shutting down (kafka.server.DelayedOperationPurgatory$ExpiredOperationReaper)
[2020-04-18 18:02:19,728] INFO [ExpirationReaper-4-AlterAcls]: Stopped (kafka.server.DelayedOperationPurgatory$ExpiredOperationReaper)
[2020-04-18 18:02:19,728] INFO [ExpirationReaper-4-AlterAcls]: Shutdown completed (kafka.server.DelayedOperationPurgatory$ExpiredOperationReaper)
[2020-04-18 18:02:19,731] INFO [KafkaApi-4] Shutdown complete. (kafka.server.KafkaApis)
[2020-04-18 18:02:19,735] INFO [ExpirationReaper-4-topic]: Shutting down (kafka.server.DelayedOperationPurgatory$ExpiredOperationReaper)
[2020-04-18 18:02:19,918] INFO [ExpirationReaper-4-topic]: Stopped (kafka.server.DelayedOperationPurgatory$ExpiredOperationReaper)
[2020-04-18 18:02:19,918] INFO [ExpirationReaper-4-topic]: Shutdown completed (kafka.server.DelayedOperationPurgatory$ExpiredOperationReaper)
[2020-04-18 18:02:19,921] INFO [TransactionCoordinator id=4] Shutting down. (kafka.coordinator.transaction.TransactionCoordinator)
[2020-04-18 18:02:19,921] INFO [ProducerId Manager 4]: Shutdown complete: last producerId assigned 28000 (kafka.coordinator.transaction.ProducerIdManager)
[2020-04-18 18:02:19,922] INFO [Transaction State Manager 4]: Shutdown complete (kafka.coordinator.transaction.TransactionStateManager)
[2020-04-18 18:02:19,922] INFO [Transaction Marker Channel Manager 4]: Shutting down (kafka.coordinator.transaction.TransactionMarkerChannelManager)
[2020-04-18 18:02:19,922] INFO [Transaction Marker Channel Manager 4]: Stopped (kafka.coordinator.transaction.TransactionMarkerChannelManager)
[2020-04-18 18:02:19,922] INFO [Transaction Marker Channel Manager 4]: Shutdown completed (kafka.coordinator.transaction.TransactionMarkerChannelManager)
[2020-04-18 18:02:19,923] INFO [TransactionCoordinator id=4] Shutdown complete. (kafka.coordinator.transaction.TransactionCoordinator)
[2020-04-18 18:02:19,924] INFO [GroupCoordinator 4]: Shutting down. (kafka.coordinator.group.GroupCoordinator)
[2020-04-18 18:02:19,924] INFO [ExpirationReaper-4-Heartbeat]: Shutting down (kafka.server.DelayedOperationPurgatory$ExpiredOperationReaper)
[2020-04-18 18:02:20,118] INFO [ExpirationReaper-4-Heartbeat]: Stopped (kafka.server.DelayedOperationPurgatory$ExpiredOperationReaper)
[2020-04-18 18:02:20,118] INFO [ExpirationReaper-4-Heartbeat]: Shutdown completed (kafka.server.DelayedOperationPurgatory$ExpiredOperationReaper)
[2020-04-18 18:02:20,119] INFO [ExpirationReaper-4-Rebalance]: Shutting down (kafka.server.DelayedOperationPurgatory$ExpiredOperationReaper)
[2020-04-18 18:02:20,318] INFO [ExpirationReaper-4-Rebalance]: Shutdown completed (kafka.server.DelayedOperationPurgatory$ExpiredOperationReaper)
[2020-04-18 18:02:20,318] INFO [ExpirationReaper-4-Rebalance]: Stopped (kafka.server.DelayedOperationPurgatory$ExpiredOperationReaper)
[2020-04-18 18:02:20,320] INFO [GroupCoordinator 4]: Shutdown complete. (kafka.coordinator.group.GroupCoordinator)
[2020-04-18 18:02:20,321] INFO [ReplicaManager broker=4] Shutting down (kafka.server.ReplicaManager)
[2020-04-18 18:02:20,322] INFO [LogDirFailureHandler]: Shutting down (kafka.server.ReplicaManager$LogDirFailureHandler)
[2020-04-18 18:02:20,322] INFO [LogDirFailureHandler]: Stopped (kafka.server.ReplicaManager$LogDirFailureHandler)
[2020-04-18 18:02:20,323] INFO [LogDirFailureHandler]: Shutdown completed (kafka.server.ReplicaManager$LogDirFailureHandler)
[2020-04-18 18:02:20,324] INFO [ReplicaFetcherManager on broker 4] shutting down (kafka.server.ReplicaFetcherManager)
[2020-04-18 18:02:20,326] INFO [ReplicaFetcherManager on broker 4] shutdown completed (kafka.server.ReplicaFetcherManager)
[2020-04-18 18:02:20,331] INFO [ReplicaAlterLogDirsManager on broker 4] shutting down (kafka.server.ReplicaAlterLogDirsManager)
[2020-04-18 18:02:20,331] INFO [ReplicaAlterLogDirsManager on broker 4] shutdown completed (kafka.server.ReplicaAlterLogDirsManager)
[2020-04-18 18:02:20,331] INFO [ExpirationReaper-4-Fetch]: Shutting down (kafka.server.DelayedOperationPurgatory$ExpiredOperationReaper)
[2020-04-18 18:02:20,529] INFO [ExpirationReaper-4-Fetch]: Stopped (kafka.server.DelayedOperationPurgatory$ExpiredOperationReaper)
[2020-04-18 18:02:20,529] INFO [ExpirationReaper-4-Fetch]: Shutdown completed (kafka.server.DelayedOperationPurgatory$ExpiredOperationReaper)
[2020-04-18 18:02:20,529] INFO [ExpirationReaper-4-Produce]: Shutting down (kafka.server.DelayedOperationPurgatory$ExpiredOperationReaper)
[2020-04-18 18:02:20,728] INFO [ExpirationReaper-4-Produce]: Stopped (kafka.server.DelayedOperationPurgatory$ExpiredOperationReaper)
[2020-04-18 18:02:20,728] INFO [ExpirationReaper-4-Produce]: Shutdown completed (kafka.server.DelayedOperationPurgatory$ExpiredOperationReaper)
[2020-04-18 18:02:20,729] INFO [ExpirationReaper-4-DeleteRecords]: Shutting down (kafka.server.DelayedOperationPurgatory$ExpiredOperationReaper)
[2020-04-18 18:02:20,928] INFO [ExpirationReaper-4-DeleteRecords]: Stopped (kafka.server.DelayedOperationPurgatory$ExpiredOperationReaper)
[2020-04-18 18:02:20,929] INFO [ExpirationReaper-4-DeleteRecords]: Shutdown completed (kafka.server.DelayedOperationPurgatory$ExpiredOperationReaper)
[2020-04-18 18:02:20,929] INFO [ExpirationReaper-4-ElectLeader]: Shutting down (kafka.server.DelayedOperationPurgatory$ExpiredOperationReaper)
[2020-04-18 18:02:20,929] INFO [ExpirationReaper-4-ElectLeader]: Stopped (kafka.server.DelayedOperationPurgatory$ExpiredOperationReaper)
[2020-04-18 18:02:20,929] INFO [ExpirationReaper-4-ElectLeader]: Shutdown completed (kafka.server.DelayedOperationPurgatory$ExpiredOperationReaper)
[2020-04-18 18:02:20,934] INFO [ReplicaManager broker=4] Shut down completely (kafka.server.ReplicaManager)
[2020-04-18 18:02:20,934] INFO Shutting down. (kafka.log.LogManager)
[2020-04-18 18:02:20,976] INFO [ProducerStateManager partition=ReportTopic-2] Writing producer snapshot at offset 6766 (kafka.log.ProducerStateManager)
[2020-04-18 18:02:20,992] INFO [ProducerStateManager partition=ReportTopic-1] Writing producer snapshot at offset 6737 (kafka.log.ProducerStateManager)
[2020-04-18 18:02:21,021] INFO Shutdown complete. (kafka.log.LogManager)
[2020-04-18 18:02:21,042] INFO [ZooKeeperClient Kafka server] Closing. (kafka.zookeeper.ZooKeeperClient)
[2020-04-18 18:02:21,147] INFO Session: 0x100013edf9b0004 closed (org.apache.zookeeper.ZooKeeper)
[2020-04-18 18:02:21,147] INFO EventThread shut down for session: 0x100013edf9b0004 (org.apache.zookeeper.ClientCnxn)
[2020-04-18 18:02:21,148] INFO [ZooKeeperClient Kafka server] Closed. (kafka.zookeeper.ZooKeeperClient)
[2020-04-18 18:02:21,148] INFO [ThrottledChannelReaper-Fetch]: Shutting down (kafka.server.ClientQuotaManager$ThrottledChannelReaper)
[2020-04-18 18:02:21,198] INFO [ThrottledChannelReaper-Fetch]: Stopped (kafka.server.ClientQuotaManager$ThrottledChannelReaper)
[2020-04-18 18:02:21,198] INFO [ThrottledChannelReaper-Fetch]: Shutdown completed (kafka.server.ClientQuotaManager$ThrottledChannelReaper)
[2020-04-18 18:02:21,198] INFO [ThrottledChannelReaper-Produce]: Shutting down (kafka.server.ClientQuotaManager$ThrottledChannelReaper)
[2020-04-18 18:02:22,199] INFO [ThrottledChannelReaper-Produce]: Stopped (kafka.server.ClientQuotaManager$ThrottledChannelReaper)
[2020-04-18 18:02:22,199] INFO [ThrottledChannelReaper-Produce]: Shutdown completed (kafka.server.ClientQuotaManager$ThrottledChannelReaper)
[2020-04-18 18:02:22,199] INFO [ThrottledChannelReaper-Request]: Shutting down (kafka.server.ClientQuotaManager$ThrottledChannelReaper)
[2020-04-18 18:02:23,104] INFO [ThrottledChannelReaper-Request]: Stopped (kafka.server.ClientQuotaManager$ThrottledChannelReaper)
[2020-04-18 18:02:23,104] INFO [ThrottledChannelReaper-Request]: Shutdown completed (kafka.server.ClientQuotaManager$ThrottledChannelReaper)
[2020-04-18 18:02:23,108] INFO [SocketServer brokerId=4] Shutting down socket server (kafka.network.SocketServer)
[2020-04-18 18:02:23,156] INFO [SocketServer brokerId=4] Shutdown completed (kafka.network.SocketServer)
[2020-04-18 18:02:23,159] INFO [KafkaServer id=4] shut down completed (kafka.server.KafkaServer)
