[2020-04-16 11:20:35,263] INFO Starting the log cleaner (kafka.log.LogCleaner)
[2020-04-16 11:20:35,411] INFO [kafka-log-cleaner-thread-0]: Starting (kafka.log.LogCleaner)
[2020-04-16 11:34:32,337] INFO Shutting down the log cleaner. (kafka.log.LogCleaner)
[2020-04-16 11:34:32,338] INFO [kafka-log-cleaner-thread-0]: Shutting down (kafka.log.LogCleaner)
[2020-04-16 11:34:32,339] INFO [kafka-log-cleaner-thread-0]: Stopped (kafka.log.LogCleaner)
[2020-04-16 11:34:32,339] INFO [kafka-log-cleaner-thread-0]: Shutdown completed (kafka.log.LogCleaner)
[2020-04-16 11:35:38,513] INFO Starting the log cleaner (kafka.log.LogCleaner)
[2020-04-16 11:35:38,724] INFO [kafka-log-cleaner-thread-0]: Starting (kafka.log.LogCleaner)
[2020-04-16 11:35:42,895] INFO Starting the log cleaner (kafka.log.LogCleaner)
[2020-04-16 11:35:43,075] INFO [kafka-log-cleaner-thread-0]: Starting (kafka.log.LogCleaner)
[2020-04-16 11:35:45,973] INFO Starting the log cleaner (kafka.log.LogCleaner)
[2020-04-16 11:35:46,115] INFO [kafka-log-cleaner-thread-0]: Starting (kafka.log.LogCleaner)
[2020-04-16 11:37:49,881] INFO Shutting down the log cleaner. (kafka.log.LogCleaner)
[2020-04-16 11:37:49,881] INFO [kafka-log-cleaner-thread-0]: Shutting down (kafka.log.LogCleaner)
[2020-04-16 11:37:49,882] INFO [kafka-log-cleaner-thread-0]: Stopped (kafka.log.LogCleaner)
[2020-04-16 11:37:49,882] INFO [kafka-log-cleaner-thread-0]: Shutdown completed (kafka.log.LogCleaner)
[2020-04-16 11:37:55,337] INFO Shutting down the log cleaner. (kafka.log.LogCleaner)
[2020-04-16 11:37:55,338] INFO [kafka-log-cleaner-thread-0]: Shutting down (kafka.log.LogCleaner)
[2020-04-16 11:37:55,338] INFO [kafka-log-cleaner-thread-0]: Stopped (kafka.log.LogCleaner)
[2020-04-16 11:37:55,339] INFO [kafka-log-cleaner-thread-0]: Shutdown completed (kafka.log.LogCleaner)
[2020-04-16 11:38:05,196] INFO Shutting down the log cleaner. (kafka.log.LogCleaner)
[2020-04-16 11:38:05,197] INFO [kafka-log-cleaner-thread-0]: Shutting down (kafka.log.LogCleaner)
[2020-04-16 11:38:05,197] INFO [kafka-log-cleaner-thread-0]: Stopped (kafka.log.LogCleaner)
[2020-04-16 11:38:05,197] INFO [kafka-log-cleaner-thread-0]: Shutdown completed (kafka.log.LogCleaner)
[2020-04-16 11:40:35,833] INFO Starting the log cleaner (kafka.log.LogCleaner)
[2020-04-16 11:40:37,036] INFO [kafka-log-cleaner-thread-0]: Starting (kafka.log.LogCleaner)
[2020-04-16 11:40:37,164] INFO Starting the log cleaner (kafka.log.LogCleaner)
[2020-04-16 11:40:37,279] INFO Starting the log cleaner (kafka.log.LogCleaner)
[2020-04-16 11:40:37,508] INFO Starting the log cleaner (kafka.log.LogCleaner)
[2020-04-16 11:40:37,925] INFO [kafka-log-cleaner-thread-0]: Starting (kafka.log.LogCleaner)
[2020-04-16 11:40:38,014] INFO Starting the log cleaner (kafka.log.LogCleaner)
[2020-04-16 11:40:38,087] INFO Starting the log cleaner (kafka.log.LogCleaner)
[2020-04-16 11:40:38,187] INFO [kafka-log-cleaner-thread-0]: Starting (kafka.log.LogCleaner)
[2020-04-16 11:40:38,220] INFO Starting the log cleaner (kafka.log.LogCleaner)
[2020-04-16 11:40:38,268] INFO [kafka-log-cleaner-thread-0]: Starting (kafka.log.LogCleaner)
[2020-04-16 11:40:38,305] INFO Starting the log cleaner (kafka.log.LogCleaner)
[2020-04-16 11:40:38,917] INFO [kafka-log-cleaner-thread-0]: Starting (kafka.log.LogCleaner)
[2020-04-16 11:40:38,952] INFO [kafka-log-cleaner-thread-0]: Starting (kafka.log.LogCleaner)
[2020-04-16 11:40:39,073] INFO [kafka-log-cleaner-thread-0]: Starting (kafka.log.LogCleaner)
[2020-04-16 11:40:39,364] INFO [kafka-log-cleaner-thread-0]: Starting (kafka.log.LogCleaner)
[2020-04-16 11:49:02,428] INFO Shutting down the log cleaner. (kafka.log.LogCleaner)
[2020-04-16 11:49:02,429] INFO [kafka-log-cleaner-thread-0]: Shutting down (kafka.log.LogCleaner)
[2020-04-16 11:49:02,430] INFO [kafka-log-cleaner-thread-0]: Stopped (kafka.log.LogCleaner)
[2020-04-16 11:49:02,430] INFO [kafka-log-cleaner-thread-0]: Shutdown completed (kafka.log.LogCleaner)
[2020-04-16 11:49:06,968] INFO Shutting down the log cleaner. (kafka.log.LogCleaner)
[2020-04-16 11:49:06,969] INFO [kafka-log-cleaner-thread-0]: Shutting down (kafka.log.LogCleaner)
[2020-04-16 11:49:06,972] INFO [kafka-log-cleaner-thread-0]: Stopped (kafka.log.LogCleaner)
[2020-04-16 11:49:06,972] INFO [kafka-log-cleaner-thread-0]: Shutdown completed (kafka.log.LogCleaner)
[2020-04-16 11:49:07,194] INFO Shutting down the log cleaner. (kafka.log.LogCleaner)
[2020-04-16 11:49:07,194] INFO [kafka-log-cleaner-thread-0]: Shutting down (kafka.log.LogCleaner)
[2020-04-16 11:49:07,195] INFO [kafka-log-cleaner-thread-0]: Stopped (kafka.log.LogCleaner)
[2020-04-16 11:49:07,195] INFO [kafka-log-cleaner-thread-0]: Shutdown completed (kafka.log.LogCleaner)
[2020-04-16 11:49:07,235] INFO Shutting down the log cleaner. (kafka.log.LogCleaner)
[2020-04-16 11:49:07,236] INFO [kafka-log-cleaner-thread-0]: Shutting down (kafka.log.LogCleaner)
[2020-04-16 11:49:07,236] INFO [kafka-log-cleaner-thread-0]: Stopped (kafka.log.LogCleaner)
[2020-04-16 11:49:07,237] INFO [kafka-log-cleaner-thread-0]: Shutdown completed (kafka.log.LogCleaner)
[2020-04-16 11:49:07,512] INFO Shutting down the log cleaner. (kafka.log.LogCleaner)
[2020-04-16 11:49:07,552] INFO [kafka-log-cleaner-thread-0]: Shutting down (kafka.log.LogCleaner)
[2020-04-16 11:49:07,559] INFO [kafka-log-cleaner-thread-0]: Stopped (kafka.log.LogCleaner)
[2020-04-16 11:49:07,559] INFO [kafka-log-cleaner-thread-0]: Shutdown completed (kafka.log.LogCleaner)
[2020-04-16 11:49:07,573] INFO Shutting down the log cleaner. (kafka.log.LogCleaner)
[2020-04-16 11:49:07,575] INFO [kafka-log-cleaner-thread-0]: Shutting down (kafka.log.LogCleaner)
[2020-04-16 11:49:07,577] INFO [kafka-log-cleaner-thread-0]: Stopped (kafka.log.LogCleaner)
[2020-04-16 11:49:07,577] INFO [kafka-log-cleaner-thread-0]: Shutdown completed (kafka.log.LogCleaner)
[2020-04-16 11:49:12,090] INFO Shutting down the log cleaner. (kafka.log.LogCleaner)
[2020-04-16 11:49:12,091] INFO [kafka-log-cleaner-thread-0]: Shutting down (kafka.log.LogCleaner)
[2020-04-16 11:49:12,091] INFO [kafka-log-cleaner-thread-0]: Stopped (kafka.log.LogCleaner)
[2020-04-16 11:49:12,091] INFO [kafka-log-cleaner-thread-0]: Shutdown completed (kafka.log.LogCleaner)
[2020-04-16 11:49:17,360] INFO Shutting down the log cleaner. (kafka.log.LogCleaner)
[2020-04-16 11:49:17,361] INFO [kafka-log-cleaner-thread-0]: Shutting down (kafka.log.LogCleaner)
[2020-04-16 11:49:17,361] INFO [kafka-log-cleaner-thread-0]: Stopped (kafka.log.LogCleaner)
[2020-04-16 11:49:17,361] INFO [kafka-log-cleaner-thread-0]: Shutdown completed (kafka.log.LogCleaner)
[2020-04-16 11:50:33,077] INFO Starting the log cleaner (kafka.log.LogCleaner)
[2020-04-16 11:50:33,257] INFO [kafka-log-cleaner-thread-0]: Starting (kafka.log.LogCleaner)
[2020-04-16 11:50:41,222] INFO Starting the log cleaner (kafka.log.LogCleaner)
[2020-04-16 11:50:41,400] INFO [kafka-log-cleaner-thread-0]: Starting (kafka.log.LogCleaner)
[2020-04-16 11:50:47,664] INFO Starting the log cleaner (kafka.log.LogCleaner)
[2020-04-16 11:50:47,910] INFO [kafka-log-cleaner-thread-0]: Starting (kafka.log.LogCleaner)
[2020-04-16 11:50:58,195] INFO Starting the log cleaner (kafka.log.LogCleaner)
[2020-04-16 11:50:58,498] INFO [kafka-log-cleaner-thread-0]: Starting (kafka.log.LogCleaner)
[2020-04-16 11:51:05,667] INFO Starting the log cleaner (kafka.log.LogCleaner)
[2020-04-16 11:51:05,858] INFO [kafka-log-cleaner-thread-0]: Starting (kafka.log.LogCleaner)
[2020-04-16 11:51:11,951] INFO Starting the log cleaner (kafka.log.LogCleaner)
[2020-04-16 11:51:12,641] INFO [kafka-log-cleaner-thread-0]: Starting (kafka.log.LogCleaner)
[2020-04-16 11:51:18,121] INFO Starting the log cleaner (kafka.log.LogCleaner)
[2020-04-16 11:51:18,560] INFO [kafka-log-cleaner-thread-0]: Starting (kafka.log.LogCleaner)
[2020-04-16 11:51:23,204] INFO Starting the log cleaner (kafka.log.LogCleaner)
[2020-04-16 11:51:23,527] INFO [kafka-log-cleaner-thread-0]: Starting (kafka.log.LogCleaner)
[2020-04-16 11:53:05,383] INFO The cleaning for partition AlarmTopic-1 is aborted and paused (kafka.log.LogCleaner)
[2020-04-16 11:53:05,384] INFO The cleaning for partition AlarmTopic-1 is aborted (kafka.log.LogCleaner)
[2020-04-16 11:53:05,386] INFO The cleaning for partition AlarmTopic-2 is aborted and paused (kafka.log.LogCleaner)
[2020-04-16 11:53:05,387] INFO The cleaning for partition AlarmTopic-2 is aborted (kafka.log.LogCleaner)
[2020-04-16 11:53:05,388] INFO The cleaning for partition AlarmTopic-0 is aborted and paused (kafka.log.LogCleaner)
[2020-04-16 11:53:05,389] INFO The cleaning for partition AlarmTopic-0 is aborted (kafka.log.LogCleaner)
[2020-04-16 11:53:05,408] INFO The cleaning for partition AlarmTopic-0 is aborted and paused (kafka.log.LogCleaner)
[2020-04-16 11:53:05,408] INFO The cleaning for partition AlarmTopic-0 is aborted (kafka.log.LogCleaner)
[2020-04-16 11:53:05,421] INFO The cleaning for partition AlarmTopic-1 is aborted and paused (kafka.log.LogCleaner)
[2020-04-16 11:53:05,421] INFO The cleaning for partition AlarmTopic-1 is aborted (kafka.log.LogCleaner)
[2020-04-16 11:53:05,447] INFO The cleaning for partition AlarmTopic-2 is aborted and paused (kafka.log.LogCleaner)
[2020-04-16 11:53:05,447] INFO The cleaning for partition AlarmTopic-2 is aborted (kafka.log.LogCleaner)
[2020-04-16 11:53:05,477] INFO The cleaning for partition AlarmTopic-2 is aborted and paused (kafka.log.LogCleaner)
[2020-04-16 11:53:05,477] INFO The cleaning for partition AlarmTopic-2 is aborted (kafka.log.LogCleaner)
[2020-04-16 11:53:05,488] INFO The cleaning for partition AlarmTopic-1 is aborted and paused (kafka.log.LogCleaner)
[2020-04-16 11:53:05,489] INFO The cleaning for partition AlarmTopic-1 is aborted (kafka.log.LogCleaner)
[2020-04-16 11:53:05,508] INFO The cleaning for partition AlarmTopic-0 is aborted and paused (kafka.log.LogCleaner)
[2020-04-16 11:53:05,508] INFO The cleaning for partition AlarmTopic-0 is aborted (kafka.log.LogCleaner)
[2020-04-16 11:53:33,408] INFO The cleaning for partition BatchTopic-0 is aborted and paused (kafka.log.LogCleaner)
[2020-04-16 11:53:33,408] INFO The cleaning for partition BatchTopic-0 is aborted (kafka.log.LogCleaner)
[2020-04-16 11:53:33,415] INFO The cleaning for partition BatchTopic-1 is aborted and paused (kafka.log.LogCleaner)
[2020-04-16 11:53:33,415] INFO The cleaning for partition BatchTopic-1 is aborted (kafka.log.LogCleaner)
[2020-04-16 11:53:33,415] INFO The cleaning for partition BatchTopic-1 is aborted and paused (kafka.log.LogCleaner)
[2020-04-16 11:53:33,416] INFO The cleaning for partition BatchTopic-1 is aborted (kafka.log.LogCleaner)
[2020-04-16 11:53:33,434] INFO The cleaning for partition BatchTopic-2 is aborted and paused (kafka.log.LogCleaner)
[2020-04-16 11:53:33,434] INFO The cleaning for partition BatchTopic-2 is aborted (kafka.log.LogCleaner)
[2020-04-16 11:53:33,436] INFO The cleaning for partition BatchTopic-1 is aborted and paused (kafka.log.LogCleaner)
[2020-04-16 11:53:33,437] INFO The cleaning for partition BatchTopic-1 is aborted (kafka.log.LogCleaner)
[2020-04-16 11:53:33,445] INFO The cleaning for partition BatchTopic-0 is aborted and paused (kafka.log.LogCleaner)
[2020-04-16 11:53:33,445] INFO The cleaning for partition BatchTopic-0 is aborted (kafka.log.LogCleaner)
[2020-04-16 11:53:33,474] INFO The cleaning for partition BatchTopic-0 is aborted and paused (kafka.log.LogCleaner)
[2020-04-16 11:53:33,474] INFO The cleaning for partition BatchTopic-0 is aborted (kafka.log.LogCleaner)
[2020-04-16 11:53:33,474] INFO The cleaning for partition BatchTopic-2 is aborted and paused (kafka.log.LogCleaner)
[2020-04-16 11:53:33,474] INFO The cleaning for partition BatchTopic-2 is aborted (kafka.log.LogCleaner)
[2020-04-16 11:53:33,499] INFO The cleaning for partition BatchTopic-2 is aborted and paused (kafka.log.LogCleaner)
[2020-04-16 11:53:33,499] INFO The cleaning for partition BatchTopic-2 is aborted (kafka.log.LogCleaner)
[2020-04-16 11:53:44,226] INFO The cleaning for partition ReportTopic-1 is aborted and paused (kafka.log.LogCleaner)
[2020-04-16 11:53:44,226] INFO The cleaning for partition ReportTopic-1 is aborted (kafka.log.LogCleaner)
[2020-04-16 11:53:44,238] INFO The cleaning for partition ReportTopic-1 is aborted and paused (kafka.log.LogCleaner)
[2020-04-16 11:53:44,238] INFO The cleaning for partition ReportTopic-1 is aborted (kafka.log.LogCleaner)
[2020-04-16 11:53:44,245] INFO The cleaning for partition ReportTopic-0 is aborted and paused (kafka.log.LogCleaner)
[2020-04-16 11:53:44,245] INFO The cleaning for partition ReportTopic-0 is aborted (kafka.log.LogCleaner)
[2020-04-16 11:53:44,248] INFO The cleaning for partition ReportTopic-2 is aborted and paused (kafka.log.LogCleaner)
[2020-04-16 11:53:44,248] INFO The cleaning for partition ReportTopic-2 is aborted (kafka.log.LogCleaner)
[2020-04-16 11:53:44,254] INFO The cleaning for partition ReportTopic-1 is aborted and paused (kafka.log.LogCleaner)
[2020-04-16 11:53:44,255] INFO The cleaning for partition ReportTopic-1 is aborted (kafka.log.LogCleaner)
[2020-04-16 11:53:44,261] INFO The cleaning for partition ReportTopic-2 is aborted and paused (kafka.log.LogCleaner)
[2020-04-16 11:53:44,261] INFO The cleaning for partition ReportTopic-2 is aborted (kafka.log.LogCleaner)
[2020-04-16 11:53:44,266] INFO The cleaning for partition ReportTopic-2 is aborted and paused (kafka.log.LogCleaner)
[2020-04-16 11:53:44,268] INFO The cleaning for partition ReportTopic-0 is aborted and paused (kafka.log.LogCleaner)
[2020-04-16 11:53:44,268] INFO The cleaning for partition ReportTopic-0 is aborted (kafka.log.LogCleaner)
[2020-04-16 11:53:44,269] INFO The cleaning for partition ReportTopic-0 is aborted and paused (kafka.log.LogCleaner)
[2020-04-16 11:53:44,269] INFO The cleaning for partition ReportTopic-0 is aborted (kafka.log.LogCleaner)
[2020-04-16 11:53:44,269] INFO The cleaning for partition ReportTopic-2 is aborted (kafka.log.LogCleaner)
[2020-04-16 11:56:50,962] INFO Shutting down the log cleaner. (kafka.log.LogCleaner)
[2020-04-16 11:56:50,962] INFO [kafka-log-cleaner-thread-0]: Shutting down (kafka.log.LogCleaner)
[2020-04-16 11:56:50,963] INFO [kafka-log-cleaner-thread-0]: Stopped (kafka.log.LogCleaner)
[2020-04-16 11:56:50,964] INFO [kafka-log-cleaner-thread-0]: Shutdown completed (kafka.log.LogCleaner)
[2020-04-16 11:56:51,085] INFO Shutting down the log cleaner. (kafka.log.LogCleaner)
[2020-04-16 11:56:51,086] INFO [kafka-log-cleaner-thread-0]: Shutting down (kafka.log.LogCleaner)
[2020-04-16 11:56:51,088] INFO [kafka-log-cleaner-thread-0]: Stopped (kafka.log.LogCleaner)
[2020-04-16 11:56:51,112] INFO [kafka-log-cleaner-thread-0]: Shutdown completed (kafka.log.LogCleaner)
[2020-04-16 11:56:51,313] INFO Shutting down the log cleaner. (kafka.log.LogCleaner)
[2020-04-16 11:56:51,315] INFO [kafka-log-cleaner-thread-0]: Shutting down (kafka.log.LogCleaner)
[2020-04-16 11:56:51,316] INFO [kafka-log-cleaner-thread-0]: Stopped (kafka.log.LogCleaner)
[2020-04-16 11:56:51,317] INFO [kafka-log-cleaner-thread-0]: Shutdown completed (kafka.log.LogCleaner)
[2020-04-16 11:56:51,704] INFO Shutting down the log cleaner. (kafka.log.LogCleaner)
[2020-04-16 11:56:51,704] INFO [kafka-log-cleaner-thread-0]: Shutting down (kafka.log.LogCleaner)
[2020-04-16 11:56:51,705] INFO [kafka-log-cleaner-thread-0]: Stopped (kafka.log.LogCleaner)
[2020-04-16 11:56:51,705] INFO [kafka-log-cleaner-thread-0]: Shutdown completed (kafka.log.LogCleaner)
[2020-04-16 11:57:06,187] INFO Shutting down the log cleaner. (kafka.log.LogCleaner)
[2020-04-16 11:57:06,188] INFO [kafka-log-cleaner-thread-0]: Shutting down (kafka.log.LogCleaner)
[2020-04-16 11:57:06,189] INFO [kafka-log-cleaner-thread-0]: Stopped (kafka.log.LogCleaner)
[2020-04-16 11:57:06,189] INFO [kafka-log-cleaner-thread-0]: Shutdown completed (kafka.log.LogCleaner)
[2020-04-16 11:57:06,315] INFO Shutting down the log cleaner. (kafka.log.LogCleaner)
[2020-04-16 11:57:06,319] INFO [kafka-log-cleaner-thread-0]: Shutting down (kafka.log.LogCleaner)
[2020-04-16 11:57:06,321] INFO [kafka-log-cleaner-thread-0]: Stopped (kafka.log.LogCleaner)
[2020-04-16 11:57:06,321] INFO [kafka-log-cleaner-thread-0]: Shutdown completed (kafka.log.LogCleaner)
[2020-04-16 11:57:06,408] INFO Shutting down the log cleaner. (kafka.log.LogCleaner)
[2020-04-16 11:57:06,409] INFO [kafka-log-cleaner-thread-0]: Shutting down (kafka.log.LogCleaner)
[2020-04-16 11:57:06,409] INFO [kafka-log-cleaner-thread-0]: Stopped (kafka.log.LogCleaner)
[2020-04-16 11:57:06,410] INFO [kafka-log-cleaner-thread-0]: Shutdown completed (kafka.log.LogCleaner)
[2020-04-16 11:57:06,428] INFO Shutting down the log cleaner. (kafka.log.LogCleaner)
[2020-04-16 11:57:06,428] INFO [kafka-log-cleaner-thread-0]: Shutting down (kafka.log.LogCleaner)
[2020-04-16 11:57:06,429] INFO [kafka-log-cleaner-thread-0]: Stopped (kafka.log.LogCleaner)
[2020-04-16 11:57:06,429] INFO [kafka-log-cleaner-thread-0]: Shutdown completed (kafka.log.LogCleaner)
