[2020-04-11 12:47:48,064] INFO Registered kafka:type=kafka.Log4jController MBean (kafka.utils.Log4jControllerRegistration$)
[2020-04-11 12:47:50,135] INFO Registered signal handlers for TERM, INT, HUP (org.apache.kafka.common.utils.LoggingSignalHandler)
[2020-04-11 12:47:50,139] INFO starting (kafka.server.KafkaServer)
[2020-04-11 12:47:50,143] INFO Connecting to zookeeper on localhost:2181 (kafka.server.KafkaServer)
[2020-04-11 12:47:50,221] INFO [ZooKeeperClient Kafka server] Initializing a new session to localhost:2181. (kafka.zookeeper.ZooKeeperClient)
[2020-04-11 12:47:50,237] INFO Client environment:zookeeper.version=3.5.7-f0fdd52973d373ffd9c86b81d99842dc2c7f660e, built on 02/10/2020 11:30 GMT (org.apache.zookeeper.ZooKeeper)
[2020-04-11 12:47:50,237] INFO Client environment:host.name=pop-os.localdomain (org.apache.zookeeper.ZooKeeper)
[2020-04-11 12:47:50,237] INFO Client environment:java.version=1.8.0_242 (org.apache.zookeeper.ZooKeeper)
[2020-04-11 12:47:50,237] INFO Client environment:java.vendor=Private Build (org.apache.zookeeper.ZooKeeper)
[2020-04-11 12:47:50,237] INFO Client environment:java.home=/usr/lib/jvm/java-8-openjdk-amd64/jre (org.apache.zookeeper.ZooKeeper)
[2020-04-11 12:47:50,237] INFO Client environment:java.class.path=/home/robopop-laptop/Documents/2Semestre/AS/Pratica/AS-Project2/PA2_T2G01/src/main/java/com/as/pa2_t2g01/Scripts/kafka_2.12-2.4.1/bin/../libs/activation-1.1.1.jar:/home/robopop-laptop/Documents/2Semestre/AS/Pratica/AS-Project2/PA2_T2G01/src/main/java/com/as/pa2_t2g01/Scripts/kafka_2.12-2.4.1/bin/../libs/aopalliance-repackaged-2.5.0.jar:/home/robopop-laptop/Documents/2Semestre/AS/Pratica/AS-Project2/PA2_T2G01/src/main/java/com/as/pa2_t2g01/Scripts/kafka_2.12-2.4.1/bin/../libs/argparse4j-0.7.0.jar:/home/robopop-laptop/Documents/2Semestre/AS/Pratica/AS-Project2/PA2_T2G01/src/main/java/com/as/pa2_t2g01/Scripts/kafka_2.12-2.4.1/bin/../libs/audience-annotations-0.5.0.jar:/home/robopop-laptop/Documents/2Semestre/AS/Pratica/AS-Project2/PA2_T2G01/src/main/java/com/as/pa2_t2g01/Scripts/kafka_2.12-2.4.1/bin/../libs/commons-cli-1.4.jar:/home/robopop-laptop/Documents/2Semestre/AS/Pratica/AS-Project2/PA2_T2G01/src/main/java/com/as/pa2_t2g01/Scripts/kafka_2.12-2.4.1/bin/../libs/commons-lang3-3.8.1.jar:/home/robopop-laptop/Documents/2Semestre/AS/Pratica/AS-Project2/PA2_T2G01/src/main/java/com/as/pa2_t2g01/Scripts/kafka_2.12-2.4.1/bin/../libs/connect-api-2.4.1.jar:/home/robopop-laptop/Documents/2Semestre/AS/Pratica/AS-Project2/PA2_T2G01/src/main/java/com/as/pa2_t2g01/Scripts/kafka_2.12-2.4.1/bin/../libs/connect-basic-auth-extension-2.4.1.jar:/home/robopop-laptop/Documents/2Semestre/AS/Pratica/AS-Project2/PA2_T2G01/src/main/java/com/as/pa2_t2g01/Scripts/kafka_2.12-2.4.1/bin/../libs/connect-file-2.4.1.jar:/home/robopop-laptop/Documents/2Semestre/AS/Pratica/AS-Project2/PA2_T2G01/src/main/java/com/as/pa2_t2g01/Scripts/kafka_2.12-2.4.1/bin/../libs/connect-json-2.4.1.jar:/home/robopop-laptop/Documents/2Semestre/AS/Pratica/AS-Project2/PA2_T2G01/src/main/java/com/as/pa2_t2g01/Scripts/kafka_2.12-2.4.1/bin/../libs/connect-mirror-2.4.1.jar:/home/robopop-laptop/Documents/2Semestre/AS/Pratica/AS-Project2/PA2_T2G01/src/main/java/com/as/pa2_t2g01/Scripts/kafka_2.12-2.4.1/bin/../libs/connect-mirror-client-2.4.1.jar:/home/robopop-laptop/Documents/2Semestre/AS/Pratica/AS-Project2/PA2_T2G01/src/main/java/com/as/pa2_t2g01/Scripts/kafka_2.12-2.4.1/bin/../libs/connect-runtime-2.4.1.jar:/home/robopop-laptop/Documents/2Semestre/AS/Pratica/AS-Project2/PA2_T2G01/src/main/java/com/as/pa2_t2g01/Scripts/kafka_2.12-2.4.1/bin/../libs/connect-transforms-2.4.1.jar:/home/robopop-laptop/Documents/2Semestre/AS/Pratica/AS-Project2/PA2_T2G01/src/main/java/com/as/pa2_t2g01/Scripts/kafka_2.12-2.4.1/bin/../libs/guava-20.0.jar:/home/robopop-laptop/Documents/2Semestre/AS/Pratica/AS-Project2/PA2_T2G01/src/main/java/com/as/pa2_t2g01/Scripts/kafka_2.12-2.4.1/bin/../libs/hk2-api-2.5.0.jar:/home/robopop-laptop/Documents/2Semestre/AS/Pratica/AS-Project2/PA2_T2G01/src/main/java/com/as/pa2_t2g01/Scripts/kafka_2.12-2.4.1/bin/../libs/hk2-locator-2.5.0.jar:/home/robopop-laptop/Documents/2Semestre/AS/Pratica/AS-Project2/PA2_T2G01/src/main/java/com/as/pa2_t2g01/Scripts/kafka_2.12-2.4.1/bin/../libs/hk2-utils-2.5.0.jar:/home/robopop-laptop/Documents/2Semestre/AS/Pratica/AS-Project2/PA2_T2G01/src/main/java/com/as/pa2_t2g01/Scripts/kafka_2.12-2.4.1/bin/../libs/jackson-annotations-2.10.0.jar:/home/robopop-laptop/Documents/2Semestre/AS/Pratica/AS-Project2/PA2_T2G01/src/main/java/com/as/pa2_t2g01/Scripts/kafka_2.12-2.4.1/bin/../libs/jackson-core-2.10.0.jar:/home/robopop-laptop/Documents/2Semestre/AS/Pratica/AS-Project2/PA2_T2G01/src/main/java/com/as/pa2_t2g01/Scripts/kafka_2.12-2.4.1/bin/../libs/jackson-databind-2.10.0.jar:/home/robopop-laptop/Documents/2Semestre/AS/Pratica/AS-Project2/PA2_T2G01/src/main/java/com/as/pa2_t2g01/Scripts/kafka_2.12-2.4.1/bin/../libs/jackson-dataformat-csv-2.10.0.jar:/home/robopop-laptop/Documents/2Semestre/AS/Pratica/AS-Project2/PA2_T2G01/src/main/java/com/as/pa2_t2g01/Scripts/kafka_2.12-2.4.1/bin/../libs/jackson-datatype-jdk8-2.10.0.jar:/home/robopop-laptop/Documents/2Semestre/AS/Pratica/AS-Project2/PA2_T2G01/src/main/java/com/as/pa2_t2g01/Scripts/kafka_2.12-2.4.1/bin/../libs/jackson-jaxrs-base-2.10.0.jar:/home/robopop-laptop/Documents/2Semestre/AS/Pratica/AS-Project2/PA2_T2G01/src/main/java/com/as/pa2_t2g01/Scripts/kafka_2.12-2.4.1/bin/../libs/jackson-jaxrs-json-provider-2.10.0.jar:/home/robopop-laptop/Documents/2Semestre/AS/Pratica/AS-Project2/PA2_T2G01/src/main/java/com/as/pa2_t2g01/Scripts/kafka_2.12-2.4.1/bin/../libs/jackson-module-jaxb-annotations-2.10.0.jar:/home/robopop-laptop/Documents/2Semestre/AS/Pratica/AS-Project2/PA2_T2G01/src/main/java/com/as/pa2_t2g01/Scripts/kafka_2.12-2.4.1/bin/../libs/jackson-module-paranamer-2.10.0.jar:/home/robopop-laptop/Documents/2Semestre/AS/Pratica/AS-Project2/PA2_T2G01/src/main/java/com/as/pa2_t2g01/Scripts/kafka_2.12-2.4.1/bin/../libs/jackson-module-scala_2.12-2.10.0.jar:/home/robopop-laptop/Documents/2Semestre/AS/Pratica/AS-Project2/PA2_T2G01/src/main/java/com/as/pa2_t2g01/Scripts/kafka_2.12-2.4.1/bin/../libs/jakarta.activation-api-1.2.1.jar:/home/robopop-laptop/Documents/2Semestre/AS/Pratica/AS-Project2/PA2_T2G01/src/main/java/com/as/pa2_t2g01/Scripts/kafka_2.12-2.4.1/bin/../libs/jakarta.annotation-api-1.3.4.jar:/home/robopop-laptop/Documents/2Semestre/AS/Pratica/AS-Project2/PA2_T2G01/src/main/java/com/as/pa2_t2g01/Scripts/kafka_2.12-2.4.1/bin/../libs/jakarta.inject-2.5.0.jar:/home/robopop-laptop/Documents/2Semestre/AS/Pratica/AS-Project2/PA2_T2G01/src/main/java/com/as/pa2_t2g01/Scripts/kafka_2.12-2.4.1/bin/../libs/jakarta.ws.rs-api-2.1.5.jar:/home/robopop-laptop/Documents/2Semestre/AS/Pratica/AS-Project2/PA2_T2G01/src/main/java/com/as/pa2_t2g01/Scripts/kafka_2.12-2.4.1/bin/../libs/jakarta.xml.bind-api-2.3.2.jar:/home/robopop-laptop/Documents/2Semestre/AS/Pratica/AS-Project2/PA2_T2G01/src/main/java/com/as/pa2_t2g01/Scripts/kafka_2.12-2.4.1/bin/../libs/javassist-3.22.0-CR2.jar:/home/robopop-laptop/Documents/2Semestre/AS/Pratica/AS-Project2/PA2_T2G01/src/main/java/com/as/pa2_t2g01/Scripts/kafka_2.12-2.4.1/bin/../libs/javax.servlet-api-3.1.0.jar:/home/robopop-laptop/Documents/2Semestre/AS/Pratica/AS-Project2/PA2_T2G01/src/main/java/com/as/pa2_t2g01/Scripts/kafka_2.12-2.4.1/bin/../libs/javax.ws.rs-api-2.1.1.jar:/home/robopop-laptop/Documents/2Semestre/AS/Pratica/AS-Project2/PA2_T2G01/src/main/java/com/as/pa2_t2g01/Scripts/kafka_2.12-2.4.1/bin/../libs/jaxb-api-2.3.0.jar:/home/robopop-laptop/Documents/2Semestre/AS/Pratica/AS-Project2/PA2_T2G01/src/main/java/com/as/pa2_t2g01/Scripts/kafka_2.12-2.4.1/bin/../libs/jersey-client-2.28.jar:/home/robopop-laptop/Documents/2Semestre/AS/Pratica/AS-Project2/PA2_T2G01/src/main/java/com/as/pa2_t2g01/Scripts/kafka_2.12-2.4.1/bin/../libs/jersey-common-2.28.jar:/home/robopop-laptop/Documents/2Semestre/AS/Pratica/AS-Project2/PA2_T2G01/src/main/java/com/as/pa2_t2g01/Scripts/kafka_2.12-2.4.1/bin/../libs/jersey-container-servlet-2.28.jar:/home/robopop-laptop/Documents/2Semestre/AS/Pratica/AS-Project2/PA2_T2G01/src/main/java/com/as/pa2_t2g01/Scripts/kafka_2.12-2.4.1/bin/../libs/jersey-container-servlet-core-2.28.jar:/home/robopop-laptop/Documents/2Semestre/AS/Pratica/AS-Project2/PA2_T2G01/src/main/java/com/as/pa2_t2g01/Scripts/kafka_2.12-2.4.1/bin/../libs/jersey-hk2-2.28.jar:/home/robopop-laptop/Documents/2Semestre/AS/Pratica/AS-Project2/PA2_T2G01/src/main/java/com/as/pa2_t2g01/Scripts/kafka_2.12-2.4.1/bin/../libs/jersey-media-jaxb-2.28.jar:/home/robopop-laptop/Documents/2Semestre/AS/Pratica/AS-Project2/PA2_T2G01/src/main/java/com/as/pa2_t2g01/Scripts/kafka_2.12-2.4.1/bin/../libs/jersey-server-2.28.jar:/home/robopop-laptop/Documents/2Semestre/AS/Pratica/AS-Project2/PA2_T2G01/src/main/java/com/as/pa2_t2g01/Scripts/kafka_2.12-2.4.1/bin/../libs/jetty-client-9.4.20.v20190813.jar:/home/robopop-laptop/Documents/2Semestre/AS/Pratica/AS-Project2/PA2_T2G01/src/main/java/com/as/pa2_t2g01/Scripts/kafka_2.12-2.4.1/bin/../libs/jetty-continuation-9.4.20.v20190813.jar:/home/robopop-laptop/Documents/2Semestre/AS/Pratica/AS-Project2/PA2_T2G01/src/main/java/com/as/pa2_t2g01/Scripts/kafka_2.12-2.4.1/bin/../libs/jetty-http-9.4.20.v20190813.jar:/home/robopop-laptop/Documents/2Semestre/AS/Pratica/AS-Project2/PA2_T2G01/src/main/java/com/as/pa2_t2g01/Scripts/kafka_2.12-2.4.1/bin/../libs/jetty-io-9.4.20.v20190813.jar:/home/robopop-laptop/Documents/2Semestre/AS/Pratica/AS-Project2/PA2_T2G01/src/main/java/com/as/pa2_t2g01/Scripts/kafka_2.12-2.4.1/bin/../libs/jetty-security-9.4.20.v20190813.jar:/home/robopop-laptop/Documents/2Semestre/AS/Pratica/AS-Project2/PA2_T2G01/src/main/java/com/as/pa2_t2g01/Scripts/kafka_2.12-2.4.1/bin/../libs/jetty-server-9.4.20.v20190813.jar:/home/robopop-laptop/Documents/2Semestre/AS/Pratica/AS-Project2/PA2_T2G01/src/main/java/com/as/pa2_t2g01/Scripts/kafka_2.12-2.4.1/bin/../libs/jetty-servlet-9.4.20.v20190813.jar:/home/robopop-laptop/Documents/2Semestre/AS/Pratica/AS-Project2/PA2_T2G01/src/main/java/com/as/pa2_t2g01/Scripts/kafka_2.12-2.4.1/bin/../libs/jetty-servlets-9.4.20.v20190813.jar:/home/robopop-laptop/Documents/2Semestre/AS/Pratica/AS-Project2/PA2_T2G01/src/main/java/com/as/pa2_t2g01/Scripts/kafka_2.12-2.4.1/bin/../libs/jetty-util-9.4.20.v20190813.jar:/home/robopop-laptop/Documents/2Semestre/AS/Pratica/AS-Project2/PA2_T2G01/src/main/java/com/as/pa2_t2g01/Scripts/kafka_2.12-2.4.1/bin/../libs/jopt-simple-5.0.4.jar:/home/robopop-laptop/Documents/2Semestre/AS/Pratica/AS-Project2/PA2_T2G01/src/main/java/com/as/pa2_t2g01/Scripts/kafka_2.12-2.4.1/bin/../libs/kafka_2.12-2.4.1.jar:/home/robopop-laptop/Documents/2Semestre/AS/Pratica/AS-Project2/PA2_T2G01/src/main/java/com/as/pa2_t2g01/Scripts/kafka_2.12-2.4.1/bin/../libs/kafka_2.12-2.4.1-sources.jar:/home/robopop-laptop/Documents/2Semestre/AS/Pratica/AS-Project2/PA2_T2G01/src/main/java/com/as/pa2_t2g01/Scripts/kafka_2.12-2.4.1/bin/../libs/kafka-clients-2.4.1.jar:/home/robopop-laptop/Documents/2Semestre/AS/Pratica/AS-Project2/PA2_T2G01/src/main/java/com/as/pa2_t2g01/Scripts/kafka_2.12-2.4.1/bin/../libs/kafka-log4j-appender-2.4.1.jar:/home/robopop-laptop/Documents/2Semestre/AS/Pratica/AS-Project2/PA2_T2G01/src/main/java/com/as/pa2_t2g01/Scripts/kafka_2.12-2.4.1/bin/../libs/kafka-streams-2.4.1.jar:/home/robopop-laptop/Documents/2Semestre/AS/Pratica/AS-Project2/PA2_T2G01/src/main/java/com/as/pa2_t2g01/Scripts/kafka_2.12-2.4.1/bin/../libs/kafka-streams-examples-2.4.1.jar:/home/robopop-laptop/Documents/2Semestre/AS/Pratica/AS-Project2/PA2_T2G01/src/main/java/com/as/pa2_t2g01/Scripts/kafka_2.12-2.4.1/bin/../libs/kafka-streams-scala_2.12-2.4.1.jar:/home/robopop-laptop/Documents/2Semestre/AS/Pratica/AS-Project2/PA2_T2G01/src/main/java/com/as/pa2_t2g01/Scripts/kafka_2.12-2.4.1/bin/../libs/kafka-streams-test-utils-2.4.1.jar:/home/robopop-laptop/Documents/2Semestre/AS/Pratica/AS-Project2/PA2_T2G01/src/main/java/com/as/pa2_t2g01/Scripts/kafka_2.12-2.4.1/bin/../libs/kafka-tools-2.4.1.jar:/home/robopop-laptop/Documents/2Semestre/AS/Pratica/AS-Project2/PA2_T2G01/src/main/java/com/as/pa2_t2g01/Scripts/kafka_2.12-2.4.1/bin/../libs/log4j-1.2.17.jar:/home/robopop-laptop/Documents/2Semestre/AS/Pratica/AS-Project2/PA2_T2G01/src/main/java/com/as/pa2_t2g01/Scripts/kafka_2.12-2.4.1/bin/../libs/lz4-java-1.6.0.jar:/home/robopop-laptop/Documents/2Semestre/AS/Pratica/AS-Project2/PA2_T2G01/src/main/java/com/as/pa2_t2g01/Scripts/kafka_2.12-2.4.1/bin/../libs/maven-artifact-3.6.1.jar:/home/robopop-laptop/Documents/2Semestre/AS/Pratica/AS-Project2/PA2_T2G01/src/main/java/com/as/pa2_t2g01/Scripts/kafka_2.12-2.4.1/bin/../libs/metrics-core-2.2.0.jar:/home/robopop-laptop/Documents/2Semestre/AS/Pratica/AS-Project2/PA2_T2G01/src/main/java/com/as/pa2_t2g01/Scripts/kafka_2.12-2.4.1/bin/../libs/netty-buffer-4.1.45.Final.jar:/home/robopop-laptop/Documents/2Semestre/AS/Pratica/AS-Project2/PA2_T2G01/src/main/java/com/as/pa2_t2g01/Scripts/kafka_2.12-2.4.1/bin/../libs/netty-codec-4.1.45.Final.jar:/home/robopop-laptop/Documents/2Semestre/AS/Pratica/AS-Project2/PA2_T2G01/src/main/java/com/as/pa2_t2g01/Scripts/kafka_2.12-2.4.1/bin/../libs/netty-common-4.1.45.Final.jar:/home/robopop-laptop/Documents/2Semestre/AS/Pratica/AS-Project2/PA2_T2G01/src/main/java/com/as/pa2_t2g01/Scripts/kafka_2.12-2.4.1/bin/../libs/netty-handler-4.1.45.Final.jar:/home/robopop-laptop/Documents/2Semestre/AS/Pratica/AS-Project2/PA2_T2G01/src/main/java/com/as/pa2_t2g01/Scripts/kafka_2.12-2.4.1/bin/../libs/netty-resolver-4.1.45.Final.jar:/home/robopop-laptop/Documents/2Semestre/AS/Pratica/AS-Project2/PA2_T2G01/src/main/java/com/as/pa2_t2g01/Scripts/kafka_2.12-2.4.1/bin/../libs/netty-transport-4.1.45.Final.jar:/home/robopop-laptop/Documents/2Semestre/AS/Pratica/AS-Project2/PA2_T2G01/src/main/java/com/as/pa2_t2g01/Scripts/kafka_2.12-2.4.1/bin/../libs/netty-transport-native-epoll-4.1.45.Final.jar:/home/robopop-laptop/Documents/2Semestre/AS/Pratica/AS-Project2/PA2_T2G01/src/main/java/com/as/pa2_t2g01/Scripts/kafka_2.12-2.4.1/bin/../libs/netty-transport-native-unix-common-4.1.45.Final.jar:/home/robopop-laptop/Documents/2Semestre/AS/Pratica/AS-Project2/PA2_T2G01/src/main/java/com/as/pa2_t2g01/Scripts/kafka_2.12-2.4.1/bin/../libs/osgi-resource-locator-1.0.1.jar:/home/robopop-laptop/Documents/2Semestre/AS/Pratica/AS-Project2/PA2_T2G01/src/main/java/com/as/pa2_t2g01/Scripts/kafka_2.12-2.4.1/bin/../libs/paranamer-2.8.jar:/home/robopop-laptop/Documents/2Semestre/AS/Pratica/AS-Project2/PA2_T2G01/src/main/java/com/as/pa2_t2g01/Scripts/kafka_2.12-2.4.1/bin/../libs/plexus-utils-3.2.0.jar:/home/robopop-laptop/Documents/2Semestre/AS/Pratica/AS-Project2/PA2_T2G01/src/main/java/com/as/pa2_t2g01/Scripts/kafka_2.12-2.4.1/bin/../libs/reflections-0.9.11.jar:/home/robopop-laptop/Documents/2Semestre/AS/Pratica/AS-Project2/PA2_T2G01/src/main/java/com/as/pa2_t2g01/Scripts/kafka_2.12-2.4.1/bin/../libs/rocksdbjni-5.18.3.jar:/home/robopop-laptop/Documents/2Semestre/AS/Pratica/AS-Project2/PA2_T2G01/src/main/java/com/as/pa2_t2g01/Scripts/kafka_2.12-2.4.1/bin/../libs/scala-collection-compat_2.12-2.1.2.jar:/home/robopop-laptop/Documents/2Semestre/AS/Pratica/AS-Project2/PA2_T2G01/src/main/java/com/as/pa2_t2g01/Scripts/kafka_2.12-2.4.1/bin/../libs/scala-java8-compat_2.12-0.9.0.jar:/home/robopop-laptop/Documents/2Semestre/AS/Pratica/AS-Project2/PA2_T2G01/src/main/java/com/as/pa2_t2g01/Scripts/kafka_2.12-2.4.1/bin/../libs/scala-library-2.12.10.jar:/home/robopop-laptop/Documents/2Semestre/AS/Pratica/AS-Project2/PA2_T2G01/src/main/java/com/as/pa2_t2g01/Scripts/kafka_2.12-2.4.1/bin/../libs/scala-logging_2.12-3.9.2.jar:/home/robopop-laptop/Documents/2Semestre/AS/Pratica/AS-Project2/PA2_T2G01/src/main/java/com/as/pa2_t2g01/Scripts/kafka_2.12-2.4.1/bin/../libs/scala-reflect-2.12.10.jar:/home/robopop-laptop/Documents/2Semestre/AS/Pratica/AS-Project2/PA2_T2G01/src/main/java/com/as/pa2_t2g01/Scripts/kafka_2.12-2.4.1/bin/../libs/slf4j-api-1.7.28.jar:/home/robopop-laptop/Documents/2Semestre/AS/Pratica/AS-Project2/PA2_T2G01/src/main/java/com/as/pa2_t2g01/Scripts/kafka_2.12-2.4.1/bin/../libs/slf4j-log4j12-1.7.28.jar:/home/robopop-laptop/Documents/2Semestre/AS/Pratica/AS-Project2/PA2_T2G01/src/main/java/com/as/pa2_t2g01/Scripts/kafka_2.12-2.4.1/bin/../libs/snappy-java-1.1.7.3.jar:/home/robopop-laptop/Documents/2Semestre/AS/Pratica/AS-Project2/PA2_T2G01/src/main/java/com/as/pa2_t2g01/Scripts/kafka_2.12-2.4.1/bin/../libs/validation-api-2.0.1.Final.jar:/home/robopop-laptop/Documents/2Semestre/AS/Pratica/AS-Project2/PA2_T2G01/src/main/java/com/as/pa2_t2g01/Scripts/kafka_2.12-2.4.1/bin/../libs/zookeeper-3.5.7.jar:/home/robopop-laptop/Documents/2Semestre/AS/Pratica/AS-Project2/PA2_T2G01/src/main/java/com/as/pa2_t2g01/Scripts/kafka_2.12-2.4.1/bin/../libs/zookeeper-jute-3.5.7.jar:/home/robopop-laptop/Documents/2Semestre/AS/Pratica/AS-Project2/PA2_T2G01/src/main/java/com/as/pa2_t2g01/Scripts/kafka_2.12-2.4.1/bin/../libs/zstd-jni-1.4.3-1.jar (org.apache.zookeeper.ZooKeeper)
[2020-04-11 12:47:50,240] INFO Client environment:java.library.path=/usr/java/packages/lib/amd64:/usr/lib/x86_64-linux-gnu/jni:/lib/x86_64-linux-gnu:/usr/lib/x86_64-linux-gnu:/usr/lib/jni:/lib:/usr/lib (org.apache.zookeeper.ZooKeeper)
[2020-04-11 12:47:50,240] INFO Client environment:java.io.tmpdir=/tmp (org.apache.zookeeper.ZooKeeper)
[2020-04-11 12:47:50,240] INFO Client environment:java.compiler=<NA> (org.apache.zookeeper.ZooKeeper)
[2020-04-11 12:47:50,240] INFO Client environment:os.name=Linux (org.apache.zookeeper.ZooKeeper)
[2020-04-11 12:47:50,240] INFO Client environment:os.arch=amd64 (org.apache.zookeeper.ZooKeeper)
[2020-04-11 12:47:50,240] INFO Client environment:os.version=5.3.0-7642-generic (org.apache.zookeeper.ZooKeeper)
[2020-04-11 12:47:50,241] INFO Client environment:user.name=robopop-laptop (org.apache.zookeeper.ZooKeeper)
[2020-04-11 12:47:50,241] INFO Client environment:user.home=/home/robopop-laptop (org.apache.zookeeper.ZooKeeper)
[2020-04-11 12:47:50,241] INFO Client environment:user.dir=/home/robopop-laptop/Documents/2Semestre/AS/Pratica/AS-Project2/PA2_T2G01/src/main/java/com/as/pa2_t2g01/Scripts (org.apache.zookeeper.ZooKeeper)
[2020-04-11 12:47:50,241] INFO Client environment:os.memory.free=974MB (org.apache.zookeeper.ZooKeeper)
[2020-04-11 12:47:50,242] INFO Client environment:os.memory.max=1024MB (org.apache.zookeeper.ZooKeeper)
[2020-04-11 12:47:50,242] INFO Client environment:os.memory.total=1024MB (org.apache.zookeeper.ZooKeeper)
[2020-04-11 12:47:50,255] INFO Initiating client connection, connectString=localhost:2181 sessionTimeout=6000 watcher=kafka.zookeeper.ZooKeeperClient$ZooKeeperClientWatcher$@7714e963 (org.apache.zookeeper.ZooKeeper)
[2020-04-11 12:47:50,327] INFO Setting -D jdk.tls.rejectClientInitiatedRenegotiation=true to disable client-initiated TLS renegotiation (org.apache.zookeeper.common.X509Util)
[2020-04-11 12:47:50,356] INFO jute.maxbuffer value is 4194304 Bytes (org.apache.zookeeper.ClientCnxnSocket)
[2020-04-11 12:47:50,378] INFO zookeeper.request.timeout value is 0. feature enabled= (org.apache.zookeeper.ClientCnxn)
[2020-04-11 12:47:50,392] INFO [ZooKeeperClient Kafka server] Waiting until connected. (kafka.zookeeper.ZooKeeperClient)
[2020-04-11 12:47:50,411] INFO Opening socket connection to server localhost/127.0.0.1:2181. Will not attempt to authenticate using SASL (unknown error) (org.apache.zookeeper.ClientCnxn)
[2020-04-11 12:47:50,428] INFO Socket connection established, initiating session, client: /127.0.0.1:45888, server: localhost/127.0.0.1:2181 (org.apache.zookeeper.ClientCnxn)
[2020-04-11 12:47:50,448] INFO Session establishment complete on server localhost/127.0.0.1:2181, sessionid = 0x100007688070001, negotiated timeout = 6000 (org.apache.zookeeper.ClientCnxn)
[2020-04-11 12:47:50,469] INFO [ZooKeeperClient Kafka server] Connected. (kafka.zookeeper.ZooKeeperClient)
[2020-04-11 12:47:51,570] INFO Cluster ID = XwJ9E0W7Rait7Ow6ukkuWg (kafka.server.KafkaServer)
[2020-04-11 12:47:51,585] WARN No meta.properties file under dir /tmp/kafka-logs-1/meta.properties (kafka.server.BrokerMetadataCheckpoint)
[2020-04-11 12:47:51,844] INFO KafkaConfig values: 
	advertised.host.name = null
	advertised.listeners = null
	advertised.port = null
	alter.config.policy.class.name = null
	alter.log.dirs.replication.quota.window.num = 11
	alter.log.dirs.replication.quota.window.size.seconds = 1
	authorizer.class.name = 
	auto.create.topics.enable = true
	auto.leader.rebalance.enable = true
	background.threads = 10
	broker.id = 1
	broker.id.generation.enable = true
	broker.rack = null
	client.quota.callback.class = null
	compression.type = producer
	connection.failed.authentication.delay.ms = 100
	connections.max.idle.ms = 600000
	connections.max.reauth.ms = 0
	control.plane.listener.name = null
	controlled.shutdown.enable = true
	controlled.shutdown.max.retries = 3
	controlled.shutdown.retry.backoff.ms = 5000
	controller.socket.timeout.ms = 30000
	create.topic.policy.class.name = null
	default.replication.factor = 1
	delegation.token.expiry.check.interval.ms = 3600000
	delegation.token.expiry.time.ms = 86400000
	delegation.token.master.key = null
	delegation.token.max.lifetime.ms = 604800000
	delete.records.purgatory.purge.interval.requests = 1
	delete.topic.enable = true
	fetch.purgatory.purge.interval.requests = 1000
	group.initial.rebalance.delay.ms = 0
	group.max.session.timeout.ms = 1800000
	group.max.size = 2147483647
	group.min.session.timeout.ms = 6000
	host.name = 
	inter.broker.listener.name = null
	inter.broker.protocol.version = 2.4-IV1
	kafka.metrics.polling.interval.secs = 10
	kafka.metrics.reporters = []
	leader.imbalance.check.interval.seconds = 300
	leader.imbalance.per.broker.percentage = 10
	listener.security.protocol.map = PLAINTEXT:PLAINTEXT,SSL:SSL,SASL_PLAINTEXT:SASL_PLAINTEXT,SASL_SSL:SASL_SSL
	listeners = PLAINTEXT://:9093
	log.cleaner.backoff.ms = 15000
	log.cleaner.dedupe.buffer.size = 134217728
	log.cleaner.delete.retention.ms = 86400000
	log.cleaner.enable = true
	log.cleaner.io.buffer.load.factor = 0.9
	log.cleaner.io.buffer.size = 524288
	log.cleaner.io.max.bytes.per.second = 1.7976931348623157E308
	log.cleaner.max.compaction.lag.ms = 9223372036854775807
	log.cleaner.min.cleanable.ratio = 0.5
	log.cleaner.min.compaction.lag.ms = 0
	log.cleaner.threads = 1
	log.cleanup.policy = [delete]
	log.dir = /tmp/kafka-logs
	log.dirs = /tmp/kafka-logs-1
	log.flush.interval.messages = 9223372036854775807
	log.flush.interval.ms = null
	log.flush.offset.checkpoint.interval.ms = 60000
	log.flush.scheduler.interval.ms = 9223372036854775807
	log.flush.start.offset.checkpoint.interval.ms = 60000
	log.index.interval.bytes = 4096
	log.index.size.max.bytes = 10485760
	log.message.downconversion.enable = true
	log.message.format.version = 2.4-IV1
	log.message.timestamp.difference.max.ms = 9223372036854775807
	log.message.timestamp.type = CreateTime
	log.preallocate = false
	log.retention.bytes = -1
	log.retention.check.interval.ms = 300000
	log.retention.hours = 168
	log.retention.minutes = null
	log.retention.ms = null
	log.roll.hours = 168
	log.roll.jitter.hours = 0
	log.roll.jitter.ms = null
	log.roll.ms = null
	log.segment.bytes = 1073741824
	log.segment.delete.delay.ms = 60000
	max.connections = 2147483647
	max.connections.per.ip = 2147483647
	max.connections.per.ip.overrides = 
	max.incremental.fetch.session.cache.slots = 1000
	message.max.bytes = 1000012
	metric.reporters = []
	metrics.num.samples = 2
	metrics.recording.level = INFO
	metrics.sample.window.ms = 30000
	min.insync.replicas = 1
	num.io.threads = 8
	num.network.threads = 3
	num.partitions = 1
	num.recovery.threads.per.data.dir = 1
	num.replica.alter.log.dirs.threads = null
	num.replica.fetchers = 1
	offset.metadata.max.bytes = 4096
	offsets.commit.required.acks = -1
	offsets.commit.timeout.ms = 5000
	offsets.load.buffer.size = 5242880
	offsets.retention.check.interval.ms = 600000
	offsets.retention.minutes = 10080
	offsets.topic.compression.codec = 0
	offsets.topic.num.partitions = 50
	offsets.topic.replication.factor = 1
	offsets.topic.segment.bytes = 104857600
	password.encoder.cipher.algorithm = AES/CBC/PKCS5Padding
	password.encoder.iterations = 4096
	password.encoder.key.length = 128
	password.encoder.keyfactory.algorithm = null
	password.encoder.old.secret = null
	password.encoder.secret = null
	port = 9092
	principal.builder.class = null
	producer.purgatory.purge.interval.requests = 1000
	queued.max.request.bytes = -1
	queued.max.requests = 500
	quota.consumer.default = 9223372036854775807
	quota.producer.default = 9223372036854775807
	quota.window.num = 11
	quota.window.size.seconds = 1
	replica.fetch.backoff.ms = 1000
	replica.fetch.max.bytes = 1048576
	replica.fetch.min.bytes = 1
	replica.fetch.response.max.bytes = 10485760
	replica.fetch.wait.max.ms = 500
	replica.high.watermark.checkpoint.interval.ms = 5000
	replica.lag.time.max.ms = 10000
	replica.selector.class = null
	replica.socket.receive.buffer.bytes = 65536
	replica.socket.timeout.ms = 30000
	replication.quota.window.num = 11
	replication.quota.window.size.seconds = 1
	request.timeout.ms = 30000
	reserved.broker.max.id = 1000
	sasl.client.callback.handler.class = null
	sasl.enabled.mechanisms = [GSSAPI]
	sasl.jaas.config = null
	sasl.kerberos.kinit.cmd = /usr/bin/kinit
	sasl.kerberos.min.time.before.relogin = 60000
	sasl.kerberos.principal.to.local.rules = [DEFAULT]
	sasl.kerberos.service.name = null
	sasl.kerberos.ticket.renew.jitter = 0.05
	sasl.kerberos.ticket.renew.window.factor = 0.8
	sasl.login.callback.handler.class = null
	sasl.login.class = null
	sasl.login.refresh.buffer.seconds = 300
	sasl.login.refresh.min.period.seconds = 60
	sasl.login.refresh.window.factor = 0.8
	sasl.login.refresh.window.jitter = 0.05
	sasl.mechanism.inter.broker.protocol = GSSAPI
	sasl.server.callback.handler.class = null
	security.inter.broker.protocol = PLAINTEXT
	security.providers = null
	socket.receive.buffer.bytes = 102400
	socket.request.max.bytes = 104857600
	socket.send.buffer.bytes = 102400
	ssl.cipher.suites = []
	ssl.client.auth = none
	ssl.enabled.protocols = [TLSv1.2, TLSv1.1, TLSv1]
	ssl.endpoint.identification.algorithm = https
	ssl.key.password = null
	ssl.keymanager.algorithm = SunX509
	ssl.keystore.location = null
	ssl.keystore.password = null
	ssl.keystore.type = JKS
	ssl.principal.mapping.rules = DEFAULT
	ssl.protocol = TLS
	ssl.provider = null
	ssl.secure.random.implementation = null
	ssl.trustmanager.algorithm = PKIX
	ssl.truststore.location = null
	ssl.truststore.password = null
	ssl.truststore.type = JKS
	transaction.abort.timed.out.transaction.cleanup.interval.ms = 60000
	transaction.max.timeout.ms = 900000
	transaction.remove.expired.transaction.cleanup.interval.ms = 3600000
	transaction.state.log.load.buffer.size = 5242880
	transaction.state.log.min.isr = 1
	transaction.state.log.num.partitions = 50
	transaction.state.log.replication.factor = 1
	transaction.state.log.segment.bytes = 104857600
	transactional.id.expiration.ms = 604800000
	unclean.leader.election.enable = false
	zookeeper.connect = localhost:2181
	zookeeper.connection.timeout.ms = 6000
	zookeeper.max.in.flight.requests = 10
	zookeeper.session.timeout.ms = 6000
	zookeeper.set.acl = false
	zookeeper.sync.time.ms = 2000
 (kafka.server.KafkaConfig)
[2020-04-11 12:47:51,893] INFO KafkaConfig values: 
	advertised.host.name = null
	advertised.listeners = null
	advertised.port = null
	alter.config.policy.class.name = null
	alter.log.dirs.replication.quota.window.num = 11
	alter.log.dirs.replication.quota.window.size.seconds = 1
	authorizer.class.name = 
	auto.create.topics.enable = true
	auto.leader.rebalance.enable = true
	background.threads = 10
	broker.id = 1
	broker.id.generation.enable = true
	broker.rack = null
	client.quota.callback.class = null
	compression.type = producer
	connection.failed.authentication.delay.ms = 100
	connections.max.idle.ms = 600000
	connections.max.reauth.ms = 0
	control.plane.listener.name = null
	controlled.shutdown.enable = true
	controlled.shutdown.max.retries = 3
	controlled.shutdown.retry.backoff.ms = 5000
	controller.socket.timeout.ms = 30000
	create.topic.policy.class.name = null
	default.replication.factor = 1
	delegation.token.expiry.check.interval.ms = 3600000
	delegation.token.expiry.time.ms = 86400000
	delegation.token.master.key = null
	delegation.token.max.lifetime.ms = 604800000
	delete.records.purgatory.purge.interval.requests = 1
	delete.topic.enable = true
	fetch.purgatory.purge.interval.requests = 1000
	group.initial.rebalance.delay.ms = 0
	group.max.session.timeout.ms = 1800000
	group.max.size = 2147483647
	group.min.session.timeout.ms = 6000
	host.name = 
	inter.broker.listener.name = null
	inter.broker.protocol.version = 2.4-IV1
	kafka.metrics.polling.interval.secs = 10
	kafka.metrics.reporters = []
	leader.imbalance.check.interval.seconds = 300
	leader.imbalance.per.broker.percentage = 10
	listener.security.protocol.map = PLAINTEXT:PLAINTEXT,SSL:SSL,SASL_PLAINTEXT:SASL_PLAINTEXT,SASL_SSL:SASL_SSL
	listeners = PLAINTEXT://:9093
	log.cleaner.backoff.ms = 15000
	log.cleaner.dedupe.buffer.size = 134217728
	log.cleaner.delete.retention.ms = 86400000
	log.cleaner.enable = true
	log.cleaner.io.buffer.load.factor = 0.9
	log.cleaner.io.buffer.size = 524288
	log.cleaner.io.max.bytes.per.second = 1.7976931348623157E308
	log.cleaner.max.compaction.lag.ms = 9223372036854775807
	log.cleaner.min.cleanable.ratio = 0.5
	log.cleaner.min.compaction.lag.ms = 0
	log.cleaner.threads = 1
	log.cleanup.policy = [delete]
	log.dir = /tmp/kafka-logs
	log.dirs = /tmp/kafka-logs-1
	log.flush.interval.messages = 9223372036854775807
	log.flush.interval.ms = null
	log.flush.offset.checkpoint.interval.ms = 60000
	log.flush.scheduler.interval.ms = 9223372036854775807
	log.flush.start.offset.checkpoint.interval.ms = 60000
	log.index.interval.bytes = 4096
	log.index.size.max.bytes = 10485760
	log.message.downconversion.enable = true
	log.message.format.version = 2.4-IV1
	log.message.timestamp.difference.max.ms = 9223372036854775807
	log.message.timestamp.type = CreateTime
	log.preallocate = false
	log.retention.bytes = -1
	log.retention.check.interval.ms = 300000
	log.retention.hours = 168
	log.retention.minutes = null
	log.retention.ms = null
	log.roll.hours = 168
	log.roll.jitter.hours = 0
	log.roll.jitter.ms = null
	log.roll.ms = null
	log.segment.bytes = 1073741824
	log.segment.delete.delay.ms = 60000
	max.connections = 2147483647
	max.connections.per.ip = 2147483647
	max.connections.per.ip.overrides = 
	max.incremental.fetch.session.cache.slots = 1000
	message.max.bytes = 1000012
	metric.reporters = []
	metrics.num.samples = 2
	metrics.recording.level = INFO
	metrics.sample.window.ms = 30000
	min.insync.replicas = 1
	num.io.threads = 8
	num.network.threads = 3
	num.partitions = 1
	num.recovery.threads.per.data.dir = 1
	num.replica.alter.log.dirs.threads = null
	num.replica.fetchers = 1
	offset.metadata.max.bytes = 4096
	offsets.commit.required.acks = -1
	offsets.commit.timeout.ms = 5000
	offsets.load.buffer.size = 5242880
	offsets.retention.check.interval.ms = 600000
	offsets.retention.minutes = 10080
	offsets.topic.compression.codec = 0
	offsets.topic.num.partitions = 50
	offsets.topic.replication.factor = 1
	offsets.topic.segment.bytes = 104857600
	password.encoder.cipher.algorithm = AES/CBC/PKCS5Padding
	password.encoder.iterations = 4096
	password.encoder.key.length = 128
	password.encoder.keyfactory.algorithm = null
	password.encoder.old.secret = null
	password.encoder.secret = null
	port = 9092
	principal.builder.class = null
	producer.purgatory.purge.interval.requests = 1000
	queued.max.request.bytes = -1
	queued.max.requests = 500
	quota.consumer.default = 9223372036854775807
	quota.producer.default = 9223372036854775807
	quota.window.num = 11
	quota.window.size.seconds = 1
	replica.fetch.backoff.ms = 1000
	replica.fetch.max.bytes = 1048576
	replica.fetch.min.bytes = 1
	replica.fetch.response.max.bytes = 10485760
	replica.fetch.wait.max.ms = 500
	replica.high.watermark.checkpoint.interval.ms = 5000
	replica.lag.time.max.ms = 10000
	replica.selector.class = null
	replica.socket.receive.buffer.bytes = 65536
	replica.socket.timeout.ms = 30000
	replication.quota.window.num = 11
	replication.quota.window.size.seconds = 1
	request.timeout.ms = 30000
	reserved.broker.max.id = 1000
	sasl.client.callback.handler.class = null
	sasl.enabled.mechanisms = [GSSAPI]
	sasl.jaas.config = null
	sasl.kerberos.kinit.cmd = /usr/bin/kinit
	sasl.kerberos.min.time.before.relogin = 60000
	sasl.kerberos.principal.to.local.rules = [DEFAULT]
	sasl.kerberos.service.name = null
	sasl.kerberos.ticket.renew.jitter = 0.05
	sasl.kerberos.ticket.renew.window.factor = 0.8
	sasl.login.callback.handler.class = null
	sasl.login.class = null
	sasl.login.refresh.buffer.seconds = 300
	sasl.login.refresh.min.period.seconds = 60
	sasl.login.refresh.window.factor = 0.8
	sasl.login.refresh.window.jitter = 0.05
	sasl.mechanism.inter.broker.protocol = GSSAPI
	sasl.server.callback.handler.class = null
	security.inter.broker.protocol = PLAINTEXT
	security.providers = null
	socket.receive.buffer.bytes = 102400
	socket.request.max.bytes = 104857600
	socket.send.buffer.bytes = 102400
	ssl.cipher.suites = []
	ssl.client.auth = none
	ssl.enabled.protocols = [TLSv1.2, TLSv1.1, TLSv1]
	ssl.endpoint.identification.algorithm = https
	ssl.key.password = null
	ssl.keymanager.algorithm = SunX509
	ssl.keystore.location = null
	ssl.keystore.password = null
	ssl.keystore.type = JKS
	ssl.principal.mapping.rules = DEFAULT
	ssl.protocol = TLS
	ssl.provider = null
	ssl.secure.random.implementation = null
	ssl.trustmanager.algorithm = PKIX
	ssl.truststore.location = null
	ssl.truststore.password = null
	ssl.truststore.type = JKS
	transaction.abort.timed.out.transaction.cleanup.interval.ms = 60000
	transaction.max.timeout.ms = 900000
	transaction.remove.expired.transaction.cleanup.interval.ms = 3600000
	transaction.state.log.load.buffer.size = 5242880
	transaction.state.log.min.isr = 1
	transaction.state.log.num.partitions = 50
	transaction.state.log.replication.factor = 1
	transaction.state.log.segment.bytes = 104857600
	transactional.id.expiration.ms = 604800000
	unclean.leader.election.enable = false
	zookeeper.connect = localhost:2181
	zookeeper.connection.timeout.ms = 6000
	zookeeper.max.in.flight.requests = 10
	zookeeper.session.timeout.ms = 6000
	zookeeper.set.acl = false
	zookeeper.sync.time.ms = 2000
 (kafka.server.KafkaConfig)
[2020-04-11 12:47:51,977] INFO [ThrottledChannelReaper-Fetch]: Starting (kafka.server.ClientQuotaManager$ThrottledChannelReaper)
[2020-04-11 12:47:51,980] INFO [ThrottledChannelReaper-Produce]: Starting (kafka.server.ClientQuotaManager$ThrottledChannelReaper)
[2020-04-11 12:47:51,986] INFO [ThrottledChannelReaper-Request]: Starting (kafka.server.ClientQuotaManager$ThrottledChannelReaper)
[2020-04-11 12:47:52,068] INFO Log directory /tmp/kafka-logs-1 not found, creating it. (kafka.log.LogManager)
[2020-04-11 12:47:52,094] INFO Loading logs. (kafka.log.LogManager)
[2020-04-11 12:47:52,131] INFO Logs loading complete in 37 ms. (kafka.log.LogManager)
[2020-04-11 12:47:52,198] INFO Starting log cleanup with a period of 300000 ms. (kafka.log.LogManager)
[2020-04-11 12:47:52,226] INFO Starting log flusher with a default period of 9223372036854775807 ms. (kafka.log.LogManager)
[2020-04-11 12:47:53,856] INFO Awaiting socket connections on 0.0.0.0:9093. (kafka.network.Acceptor)
[2020-04-11 12:47:53,952] INFO [SocketServer brokerId=1] Created data-plane acceptor and processors for endpoint : EndPoint(null,9093,ListenerName(PLAINTEXT),PLAINTEXT) (kafka.network.SocketServer)
[2020-04-11 12:47:53,956] INFO [SocketServer brokerId=1] Started 1 acceptor threads for data-plane (kafka.network.SocketServer)
[2020-04-11 12:47:54,019] INFO [ExpirationReaper-1-Produce]: Starting (kafka.server.DelayedOperationPurgatory$ExpiredOperationReaper)
[2020-04-11 12:47:54,022] INFO [ExpirationReaper-1-Fetch]: Starting (kafka.server.DelayedOperationPurgatory$ExpiredOperationReaper)
[2020-04-11 12:47:54,027] INFO [ExpirationReaper-1-DeleteRecords]: Starting (kafka.server.DelayedOperationPurgatory$ExpiredOperationReaper)
[2020-04-11 12:47:54,027] INFO [ExpirationReaper-1-ElectLeader]: Starting (kafka.server.DelayedOperationPurgatory$ExpiredOperationReaper)
[2020-04-11 12:47:54,102] INFO [LogDirFailureHandler]: Starting (kafka.server.ReplicaManager$LogDirFailureHandler)
[2020-04-11 12:47:54,359] INFO Creating /brokers/ids/1 (is it secure? false) (kafka.zk.KafkaZkClient)
[2020-04-11 12:47:54,436] INFO Stat of the created znode at /brokers/ids/1 is: 57,57,1586605674389,1586605674389,1,0,0,72058103126228993,206,0,57
 (kafka.zk.KafkaZkClient)
[2020-04-11 12:47:54,452] INFO Registered broker 1 at path /brokers/ids/1 with addresses: ArrayBuffer(EndPoint(pop-os.localdomain,9093,ListenerName(PLAINTEXT),PLAINTEXT)), czxid (broker epoch): 57 (kafka.zk.KafkaZkClient)
[2020-04-11 12:47:54,741] INFO [ExpirationReaper-1-topic]: Starting (kafka.server.DelayedOperationPurgatory$ExpiredOperationReaper)
[2020-04-11 12:47:54,749] INFO [ExpirationReaper-1-Heartbeat]: Starting (kafka.server.DelayedOperationPurgatory$ExpiredOperationReaper)
[2020-04-11 12:47:54,752] INFO [ExpirationReaper-1-Rebalance]: Starting (kafka.server.DelayedOperationPurgatory$ExpiredOperationReaper)
[2020-04-11 12:47:54,842] INFO [GroupCoordinator 1]: Starting up. (kafka.coordinator.group.GroupCoordinator)
[2020-04-11 12:47:54,859] INFO [GroupCoordinator 1]: Startup complete. (kafka.coordinator.group.GroupCoordinator)
[2020-04-11 12:47:54,879] INFO [GroupMetadataManager brokerId=1] Removed 0 expired offsets in 18 milliseconds. (kafka.coordinator.group.GroupMetadataManager)
[2020-04-11 12:47:54,902] INFO [ProducerId Manager 1]: Acquired new producerId block (brokerId:1,blockStartProducerId:1000,blockEndProducerId:1999) by writing to Zk with path version 2 (kafka.coordinator.transaction.ProducerIdManager)
[2020-04-11 12:47:54,974] INFO [TransactionCoordinator id=1] Starting up. (kafka.coordinator.transaction.TransactionCoordinator)
[2020-04-11 12:47:54,983] INFO [TransactionCoordinator id=1] Startup complete. (kafka.coordinator.transaction.TransactionCoordinator)
[2020-04-11 12:47:54,985] INFO [Transaction Marker Channel Manager 1]: Starting (kafka.coordinator.transaction.TransactionMarkerChannelManager)
[2020-04-11 12:47:55,059] INFO [ExpirationReaper-1-AlterAcls]: Starting (kafka.server.DelayedOperationPurgatory$ExpiredOperationReaper)
[2020-04-11 12:47:55,138] INFO [/config/changes-event-process-thread]: Starting (kafka.common.ZkNodeChangeNotificationListener$ChangeEventProcessThread)
[2020-04-11 12:47:55,187] INFO [SocketServer brokerId=1] Started data-plane processors for 1 acceptors (kafka.network.SocketServer)
[2020-04-11 12:47:55,202] INFO Kafka version: 2.4.1 (org.apache.kafka.common.utils.AppInfoParser)
[2020-04-11 12:47:55,203] INFO Kafka commitId: c57222ae8cd7866b (org.apache.kafka.common.utils.AppInfoParser)
[2020-04-11 12:47:55,203] INFO Kafka startTimeMs: 1586605675190 (org.apache.kafka.common.utils.AppInfoParser)
[2020-04-11 12:47:55,212] INFO [KafkaServer id=1] started (kafka.server.KafkaServer)
[2020-04-11 12:48:01,226] INFO [Log partition=BatchTopic-0, dir=/tmp/kafka-logs-1] Loading producer state till offset 0 with message format version 2 (kafka.log.Log)
[2020-04-11 12:48:01,264] INFO [Log partition=BatchTopic-0, dir=/tmp/kafka-logs-1] Completed load of log with 1 segments, log start offset 0 and log end offset 0 in 238 ms (kafka.log.Log)
[2020-04-11 12:48:01,274] INFO Created log for partition BatchTopic-0 in /tmp/kafka-logs-1/BatchTopic-0 with properties {compression.type -> producer, message.downconversion.enable -> true, min.insync.replicas -> 1, segment.jitter.ms -> 0, cleanup.policy -> [delete], flush.ms -> 9223372036854775807, segment.bytes -> 1073741824, retention.ms -> 604800000, flush.messages -> 9223372036854775807, message.format.version -> 2.4-IV1, file.delete.delay.ms -> 60000, max.compaction.lag.ms -> 9223372036854775807, max.message.bytes -> 1000012, min.compaction.lag.ms -> 0, message.timestamp.type -> CreateTime, preallocate -> false, min.cleanable.dirty.ratio -> 0.5, index.interval.bytes -> 4096, unclean.leader.election.enable -> false, retention.bytes -> -1, delete.retention.ms -> 86400000, segment.ms -> 604800000, message.timestamp.difference.max.ms -> 9223372036854775807, segment.index.bytes -> 10485760}. (kafka.log.LogManager)
[2020-04-11 12:48:01,279] INFO [Partition BatchTopic-0 broker=1] No checkpointed highwatermark is found for partition BatchTopic-0 (kafka.cluster.Partition)
[2020-04-11 12:48:01,280] INFO [Partition BatchTopic-0 broker=1] Log loaded for partition BatchTopic-0 with initial high watermark 0 (kafka.cluster.Partition)
[2020-04-11 12:48:01,282] INFO [ReplicaFetcherManager on broker 1] Removed fetcher for partitions Set(BatchTopic-0) (kafka.server.ReplicaFetcherManager)
[2020-04-11 12:48:01,329] INFO [ReplicaFetcher replicaId=1, leaderId=0, fetcherId=0] Starting (kafka.server.ReplicaFetcherThread)
[2020-04-11 12:48:01,337] INFO [ReplicaFetcherManager on broker 1] Added fetcher to broker BrokerEndPoint(id=0, host=pop-os.localdomain:9092) for partitions Map(BatchTopic-0 -> (offset=0, leaderEpoch=0)) (kafka.server.ReplicaFetcherManager)
[2020-04-11 12:48:02,354] INFO [ReplicaFetcher replicaId=1, leaderId=0, fetcherId=0] Truncating partition BatchTopic-0 to local high watermark 0 (kafka.server.ReplicaFetcherThread)
[2020-04-11 12:48:02,373] INFO [Log partition=BatchTopic-0, dir=/tmp/kafka-logs-1] Truncating to 0 has no effect as the largest offset in the log is -1 (kafka.log.Log)
[2020-04-11 12:48:07,577] INFO [Log partition=ReportTopic-0, dir=/tmp/kafka-logs-1] Loading producer state till offset 0 with message format version 2 (kafka.log.Log)
[2020-04-11 12:48:07,580] INFO [Log partition=ReportTopic-0, dir=/tmp/kafka-logs-1] Completed load of log with 1 segments, log start offset 0 and log end offset 0 in 8 ms (kafka.log.Log)
[2020-04-11 12:48:07,582] INFO Created log for partition ReportTopic-0 in /tmp/kafka-logs-1/ReportTopic-0 with properties {compression.type -> producer, message.downconversion.enable -> true, min.insync.replicas -> 1, segment.jitter.ms -> 0, cleanup.policy -> [delete], flush.ms -> 9223372036854775807, segment.bytes -> 1073741824, retention.ms -> 604800000, flush.messages -> 9223372036854775807, message.format.version -> 2.4-IV1, file.delete.delay.ms -> 60000, max.compaction.lag.ms -> 9223372036854775807, max.message.bytes -> 1000012, min.compaction.lag.ms -> 0, message.timestamp.type -> CreateTime, preallocate -> false, min.cleanable.dirty.ratio -> 0.5, index.interval.bytes -> 4096, unclean.leader.election.enable -> false, retention.bytes -> -1, delete.retention.ms -> 86400000, segment.ms -> 604800000, message.timestamp.difference.max.ms -> 9223372036854775807, segment.index.bytes -> 10485760}. (kafka.log.LogManager)
[2020-04-11 12:48:07,584] INFO [Partition ReportTopic-0 broker=1] No checkpointed highwatermark is found for partition ReportTopic-0 (kafka.cluster.Partition)
[2020-04-11 12:48:07,585] INFO [Partition ReportTopic-0 broker=1] Log loaded for partition ReportTopic-0 with initial high watermark 0 (kafka.cluster.Partition)
[2020-04-11 12:48:07,589] INFO [ReplicaFetcherManager on broker 1] Removed fetcher for partitions Set(ReportTopic-0) (kafka.server.ReplicaFetcherManager)
[2020-04-11 12:48:07,594] INFO [ReplicaFetcherManager on broker 1] Added fetcher to broker BrokerEndPoint(id=0, host=pop-os.localdomain:9092) for partitions Map(ReportTopic-0 -> (offset=0, leaderEpoch=0)) (kafka.server.ReplicaFetcherManager)
[2020-04-11 12:48:08,037] INFO [ReplicaFetcher replicaId=1, leaderId=0, fetcherId=0] Truncating partition ReportTopic-0 to local high watermark 0 (kafka.server.ReplicaFetcherThread)
[2020-04-11 12:48:08,039] INFO [Log partition=ReportTopic-0, dir=/tmp/kafka-logs-1] Truncating to 0 has no effect as the largest offset in the log is -1 (kafka.log.Log)
[2020-04-11 12:48:13,920] INFO [ReplicaFetcherManager on broker 1] Removed fetcher for partitions Set(AlarmTopic-0) (kafka.server.ReplicaFetcherManager)
[2020-04-11 12:48:13,949] INFO [Log partition=AlarmTopic-0, dir=/tmp/kafka-logs-1] Loading producer state till offset 0 with message format version 2 (kafka.log.Log)
[2020-04-11 12:48:13,954] INFO [Log partition=AlarmTopic-0, dir=/tmp/kafka-logs-1] Completed load of log with 1 segments, log start offset 0 and log end offset 0 in 13 ms (kafka.log.Log)
[2020-04-11 12:48:13,957] INFO Created log for partition AlarmTopic-0 in /tmp/kafka-logs-1/AlarmTopic-0 with properties {compression.type -> producer, message.downconversion.enable -> true, min.insync.replicas -> 1, segment.jitter.ms -> 0, cleanup.policy -> [delete], flush.ms -> 9223372036854775807, segment.bytes -> 1073741824, retention.ms -> 604800000, flush.messages -> 9223372036854775807, message.format.version -> 2.4-IV1, file.delete.delay.ms -> 60000, max.compaction.lag.ms -> 9223372036854775807, max.message.bytes -> 1000012, min.compaction.lag.ms -> 0, message.timestamp.type -> CreateTime, preallocate -> false, min.cleanable.dirty.ratio -> 0.5, index.interval.bytes -> 4096, unclean.leader.election.enable -> false, retention.bytes -> -1, delete.retention.ms -> 86400000, segment.ms -> 604800000, message.timestamp.difference.max.ms -> 9223372036854775807, segment.index.bytes -> 10485760}. (kafka.log.LogManager)
[2020-04-11 12:48:13,961] INFO [Partition AlarmTopic-0 broker=1] No checkpointed highwatermark is found for partition AlarmTopic-0 (kafka.cluster.Partition)
[2020-04-11 12:48:13,963] INFO [Partition AlarmTopic-0 broker=1] Log loaded for partition AlarmTopic-0 with initial high watermark 0 (kafka.cluster.Partition)
[2020-04-11 12:48:13,967] INFO [Partition AlarmTopic-0 broker=1] AlarmTopic-0 starts at leader epoch 0 from offset 0 with high watermark 0. Previous leader epoch was -1. (kafka.cluster.Partition)
[2020-04-11 12:57:54,858] INFO [GroupMetadataManager brokerId=1] Removed 0 expired offsets in 0 milliseconds. (kafka.coordinator.group.GroupMetadataManager)
[2020-04-11 13:07:54,858] INFO [GroupMetadataManager brokerId=1] Removed 0 expired offsets in 0 milliseconds. (kafka.coordinator.group.GroupMetadataManager)
[2020-04-11 13:17:54,858] INFO [GroupMetadataManager brokerId=1] Removed 0 expired offsets in 0 milliseconds. (kafka.coordinator.group.GroupMetadataManager)
[2020-04-11 13:27:54,858] INFO [GroupMetadataManager brokerId=1] Removed 0 expired offsets in 0 milliseconds. (kafka.coordinator.group.GroupMetadataManager)
[2020-04-11 13:37:54,858] INFO [GroupMetadataManager brokerId=1] Removed 0 expired offsets in 0 milliseconds. (kafka.coordinator.group.GroupMetadataManager)
[2020-04-11 13:47:54,858] INFO [GroupMetadataManager brokerId=1] Removed 0 expired offsets in 0 milliseconds. (kafka.coordinator.group.GroupMetadataManager)
[2020-04-11 13:57:54,858] INFO [GroupMetadataManager brokerId=1] Removed 0 expired offsets in 0 milliseconds. (kafka.coordinator.group.GroupMetadataManager)
[2020-04-11 14:07:54,858] INFO [GroupMetadataManager brokerId=1] Removed 0 expired offsets in 0 milliseconds. (kafka.coordinator.group.GroupMetadataManager)
[2020-04-11 14:17:22,059] INFO [ReplicaFetcher replicaId=1, leaderId=0, fetcherId=0] Error sending fetch request (sessionId=1913496083, epoch=10531) to node 0: {}. (org.apache.kafka.clients.FetchSessionHandler)
java.io.IOException: Connection to 0 was disconnected before the response was read
	at org.apache.kafka.clients.NetworkClientUtils.sendAndReceive(NetworkClientUtils.java:100)
	at kafka.server.ReplicaFetcherBlockingSend.sendRequest(ReplicaFetcherBlockingSend.scala:107)
	at kafka.server.ReplicaFetcherThread.fetchFromLeader(ReplicaFetcherThread.scala:196)
	at kafka.server.AbstractFetcherThread.processFetchRequest(AbstractFetcherThread.scala:286)
	at kafka.server.AbstractFetcherThread.$anonfun$maybeFetch$3(AbstractFetcherThread.scala:133)
	at kafka.server.AbstractFetcherThread.$anonfun$maybeFetch$3$adapted(AbstractFetcherThread.scala:132)
	at scala.Option.foreach(Option.scala:407)
	at kafka.server.AbstractFetcherThread.maybeFetch(AbstractFetcherThread.scala:132)
	at kafka.server.AbstractFetcherThread.doWork(AbstractFetcherThread.scala:114)
	at kafka.utils.ShutdownableThread.run(ShutdownableThread.scala:96)
[2020-04-11 14:17:22,074] WARN [ReplicaFetcher replicaId=1, leaderId=0, fetcherId=0] Error in response for fetch request (type=FetchRequest, replicaId=1, maxWait=500, minBytes=1, maxBytes=10485760, fetchData={}, isolationLevel=READ_UNCOMMITTED, toForget=, metadata=(sessionId=1913496083, epoch=10531), rackId=) (kafka.server.ReplicaFetcherThread)
java.io.IOException: Connection to 0 was disconnected before the response was read
	at org.apache.kafka.clients.NetworkClientUtils.sendAndReceive(NetworkClientUtils.java:100)
	at kafka.server.ReplicaFetcherBlockingSend.sendRequest(ReplicaFetcherBlockingSend.scala:107)
	at kafka.server.ReplicaFetcherThread.fetchFromLeader(ReplicaFetcherThread.scala:196)
	at kafka.server.AbstractFetcherThread.processFetchRequest(AbstractFetcherThread.scala:286)
	at kafka.server.AbstractFetcherThread.$anonfun$maybeFetch$3(AbstractFetcherThread.scala:133)
	at kafka.server.AbstractFetcherThread.$anonfun$maybeFetch$3$adapted(AbstractFetcherThread.scala:132)
	at scala.Option.foreach(Option.scala:407)
	at kafka.server.AbstractFetcherThread.maybeFetch(AbstractFetcherThread.scala:132)
	at kafka.server.AbstractFetcherThread.doWork(AbstractFetcherThread.scala:114)
	at kafka.utils.ShutdownableThread.run(ShutdownableThread.scala:96)
[2020-04-11 14:19:11,949] INFO [GroupMetadataManager brokerId=1] Removed 0 expired offsets in 0 milliseconds. (kafka.coordinator.group.GroupMetadataManager)
[2020-04-11 14:29:11,949] INFO [GroupMetadataManager brokerId=1] Removed 0 expired offsets in 0 milliseconds. (kafka.coordinator.group.GroupMetadataManager)
[2020-04-11 14:39:11,949] INFO [GroupMetadataManager brokerId=1] Removed 0 expired offsets in 0 milliseconds. (kafka.coordinator.group.GroupMetadataManager)
[2020-04-11 14:49:11,949] INFO [GroupMetadataManager brokerId=1] Removed 0 expired offsets in 0 milliseconds. (kafka.coordinator.group.GroupMetadataManager)
[2020-04-11 14:59:11,949] INFO [GroupMetadataManager brokerId=1] Removed 0 expired offsets in 0 milliseconds. (kafka.coordinator.group.GroupMetadataManager)
[2020-04-11 15:09:11,949] INFO [GroupMetadataManager brokerId=1] Removed 0 expired offsets in 0 milliseconds. (kafka.coordinator.group.GroupMetadataManager)
[2020-04-11 15:19:11,949] INFO [GroupMetadataManager brokerId=1] Removed 0 expired offsets in 0 milliseconds. (kafka.coordinator.group.GroupMetadataManager)
[2020-04-11 15:29:11,949] INFO [GroupMetadataManager brokerId=1] Removed 0 expired offsets in 0 milliseconds. (kafka.coordinator.group.GroupMetadataManager)
[2020-04-11 15:39:11,949] INFO [GroupMetadataManager brokerId=1] Removed 0 expired offsets in 0 milliseconds. (kafka.coordinator.group.GroupMetadataManager)
[2020-04-11 15:49:11,949] INFO [GroupMetadataManager brokerId=1] Removed 0 expired offsets in 0 milliseconds. (kafka.coordinator.group.GroupMetadataManager)
[2020-04-11 15:59:11,949] INFO [GroupMetadataManager brokerId=1] Removed 0 expired offsets in 0 milliseconds. (kafka.coordinator.group.GroupMetadataManager)
[2020-04-11 16:09:11,949] INFO [GroupMetadataManager brokerId=1] Removed 0 expired offsets in 0 milliseconds. (kafka.coordinator.group.GroupMetadataManager)
[2020-04-11 16:19:11,949] INFO [GroupMetadataManager brokerId=1] Removed 0 expired offsets in 0 milliseconds. (kafka.coordinator.group.GroupMetadataManager)
[2020-04-11 16:29:11,949] INFO [GroupMetadataManager brokerId=1] Removed 0 expired offsets in 0 milliseconds. (kafka.coordinator.group.GroupMetadataManager)
[2020-04-11 16:39:11,949] INFO [GroupMetadataManager brokerId=1] Removed 0 expired offsets in 0 milliseconds. (kafka.coordinator.group.GroupMetadataManager)
[2020-04-11 16:49:11,949] INFO [GroupMetadataManager brokerId=1] Removed 0 expired offsets in 0 milliseconds. (kafka.coordinator.group.GroupMetadataManager)
[2020-04-11 16:59:11,949] INFO [GroupMetadataManager brokerId=1] Removed 0 expired offsets in 0 milliseconds. (kafka.coordinator.group.GroupMetadataManager)
[2020-04-11 17:09:11,949] INFO [GroupMetadataManager brokerId=1] Removed 0 expired offsets in 0 milliseconds. (kafka.coordinator.group.GroupMetadataManager)
[2020-04-11 17:19:11,949] INFO [GroupMetadataManager brokerId=1] Removed 0 expired offsets in 0 milliseconds. (kafka.coordinator.group.GroupMetadataManager)
[2020-04-11 17:29:11,949] INFO [GroupMetadataManager brokerId=1] Removed 0 expired offsets in 0 milliseconds. (kafka.coordinator.group.GroupMetadataManager)
[2020-04-11 17:39:11,949] INFO [GroupMetadataManager brokerId=1] Removed 0 expired offsets in 0 milliseconds. (kafka.coordinator.group.GroupMetadataManager)
[2020-04-11 17:49:11,949] INFO [GroupMetadataManager brokerId=1] Removed 0 expired offsets in 0 milliseconds. (kafka.coordinator.group.GroupMetadataManager)
[2020-04-11 17:59:11,949] INFO [GroupMetadataManager brokerId=1] Removed 0 expired offsets in 0 milliseconds. (kafka.coordinator.group.GroupMetadataManager)
