[2020-04-16 11:51:08,021] INFO Registered kafka:type=kafka.Log4jController MBean (kafka.utils.Log4jControllerRegistration$)
[2020-04-16 11:51:13,741] INFO Registered signal handlers for TERM, INT, HUP (org.apache.kafka.common.utils.LoggingSignalHandler)
[2020-04-16 11:51:13,751] INFO starting (kafka.server.KafkaServer)
[2020-04-16 11:51:13,771] INFO Connecting to zookeeper on localhost:2181 (kafka.server.KafkaServer)
[2020-04-16 11:51:13,932] INFO [ZooKeeperClient Kafka server] Initializing a new session to localhost:2181. (kafka.zookeeper.ZooKeeperClient)
[2020-04-16 11:51:13,961] INFO Client environment:zookeeper.version=3.5.7-f0fdd52973d373ffd9c86b81d99842dc2c7f660e, built on 02/10/2020 11:30 GMT (org.apache.zookeeper.ZooKeeper)
[2020-04-16 11:51:13,964] INFO Client environment:host.name=bumblebee (org.apache.zookeeper.ZooKeeper)
[2020-04-16 11:51:13,965] INFO Client environment:java.version=1.8.0_242 (org.apache.zookeeper.ZooKeeper)
[2020-04-16 11:51:13,966] INFO Client environment:java.vendor=Oracle Corporation (org.apache.zookeeper.ZooKeeper)
[2020-04-16 11:51:13,966] INFO Client environment:java.home=/usr/lib/jvm/java-8-openjdk/jre (org.apache.zookeeper.ZooKeeper)
[2020-04-16 11:51:13,968] INFO Client environment:java.class.path=/home/user/Desktop/ZiTh0s/docs/uni/2ºSemestre/AS/projeto2/AS-Project2/PA2_T2G01/src/main/java/com/as/pa2_t2g01/Scripts/kafka_2.12-2.4.1/bin/../libs/activation-1.1.1.jar:/home/user/Desktop/ZiTh0s/docs/uni/2ºSemestre/AS/projeto2/AS-Project2/PA2_T2G01/src/main/java/com/as/pa2_t2g01/Scripts/kafka_2.12-2.4.1/bin/../libs/aopalliance-repackaged-2.5.0.jar:/home/user/Desktop/ZiTh0s/docs/uni/2ºSemestre/AS/projeto2/AS-Project2/PA2_T2G01/src/main/java/com/as/pa2_t2g01/Scripts/kafka_2.12-2.4.1/bin/../libs/argparse4j-0.7.0.jar:/home/user/Desktop/ZiTh0s/docs/uni/2ºSemestre/AS/projeto2/AS-Project2/PA2_T2G01/src/main/java/com/as/pa2_t2g01/Scripts/kafka_2.12-2.4.1/bin/../libs/audience-annotations-0.5.0.jar:/home/user/Desktop/ZiTh0s/docs/uni/2ºSemestre/AS/projeto2/AS-Project2/PA2_T2G01/src/main/java/com/as/pa2_t2g01/Scripts/kafka_2.12-2.4.1/bin/../libs/commons-cli-1.4.jar:/home/user/Desktop/ZiTh0s/docs/uni/2ºSemestre/AS/projeto2/AS-Project2/PA2_T2G01/src/main/java/com/as/pa2_t2g01/Scripts/kafka_2.12-2.4.1/bin/../libs/commons-lang3-3.8.1.jar:/home/user/Desktop/ZiTh0s/docs/uni/2ºSemestre/AS/projeto2/AS-Project2/PA2_T2G01/src/main/java/com/as/pa2_t2g01/Scripts/kafka_2.12-2.4.1/bin/../libs/connect-api-2.4.1.jar:/home/user/Desktop/ZiTh0s/docs/uni/2ºSemestre/AS/projeto2/AS-Project2/PA2_T2G01/src/main/java/com/as/pa2_t2g01/Scripts/kafka_2.12-2.4.1/bin/../libs/connect-basic-auth-extension-2.4.1.jar:/home/user/Desktop/ZiTh0s/docs/uni/2ºSemestre/AS/projeto2/AS-Project2/PA2_T2G01/src/main/java/com/as/pa2_t2g01/Scripts/kafka_2.12-2.4.1/bin/../libs/connect-file-2.4.1.jar:/home/user/Desktop/ZiTh0s/docs/uni/2ºSemestre/AS/projeto2/AS-Project2/PA2_T2G01/src/main/java/com/as/pa2_t2g01/Scripts/kafka_2.12-2.4.1/bin/../libs/connect-json-2.4.1.jar:/home/user/Desktop/ZiTh0s/docs/uni/2ºSemestre/AS/projeto2/AS-Project2/PA2_T2G01/src/main/java/com/as/pa2_t2g01/Scripts/kafka_2.12-2.4.1/bin/../libs/connect-mirror-2.4.1.jar:/home/user/Desktop/ZiTh0s/docs/uni/2ºSemestre/AS/projeto2/AS-Project2/PA2_T2G01/src/main/java/com/as/pa2_t2g01/Scripts/kafka_2.12-2.4.1/bin/../libs/connect-mirror-client-2.4.1.jar:/home/user/Desktop/ZiTh0s/docs/uni/2ºSemestre/AS/projeto2/AS-Project2/PA2_T2G01/src/main/java/com/as/pa2_t2g01/Scripts/kafka_2.12-2.4.1/bin/../libs/connect-runtime-2.4.1.jar:/home/user/Desktop/ZiTh0s/docs/uni/2ºSemestre/AS/projeto2/AS-Project2/PA2_T2G01/src/main/java/com/as/pa2_t2g01/Scripts/kafka_2.12-2.4.1/bin/../libs/connect-transforms-2.4.1.jar:/home/user/Desktop/ZiTh0s/docs/uni/2ºSemestre/AS/projeto2/AS-Project2/PA2_T2G01/src/main/java/com/as/pa2_t2g01/Scripts/kafka_2.12-2.4.1/bin/../libs/guava-20.0.jar:/home/user/Desktop/ZiTh0s/docs/uni/2ºSemestre/AS/projeto2/AS-Project2/PA2_T2G01/src/main/java/com/as/pa2_t2g01/Scripts/kafka_2.12-2.4.1/bin/../libs/hk2-api-2.5.0.jar:/home/user/Desktop/ZiTh0s/docs/uni/2ºSemestre/AS/projeto2/AS-Project2/PA2_T2G01/src/main/java/com/as/pa2_t2g01/Scripts/kafka_2.12-2.4.1/bin/../libs/hk2-locator-2.5.0.jar:/home/user/Desktop/ZiTh0s/docs/uni/2ºSemestre/AS/projeto2/AS-Project2/PA2_T2G01/src/main/java/com/as/pa2_t2g01/Scripts/kafka_2.12-2.4.1/bin/../libs/hk2-utils-2.5.0.jar:/home/user/Desktop/ZiTh0s/docs/uni/2ºSemestre/AS/projeto2/AS-Project2/PA2_T2G01/src/main/java/com/as/pa2_t2g01/Scripts/kafka_2.12-2.4.1/bin/../libs/jackson-annotations-2.10.0.jar:/home/user/Desktop/ZiTh0s/docs/uni/2ºSemestre/AS/projeto2/AS-Project2/PA2_T2G01/src/main/java/com/as/pa2_t2g01/Scripts/kafka_2.12-2.4.1/bin/../libs/jackson-core-2.10.0.jar:/home/user/Desktop/ZiTh0s/docs/uni/2ºSemestre/AS/projeto2/AS-Project2/PA2_T2G01/src/main/java/com/as/pa2_t2g01/Scripts/kafka_2.12-2.4.1/bin/../libs/jackson-databind-2.10.0.jar:/home/user/Desktop/ZiTh0s/docs/uni/2ºSemestre/AS/projeto2/AS-Project2/PA2_T2G01/src/main/java/com/as/pa2_t2g01/Scripts/kafka_2.12-2.4.1/bin/../libs/jackson-dataformat-csv-2.10.0.jar:/home/user/Desktop/ZiTh0s/docs/uni/2ºSemestre/AS/projeto2/AS-Project2/PA2_T2G01/src/main/java/com/as/pa2_t2g01/Scripts/kafka_2.12-2.4.1/bin/../libs/jackson-datatype-jdk8-2.10.0.jar:/home/user/Desktop/ZiTh0s/docs/uni/2ºSemestre/AS/projeto2/AS-Project2/PA2_T2G01/src/main/java/com/as/pa2_t2g01/Scripts/kafka_2.12-2.4.1/bin/../libs/jackson-jaxrs-base-2.10.0.jar:/home/user/Desktop/ZiTh0s/docs/uni/2ºSemestre/AS/projeto2/AS-Project2/PA2_T2G01/src/main/java/com/as/pa2_t2g01/Scripts/kafka_2.12-2.4.1/bin/../libs/jackson-jaxrs-json-provider-2.10.0.jar:/home/user/Desktop/ZiTh0s/docs/uni/2ºSemestre/AS/projeto2/AS-Project2/PA2_T2G01/src/main/java/com/as/pa2_t2g01/Scripts/kafka_2.12-2.4.1/bin/../libs/jackson-module-jaxb-annotations-2.10.0.jar:/home/user/Desktop/ZiTh0s/docs/uni/2ºSemestre/AS/projeto2/AS-Project2/PA2_T2G01/src/main/java/com/as/pa2_t2g01/Scripts/kafka_2.12-2.4.1/bin/../libs/jackson-module-paranamer-2.10.0.jar:/home/user/Desktop/ZiTh0s/docs/uni/2ºSemestre/AS/projeto2/AS-Project2/PA2_T2G01/src/main/java/com/as/pa2_t2g01/Scripts/kafka_2.12-2.4.1/bin/../libs/jackson-module-scala_2.12-2.10.0.jar:/home/user/Desktop/ZiTh0s/docs/uni/2ºSemestre/AS/projeto2/AS-Project2/PA2_T2G01/src/main/java/com/as/pa2_t2g01/Scripts/kafka_2.12-2.4.1/bin/../libs/jakarta.activation-api-1.2.1.jar:/home/user/Desktop/ZiTh0s/docs/uni/2ºSemestre/AS/projeto2/AS-Project2/PA2_T2G01/src/main/java/com/as/pa2_t2g01/Scripts/kafka_2.12-2.4.1/bin/../libs/jakarta.annotation-api-1.3.4.jar:/home/user/Desktop/ZiTh0s/docs/uni/2ºSemestre/AS/projeto2/AS-Project2/PA2_T2G01/src/main/java/com/as/pa2_t2g01/Scripts/kafka_2.12-2.4.1/bin/../libs/jakarta.inject-2.5.0.jar:/home/user/Desktop/ZiTh0s/docs/uni/2ºSemestre/AS/projeto2/AS-Project2/PA2_T2G01/src/main/java/com/as/pa2_t2g01/Scripts/kafka_2.12-2.4.1/bin/../libs/jakarta.ws.rs-api-2.1.5.jar:/home/user/Desktop/ZiTh0s/docs/uni/2ºSemestre/AS/projeto2/AS-Project2/PA2_T2G01/src/main/java/com/as/pa2_t2g01/Scripts/kafka_2.12-2.4.1/bin/../libs/jakarta.xml.bind-api-2.3.2.jar:/home/user/Desktop/ZiTh0s/docs/uni/2ºSemestre/AS/projeto2/AS-Project2/PA2_T2G01/src/main/java/com/as/pa2_t2g01/Scripts/kafka_2.12-2.4.1/bin/../libs/javassist-3.22.0-CR2.jar:/home/user/Desktop/ZiTh0s/docs/uni/2ºSemestre/AS/projeto2/AS-Project2/PA2_T2G01/src/main/java/com/as/pa2_t2g01/Scripts/kafka_2.12-2.4.1/bin/../libs/javax.servlet-api-3.1.0.jar:/home/user/Desktop/ZiTh0s/docs/uni/2ºSemestre/AS/projeto2/AS-Project2/PA2_T2G01/src/main/java/com/as/pa2_t2g01/Scripts/kafka_2.12-2.4.1/bin/../libs/javax.ws.rs-api-2.1.1.jar:/home/user/Desktop/ZiTh0s/docs/uni/2ºSemestre/AS/projeto2/AS-Project2/PA2_T2G01/src/main/java/com/as/pa2_t2g01/Scripts/kafka_2.12-2.4.1/bin/../libs/jaxb-api-2.3.0.jar:/home/user/Desktop/ZiTh0s/docs/uni/2ºSemestre/AS/projeto2/AS-Project2/PA2_T2G01/src/main/java/com/as/pa2_t2g01/Scripts/kafka_2.12-2.4.1/bin/../libs/jersey-client-2.28.jar:/home/user/Desktop/ZiTh0s/docs/uni/2ºSemestre/AS/projeto2/AS-Project2/PA2_T2G01/src/main/java/com/as/pa2_t2g01/Scripts/kafka_2.12-2.4.1/bin/../libs/jersey-common-2.28.jar:/home/user/Desktop/ZiTh0s/docs/uni/2ºSemestre/AS/projeto2/AS-Project2/PA2_T2G01/src/main/java/com/as/pa2_t2g01/Scripts/kafka_2.12-2.4.1/bin/../libs/jersey-container-servlet-2.28.jar:/home/user/Desktop/ZiTh0s/docs/uni/2ºSemestre/AS/projeto2/AS-Project2/PA2_T2G01/src/main/java/com/as/pa2_t2g01/Scripts/kafka_2.12-2.4.1/bin/../libs/jersey-container-servlet-core-2.28.jar:/home/user/Desktop/ZiTh0s/docs/uni/2ºSemestre/AS/projeto2/AS-Project2/PA2_T2G01/src/main/java/com/as/pa2_t2g01/Scripts/kafka_2.12-2.4.1/bin/../libs/jersey-hk2-2.28.jar:/home/user/Desktop/ZiTh0s/docs/uni/2ºSemestre/AS/projeto2/AS-Project2/PA2_T2G01/src/main/java/com/as/pa2_t2g01/Scripts/kafka_2.12-2.4.1/bin/../libs/jersey-media-jaxb-2.28.jar:/home/user/Desktop/ZiTh0s/docs/uni/2ºSemestre/AS/projeto2/AS-Project2/PA2_T2G01/src/main/java/com/as/pa2_t2g01/Scripts/kafka_2.12-2.4.1/bin/../libs/jersey-server-2.28.jar:/home/user/Desktop/ZiTh0s/docs/uni/2ºSemestre/AS/projeto2/AS-Project2/PA2_T2G01/src/main/java/com/as/pa2_t2g01/Scripts/kafka_2.12-2.4.1/bin/../libs/jetty-client-9.4.20.v20190813.jar:/home/user/Desktop/ZiTh0s/docs/uni/2ºSemestre/AS/projeto2/AS-Project2/PA2_T2G01/src/main/java/com/as/pa2_t2g01/Scripts/kafka_2.12-2.4.1/bin/../libs/jetty-continuation-9.4.20.v20190813.jar:/home/user/Desktop/ZiTh0s/docs/uni/2ºSemestre/AS/projeto2/AS-Project2/PA2_T2G01/src/main/java/com/as/pa2_t2g01/Scripts/kafka_2.12-2.4.1/bin/../libs/jetty-http-9.4.20.v20190813.jar:/home/user/Desktop/ZiTh0s/docs/uni/2ºSemestre/AS/projeto2/AS-Project2/PA2_T2G01/src/main/java/com/as/pa2_t2g01/Scripts/kafka_2.12-2.4.1/bin/../libs/jetty-io-9.4.20.v20190813.jar:/home/user/Desktop/ZiTh0s/docs/uni/2ºSemestre/AS/projeto2/AS-Project2/PA2_T2G01/src/main/java/com/as/pa2_t2g01/Scripts/kafka_2.12-2.4.1/bin/../libs/jetty-security-9.4.20.v20190813.jar:/home/user/Desktop/ZiTh0s/docs/uni/2ºSemestre/AS/projeto2/AS-Project2/PA2_T2G01/src/main/java/com/as/pa2_t2g01/Scripts/kafka_2.12-2.4.1/bin/../libs/jetty-server-9.4.20.v20190813.jar:/home/user/Desktop/ZiTh0s/docs/uni/2ºSemestre/AS/projeto2/AS-Project2/PA2_T2G01/src/main/java/com/as/pa2_t2g01/Scripts/kafka_2.12-2.4.1/bin/../libs/jetty-servlet-9.4.20.v20190813.jar:/home/user/Desktop/ZiTh0s/docs/uni/2ºSemestre/AS/projeto2/AS-Project2/PA2_T2G01/src/main/java/com/as/pa2_t2g01/Scripts/kafka_2.12-2.4.1/bin/../libs/jetty-servlets-9.4.20.v20190813.jar:/home/user/Desktop/ZiTh0s/docs/uni/2ºSemestre/AS/projeto2/AS-Project2/PA2_T2G01/src/main/java/com/as/pa2_t2g01/Scripts/kafka_2.12-2.4.1/bin/../libs/jetty-util-9.4.20.v20190813.jar:/home/user/Desktop/ZiTh0s/docs/uni/2ºSemestre/AS/projeto2/AS-Project2/PA2_T2G01/src/main/java/com/as/pa2_t2g01/Scripts/kafka_2.12-2.4.1/bin/../libs/jopt-simple-5.0.4.jar:/home/user/Desktop/ZiTh0s/docs/uni/2ºSemestre/AS/projeto2/AS-Project2/PA2_T2G01/src/main/java/com/as/pa2_t2g01/Scripts/kafka_2.12-2.4.1/bin/../libs/kafka_2.12-2.4.1.jar:/home/user/Desktop/ZiTh0s/docs/uni/2ºSemestre/AS/projeto2/AS-Project2/PA2_T2G01/src/main/java/com/as/pa2_t2g01/Scripts/kafka_2.12-2.4.1/bin/../libs/kafka_2.12-2.4.1-sources.jar:/home/user/Desktop/ZiTh0s/docs/uni/2ºSemestre/AS/projeto2/AS-Project2/PA2_T2G01/src/main/java/com/as/pa2_t2g01/Scripts/kafka_2.12-2.4.1/bin/../libs/kafka-clients-2.4.1.jar:/home/user/Desktop/ZiTh0s/docs/uni/2ºSemestre/AS/projeto2/AS-Project2/PA2_T2G01/src/main/java/com/as/pa2_t2g01/Scripts/kafka_2.12-2.4.1/bin/../libs/kafka-log4j-appender-2.4.1.jar:/home/user/Desktop/ZiTh0s/docs/uni/2ºSemestre/AS/projeto2/AS-Project2/PA2_T2G01/src/main/java/com/as/pa2_t2g01/Scripts/kafka_2.12-2.4.1/bin/../libs/kafka-streams-2.4.1.jar:/home/user/Desktop/ZiTh0s/docs/uni/2ºSemestre/AS/projeto2/AS-Project2/PA2_T2G01/src/main/java/com/as/pa2_t2g01/Scripts/kafka_2.12-2.4.1/bin/../libs/kafka-streams-examples-2.4.1.jar:/home/user/Desktop/ZiTh0s/docs/uni/2ºSemestre/AS/projeto2/AS-Project2/PA2_T2G01/src/main/java/com/as/pa2_t2g01/Scripts/kafka_2.12-2.4.1/bin/../libs/kafka-streams-scala_2.12-2.4.1.jar:/home/user/Desktop/ZiTh0s/docs/uni/2ºSemestre/AS/projeto2/AS-Project2/PA2_T2G01/src/main/java/com/as/pa2_t2g01/Scripts/kafka_2.12-2.4.1/bin/../libs/kafka-streams-test-utils-2.4.1.jar:/home/user/Desktop/ZiTh0s/docs/uni/2ºSemestre/AS/projeto2/AS-Project2/PA2_T2G01/src/main/java/com/as/pa2_t2g01/Scripts/kafka_2.12-2.4.1/bin/../libs/kafka-tools-2.4.1.jar:/home/user/Desktop/ZiTh0s/docs/uni/2ºSemestre/AS/projeto2/AS-Project2/PA2_T2G01/src/main/java/com/as/pa2_t2g01/Scripts/kafka_2.12-2.4.1/bin/../libs/log4j-1.2.17.jar:/home/user/Desktop/ZiTh0s/docs/uni/2ºSemestre/AS/projeto2/AS-Project2/PA2_T2G01/src/main/java/com/as/pa2_t2g01/Scripts/kafka_2.12-2.4.1/bin/../libs/lz4-java-1.6.0.jar:/home/user/Desktop/ZiTh0s/docs/uni/2ºSemestre/AS/projeto2/AS-Project2/PA2_T2G01/src/main/java/com/as/pa2_t2g01/Scripts/kafka_2.12-2.4.1/bin/../libs/maven-artifact-3.6.1.jar:/home/user/Desktop/ZiTh0s/docs/uni/2ºSemestre/AS/projeto2/AS-Project2/PA2_T2G01/src/main/java/com/as/pa2_t2g01/Scripts/kafka_2.12-2.4.1/bin/../libs/metrics-core-2.2.0.jar:/home/user/Desktop/ZiTh0s/docs/uni/2ºSemestre/AS/projeto2/AS-Project2/PA2_T2G01/src/main/java/com/as/pa2_t2g01/Scripts/kafka_2.12-2.4.1/bin/../libs/netty-buffer-4.1.45.Final.jar:/home/user/Desktop/ZiTh0s/docs/uni/2ºSemestre/AS/projeto2/AS-Project2/PA2_T2G01/src/main/java/com/as/pa2_t2g01/Scripts/kafka_2.12-2.4.1/bin/../libs/netty-codec-4.1.45.Final.jar:/home/user/Desktop/ZiTh0s/docs/uni/2ºSemestre/AS/projeto2/AS-Project2/PA2_T2G01/src/main/java/com/as/pa2_t2g01/Scripts/kafka_2.12-2.4.1/bin/../libs/netty-common-4.1.45.Final.jar:/home/user/Desktop/ZiTh0s/docs/uni/2ºSemestre/AS/projeto2/AS-Project2/PA2_T2G01/src/main/java/com/as/pa2_t2g01/Scripts/kafka_2.12-2.4.1/bin/../libs/netty-handler-4.1.45.Final.jar:/home/user/Desktop/ZiTh0s/docs/uni/2ºSemestre/AS/projeto2/AS-Project2/PA2_T2G01/src/main/java/com/as/pa2_t2g01/Scripts/kafka_2.12-2.4.1/bin/../libs/netty-resolver-4.1.45.Final.jar:/home/user/Desktop/ZiTh0s/docs/uni/2ºSemestre/AS/projeto2/AS-Project2/PA2_T2G01/src/main/java/com/as/pa2_t2g01/Scripts/kafka_2.12-2.4.1/bin/../libs/netty-transport-4.1.45.Final.jar:/home/user/Desktop/ZiTh0s/docs/uni/2ºSemestre/AS/projeto2/AS-Project2/PA2_T2G01/src/main/java/com/as/pa2_t2g01/Scripts/kafka_2.12-2.4.1/bin/../libs/netty-transport-native-epoll-4.1.45.Final.jar:/home/user/Desktop/ZiTh0s/docs/uni/2ºSemestre/AS/projeto2/AS-Project2/PA2_T2G01/src/main/java/com/as/pa2_t2g01/Scripts/kafka_2.12-2.4.1/bin/../libs/netty-transport-native-unix-common-4.1.45.Final.jar:/home/user/Desktop/ZiTh0s/docs/uni/2ºSemestre/AS/projeto2/AS-Project2/PA2_T2G01/src/main/java/com/as/pa2_t2g01/Scripts/kafka_2.12-2.4.1/bin/../libs/osgi-resource-locator-1.0.1.jar:/home/user/Desktop/ZiTh0s/docs/uni/2ºSemestre/AS/projeto2/AS-Project2/PA2_T2G01/src/main/java/com/as/pa2_t2g01/Scripts/kafka_2.12-2.4.1/bin/../libs/paranamer-2.8.jar:/home/user/Desktop/ZiTh0s/docs/uni/2ºSemestre/AS/projeto2/AS-Project2/PA2_T2G01/src/main/java/com/as/pa2_t2g01/Scripts/kafka_2.12-2.4.1/bin/../libs/plexus-utils-3.2.0.jar:/home/user/Desktop/ZiTh0s/docs/uni/2ºSemestre/AS/projeto2/AS-Project2/PA2_T2G01/src/main/java/com/as/pa2_t2g01/Scripts/kafka_2.12-2.4.1/bin/../libs/reflections-0.9.11.jar:/home/user/Desktop/ZiTh0s/docs/uni/2ºSemestre/AS/projeto2/AS-Project2/PA2_T2G01/src/main/java/com/as/pa2_t2g01/Scripts/kafka_2.12-2.4.1/bin/../libs/rocksdbjni-5.18.3.jar:/home/user/Desktop/ZiTh0s/docs/uni/2ºSemestre/AS/projeto2/AS-Project2/PA2_T2G01/src/main/java/com/as/pa2_t2g01/Scripts/kafka_2.12-2.4.1/bin/../libs/scala-collection-compat_2.12-2.1.2.jar:/home/user/Desktop/ZiTh0s/docs/uni/2ºSemestre/AS/projeto2/AS-Project2/PA2_T2G01/src/main/java/com/as/pa2_t2g01/Scripts/kafka_2.12-2.4.1/bin/../libs/scala-java8-compat_2.12-0.9.0.jar:/home/user/Desktop/ZiTh0s/docs/uni/2ºSemestre/AS/projeto2/AS-Project2/PA2_T2G01/src/main/java/com/as/pa2_t2g01/Scripts/kafka_2.12-2.4.1/bin/../libs/scala-library-2.12.10.jar:/home/user/Desktop/ZiTh0s/docs/uni/2ºSemestre/AS/projeto2/AS-Project2/PA2_T2G01/src/main/java/com/as/pa2_t2g01/Scripts/kafka_2.12-2.4.1/bin/../libs/scala-logging_2.12-3.9.2.jar:/home/user/Desktop/ZiTh0s/docs/uni/2ºSemestre/AS/projeto2/AS-Project2/PA2_T2G01/src/main/java/com/as/pa2_t2g01/Scripts/kafka_2.12-2.4.1/bin/../libs/scala-reflect-2.12.10.jar:/home/user/Desktop/ZiTh0s/docs/uni/2ºSemestre/AS/projeto2/AS-Project2/PA2_T2G01/src/main/java/com/as/pa2_t2g01/Scripts/kafka_2.12-2.4.1/bin/../libs/slf4j-api-1.7.28.jar:/home/user/Desktop/ZiTh0s/docs/uni/2ºSemestre/AS/projeto2/AS-Project2/PA2_T2G01/src/main/java/com/as/pa2_t2g01/Scripts/kafka_2.12-2.4.1/bin/../libs/slf4j-log4j12-1.7.28.jar:/home/user/Desktop/ZiTh0s/docs/uni/2ºSemestre/AS/projeto2/AS-Project2/PA2_T2G01/src/main/java/com/as/pa2_t2g01/Scripts/kafka_2.12-2.4.1/bin/../libs/snappy-java-1.1.7.3.jar:/home/user/Desktop/ZiTh0s/docs/uni/2ºSemestre/AS/projeto2/AS-Project2/PA2_T2G01/src/main/java/com/as/pa2_t2g01/Scripts/kafka_2.12-2.4.1/bin/../libs/validation-api-2.0.1.Final.jar:/home/user/Desktop/ZiTh0s/docs/uni/2ºSemestre/AS/projeto2/AS-Project2/PA2_T2G01/src/main/java/com/as/pa2_t2g01/Scripts/kafka_2.12-2.4.1/bin/../libs/zookeeper-3.5.7.jar:/home/user/Desktop/ZiTh0s/docs/uni/2ºSemestre/AS/projeto2/AS-Project2/PA2_T2G01/src/main/java/com/as/pa2_t2g01/Scripts/kafka_2.12-2.4.1/bin/../libs/zookeeper-jute-3.5.7.jar:/home/user/Desktop/ZiTh0s/docs/uni/2ºSemestre/AS/projeto2/AS-Project2/PA2_T2G01/src/main/java/com/as/pa2_t2g01/Scripts/kafka_2.12-2.4.1/bin/../libs/zstd-jni-1.4.3-1.jar (org.apache.zookeeper.ZooKeeper)
[2020-04-16 11:51:13,973] INFO Client environment:java.library.path=/usr/java/packages/lib/amd64:/usr/lib64:/lib64:/lib:/usr/lib (org.apache.zookeeper.ZooKeeper)
[2020-04-16 11:51:13,973] INFO Client environment:java.io.tmpdir=/tmp (org.apache.zookeeper.ZooKeeper)
[2020-04-16 11:51:13,973] INFO Client environment:java.compiler=<NA> (org.apache.zookeeper.ZooKeeper)
[2020-04-16 11:51:13,973] INFO Client environment:os.name=Linux (org.apache.zookeeper.ZooKeeper)
[2020-04-16 11:51:13,973] INFO Client environment:os.arch=amd64 (org.apache.zookeeper.ZooKeeper)
[2020-04-16 11:51:13,973] INFO Client environment:os.version=5.4.31-1-MANJARO (org.apache.zookeeper.ZooKeeper)
[2020-04-16 11:51:13,973] INFO Client environment:user.name=user (org.apache.zookeeper.ZooKeeper)
[2020-04-16 11:51:13,974] INFO Client environment:user.home=/home/user (org.apache.zookeeper.ZooKeeper)
[2020-04-16 11:51:13,974] INFO Client environment:user.dir=/home/user/Desktop/ZiTh0s/docs/uni/2ºSemestre/AS/projeto2/AS-Project2/PA2_T2G01/src/main/java/com/as/pa2_t2g01/Scripts (org.apache.zookeeper.ZooKeeper)
[2020-04-16 11:51:13,974] INFO Client environment:os.memory.free=975MB (org.apache.zookeeper.ZooKeeper)
[2020-04-16 11:51:13,975] INFO Client environment:os.memory.max=1024MB (org.apache.zookeeper.ZooKeeper)
[2020-04-16 11:51:13,975] INFO Client environment:os.memory.total=1024MB (org.apache.zookeeper.ZooKeeper)
[2020-04-16 11:51:13,991] INFO Initiating client connection, connectString=localhost:2181 sessionTimeout=6000 watcher=kafka.zookeeper.ZooKeeperClient$ZooKeeperClientWatcher$@3d51f06e (org.apache.zookeeper.ZooKeeper)
[2020-04-16 11:51:14,026] INFO Setting -D jdk.tls.rejectClientInitiatedRenegotiation=true to disable client-initiated TLS renegotiation (org.apache.zookeeper.common.X509Util)
[2020-04-16 11:51:14,055] INFO jute.maxbuffer value is 4194304 Bytes (org.apache.zookeeper.ClientCnxnSocket)
[2020-04-16 11:51:14,113] INFO zookeeper.request.timeout value is 0. feature enabled= (org.apache.zookeeper.ClientCnxn)
[2020-04-16 11:51:14,162] INFO [ZooKeeperClient Kafka server] Waiting until connected. (kafka.zookeeper.ZooKeeperClient)
[2020-04-16 11:51:14,351] INFO Opening socket connection to server localhost/127.0.0.1:2181. Will not attempt to authenticate using SASL (unknown error) (org.apache.zookeeper.ClientCnxn)
[2020-04-16 11:51:14,383] INFO Socket connection established, initiating session, client: /127.0.0.1:34280, server: localhost/127.0.0.1:2181 (org.apache.zookeeper.ClientCnxn)
[2020-04-16 11:51:14,421] INFO Session establishment complete on server localhost/127.0.0.1:2181, sessionid = 0x100006f05530006, negotiated timeout = 6000 (org.apache.zookeeper.ClientCnxn)
[2020-04-16 11:51:14,509] INFO [ZooKeeperClient Kafka server] Connected. (kafka.zookeeper.ZooKeeperClient)
[2020-04-16 11:51:16,453] INFO Cluster ID = XssC7QCmQmSQy1XE53o6WQ (kafka.server.KafkaServer)
[2020-04-16 11:51:16,500] WARN No meta.properties file under dir /tmp/kafka-logs/server7/meta.properties (kafka.server.BrokerMetadataCheckpoint)
[2020-04-16 11:51:17,191] INFO KafkaConfig values: 
	advertised.host.name = null
	advertised.listeners = null
	advertised.port = null
	alter.config.policy.class.name = null
	alter.log.dirs.replication.quota.window.num = 11
	alter.log.dirs.replication.quota.window.size.seconds = 1
	authorizer.class.name = 
	auto.create.topics.enable = false
	auto.leader.rebalance.enable = true
	background.threads = 10
	broker.id = 6
	broker.id.generation.enable = true
	broker.rack = null
	client.quota.callback.class = null
	compression.type = producer
	connection.failed.authentication.delay.ms = 100
	connections.max.idle.ms = 600000
	connections.max.reauth.ms = 0
	control.plane.listener.name = null
	controlled.shutdown.enable = true
	controlled.shutdown.max.retries = 3
	controlled.shutdown.retry.backoff.ms = 5000
	controller.socket.timeout.ms = 30000
	create.topic.policy.class.name = null
	default.replication.factor = 1
	delegation.token.expiry.check.interval.ms = 3600000
	delegation.token.expiry.time.ms = 86400000
	delegation.token.master.key = null
	delegation.token.max.lifetime.ms = 604800000
	delete.records.purgatory.purge.interval.requests = 1
	delete.topic.enable = true
	fetch.purgatory.purge.interval.requests = 1000
	group.initial.rebalance.delay.ms = 3000
	group.max.session.timeout.ms = 1800000
	group.max.size = 2147483647
	group.min.session.timeout.ms = 6000
	host.name = 
	inter.broker.listener.name = null
	inter.broker.protocol.version = 2.4-IV1
	kafka.metrics.polling.interval.secs = 10
	kafka.metrics.reporters = []
	leader.imbalance.check.interval.seconds = 300
	leader.imbalance.per.broker.percentage = 10
	listener.security.protocol.map = PLAINTEXT:PLAINTEXT,SSL:SSL,SASL_PLAINTEXT:SASL_PLAINTEXT,SASL_SSL:SASL_SSL
	listeners = PLAINTEXT://:9098
	log.cleaner.backoff.ms = 15000
	log.cleaner.dedupe.buffer.size = 134217728
	log.cleaner.delete.retention.ms = 86400000
	log.cleaner.enable = true
	log.cleaner.io.buffer.load.factor = 0.9
	log.cleaner.io.buffer.size = 524288
	log.cleaner.io.max.bytes.per.second = 1.7976931348623157E308
	log.cleaner.max.compaction.lag.ms = 9223372036854775807
	log.cleaner.min.cleanable.ratio = 0.5
	log.cleaner.min.compaction.lag.ms = 0
	log.cleaner.threads = 1
	log.cleanup.policy = [delete]
	log.dir = /tmp/kafka-logs
	log.dirs = /tmp/kafka-logs/server7
	log.flush.interval.messages = 10000
	log.flush.interval.ms = 1000
	log.flush.offset.checkpoint.interval.ms = 60000
	log.flush.scheduler.interval.ms = 9223372036854775807
	log.flush.start.offset.checkpoint.interval.ms = 60000
	log.index.interval.bytes = 4096
	log.index.size.max.bytes = 10485760
	log.message.downconversion.enable = true
	log.message.format.version = 2.4-IV1
	log.message.timestamp.difference.max.ms = 9223372036854775807
	log.message.timestamp.type = CreateTime
	log.preallocate = false
	log.retention.bytes = 1073741824
	log.retention.check.interval.ms = 300000
	log.retention.hours = 168
	log.retention.minutes = null
	log.retention.ms = null
	log.roll.hours = 168
	log.roll.jitter.hours = 0
	log.roll.jitter.ms = null
	log.roll.ms = null
	log.segment.bytes = 1073741824
	log.segment.delete.delay.ms = 60000
	max.connections = 2147483647
	max.connections.per.ip = 2147483647
	max.connections.per.ip.overrides = 
	max.incremental.fetch.session.cache.slots = 1000
	message.max.bytes = 1000012
	metric.reporters = []
	metrics.num.samples = 2
	metrics.recording.level = INFO
	metrics.sample.window.ms = 30000
	min.insync.replicas = 2
	num.io.threads = 8
	num.network.threads = 3
	num.partitions = 1
	num.recovery.threads.per.data.dir = 1
	num.replica.alter.log.dirs.threads = null
	num.replica.fetchers = 1
	offset.metadata.max.bytes = 4096
	offsets.commit.required.acks = -1
	offsets.commit.timeout.ms = 5000
	offsets.load.buffer.size = 5242880
	offsets.retention.check.interval.ms = 600000
	offsets.retention.minutes = 10080
	offsets.topic.compression.codec = 0
	offsets.topic.num.partitions = 50
	offsets.topic.replication.factor = 3
	offsets.topic.segment.bytes = 104857600
	password.encoder.cipher.algorithm = AES/CBC/PKCS5Padding
	password.encoder.iterations = 4096
	password.encoder.key.length = 128
	password.encoder.keyfactory.algorithm = null
	password.encoder.old.secret = null
	password.encoder.secret = null
	port = 9092
	principal.builder.class = null
	producer.purgatory.purge.interval.requests = 1000
	queued.max.request.bytes = -1
	queued.max.requests = 500
	quota.consumer.default = 9223372036854775807
	quota.producer.default = 9223372036854775807
	quota.window.num = 11
	quota.window.size.seconds = 1
	replica.fetch.backoff.ms = 1000
	replica.fetch.max.bytes = 1048576
	replica.fetch.min.bytes = 1
	replica.fetch.response.max.bytes = 10485760
	replica.fetch.wait.max.ms = 500
	replica.high.watermark.checkpoint.interval.ms = 5000
	replica.lag.time.max.ms = 10000
	replica.selector.class = null
	replica.socket.receive.buffer.bytes = 65536
	replica.socket.timeout.ms = 30000
	replication.quota.window.num = 11
	replication.quota.window.size.seconds = 1
	request.timeout.ms = 30000
	reserved.broker.max.id = 1000
	sasl.client.callback.handler.class = null
	sasl.enabled.mechanisms = [GSSAPI]
	sasl.jaas.config = null
	sasl.kerberos.kinit.cmd = /usr/bin/kinit
	sasl.kerberos.min.time.before.relogin = 60000
	sasl.kerberos.principal.to.local.rules = [DEFAULT]
	sasl.kerberos.service.name = null
	sasl.kerberos.ticket.renew.jitter = 0.05
	sasl.kerberos.ticket.renew.window.factor = 0.8
	sasl.login.callback.handler.class = null
	sasl.login.class = null
	sasl.login.refresh.buffer.seconds = 300
	sasl.login.refresh.min.period.seconds = 60
	sasl.login.refresh.window.factor = 0.8
	sasl.login.refresh.window.jitter = 0.05
	sasl.mechanism.inter.broker.protocol = GSSAPI
	sasl.server.callback.handler.class = null
	security.inter.broker.protocol = PLAINTEXT
	security.providers = null
	socket.receive.buffer.bytes = 102400
	socket.request.max.bytes = 104857600
	socket.send.buffer.bytes = 102400
	ssl.cipher.suites = []
	ssl.client.auth = none
	ssl.enabled.protocols = [TLSv1.2, TLSv1.1, TLSv1]
	ssl.endpoint.identification.algorithm = https
	ssl.key.password = null
	ssl.keymanager.algorithm = SunX509
	ssl.keystore.location = null
	ssl.keystore.password = null
	ssl.keystore.type = JKS
	ssl.principal.mapping.rules = DEFAULT
	ssl.protocol = TLS
	ssl.provider = null
	ssl.secure.random.implementation = null
	ssl.trustmanager.algorithm = PKIX
	ssl.truststore.location = null
	ssl.truststore.password = null
	ssl.truststore.type = JKS
	transaction.abort.timed.out.transaction.cleanup.interval.ms = 60000
	transaction.max.timeout.ms = 900000
	transaction.remove.expired.transaction.cleanup.interval.ms = 3600000
	transaction.state.log.load.buffer.size = 5242880
	transaction.state.log.min.isr = 2
	transaction.state.log.num.partitions = 50
	transaction.state.log.replication.factor = 3
	transaction.state.log.segment.bytes = 104857600
	transactional.id.expiration.ms = 604800000
	unclean.leader.election.enable = false
	zookeeper.connect = localhost:2181
	zookeeper.connection.timeout.ms = 6000
	zookeeper.max.in.flight.requests = 10
	zookeeper.session.timeout.ms = 6000
	zookeeper.set.acl = false
	zookeeper.sync.time.ms = 2000
 (kafka.server.KafkaConfig)
[2020-04-16 11:51:17,232] INFO KafkaConfig values: 
	advertised.host.name = null
	advertised.listeners = null
	advertised.port = null
	alter.config.policy.class.name = null
	alter.log.dirs.replication.quota.window.num = 11
	alter.log.dirs.replication.quota.window.size.seconds = 1
	authorizer.class.name = 
	auto.create.topics.enable = false
	auto.leader.rebalance.enable = true
	background.threads = 10
	broker.id = 6
	broker.id.generation.enable = true
	broker.rack = null
	client.quota.callback.class = null
	compression.type = producer
	connection.failed.authentication.delay.ms = 100
	connections.max.idle.ms = 600000
	connections.max.reauth.ms = 0
	control.plane.listener.name = null
	controlled.shutdown.enable = true
	controlled.shutdown.max.retries = 3
	controlled.shutdown.retry.backoff.ms = 5000
	controller.socket.timeout.ms = 30000
	create.topic.policy.class.name = null
	default.replication.factor = 1
	delegation.token.expiry.check.interval.ms = 3600000
	delegation.token.expiry.time.ms = 86400000
	delegation.token.master.key = null
	delegation.token.max.lifetime.ms = 604800000
	delete.records.purgatory.purge.interval.requests = 1
	delete.topic.enable = true
	fetch.purgatory.purge.interval.requests = 1000
	group.initial.rebalance.delay.ms = 3000
	group.max.session.timeout.ms = 1800000
	group.max.size = 2147483647
	group.min.session.timeout.ms = 6000
	host.name = 
	inter.broker.listener.name = null
	inter.broker.protocol.version = 2.4-IV1
	kafka.metrics.polling.interval.secs = 10
	kafka.metrics.reporters = []
	leader.imbalance.check.interval.seconds = 300
	leader.imbalance.per.broker.percentage = 10
	listener.security.protocol.map = PLAINTEXT:PLAINTEXT,SSL:SSL,SASL_PLAINTEXT:SASL_PLAINTEXT,SASL_SSL:SASL_SSL
	listeners = PLAINTEXT://:9098
	log.cleaner.backoff.ms = 15000
	log.cleaner.dedupe.buffer.size = 134217728
	log.cleaner.delete.retention.ms = 86400000
	log.cleaner.enable = true
	log.cleaner.io.buffer.load.factor = 0.9
	log.cleaner.io.buffer.size = 524288
	log.cleaner.io.max.bytes.per.second = 1.7976931348623157E308
	log.cleaner.max.compaction.lag.ms = 9223372036854775807
	log.cleaner.min.cleanable.ratio = 0.5
	log.cleaner.min.compaction.lag.ms = 0
	log.cleaner.threads = 1
	log.cleanup.policy = [delete]
	log.dir = /tmp/kafka-logs
	log.dirs = /tmp/kafka-logs/server7
	log.flush.interval.messages = 10000
	log.flush.interval.ms = 1000
	log.flush.offset.checkpoint.interval.ms = 60000
	log.flush.scheduler.interval.ms = 9223372036854775807
	log.flush.start.offset.checkpoint.interval.ms = 60000
	log.index.interval.bytes = 4096
	log.index.size.max.bytes = 10485760
	log.message.downconversion.enable = true
	log.message.format.version = 2.4-IV1
	log.message.timestamp.difference.max.ms = 9223372036854775807
	log.message.timestamp.type = CreateTime
	log.preallocate = false
	log.retention.bytes = 1073741824
	log.retention.check.interval.ms = 300000
	log.retention.hours = 168
	log.retention.minutes = null
	log.retention.ms = null
	log.roll.hours = 168
	log.roll.jitter.hours = 0
	log.roll.jitter.ms = null
	log.roll.ms = null
	log.segment.bytes = 1073741824
	log.segment.delete.delay.ms = 60000
	max.connections = 2147483647
	max.connections.per.ip = 2147483647
	max.connections.per.ip.overrides = 
	max.incremental.fetch.session.cache.slots = 1000
	message.max.bytes = 1000012
	metric.reporters = []
	metrics.num.samples = 2
	metrics.recording.level = INFO
	metrics.sample.window.ms = 30000
	min.insync.replicas = 2
	num.io.threads = 8
	num.network.threads = 3
	num.partitions = 1
	num.recovery.threads.per.data.dir = 1
	num.replica.alter.log.dirs.threads = null
	num.replica.fetchers = 1
	offset.metadata.max.bytes = 4096
	offsets.commit.required.acks = -1
	offsets.commit.timeout.ms = 5000
	offsets.load.buffer.size = 5242880
	offsets.retention.check.interval.ms = 600000
	offsets.retention.minutes = 10080
	offsets.topic.compression.codec = 0
	offsets.topic.num.partitions = 50
	offsets.topic.replication.factor = 3
	offsets.topic.segment.bytes = 104857600
	password.encoder.cipher.algorithm = AES/CBC/PKCS5Padding
	password.encoder.iterations = 4096
	password.encoder.key.length = 128
	password.encoder.keyfactory.algorithm = null
	password.encoder.old.secret = null
	password.encoder.secret = null
	port = 9092
	principal.builder.class = null
	producer.purgatory.purge.interval.requests = 1000
	queued.max.request.bytes = -1
	queued.max.requests = 500
	quota.consumer.default = 9223372036854775807
	quota.producer.default = 9223372036854775807
	quota.window.num = 11
	quota.window.size.seconds = 1
	replica.fetch.backoff.ms = 1000
	replica.fetch.max.bytes = 1048576
	replica.fetch.min.bytes = 1
	replica.fetch.response.max.bytes = 10485760
	replica.fetch.wait.max.ms = 500
	replica.high.watermark.checkpoint.interval.ms = 5000
	replica.lag.time.max.ms = 10000
	replica.selector.class = null
	replica.socket.receive.buffer.bytes = 65536
	replica.socket.timeout.ms = 30000
	replication.quota.window.num = 11
	replication.quota.window.size.seconds = 1
	request.timeout.ms = 30000
	reserved.broker.max.id = 1000
	sasl.client.callback.handler.class = null
	sasl.enabled.mechanisms = [GSSAPI]
	sasl.jaas.config = null
	sasl.kerberos.kinit.cmd = /usr/bin/kinit
	sasl.kerberos.min.time.before.relogin = 60000
	sasl.kerberos.principal.to.local.rules = [DEFAULT]
	sasl.kerberos.service.name = null
	sasl.kerberos.ticket.renew.jitter = 0.05
	sasl.kerberos.ticket.renew.window.factor = 0.8
	sasl.login.callback.handler.class = null
	sasl.login.class = null
	sasl.login.refresh.buffer.seconds = 300
	sasl.login.refresh.min.period.seconds = 60
	sasl.login.refresh.window.factor = 0.8
	sasl.login.refresh.window.jitter = 0.05
	sasl.mechanism.inter.broker.protocol = GSSAPI
	sasl.server.callback.handler.class = null
	security.inter.broker.protocol = PLAINTEXT
	security.providers = null
	socket.receive.buffer.bytes = 102400
	socket.request.max.bytes = 104857600
	socket.send.buffer.bytes = 102400
	ssl.cipher.suites = []
	ssl.client.auth = none
	ssl.enabled.protocols = [TLSv1.2, TLSv1.1, TLSv1]
	ssl.endpoint.identification.algorithm = https
	ssl.key.password = null
	ssl.keymanager.algorithm = SunX509
	ssl.keystore.location = null
	ssl.keystore.password = null
	ssl.keystore.type = JKS
	ssl.principal.mapping.rules = DEFAULT
	ssl.protocol = TLS
	ssl.provider = null
	ssl.secure.random.implementation = null
	ssl.trustmanager.algorithm = PKIX
	ssl.truststore.location = null
	ssl.truststore.password = null
	ssl.truststore.type = JKS
	transaction.abort.timed.out.transaction.cleanup.interval.ms = 60000
	transaction.max.timeout.ms = 900000
	transaction.remove.expired.transaction.cleanup.interval.ms = 3600000
	transaction.state.log.load.buffer.size = 5242880
	transaction.state.log.min.isr = 2
	transaction.state.log.num.partitions = 50
	transaction.state.log.replication.factor = 3
	transaction.state.log.segment.bytes = 104857600
	transactional.id.expiration.ms = 604800000
	unclean.leader.election.enable = false
	zookeeper.connect = localhost:2181
	zookeeper.connection.timeout.ms = 6000
	zookeeper.max.in.flight.requests = 10
	zookeeper.session.timeout.ms = 6000
	zookeeper.set.acl = false
	zookeeper.sync.time.ms = 2000
 (kafka.server.KafkaConfig)
[2020-04-16 11:51:17,451] INFO [ThrottledChannelReaper-Fetch]: Starting (kafka.server.ClientQuotaManager$ThrottledChannelReaper)
[2020-04-16 11:51:17,470] INFO [ThrottledChannelReaper-Request]: Starting (kafka.server.ClientQuotaManager$ThrottledChannelReaper)
[2020-04-16 11:51:17,451] INFO [ThrottledChannelReaper-Produce]: Starting (kafka.server.ClientQuotaManager$ThrottledChannelReaper)
[2020-04-16 11:51:17,654] INFO Log directory /tmp/kafka-logs/server7 not found, creating it. (kafka.log.LogManager)
[2020-04-16 11:51:17,706] INFO Loading logs. (kafka.log.LogManager)
[2020-04-16 11:51:17,830] INFO Logs loading complete in 123 ms. (kafka.log.LogManager)
[2020-04-16 11:51:18,019] INFO Starting log cleanup with a period of 300000 ms. (kafka.log.LogManager)
[2020-04-16 11:51:18,072] INFO Starting log flusher with a default period of 9223372036854775807 ms. (kafka.log.LogManager)
[2020-04-16 11:51:21,953] INFO Awaiting socket connections on 0.0.0.0:9098. (kafka.network.Acceptor)
[2020-04-16 11:51:22,221] INFO [SocketServer brokerId=6] Created data-plane acceptor and processors for endpoint : EndPoint(null,9098,ListenerName(PLAINTEXT),PLAINTEXT) (kafka.network.SocketServer)
[2020-04-16 11:51:22,225] INFO [SocketServer brokerId=6] Started 1 acceptor threads for data-plane (kafka.network.SocketServer)
[2020-04-16 11:51:22,355] INFO [ExpirationReaper-6-Produce]: Starting (kafka.server.DelayedOperationPurgatory$ExpiredOperationReaper)
[2020-04-16 11:51:22,357] INFO [ExpirationReaper-6-Fetch]: Starting (kafka.server.DelayedOperationPurgatory$ExpiredOperationReaper)
[2020-04-16 11:51:22,372] INFO [ExpirationReaper-6-DeleteRecords]: Starting (kafka.server.DelayedOperationPurgatory$ExpiredOperationReaper)
[2020-04-16 11:51:22,374] INFO [ExpirationReaper-6-ElectLeader]: Starting (kafka.server.DelayedOperationPurgatory$ExpiredOperationReaper)
[2020-04-16 11:51:22,487] INFO [LogDirFailureHandler]: Starting (kafka.server.ReplicaManager$LogDirFailureHandler)
[2020-04-16 11:51:22,847] INFO Creating /brokers/ids/6 (is it secure? false) (kafka.zk.KafkaZkClient)
[2020-04-16 11:51:22,899] INFO Stat of the created znode at /brokers/ids/6 is: 1858,1858,1587034282877,1587034282877,1,0,0,72058070868623366,188,0,1858
 (kafka.zk.KafkaZkClient)
[2020-04-16 11:51:22,901] INFO Registered broker 6 at path /brokers/ids/6 with addresses: ArrayBuffer(EndPoint(bumblebee,9098,ListenerName(PLAINTEXT),PLAINTEXT)), czxid (broker epoch): 1858 (kafka.zk.KafkaZkClient)
[2020-04-16 11:51:23,379] INFO [ExpirationReaper-6-topic]: Starting (kafka.server.DelayedOperationPurgatory$ExpiredOperationReaper)
[2020-04-16 11:51:23,395] INFO [ExpirationReaper-6-Rebalance]: Starting (kafka.server.DelayedOperationPurgatory$ExpiredOperationReaper)
[2020-04-16 11:51:23,399] INFO [ExpirationReaper-6-Heartbeat]: Starting (kafka.server.DelayedOperationPurgatory$ExpiredOperationReaper)
[2020-04-16 11:51:23,496] INFO [GroupCoordinator 6]: Starting up. (kafka.coordinator.group.GroupCoordinator)
[2020-04-16 11:51:23,498] INFO [GroupCoordinator 6]: Startup complete. (kafka.coordinator.group.GroupCoordinator)
[2020-04-16 11:51:23,547] INFO [GroupMetadataManager brokerId=6] Removed 0 expired offsets in 48 milliseconds. (kafka.coordinator.group.GroupMetadataManager)
[2020-04-16 11:51:23,568] INFO [ProducerId Manager 6]: Acquired new producerId block (brokerId:6,blockStartProducerId:51000,blockEndProducerId:51999) by writing to Zk with path version 52 (kafka.coordinator.transaction.ProducerIdManager)
[2020-04-16 11:51:23,748] INFO [TransactionCoordinator id=6] Starting up. (kafka.coordinator.transaction.TransactionCoordinator)
[2020-04-16 11:51:23,755] INFO [TransactionCoordinator id=6] Startup complete. (kafka.coordinator.transaction.TransactionCoordinator)
[2020-04-16 11:51:23,786] INFO [Transaction Marker Channel Manager 6]: Starting (kafka.coordinator.transaction.TransactionMarkerChannelManager)
[2020-04-16 11:51:23,903] INFO [ExpirationReaper-6-AlterAcls]: Starting (kafka.server.DelayedOperationPurgatory$ExpiredOperationReaper)
[2020-04-16 11:51:24,103] INFO [/config/changes-event-process-thread]: Starting (kafka.common.ZkNodeChangeNotificationListener$ChangeEventProcessThread)
[2020-04-16 11:51:24,258] INFO [SocketServer brokerId=6] Started data-plane processors for 1 acceptors (kafka.network.SocketServer)
[2020-04-16 11:51:24,328] INFO Kafka version: 2.4.1 (org.apache.kafka.common.utils.AppInfoParser)
[2020-04-16 11:51:24,328] INFO Kafka commitId: c57222ae8cd7866b (org.apache.kafka.common.utils.AppInfoParser)
[2020-04-16 11:51:24,329] INFO Kafka startTimeMs: 1587034284259 (org.apache.kafka.common.utils.AppInfoParser)
[2020-04-16 11:51:24,369] INFO [KafkaServer id=6] started (kafka.server.KafkaServer)
[2020-04-16 11:53:05,204] INFO [GroupCoordinator 6]: Removed 0 offsets associated with deleted partitions: AlarmTopic-2, AlarmTopic-1, AlarmTopic-0. (kafka.coordinator.group.GroupCoordinator)
[2020-04-16 11:53:33,268] INFO [GroupCoordinator 6]: Removed 0 offsets associated with deleted partitions: BatchTopic-2, BatchTopic-1, BatchTopic-0. (kafka.coordinator.group.GroupCoordinator)
[2020-04-16 11:53:44,133] INFO [GroupCoordinator 6]: Removed 0 offsets associated with deleted partitions: ReportTopic-2, ReportTopic-1, ReportTopic-0. (kafka.coordinator.group.GroupCoordinator)
[2020-04-16 11:54:44,399] INFO [ReplicaFetcherManager on broker 6] Removed fetcher for partitions Set(BatchTopic-1) (kafka.server.ReplicaFetcherManager)
[2020-04-16 11:54:45,436] INFO [Log partition=BatchTopic-1, dir=/tmp/kafka-logs/server7] Loading producer state till offset 0 with message format version 2 (kafka.log.Log)
[2020-04-16 11:54:45,525] INFO [Log partition=BatchTopic-1, dir=/tmp/kafka-logs/server7] Completed load of log with 1 segments, log start offset 0 and log end offset 0 in 489 ms (kafka.log.Log)
[2020-04-16 11:54:45,561] INFO Created log for partition BatchTopic-1 in /tmp/kafka-logs/server7/BatchTopic-1 with properties {compression.type -> producer, message.downconversion.enable -> true, min.insync.replicas -> 2, segment.jitter.ms -> 0, cleanup.policy -> [delete], flush.ms -> 1000, segment.bytes -> 1073741824, retention.ms -> 604800000, flush.messages -> 10000, message.format.version -> 2.4-IV1, file.delete.delay.ms -> 60000, max.compaction.lag.ms -> 9223372036854775807, max.message.bytes -> 1000012, min.compaction.lag.ms -> 0, message.timestamp.type -> CreateTime, preallocate -> false, min.cleanable.dirty.ratio -> 0.5, index.interval.bytes -> 4096, unclean.leader.election.enable -> false, retention.bytes -> 1073741824, delete.retention.ms -> 86400000, segment.ms -> 604800000, message.timestamp.difference.max.ms -> 9223372036854775807, segment.index.bytes -> 10485760}. (kafka.log.LogManager)
[2020-04-16 11:54:45,582] INFO [Partition BatchTopic-1 broker=6] No checkpointed highwatermark is found for partition BatchTopic-1 (kafka.cluster.Partition)
[2020-04-16 11:54:45,589] INFO [Partition BatchTopic-1 broker=6] Log loaded for partition BatchTopic-1 with initial high watermark 0 (kafka.cluster.Partition)
[2020-04-16 11:54:45,592] INFO [Partition BatchTopic-1 broker=6] BatchTopic-1 starts at leader epoch 0 from offset 0 with high watermark 0. Previous leader epoch was -1. (kafka.cluster.Partition)
[2020-04-16 11:54:45,822] INFO [Log partition=BatchTopic-2, dir=/tmp/kafka-logs/server7] Loading producer state till offset 0 with message format version 2 (kafka.log.Log)
[2020-04-16 11:54:45,824] INFO [Log partition=BatchTopic-2, dir=/tmp/kafka-logs/server7] Completed load of log with 1 segments, log start offset 0 and log end offset 0 in 20 ms (kafka.log.Log)
[2020-04-16 11:54:45,837] INFO Created log for partition BatchTopic-2 in /tmp/kafka-logs/server7/BatchTopic-2 with properties {compression.type -> producer, message.downconversion.enable -> true, min.insync.replicas -> 2, segment.jitter.ms -> 0, cleanup.policy -> [delete], flush.ms -> 1000, segment.bytes -> 1073741824, retention.ms -> 604800000, flush.messages -> 10000, message.format.version -> 2.4-IV1, file.delete.delay.ms -> 60000, max.compaction.lag.ms -> 9223372036854775807, max.message.bytes -> 1000012, min.compaction.lag.ms -> 0, message.timestamp.type -> CreateTime, preallocate -> false, min.cleanable.dirty.ratio -> 0.5, index.interval.bytes -> 4096, unclean.leader.election.enable -> false, retention.bytes -> 1073741824, delete.retention.ms -> 86400000, segment.ms -> 604800000, message.timestamp.difference.max.ms -> 9223372036854775807, segment.index.bytes -> 10485760}. (kafka.log.LogManager)
[2020-04-16 11:54:45,837] INFO [Partition BatchTopic-2 broker=6] No checkpointed highwatermark is found for partition BatchTopic-2 (kafka.cluster.Partition)
[2020-04-16 11:54:45,837] INFO [Partition BatchTopic-2 broker=6] Log loaded for partition BatchTopic-2 with initial high watermark 0 (kafka.cluster.Partition)
[2020-04-16 11:54:45,850] INFO [ReplicaFetcherManager on broker 6] Removed fetcher for partitions Set(BatchTopic-2) (kafka.server.ReplicaFetcherManager)
[2020-04-16 11:54:46,242] INFO [ReplicaFetcher replicaId=6, leaderId=7, fetcherId=0] Starting (kafka.server.ReplicaFetcherThread)
[2020-04-16 11:54:46,266] INFO [ReplicaFetcherManager on broker 6] Added fetcher to broker BrokerEndPoint(id=7, host=bumblebee:9099) for partitions Map(BatchTopic-2 -> (offset=0, leaderEpoch=0)) (kafka.server.ReplicaFetcherManager)
[2020-04-16 11:54:46,302] INFO [ReplicaFetcher replicaId=6, leaderId=7, fetcherId=0] Truncating partition BatchTopic-2 to local high watermark 0 (kafka.server.ReplicaFetcherThread)
[2020-04-16 11:54:46,336] INFO [Log partition=BatchTopic-2, dir=/tmp/kafka-logs/server7] Truncating to 0 has no effect as the largest offset in the log is -1 (kafka.log.Log)
[2020-04-16 11:54:50,577] INFO [Log partition=ReportTopic-0, dir=/tmp/kafka-logs/server7] Loading producer state till offset 0 with message format version 2 (kafka.log.Log)
[2020-04-16 11:54:50,579] INFO [Log partition=ReportTopic-0, dir=/tmp/kafka-logs/server7] Completed load of log with 1 segments, log start offset 0 and log end offset 0 in 6 ms (kafka.log.Log)
[2020-04-16 11:54:50,583] INFO Created log for partition ReportTopic-0 in /tmp/kafka-logs/server7/ReportTopic-0 with properties {compression.type -> producer, message.downconversion.enable -> true, min.insync.replicas -> 2, segment.jitter.ms -> 0, cleanup.policy -> [delete], flush.ms -> 1000, segment.bytes -> 1073741824, retention.ms -> 604800000, flush.messages -> 10000, message.format.version -> 2.4-IV1, file.delete.delay.ms -> 60000, max.compaction.lag.ms -> 9223372036854775807, max.message.bytes -> 1000012, min.compaction.lag.ms -> 0, message.timestamp.type -> CreateTime, preallocate -> false, min.cleanable.dirty.ratio -> 0.5, index.interval.bytes -> 4096, unclean.leader.election.enable -> false, retention.bytes -> 1073741824, delete.retention.ms -> 86400000, segment.ms -> 604800000, message.timestamp.difference.max.ms -> 9223372036854775807, segment.index.bytes -> 10485760}. (kafka.log.LogManager)
[2020-04-16 11:54:50,592] INFO [Partition ReportTopic-0 broker=6] No checkpointed highwatermark is found for partition ReportTopic-0 (kafka.cluster.Partition)
[2020-04-16 11:54:50,596] INFO [Partition ReportTopic-0 broker=6] Log loaded for partition ReportTopic-0 with initial high watermark 0 (kafka.cluster.Partition)
[2020-04-16 11:54:50,605] INFO [ReplicaFetcherManager on broker 6] Removed fetcher for partitions Set(ReportTopic-0) (kafka.server.ReplicaFetcherManager)
[2020-04-16 11:54:50,646] INFO [ReplicaFetcherManager on broker 6] Added fetcher to broker BrokerEndPoint(id=3, host=bumblebee:9095) for partitions Map(ReportTopic-0 -> (offset=0, leaderEpoch=0)) (kafka.server.ReplicaFetcherManager)
[2020-04-16 11:54:50,653] INFO [ReplicaFetcher replicaId=6, leaderId=3, fetcherId=0] Starting (kafka.server.ReplicaFetcherThread)
[2020-04-16 11:54:50,665] INFO [ReplicaFetcher replicaId=6, leaderId=3, fetcherId=0] Truncating partition ReportTopic-0 to local high watermark 0 (kafka.server.ReplicaFetcherThread)
[2020-04-16 11:54:50,666] INFO [Log partition=ReportTopic-0, dir=/tmp/kafka-logs/server7] Truncating to 0 has no effect as the largest offset in the log is -1 (kafka.log.Log)
[2020-04-16 11:54:51,137] ERROR [ReplicaFetcher replicaId=6, leaderId=3, fetcherId=0] Error for partition ReportTopic-0 at offset 0 (kafka.server.ReplicaFetcherThread)
org.apache.kafka.common.errors.UnknownTopicOrPartitionException: This server does not host this topic-partition.
[2020-04-16 11:54:57,214] INFO [Log partition=AlarmTopic-1, dir=/tmp/kafka-logs/server7] Loading producer state till offset 0 with message format version 2 (kafka.log.Log)
[2020-04-16 11:54:57,250] INFO [Log partition=AlarmTopic-1, dir=/tmp/kafka-logs/server7] Completed load of log with 1 segments, log start offset 0 and log end offset 0 in 82 ms (kafka.log.Log)
[2020-04-16 11:54:57,264] INFO Created log for partition AlarmTopic-1 in /tmp/kafka-logs/server7/AlarmTopic-1 with properties {compression.type -> producer, message.downconversion.enable -> true, min.insync.replicas -> 2, segment.jitter.ms -> 0, cleanup.policy -> [delete], flush.ms -> 1000, segment.bytes -> 1073741824, retention.ms -> 604800000, flush.messages -> 10000, message.format.version -> 2.4-IV1, file.delete.delay.ms -> 60000, max.compaction.lag.ms -> 9223372036854775807, max.message.bytes -> 1000012, min.compaction.lag.ms -> 0, message.timestamp.type -> CreateTime, preallocate -> false, min.cleanable.dirty.ratio -> 0.5, index.interval.bytes -> 4096, unclean.leader.election.enable -> false, retention.bytes -> 1073741824, delete.retention.ms -> 86400000, segment.ms -> 604800000, message.timestamp.difference.max.ms -> 9223372036854775807, segment.index.bytes -> 10485760}. (kafka.log.LogManager)
[2020-04-16 11:54:57,281] INFO [Partition AlarmTopic-1 broker=6] No checkpointed highwatermark is found for partition AlarmTopic-1 (kafka.cluster.Partition)
[2020-04-16 11:54:57,281] INFO [Partition AlarmTopic-1 broker=6] Log loaded for partition AlarmTopic-1 with initial high watermark 0 (kafka.cluster.Partition)
[2020-04-16 11:54:57,295] INFO [Log partition=AlarmTopic-0, dir=/tmp/kafka-logs/server7] Loading producer state till offset 0 with message format version 2 (kafka.log.Log)
[2020-04-16 11:54:57,297] INFO [Log partition=AlarmTopic-0, dir=/tmp/kafka-logs/server7] Completed load of log with 1 segments, log start offset 0 and log end offset 0 in 10 ms (kafka.log.Log)
[2020-04-16 11:54:57,303] INFO Created log for partition AlarmTopic-0 in /tmp/kafka-logs/server7/AlarmTopic-0 with properties {compression.type -> producer, message.downconversion.enable -> true, min.insync.replicas -> 2, segment.jitter.ms -> 0, cleanup.policy -> [delete], flush.ms -> 1000, segment.bytes -> 1073741824, retention.ms -> 604800000, flush.messages -> 10000, message.format.version -> 2.4-IV1, file.delete.delay.ms -> 60000, max.compaction.lag.ms -> 9223372036854775807, max.message.bytes -> 1000012, min.compaction.lag.ms -> 0, message.timestamp.type -> CreateTime, preallocate -> false, min.cleanable.dirty.ratio -> 0.5, index.interval.bytes -> 4096, unclean.leader.election.enable -> false, retention.bytes -> 1073741824, delete.retention.ms -> 86400000, segment.ms -> 604800000, message.timestamp.difference.max.ms -> 9223372036854775807, segment.index.bytes -> 10485760}. (kafka.log.LogManager)
[2020-04-16 11:54:57,303] INFO [Partition AlarmTopic-0 broker=6] No checkpointed highwatermark is found for partition AlarmTopic-0 (kafka.cluster.Partition)
[2020-04-16 11:54:57,304] INFO [Partition AlarmTopic-0 broker=6] Log loaded for partition AlarmTopic-0 with initial high watermark 0 (kafka.cluster.Partition)
[2020-04-16 11:54:57,304] INFO [ReplicaFetcherManager on broker 6] Removed fetcher for partitions Set(AlarmTopic-0, AlarmTopic-1) (kafka.server.ReplicaFetcherManager)
[2020-04-16 11:54:57,334] INFO [ReplicaFetcherManager on broker 6] Added fetcher to broker BrokerEndPoint(id=2, host=bumblebee:9094) for partitions Map(AlarmTopic-1 -> (offset=0, leaderEpoch=0)) (kafka.server.ReplicaFetcherManager)
[2020-04-16 11:54:57,336] INFO [ReplicaFetcherManager on broker 6] Added fetcher to broker BrokerEndPoint(id=7, host=bumblebee:9099) for partitions Map(AlarmTopic-0 -> (offset=0, leaderEpoch=0)) (kafka.server.ReplicaFetcherManager)
[2020-04-16 11:54:57,367] INFO [ReplicaFetcher replicaId=6, leaderId=2, fetcherId=0] Starting (kafka.server.ReplicaFetcherThread)
[2020-04-16 11:54:57,374] INFO [ReplicaFetcher replicaId=6, leaderId=2, fetcherId=0] Truncating partition AlarmTopic-1 to local high watermark 0 (kafka.server.ReplicaFetcherThread)
[2020-04-16 11:54:57,374] INFO [Log partition=AlarmTopic-1, dir=/tmp/kafka-logs/server7] Truncating to 0 has no effect as the largest offset in the log is -1 (kafka.log.Log)
[2020-04-16 11:54:57,664] INFO [ReplicaFetcher replicaId=6, leaderId=7, fetcherId=0] Truncating partition AlarmTopic-0 to local high watermark 0 (kafka.server.ReplicaFetcherThread)
[2020-04-16 11:54:57,665] INFO [Log partition=AlarmTopic-0, dir=/tmp/kafka-logs/server7] Truncating to 0 has no effect as the largest offset in the log is -1 (kafka.log.Log)
[2020-04-16 11:56:49,383] INFO Terminating process due to signal SIGTERM (org.apache.kafka.common.utils.LoggingSignalHandler)
[2020-04-16 11:56:49,432] INFO [KafkaServer id=6] shutting down (kafka.server.KafkaServer)
[2020-04-16 11:56:49,491] INFO [KafkaServer id=6] Starting controlled shutdown (kafka.server.KafkaServer)
[2020-04-16 11:56:49,668] INFO [ReplicaFetcherManager on broker 6] Removed fetcher for partitions Set(ReportTopic-0) (kafka.server.ReplicaFetcherManager)
[2020-04-16 11:56:49,671] INFO [Partition ReportTopic-0 broker=6] ReportTopic-0 starts at leader epoch 1 from offset 0 with high watermark 0. Previous leader epoch was 0. (kafka.cluster.Partition)
[2020-04-16 11:56:49,680] INFO [ReplicaFetcher replicaId=6, leaderId=3, fetcherId=0] Shutting down (kafka.server.ReplicaFetcherThread)
[2020-04-16 11:56:49,688] INFO [ReplicaFetcher replicaId=6, leaderId=3, fetcherId=0] Error sending fetch request (sessionId=147172381, epoch=233) to node 3: {}. (org.apache.kafka.clients.FetchSessionHandler)
java.io.IOException: Client was shutdown before response was read
	at org.apache.kafka.clients.NetworkClientUtils.sendAndReceive(NetworkClientUtils.java:109)
	at kafka.server.ReplicaFetcherBlockingSend.sendRequest(ReplicaFetcherBlockingSend.scala:107)
	at kafka.server.ReplicaFetcherThread.fetchFromLeader(ReplicaFetcherThread.scala:196)
	at kafka.server.AbstractFetcherThread.processFetchRequest(AbstractFetcherThread.scala:286)
	at kafka.server.AbstractFetcherThread.$anonfun$maybeFetch$3(AbstractFetcherThread.scala:133)
	at kafka.server.AbstractFetcherThread.$anonfun$maybeFetch$3$adapted(AbstractFetcherThread.scala:132)
	at scala.Option.foreach(Option.scala:407)
	at kafka.server.AbstractFetcherThread.maybeFetch(AbstractFetcherThread.scala:132)
	at kafka.server.AbstractFetcherThread.doWork(AbstractFetcherThread.scala:114)
	at kafka.utils.ShutdownableThread.run(ShutdownableThread.scala:96)
[2020-04-16 11:56:49,693] INFO [ReplicaFetcher replicaId=6, leaderId=3, fetcherId=0] Stopped (kafka.server.ReplicaFetcherThread)
[2020-04-16 11:56:49,709] INFO [ReplicaFetcher replicaId=6, leaderId=3, fetcherId=0] Shutdown completed (kafka.server.ReplicaFetcherThread)
[2020-04-16 11:56:49,847] INFO [ReplicaFetcherManager on broker 6] Removed fetcher for partitions Set(BatchTopic-1) (kafka.server.ReplicaFetcherManager)
[2020-04-16 11:56:49,852] INFO [Partition BatchTopic-1 broker=6] BatchTopic-1 starts at leader epoch 1 from offset 0 with high watermark 0. Previous leader epoch was 0. (kafka.cluster.Partition)
[2020-04-16 11:56:49,862] INFO [ReplicaFetcherManager on broker 6] Removed fetcher for partitions Set(AlarmTopic-0, BatchTopic-2) (kafka.server.ReplicaFetcherManager)
[2020-04-16 11:56:49,948] INFO [ReplicaFetcher replicaId=6, leaderId=7, fetcherId=0] Shutting down (kafka.server.ReplicaFetcherThread)
[2020-04-16 11:56:49,949] INFO [ReplicaFetcher replicaId=6, leaderId=7, fetcherId=0] Stopped (kafka.server.ReplicaFetcherThread)
[2020-04-16 11:56:49,950] INFO [ReplicaFetcher replicaId=6, leaderId=7, fetcherId=0] Shutdown completed (kafka.server.ReplicaFetcherThread)
[2020-04-16 11:56:49,993] INFO [ReplicaFetcherManager on broker 6] Removed fetcher for partitions Set(BatchTopic-1) (kafka.server.ReplicaFetcherManager)
[2020-04-16 11:56:49,994] INFO [Partition BatchTopic-1 broker=6] BatchTopic-1 starts at leader epoch 2 from offset 0 with high watermark 0. Previous leader epoch was 1. (kafka.cluster.Partition)
[2020-04-16 11:56:50,151] WARN [KafkaServer id=6] Error during controlled shutdown, possibly because leader movement took longer than the configured controller.socket.timeout.ms and/or request.timeout.ms: Connection to 0 was disconnected before the response was read (kafka.server.KafkaServer)
[2020-04-16 11:56:50,152] INFO [ReplicaFetcherManager on broker 6] Removed fetcher for partitions Set(ReportTopic-0) (kafka.server.ReplicaFetcherManager)
[2020-04-16 11:56:50,182] INFO [ReplicaFetcherManager on broker 6] Removed fetcher for partitions Set(BatchTopic-2, AlarmTopic-0, AlarmTopic-1) (kafka.server.ReplicaFetcherManager)
[2020-04-16 11:56:50,182] INFO [ReplicaAlterLogDirsManager on broker 6] Removed fetcher for partitions Set(BatchTopic-2, AlarmTopic-0, AlarmTopic-1) (kafka.server.ReplicaAlterLogDirsManager)
[2020-04-16 11:56:50,270] INFO [ReplicaFetcherManager on broker 6] Removed fetcher for partitions Set(BatchTopic-2, AlarmTopic-0, AlarmTopic-1) (kafka.server.ReplicaFetcherManager)
[2020-04-16 11:56:50,272] INFO [ReplicaAlterLogDirsManager on broker 6] Removed fetcher for partitions Set(BatchTopic-2, AlarmTopic-0, AlarmTopic-1) (kafka.server.ReplicaAlterLogDirsManager)
[2020-04-16 11:56:50,275] INFO [ReplicaFetcher replicaId=6, leaderId=2, fetcherId=0] Shutting down (kafka.server.ReplicaFetcherThread)
[2020-04-16 11:56:50,276] INFO [ReplicaFetcher replicaId=6, leaderId=2, fetcherId=0] Error sending fetch request (sessionId=853251907, epoch=224) to node 2: {}. (org.apache.kafka.clients.FetchSessionHandler)
java.io.IOException: Client was shutdown before response was read
	at org.apache.kafka.clients.NetworkClientUtils.sendAndReceive(NetworkClientUtils.java:109)
	at kafka.server.ReplicaFetcherBlockingSend.sendRequest(ReplicaFetcherBlockingSend.scala:107)
	at kafka.server.ReplicaFetcherThread.fetchFromLeader(ReplicaFetcherThread.scala:196)
	at kafka.server.AbstractFetcherThread.processFetchRequest(AbstractFetcherThread.scala:286)
	at kafka.server.AbstractFetcherThread.$anonfun$maybeFetch$3(AbstractFetcherThread.scala:133)
	at kafka.server.AbstractFetcherThread.$anonfun$maybeFetch$3$adapted(AbstractFetcherThread.scala:132)
	at scala.Option.foreach(Option.scala:407)
	at kafka.server.AbstractFetcherThread.maybeFetch(AbstractFetcherThread.scala:132)
	at kafka.server.AbstractFetcherThread.doWork(AbstractFetcherThread.scala:114)
	at kafka.utils.ShutdownableThread.run(ShutdownableThread.scala:96)
[2020-04-16 11:56:50,277] INFO [ReplicaFetcher replicaId=6, leaderId=2, fetcherId=0] Stopped (kafka.server.ReplicaFetcherThread)
[2020-04-16 11:56:50,277] INFO [ReplicaFetcher replicaId=6, leaderId=2, fetcherId=0] Shutdown completed (kafka.server.ReplicaFetcherThread)
[2020-04-16 11:56:50,303] INFO [ReplicaFetcherManager on broker 6] Removed fetcher for partitions Set(AlarmTopic-1) (kafka.server.ReplicaFetcherManager)
[2020-04-16 11:56:51,623] INFO [ReplicaFetcherManager on broker 6] Removed fetcher for partitions Set(AlarmTopic-0, BatchTopic-2) (kafka.server.ReplicaFetcherManager)
[2020-04-16 11:56:55,153] WARN [KafkaServer id=6] Retrying controlled shutdown after the previous attempt failed... (kafka.server.KafkaServer)
[2020-04-16 11:56:55,211] INFO [ReplicaFetcherManager on broker 6] Removed fetcher for partitions Set(ReportTopic-0, BatchTopic-2, AlarmTopic-0, AlarmTopic-1) (kafka.server.ReplicaFetcherManager)
[2020-04-16 11:56:55,211] INFO [ReplicaAlterLogDirsManager on broker 6] Removed fetcher for partitions Set(ReportTopic-0, BatchTopic-2, AlarmTopic-0, AlarmTopic-1) (kafka.server.ReplicaAlterLogDirsManager)
[2020-04-16 11:56:55,227] INFO [KafkaServer id=6] Remaining partitions to move: [RemainingPartition(topicName='BatchTopic', partitionIndex=1)] (kafka.server.KafkaServer)
[2020-04-16 11:56:55,230] INFO [ReplicaFetcherManager on broker 6] Removed fetcher for partitions Set(ReportTopic-0, BatchTopic-2, AlarmTopic-0, AlarmTopic-1) (kafka.server.ReplicaFetcherManager)
[2020-04-16 11:56:55,234] INFO [ReplicaAlterLogDirsManager on broker 6] Removed fetcher for partitions Set(ReportTopic-0, BatchTopic-2, AlarmTopic-0, AlarmTopic-1) (kafka.server.ReplicaAlterLogDirsManager)
[2020-04-16 11:56:55,236] INFO [KafkaServer id=6] Error from controller: NONE (kafka.server.KafkaServer)
[2020-04-16 11:57:00,239] WARN [KafkaServer id=6] Retrying controlled shutdown after the previous attempt failed... (kafka.server.KafkaServer)
[2020-04-16 11:57:00,250] INFO [ReplicaFetcherManager on broker 6] Removed fetcher for partitions Set(ReportTopic-0, BatchTopic-2, AlarmTopic-0, AlarmTopic-1) (kafka.server.ReplicaFetcherManager)
[2020-04-16 11:57:00,250] INFO [ReplicaAlterLogDirsManager on broker 6] Removed fetcher for partitions Set(ReportTopic-0, BatchTopic-2, AlarmTopic-0, AlarmTopic-1) (kafka.server.ReplicaAlterLogDirsManager)
[2020-04-16 11:57:00,279] INFO [KafkaServer id=6] Remaining partitions to move: [RemainingPartition(topicName='BatchTopic', partitionIndex=1)] (kafka.server.KafkaServer)
[2020-04-16 11:57:00,279] INFO [KafkaServer id=6] Error from controller: NONE (kafka.server.KafkaServer)
[2020-04-16 11:57:00,280] INFO [ReplicaFetcherManager on broker 6] Removed fetcher for partitions Set(ReportTopic-0, BatchTopic-2, AlarmTopic-0, AlarmTopic-1) (kafka.server.ReplicaFetcherManager)
[2020-04-16 11:57:00,281] INFO [ReplicaAlterLogDirsManager on broker 6] Removed fetcher for partitions Set(ReportTopic-0, BatchTopic-2, AlarmTopic-0, AlarmTopic-1) (kafka.server.ReplicaAlterLogDirsManager)
[2020-04-16 11:57:05,279] WARN [KafkaServer id=6] Retrying controlled shutdown after the previous attempt failed... (kafka.server.KafkaServer)
[2020-04-16 11:57:05,282] WARN [KafkaServer id=6] Proceeding to do an unclean shutdown as all the controlled shutdown attempts failed (kafka.server.KafkaServer)
[2020-04-16 11:57:05,284] INFO [/config/changes-event-process-thread]: Shutting down (kafka.common.ZkNodeChangeNotificationListener$ChangeEventProcessThread)
[2020-04-16 11:57:05,287] INFO [/config/changes-event-process-thread]: Stopped (kafka.common.ZkNodeChangeNotificationListener$ChangeEventProcessThread)
[2020-04-16 11:57:05,287] INFO [/config/changes-event-process-thread]: Shutdown completed (kafka.common.ZkNodeChangeNotificationListener$ChangeEventProcessThread)
[2020-04-16 11:57:05,289] INFO [SocketServer brokerId=6] Stopping socket server request processors (kafka.network.SocketServer)
[2020-04-16 11:57:05,310] INFO [SocketServer brokerId=6] Stopped socket server request processors (kafka.network.SocketServer)
[2020-04-16 11:57:05,311] INFO [data-plane Kafka Request Handler on Broker 6], shutting down (kafka.server.KafkaRequestHandlerPool)
[2020-04-16 11:57:05,316] INFO [data-plane Kafka Request Handler on Broker 6], shut down completely (kafka.server.KafkaRequestHandlerPool)
[2020-04-16 11:57:05,327] INFO [ExpirationReaper-6-AlterAcls]: Shutting down (kafka.server.DelayedOperationPurgatory$ExpiredOperationReaper)
[2020-04-16 11:57:05,459] INFO [ExpirationReaper-6-AlterAcls]: Stopped (kafka.server.DelayedOperationPurgatory$ExpiredOperationReaper)
[2020-04-16 11:57:05,459] INFO [ExpirationReaper-6-AlterAcls]: Shutdown completed (kafka.server.DelayedOperationPurgatory$ExpiredOperationReaper)
[2020-04-16 11:57:05,460] INFO [KafkaApi-6] Shutdown complete. (kafka.server.KafkaApis)
[2020-04-16 11:57:05,462] INFO [ExpirationReaper-6-topic]: Shutting down (kafka.server.DelayedOperationPurgatory$ExpiredOperationReaper)
[2020-04-16 11:57:05,509] INFO [ExpirationReaper-6-topic]: Stopped (kafka.server.DelayedOperationPurgatory$ExpiredOperationReaper)
[2020-04-16 11:57:05,510] INFO [ExpirationReaper-6-topic]: Shutdown completed (kafka.server.DelayedOperationPurgatory$ExpiredOperationReaper)
[2020-04-16 11:57:05,514] INFO [TransactionCoordinator id=6] Shutting down. (kafka.coordinator.transaction.TransactionCoordinator)
[2020-04-16 11:57:05,516] INFO [ProducerId Manager 6]: Shutdown complete: last producerId assigned 51000 (kafka.coordinator.transaction.ProducerIdManager)
[2020-04-16 11:57:05,517] INFO [Transaction State Manager 6]: Shutdown complete (kafka.coordinator.transaction.TransactionStateManager)
[2020-04-16 11:57:05,518] INFO [Transaction Marker Channel Manager 6]: Shutting down (kafka.coordinator.transaction.TransactionMarkerChannelManager)
[2020-04-16 11:57:05,518] INFO [Transaction Marker Channel Manager 6]: Stopped (kafka.coordinator.transaction.TransactionMarkerChannelManager)
[2020-04-16 11:57:05,518] INFO [Transaction Marker Channel Manager 6]: Shutdown completed (kafka.coordinator.transaction.TransactionMarkerChannelManager)
[2020-04-16 11:57:05,520] INFO [TransactionCoordinator id=6] Shutdown complete. (kafka.coordinator.transaction.TransactionCoordinator)
[2020-04-16 11:57:05,522] INFO [GroupCoordinator 6]: Shutting down. (kafka.coordinator.group.GroupCoordinator)
[2020-04-16 11:57:05,523] INFO [ExpirationReaper-6-Heartbeat]: Shutting down (kafka.server.DelayedOperationPurgatory$ExpiredOperationReaper)
[2020-04-16 11:57:05,701] INFO [ExpirationReaper-6-Heartbeat]: Stopped (kafka.server.DelayedOperationPurgatory$ExpiredOperationReaper)
[2020-04-16 11:57:05,701] INFO [ExpirationReaper-6-Heartbeat]: Shutdown completed (kafka.server.DelayedOperationPurgatory$ExpiredOperationReaper)
[2020-04-16 11:57:05,702] INFO [ExpirationReaper-6-Rebalance]: Shutting down (kafka.server.DelayedOperationPurgatory$ExpiredOperationReaper)
[2020-04-16 11:57:05,899] INFO [ExpirationReaper-6-Rebalance]: Stopped (kafka.server.DelayedOperationPurgatory$ExpiredOperationReaper)
[2020-04-16 11:57:05,899] INFO [ExpirationReaper-6-Rebalance]: Shutdown completed (kafka.server.DelayedOperationPurgatory$ExpiredOperationReaper)
[2020-04-16 11:57:05,901] INFO [GroupCoordinator 6]: Shutdown complete. (kafka.coordinator.group.GroupCoordinator)
[2020-04-16 11:57:05,903] INFO [ReplicaManager broker=6] Shutting down (kafka.server.ReplicaManager)
[2020-04-16 11:57:05,903] INFO [LogDirFailureHandler]: Shutting down (kafka.server.ReplicaManager$LogDirFailureHandler)
[2020-04-16 11:57:05,904] INFO [LogDirFailureHandler]: Stopped (kafka.server.ReplicaManager$LogDirFailureHandler)
[2020-04-16 11:57:05,905] INFO [LogDirFailureHandler]: Shutdown completed (kafka.server.ReplicaManager$LogDirFailureHandler)
[2020-04-16 11:57:05,906] INFO [ReplicaFetcherManager on broker 6] shutting down (kafka.server.ReplicaFetcherManager)
[2020-04-16 11:57:05,910] INFO [ReplicaFetcherManager on broker 6] shutdown completed (kafka.server.ReplicaFetcherManager)
[2020-04-16 11:57:05,911] INFO [ReplicaAlterLogDirsManager on broker 6] shutting down (kafka.server.ReplicaAlterLogDirsManager)
[2020-04-16 11:57:05,912] INFO [ReplicaAlterLogDirsManager on broker 6] shutdown completed (kafka.server.ReplicaAlterLogDirsManager)
[2020-04-16 11:57:05,912] INFO [ExpirationReaper-6-Fetch]: Shutting down (kafka.server.DelayedOperationPurgatory$ExpiredOperationReaper)
[2020-04-16 11:57:05,978] INFO [ExpirationReaper-6-Fetch]: Stopped (kafka.server.DelayedOperationPurgatory$ExpiredOperationReaper)
[2020-04-16 11:57:05,980] INFO [ExpirationReaper-6-Fetch]: Shutdown completed (kafka.server.DelayedOperationPurgatory$ExpiredOperationReaper)
[2020-04-16 11:57:05,980] INFO [ExpirationReaper-6-Produce]: Shutting down (kafka.server.DelayedOperationPurgatory$ExpiredOperationReaper)
[2020-04-16 11:57:06,115] INFO [ExpirationReaper-6-Produce]: Stopped (kafka.server.DelayedOperationPurgatory$ExpiredOperationReaper)
[2020-04-16 11:57:06,115] INFO [ExpirationReaper-6-Produce]: Shutdown completed (kafka.server.DelayedOperationPurgatory$ExpiredOperationReaper)
[2020-04-16 11:57:06,116] INFO [ExpirationReaper-6-DeleteRecords]: Shutting down (kafka.server.DelayedOperationPurgatory$ExpiredOperationReaper)
[2020-04-16 11:57:06,117] INFO [ExpirationReaper-6-DeleteRecords]: Stopped (kafka.server.DelayedOperationPurgatory$ExpiredOperationReaper)
[2020-04-16 11:57:06,117] INFO [ExpirationReaper-6-DeleteRecords]: Shutdown completed (kafka.server.DelayedOperationPurgatory$ExpiredOperationReaper)
[2020-04-16 11:57:06,117] INFO [ExpirationReaper-6-ElectLeader]: Shutting down (kafka.server.DelayedOperationPurgatory$ExpiredOperationReaper)
[2020-04-16 11:57:06,308] INFO [ExpirationReaper-6-ElectLeader]: Stopped (kafka.server.DelayedOperationPurgatory$ExpiredOperationReaper)
[2020-04-16 11:57:06,308] INFO [ExpirationReaper-6-ElectLeader]: Shutdown completed (kafka.server.DelayedOperationPurgatory$ExpiredOperationReaper)
[2020-04-16 11:57:06,311] INFO [ReplicaManager broker=6] Shut down completely (kafka.server.ReplicaManager)
[2020-04-16 11:57:06,313] INFO Shutting down. (kafka.log.LogManager)
[2020-04-16 11:57:06,375] WARN [Controller id=6, targetBrokerId=2] Connection to node 2 (bumblebee/127.0.1.1:9094) could not be established. Broker may not be available. (org.apache.kafka.clients.NetworkClient)
[2020-04-16 11:57:06,377] WARN [Controller id=6, targetBrokerId=6] Connection to node 6 (bumblebee/127.0.1.1:9098) could not be established. Broker may not be available. (org.apache.kafka.clients.NetworkClient)
[2020-04-16 11:57:06,381] WARN [Controller id=6, targetBrokerId=7] Connection to node 7 (bumblebee/127.0.1.1:9099) could not be established. Broker may not be available. (org.apache.kafka.clients.NetworkClient)
[2020-04-16 11:57:06,431] INFO Shutdown complete. (kafka.log.LogManager)
[2020-04-16 11:57:06,463] INFO [ZooKeeperClient Kafka server] Closing. (kafka.zookeeper.ZooKeeperClient)
[2020-04-16 11:57:06,583] INFO Session: 0x100006f05530006 closed (org.apache.zookeeper.ZooKeeper)
[2020-04-16 11:57:06,587] INFO EventThread shut down for session: 0x100006f05530006 (org.apache.zookeeper.ClientCnxn)
[2020-04-16 11:57:06,591] INFO [ZooKeeperClient Kafka server] Closed. (kafka.zookeeper.ZooKeeperClient)
[2020-04-16 11:57:06,591] INFO [ThrottledChannelReaper-Fetch]: Shutting down (kafka.server.ClientQuotaManager$ThrottledChannelReaper)
[2020-04-16 11:57:06,599] INFO [ThrottledChannelReaper-Fetch]: Stopped (kafka.server.ClientQuotaManager$ThrottledChannelReaper)
[2020-04-16 11:57:06,602] INFO [ThrottledChannelReaper-Fetch]: Shutdown completed (kafka.server.ClientQuotaManager$ThrottledChannelReaper)
[2020-04-16 11:57:06,602] INFO [ThrottledChannelReaper-Produce]: Shutting down (kafka.server.ClientQuotaManager$ThrottledChannelReaper)
[2020-04-16 11:57:07,589] INFO [ThrottledChannelReaper-Produce]: Stopped (kafka.server.ClientQuotaManager$ThrottledChannelReaper)
[2020-04-16 11:57:07,590] INFO [ThrottledChannelReaper-Produce]: Shutdown completed (kafka.server.ClientQuotaManager$ThrottledChannelReaper)
[2020-04-16 11:57:07,590] INFO [ThrottledChannelReaper-Request]: Shutting down (kafka.server.ClientQuotaManager$ThrottledChannelReaper)
[2020-04-16 11:57:07,601] INFO [ThrottledChannelReaper-Request]: Stopped (kafka.server.ClientQuotaManager$ThrottledChannelReaper)
[2020-04-16 11:57:07,601] INFO [ThrottledChannelReaper-Request]: Shutdown completed (kafka.server.ClientQuotaManager$ThrottledChannelReaper)
[2020-04-16 11:57:07,611] INFO [SocketServer brokerId=6] Shutting down socket server (kafka.network.SocketServer)
[2020-04-16 11:57:07,910] INFO [SocketServer brokerId=6] Shutdown completed (kafka.network.SocketServer)
[2020-04-16 11:57:07,950] INFO [KafkaServer id=6] shut down completed (kafka.server.KafkaServer)
