[2020-04-16 11:51:03,982] INFO Registered kafka:type=kafka.Log4jController MBean (kafka.utils.Log4jControllerRegistration$)
[2020-04-16 11:51:07,447] INFO Registered signal handlers for TERM, INT, HUP (org.apache.kafka.common.utils.LoggingSignalHandler)
[2020-04-16 11:51:07,449] INFO starting (kafka.server.KafkaServer)
[2020-04-16 11:51:07,458] INFO Connecting to zookeeper on localhost:2181 (kafka.server.KafkaServer)
[2020-04-16 11:51:07,613] INFO [ZooKeeperClient Kafka server] Initializing a new session to localhost:2181. (kafka.zookeeper.ZooKeeperClient)
[2020-04-16 11:51:07,647] INFO Client environment:zookeeper.version=3.5.7-f0fdd52973d373ffd9c86b81d99842dc2c7f660e, built on 02/10/2020 11:30 GMT (org.apache.zookeeper.ZooKeeper)
[2020-04-16 11:51:07,647] INFO Client environment:host.name=bumblebee (org.apache.zookeeper.ZooKeeper)
[2020-04-16 11:51:07,647] INFO Client environment:java.version=1.8.0_242 (org.apache.zookeeper.ZooKeeper)
[2020-04-16 11:51:07,648] INFO Client environment:java.vendor=Oracle Corporation (org.apache.zookeeper.ZooKeeper)
[2020-04-16 11:51:07,648] INFO Client environment:java.home=/usr/lib/jvm/java-8-openjdk/jre (org.apache.zookeeper.ZooKeeper)
[2020-04-16 11:51:07,649] INFO Client environment:java.class.path=/home/user/Desktop/ZiTh0s/docs/uni/2ºSemestre/AS/projeto2/AS-Project2/PA2_T2G01/src/main/java/com/as/pa2_t2g01/Scripts/kafka_2.12-2.4.1/bin/../libs/activation-1.1.1.jar:/home/user/Desktop/ZiTh0s/docs/uni/2ºSemestre/AS/projeto2/AS-Project2/PA2_T2G01/src/main/java/com/as/pa2_t2g01/Scripts/kafka_2.12-2.4.1/bin/../libs/aopalliance-repackaged-2.5.0.jar:/home/user/Desktop/ZiTh0s/docs/uni/2ºSemestre/AS/projeto2/AS-Project2/PA2_T2G01/src/main/java/com/as/pa2_t2g01/Scripts/kafka_2.12-2.4.1/bin/../libs/argparse4j-0.7.0.jar:/home/user/Desktop/ZiTh0s/docs/uni/2ºSemestre/AS/projeto2/AS-Project2/PA2_T2G01/src/main/java/com/as/pa2_t2g01/Scripts/kafka_2.12-2.4.1/bin/../libs/audience-annotations-0.5.0.jar:/home/user/Desktop/ZiTh0s/docs/uni/2ºSemestre/AS/projeto2/AS-Project2/PA2_T2G01/src/main/java/com/as/pa2_t2g01/Scripts/kafka_2.12-2.4.1/bin/../libs/commons-cli-1.4.jar:/home/user/Desktop/ZiTh0s/docs/uni/2ºSemestre/AS/projeto2/AS-Project2/PA2_T2G01/src/main/java/com/as/pa2_t2g01/Scripts/kafka_2.12-2.4.1/bin/../libs/commons-lang3-3.8.1.jar:/home/user/Desktop/ZiTh0s/docs/uni/2ºSemestre/AS/projeto2/AS-Project2/PA2_T2G01/src/main/java/com/as/pa2_t2g01/Scripts/kafka_2.12-2.4.1/bin/../libs/connect-api-2.4.1.jar:/home/user/Desktop/ZiTh0s/docs/uni/2ºSemestre/AS/projeto2/AS-Project2/PA2_T2G01/src/main/java/com/as/pa2_t2g01/Scripts/kafka_2.12-2.4.1/bin/../libs/connect-basic-auth-extension-2.4.1.jar:/home/user/Desktop/ZiTh0s/docs/uni/2ºSemestre/AS/projeto2/AS-Project2/PA2_T2G01/src/main/java/com/as/pa2_t2g01/Scripts/kafka_2.12-2.4.1/bin/../libs/connect-file-2.4.1.jar:/home/user/Desktop/ZiTh0s/docs/uni/2ºSemestre/AS/projeto2/AS-Project2/PA2_T2G01/src/main/java/com/as/pa2_t2g01/Scripts/kafka_2.12-2.4.1/bin/../libs/connect-json-2.4.1.jar:/home/user/Desktop/ZiTh0s/docs/uni/2ºSemestre/AS/projeto2/AS-Project2/PA2_T2G01/src/main/java/com/as/pa2_t2g01/Scripts/kafka_2.12-2.4.1/bin/../libs/connect-mirror-2.4.1.jar:/home/user/Desktop/ZiTh0s/docs/uni/2ºSemestre/AS/projeto2/AS-Project2/PA2_T2G01/src/main/java/com/as/pa2_t2g01/Scripts/kafka_2.12-2.4.1/bin/../libs/connect-mirror-client-2.4.1.jar:/home/user/Desktop/ZiTh0s/docs/uni/2ºSemestre/AS/projeto2/AS-Project2/PA2_T2G01/src/main/java/com/as/pa2_t2g01/Scripts/kafka_2.12-2.4.1/bin/../libs/connect-runtime-2.4.1.jar:/home/user/Desktop/ZiTh0s/docs/uni/2ºSemestre/AS/projeto2/AS-Project2/PA2_T2G01/src/main/java/com/as/pa2_t2g01/Scripts/kafka_2.12-2.4.1/bin/../libs/connect-transforms-2.4.1.jar:/home/user/Desktop/ZiTh0s/docs/uni/2ºSemestre/AS/projeto2/AS-Project2/PA2_T2G01/src/main/java/com/as/pa2_t2g01/Scripts/kafka_2.12-2.4.1/bin/../libs/guava-20.0.jar:/home/user/Desktop/ZiTh0s/docs/uni/2ºSemestre/AS/projeto2/AS-Project2/PA2_T2G01/src/main/java/com/as/pa2_t2g01/Scripts/kafka_2.12-2.4.1/bin/../libs/hk2-api-2.5.0.jar:/home/user/Desktop/ZiTh0s/docs/uni/2ºSemestre/AS/projeto2/AS-Project2/PA2_T2G01/src/main/java/com/as/pa2_t2g01/Scripts/kafka_2.12-2.4.1/bin/../libs/hk2-locator-2.5.0.jar:/home/user/Desktop/ZiTh0s/docs/uni/2ºSemestre/AS/projeto2/AS-Project2/PA2_T2G01/src/main/java/com/as/pa2_t2g01/Scripts/kafka_2.12-2.4.1/bin/../libs/hk2-utils-2.5.0.jar:/home/user/Desktop/ZiTh0s/docs/uni/2ºSemestre/AS/projeto2/AS-Project2/PA2_T2G01/src/main/java/com/as/pa2_t2g01/Scripts/kafka_2.12-2.4.1/bin/../libs/jackson-annotations-2.10.0.jar:/home/user/Desktop/ZiTh0s/docs/uni/2ºSemestre/AS/projeto2/AS-Project2/PA2_T2G01/src/main/java/com/as/pa2_t2g01/Scripts/kafka_2.12-2.4.1/bin/../libs/jackson-core-2.10.0.jar:/home/user/Desktop/ZiTh0s/docs/uni/2ºSemestre/AS/projeto2/AS-Project2/PA2_T2G01/src/main/java/com/as/pa2_t2g01/Scripts/kafka_2.12-2.4.1/bin/../libs/jackson-databind-2.10.0.jar:/home/user/Desktop/ZiTh0s/docs/uni/2ºSemestre/AS/projeto2/AS-Project2/PA2_T2G01/src/main/java/com/as/pa2_t2g01/Scripts/kafka_2.12-2.4.1/bin/../libs/jackson-dataformat-csv-2.10.0.jar:/home/user/Desktop/ZiTh0s/docs/uni/2ºSemestre/AS/projeto2/AS-Project2/PA2_T2G01/src/main/java/com/as/pa2_t2g01/Scripts/kafka_2.12-2.4.1/bin/../libs/jackson-datatype-jdk8-2.10.0.jar:/home/user/Desktop/ZiTh0s/docs/uni/2ºSemestre/AS/projeto2/AS-Project2/PA2_T2G01/src/main/java/com/as/pa2_t2g01/Scripts/kafka_2.12-2.4.1/bin/../libs/jackson-jaxrs-base-2.10.0.jar:/home/user/Desktop/ZiTh0s/docs/uni/2ºSemestre/AS/projeto2/AS-Project2/PA2_T2G01/src/main/java/com/as/pa2_t2g01/Scripts/kafka_2.12-2.4.1/bin/../libs/jackson-jaxrs-json-provider-2.10.0.jar:/home/user/Desktop/ZiTh0s/docs/uni/2ºSemestre/AS/projeto2/AS-Project2/PA2_T2G01/src/main/java/com/as/pa2_t2g01/Scripts/kafka_2.12-2.4.1/bin/../libs/jackson-module-jaxb-annotations-2.10.0.jar:/home/user/Desktop/ZiTh0s/docs/uni/2ºSemestre/AS/projeto2/AS-Project2/PA2_T2G01/src/main/java/com/as/pa2_t2g01/Scripts/kafka_2.12-2.4.1/bin/../libs/jackson-module-paranamer-2.10.0.jar:/home/user/Desktop/ZiTh0s/docs/uni/2ºSemestre/AS/projeto2/AS-Project2/PA2_T2G01/src/main/java/com/as/pa2_t2g01/Scripts/kafka_2.12-2.4.1/bin/../libs/jackson-module-scala_2.12-2.10.0.jar:/home/user/Desktop/ZiTh0s/docs/uni/2ºSemestre/AS/projeto2/AS-Project2/PA2_T2G01/src/main/java/com/as/pa2_t2g01/Scripts/kafka_2.12-2.4.1/bin/../libs/jakarta.activation-api-1.2.1.jar:/home/user/Desktop/ZiTh0s/docs/uni/2ºSemestre/AS/projeto2/AS-Project2/PA2_T2G01/src/main/java/com/as/pa2_t2g01/Scripts/kafka_2.12-2.4.1/bin/../libs/jakarta.annotation-api-1.3.4.jar:/home/user/Desktop/ZiTh0s/docs/uni/2ºSemestre/AS/projeto2/AS-Project2/PA2_T2G01/src/main/java/com/as/pa2_t2g01/Scripts/kafka_2.12-2.4.1/bin/../libs/jakarta.inject-2.5.0.jar:/home/user/Desktop/ZiTh0s/docs/uni/2ºSemestre/AS/projeto2/AS-Project2/PA2_T2G01/src/main/java/com/as/pa2_t2g01/Scripts/kafka_2.12-2.4.1/bin/../libs/jakarta.ws.rs-api-2.1.5.jar:/home/user/Desktop/ZiTh0s/docs/uni/2ºSemestre/AS/projeto2/AS-Project2/PA2_T2G01/src/main/java/com/as/pa2_t2g01/Scripts/kafka_2.12-2.4.1/bin/../libs/jakarta.xml.bind-api-2.3.2.jar:/home/user/Desktop/ZiTh0s/docs/uni/2ºSemestre/AS/projeto2/AS-Project2/PA2_T2G01/src/main/java/com/as/pa2_t2g01/Scripts/kafka_2.12-2.4.1/bin/../libs/javassist-3.22.0-CR2.jar:/home/user/Desktop/ZiTh0s/docs/uni/2ºSemestre/AS/projeto2/AS-Project2/PA2_T2G01/src/main/java/com/as/pa2_t2g01/Scripts/kafka_2.12-2.4.1/bin/../libs/javax.servlet-api-3.1.0.jar:/home/user/Desktop/ZiTh0s/docs/uni/2ºSemestre/AS/projeto2/AS-Project2/PA2_T2G01/src/main/java/com/as/pa2_t2g01/Scripts/kafka_2.12-2.4.1/bin/../libs/javax.ws.rs-api-2.1.1.jar:/home/user/Desktop/ZiTh0s/docs/uni/2ºSemestre/AS/projeto2/AS-Project2/PA2_T2G01/src/main/java/com/as/pa2_t2g01/Scripts/kafka_2.12-2.4.1/bin/../libs/jaxb-api-2.3.0.jar:/home/user/Desktop/ZiTh0s/docs/uni/2ºSemestre/AS/projeto2/AS-Project2/PA2_T2G01/src/main/java/com/as/pa2_t2g01/Scripts/kafka_2.12-2.4.1/bin/../libs/jersey-client-2.28.jar:/home/user/Desktop/ZiTh0s/docs/uni/2ºSemestre/AS/projeto2/AS-Project2/PA2_T2G01/src/main/java/com/as/pa2_t2g01/Scripts/kafka_2.12-2.4.1/bin/../libs/jersey-common-2.28.jar:/home/user/Desktop/ZiTh0s/docs/uni/2ºSemestre/AS/projeto2/AS-Project2/PA2_T2G01/src/main/java/com/as/pa2_t2g01/Scripts/kafka_2.12-2.4.1/bin/../libs/jersey-container-servlet-2.28.jar:/home/user/Desktop/ZiTh0s/docs/uni/2ºSemestre/AS/projeto2/AS-Project2/PA2_T2G01/src/main/java/com/as/pa2_t2g01/Scripts/kafka_2.12-2.4.1/bin/../libs/jersey-container-servlet-core-2.28.jar:/home/user/Desktop/ZiTh0s/docs/uni/2ºSemestre/AS/projeto2/AS-Project2/PA2_T2G01/src/main/java/com/as/pa2_t2g01/Scripts/kafka_2.12-2.4.1/bin/../libs/jersey-hk2-2.28.jar:/home/user/Desktop/ZiTh0s/docs/uni/2ºSemestre/AS/projeto2/AS-Project2/PA2_T2G01/src/main/java/com/as/pa2_t2g01/Scripts/kafka_2.12-2.4.1/bin/../libs/jersey-media-jaxb-2.28.jar:/home/user/Desktop/ZiTh0s/docs/uni/2ºSemestre/AS/projeto2/AS-Project2/PA2_T2G01/src/main/java/com/as/pa2_t2g01/Scripts/kafka_2.12-2.4.1/bin/../libs/jersey-server-2.28.jar:/home/user/Desktop/ZiTh0s/docs/uni/2ºSemestre/AS/projeto2/AS-Project2/PA2_T2G01/src/main/java/com/as/pa2_t2g01/Scripts/kafka_2.12-2.4.1/bin/../libs/jetty-client-9.4.20.v20190813.jar:/home/user/Desktop/ZiTh0s/docs/uni/2ºSemestre/AS/projeto2/AS-Project2/PA2_T2G01/src/main/java/com/as/pa2_t2g01/Scripts/kafka_2.12-2.4.1/bin/../libs/jetty-continuation-9.4.20.v20190813.jar:/home/user/Desktop/ZiTh0s/docs/uni/2ºSemestre/AS/projeto2/AS-Project2/PA2_T2G01/src/main/java/com/as/pa2_t2g01/Scripts/kafka_2.12-2.4.1/bin/../libs/jetty-http-9.4.20.v20190813.jar:/home/user/Desktop/ZiTh0s/docs/uni/2ºSemestre/AS/projeto2/AS-Project2/PA2_T2G01/src/main/java/com/as/pa2_t2g01/Scripts/kafka_2.12-2.4.1/bin/../libs/jetty-io-9.4.20.v20190813.jar:/home/user/Desktop/ZiTh0s/docs/uni/2ºSemestre/AS/projeto2/AS-Project2/PA2_T2G01/src/main/java/com/as/pa2_t2g01/Scripts/kafka_2.12-2.4.1/bin/../libs/jetty-security-9.4.20.v20190813.jar:/home/user/Desktop/ZiTh0s/docs/uni/2ºSemestre/AS/projeto2/AS-Project2/PA2_T2G01/src/main/java/com/as/pa2_t2g01/Scripts/kafka_2.12-2.4.1/bin/../libs/jetty-server-9.4.20.v20190813.jar:/home/user/Desktop/ZiTh0s/docs/uni/2ºSemestre/AS/projeto2/AS-Project2/PA2_T2G01/src/main/java/com/as/pa2_t2g01/Scripts/kafka_2.12-2.4.1/bin/../libs/jetty-servlet-9.4.20.v20190813.jar:/home/user/Desktop/ZiTh0s/docs/uni/2ºSemestre/AS/projeto2/AS-Project2/PA2_T2G01/src/main/java/com/as/pa2_t2g01/Scripts/kafka_2.12-2.4.1/bin/../libs/jetty-servlets-9.4.20.v20190813.jar:/home/user/Desktop/ZiTh0s/docs/uni/2ºSemestre/AS/projeto2/AS-Project2/PA2_T2G01/src/main/java/com/as/pa2_t2g01/Scripts/kafka_2.12-2.4.1/bin/../libs/jetty-util-9.4.20.v20190813.jar:/home/user/Desktop/ZiTh0s/docs/uni/2ºSemestre/AS/projeto2/AS-Project2/PA2_T2G01/src/main/java/com/as/pa2_t2g01/Scripts/kafka_2.12-2.4.1/bin/../libs/jopt-simple-5.0.4.jar:/home/user/Desktop/ZiTh0s/docs/uni/2ºSemestre/AS/projeto2/AS-Project2/PA2_T2G01/src/main/java/com/as/pa2_t2g01/Scripts/kafka_2.12-2.4.1/bin/../libs/kafka_2.12-2.4.1.jar:/home/user/Desktop/ZiTh0s/docs/uni/2ºSemestre/AS/projeto2/AS-Project2/PA2_T2G01/src/main/java/com/as/pa2_t2g01/Scripts/kafka_2.12-2.4.1/bin/../libs/kafka_2.12-2.4.1-sources.jar:/home/user/Desktop/ZiTh0s/docs/uni/2ºSemestre/AS/projeto2/AS-Project2/PA2_T2G01/src/main/java/com/as/pa2_t2g01/Scripts/kafka_2.12-2.4.1/bin/../libs/kafka-clients-2.4.1.jar:/home/user/Desktop/ZiTh0s/docs/uni/2ºSemestre/AS/projeto2/AS-Project2/PA2_T2G01/src/main/java/com/as/pa2_t2g01/Scripts/kafka_2.12-2.4.1/bin/../libs/kafka-log4j-appender-2.4.1.jar:/home/user/Desktop/ZiTh0s/docs/uni/2ºSemestre/AS/projeto2/AS-Project2/PA2_T2G01/src/main/java/com/as/pa2_t2g01/Scripts/kafka_2.12-2.4.1/bin/../libs/kafka-streams-2.4.1.jar:/home/user/Desktop/ZiTh0s/docs/uni/2ºSemestre/AS/projeto2/AS-Project2/PA2_T2G01/src/main/java/com/as/pa2_t2g01/Scripts/kafka_2.12-2.4.1/bin/../libs/kafka-streams-examples-2.4.1.jar:/home/user/Desktop/ZiTh0s/docs/uni/2ºSemestre/AS/projeto2/AS-Project2/PA2_T2G01/src/main/java/com/as/pa2_t2g01/Scripts/kafka_2.12-2.4.1/bin/../libs/kafka-streams-scala_2.12-2.4.1.jar:/home/user/Desktop/ZiTh0s/docs/uni/2ºSemestre/AS/projeto2/AS-Project2/PA2_T2G01/src/main/java/com/as/pa2_t2g01/Scripts/kafka_2.12-2.4.1/bin/../libs/kafka-streams-test-utils-2.4.1.jar:/home/user/Desktop/ZiTh0s/docs/uni/2ºSemestre/AS/projeto2/AS-Project2/PA2_T2G01/src/main/java/com/as/pa2_t2g01/Scripts/kafka_2.12-2.4.1/bin/../libs/kafka-tools-2.4.1.jar:/home/user/Desktop/ZiTh0s/docs/uni/2ºSemestre/AS/projeto2/AS-Project2/PA2_T2G01/src/main/java/com/as/pa2_t2g01/Scripts/kafka_2.12-2.4.1/bin/../libs/log4j-1.2.17.jar:/home/user/Desktop/ZiTh0s/docs/uni/2ºSemestre/AS/projeto2/AS-Project2/PA2_T2G01/src/main/java/com/as/pa2_t2g01/Scripts/kafka_2.12-2.4.1/bin/../libs/lz4-java-1.6.0.jar:/home/user/Desktop/ZiTh0s/docs/uni/2ºSemestre/AS/projeto2/AS-Project2/PA2_T2G01/src/main/java/com/as/pa2_t2g01/Scripts/kafka_2.12-2.4.1/bin/../libs/maven-artifact-3.6.1.jar:/home/user/Desktop/ZiTh0s/docs/uni/2ºSemestre/AS/projeto2/AS-Project2/PA2_T2G01/src/main/java/com/as/pa2_t2g01/Scripts/kafka_2.12-2.4.1/bin/../libs/metrics-core-2.2.0.jar:/home/user/Desktop/ZiTh0s/docs/uni/2ºSemestre/AS/projeto2/AS-Project2/PA2_T2G01/src/main/java/com/as/pa2_t2g01/Scripts/kafka_2.12-2.4.1/bin/../libs/netty-buffer-4.1.45.Final.jar:/home/user/Desktop/ZiTh0s/docs/uni/2ºSemestre/AS/projeto2/AS-Project2/PA2_T2G01/src/main/java/com/as/pa2_t2g01/Scripts/kafka_2.12-2.4.1/bin/../libs/netty-codec-4.1.45.Final.jar:/home/user/Desktop/ZiTh0s/docs/uni/2ºSemestre/AS/projeto2/AS-Project2/PA2_T2G01/src/main/java/com/as/pa2_t2g01/Scripts/kafka_2.12-2.4.1/bin/../libs/netty-common-4.1.45.Final.jar:/home/user/Desktop/ZiTh0s/docs/uni/2ºSemestre/AS/projeto2/AS-Project2/PA2_T2G01/src/main/java/com/as/pa2_t2g01/Scripts/kafka_2.12-2.4.1/bin/../libs/netty-handler-4.1.45.Final.jar:/home/user/Desktop/ZiTh0s/docs/uni/2ºSemestre/AS/projeto2/AS-Project2/PA2_T2G01/src/main/java/com/as/pa2_t2g01/Scripts/kafka_2.12-2.4.1/bin/../libs/netty-resolver-4.1.45.Final.jar:/home/user/Desktop/ZiTh0s/docs/uni/2ºSemestre/AS/projeto2/AS-Project2/PA2_T2G01/src/main/java/com/as/pa2_t2g01/Scripts/kafka_2.12-2.4.1/bin/../libs/netty-transport-4.1.45.Final.jar:/home/user/Desktop/ZiTh0s/docs/uni/2ºSemestre/AS/projeto2/AS-Project2/PA2_T2G01/src/main/java/com/as/pa2_t2g01/Scripts/kafka_2.12-2.4.1/bin/../libs/netty-transport-native-epoll-4.1.45.Final.jar:/home/user/Desktop/ZiTh0s/docs/uni/2ºSemestre/AS/projeto2/AS-Project2/PA2_T2G01/src/main/java/com/as/pa2_t2g01/Scripts/kafka_2.12-2.4.1/bin/../libs/netty-transport-native-unix-common-4.1.45.Final.jar:/home/user/Desktop/ZiTh0s/docs/uni/2ºSemestre/AS/projeto2/AS-Project2/PA2_T2G01/src/main/java/com/as/pa2_t2g01/Scripts/kafka_2.12-2.4.1/bin/../libs/osgi-resource-locator-1.0.1.jar:/home/user/Desktop/ZiTh0s/docs/uni/2ºSemestre/AS/projeto2/AS-Project2/PA2_T2G01/src/main/java/com/as/pa2_t2g01/Scripts/kafka_2.12-2.4.1/bin/../libs/paranamer-2.8.jar:/home/user/Desktop/ZiTh0s/docs/uni/2ºSemestre/AS/projeto2/AS-Project2/PA2_T2G01/src/main/java/com/as/pa2_t2g01/Scripts/kafka_2.12-2.4.1/bin/../libs/plexus-utils-3.2.0.jar:/home/user/Desktop/ZiTh0s/docs/uni/2ºSemestre/AS/projeto2/AS-Project2/PA2_T2G01/src/main/java/com/as/pa2_t2g01/Scripts/kafka_2.12-2.4.1/bin/../libs/reflections-0.9.11.jar:/home/user/Desktop/ZiTh0s/docs/uni/2ºSemestre/AS/projeto2/AS-Project2/PA2_T2G01/src/main/java/com/as/pa2_t2g01/Scripts/kafka_2.12-2.4.1/bin/../libs/rocksdbjni-5.18.3.jar:/home/user/Desktop/ZiTh0s/docs/uni/2ºSemestre/AS/projeto2/AS-Project2/PA2_T2G01/src/main/java/com/as/pa2_t2g01/Scripts/kafka_2.12-2.4.1/bin/../libs/scala-collection-compat_2.12-2.1.2.jar:/home/user/Desktop/ZiTh0s/docs/uni/2ºSemestre/AS/projeto2/AS-Project2/PA2_T2G01/src/main/java/com/as/pa2_t2g01/Scripts/kafka_2.12-2.4.1/bin/../libs/scala-java8-compat_2.12-0.9.0.jar:/home/user/Desktop/ZiTh0s/docs/uni/2ºSemestre/AS/projeto2/AS-Project2/PA2_T2G01/src/main/java/com/as/pa2_t2g01/Scripts/kafka_2.12-2.4.1/bin/../libs/scala-library-2.12.10.jar:/home/user/Desktop/ZiTh0s/docs/uni/2ºSemestre/AS/projeto2/AS-Project2/PA2_T2G01/src/main/java/com/as/pa2_t2g01/Scripts/kafka_2.12-2.4.1/bin/../libs/scala-logging_2.12-3.9.2.jar:/home/user/Desktop/ZiTh0s/docs/uni/2ºSemestre/AS/projeto2/AS-Project2/PA2_T2G01/src/main/java/com/as/pa2_t2g01/Scripts/kafka_2.12-2.4.1/bin/../libs/scala-reflect-2.12.10.jar:/home/user/Desktop/ZiTh0s/docs/uni/2ºSemestre/AS/projeto2/AS-Project2/PA2_T2G01/src/main/java/com/as/pa2_t2g01/Scripts/kafka_2.12-2.4.1/bin/../libs/slf4j-api-1.7.28.jar:/home/user/Desktop/ZiTh0s/docs/uni/2ºSemestre/AS/projeto2/AS-Project2/PA2_T2G01/src/main/java/com/as/pa2_t2g01/Scripts/kafka_2.12-2.4.1/bin/../libs/slf4j-log4j12-1.7.28.jar:/home/user/Desktop/ZiTh0s/docs/uni/2ºSemestre/AS/projeto2/AS-Project2/PA2_T2G01/src/main/java/com/as/pa2_t2g01/Scripts/kafka_2.12-2.4.1/bin/../libs/snappy-java-1.1.7.3.jar:/home/user/Desktop/ZiTh0s/docs/uni/2ºSemestre/AS/projeto2/AS-Project2/PA2_T2G01/src/main/java/com/as/pa2_t2g01/Scripts/kafka_2.12-2.4.1/bin/../libs/validation-api-2.0.1.Final.jar:/home/user/Desktop/ZiTh0s/docs/uni/2ºSemestre/AS/projeto2/AS-Project2/PA2_T2G01/src/main/java/com/as/pa2_t2g01/Scripts/kafka_2.12-2.4.1/bin/../libs/zookeeper-3.5.7.jar:/home/user/Desktop/ZiTh0s/docs/uni/2ºSemestre/AS/projeto2/AS-Project2/PA2_T2G01/src/main/java/com/as/pa2_t2g01/Scripts/kafka_2.12-2.4.1/bin/../libs/zookeeper-jute-3.5.7.jar:/home/user/Desktop/ZiTh0s/docs/uni/2ºSemestre/AS/projeto2/AS-Project2/PA2_T2G01/src/main/java/com/as/pa2_t2g01/Scripts/kafka_2.12-2.4.1/bin/../libs/zstd-jni-1.4.3-1.jar (org.apache.zookeeper.ZooKeeper)
[2020-04-16 11:51:07,653] INFO Client environment:java.library.path=/usr/java/packages/lib/amd64:/usr/lib64:/lib64:/lib:/usr/lib (org.apache.zookeeper.ZooKeeper)
[2020-04-16 11:51:07,653] INFO Client environment:java.io.tmpdir=/tmp (org.apache.zookeeper.ZooKeeper)
[2020-04-16 11:51:07,653] INFO Client environment:java.compiler=<NA> (org.apache.zookeeper.ZooKeeper)
[2020-04-16 11:51:07,653] INFO Client environment:os.name=Linux (org.apache.zookeeper.ZooKeeper)
[2020-04-16 11:51:07,653] INFO Client environment:os.arch=amd64 (org.apache.zookeeper.ZooKeeper)
[2020-04-16 11:51:07,653] INFO Client environment:os.version=5.4.31-1-MANJARO (org.apache.zookeeper.ZooKeeper)
[2020-04-16 11:51:07,653] INFO Client environment:user.name=user (org.apache.zookeeper.ZooKeeper)
[2020-04-16 11:51:07,653] INFO Client environment:user.home=/home/user (org.apache.zookeeper.ZooKeeper)
[2020-04-16 11:51:07,654] INFO Client environment:user.dir=/home/user/Desktop/ZiTh0s/docs/uni/2ºSemestre/AS/projeto2/AS-Project2/PA2_T2G01/src/main/java/com/as/pa2_t2g01/Scripts (org.apache.zookeeper.ZooKeeper)
[2020-04-16 11:51:07,654] INFO Client environment:os.memory.free=975MB (org.apache.zookeeper.ZooKeeper)
[2020-04-16 11:51:07,654] INFO Client environment:os.memory.max=1024MB (org.apache.zookeeper.ZooKeeper)
[2020-04-16 11:51:07,654] INFO Client environment:os.memory.total=1024MB (org.apache.zookeeper.ZooKeeper)
[2020-04-16 11:51:07,661] INFO Initiating client connection, connectString=localhost:2181 sessionTimeout=6000 watcher=kafka.zookeeper.ZooKeeperClient$ZooKeeperClientWatcher$@3d51f06e (org.apache.zookeeper.ZooKeeper)
[2020-04-16 11:51:07,676] INFO Setting -D jdk.tls.rejectClientInitiatedRenegotiation=true to disable client-initiated TLS renegotiation (org.apache.zookeeper.common.X509Util)
[2020-04-16 11:51:07,701] INFO jute.maxbuffer value is 4194304 Bytes (org.apache.zookeeper.ClientCnxnSocket)
[2020-04-16 11:51:07,719] INFO zookeeper.request.timeout value is 0. feature enabled= (org.apache.zookeeper.ClientCnxn)
[2020-04-16 11:51:07,795] INFO [ZooKeeperClient Kafka server] Waiting until connected. (kafka.zookeeper.ZooKeeperClient)
[2020-04-16 11:51:07,841] INFO Opening socket connection to server localhost/127.0.0.1:2181. Will not attempt to authenticate using SASL (unknown error) (org.apache.zookeeper.ClientCnxn)
[2020-04-16 11:51:07,868] INFO Socket connection established, initiating session, client: /127.0.0.1:34276, server: localhost/127.0.0.1:2181 (org.apache.zookeeper.ClientCnxn)
[2020-04-16 11:51:07,907] INFO Session establishment complete on server localhost/127.0.0.1:2181, sessionid = 0x100006f05530005, negotiated timeout = 6000 (org.apache.zookeeper.ClientCnxn)
[2020-04-16 11:51:07,943] INFO [ZooKeeperClient Kafka server] Connected. (kafka.zookeeper.ZooKeeperClient)
[2020-04-16 11:51:09,348] INFO Cluster ID = XssC7QCmQmSQy1XE53o6WQ (kafka.server.KafkaServer)
[2020-04-16 11:51:09,427] WARN No meta.properties file under dir /tmp/kafka-logs/server6/meta.properties (kafka.server.BrokerMetadataCheckpoint)
[2020-04-16 11:51:10,556] INFO KafkaConfig values: 
	advertised.host.name = null
	advertised.listeners = null
	advertised.port = null
	alter.config.policy.class.name = null
	alter.log.dirs.replication.quota.window.num = 11
	alter.log.dirs.replication.quota.window.size.seconds = 1
	authorizer.class.name = 
	auto.create.topics.enable = false
	auto.leader.rebalance.enable = true
	background.threads = 10
	broker.id = 5
	broker.id.generation.enable = true
	broker.rack = null
	client.quota.callback.class = null
	compression.type = producer
	connection.failed.authentication.delay.ms = 100
	connections.max.idle.ms = 600000
	connections.max.reauth.ms = 0
	control.plane.listener.name = null
	controlled.shutdown.enable = true
	controlled.shutdown.max.retries = 3
	controlled.shutdown.retry.backoff.ms = 5000
	controller.socket.timeout.ms = 30000
	create.topic.policy.class.name = null
	default.replication.factor = 1
	delegation.token.expiry.check.interval.ms = 3600000
	delegation.token.expiry.time.ms = 86400000
	delegation.token.master.key = null
	delegation.token.max.lifetime.ms = 604800000
	delete.records.purgatory.purge.interval.requests = 1
	delete.topic.enable = true
	fetch.purgatory.purge.interval.requests = 1000
	group.initial.rebalance.delay.ms = 3000
	group.max.session.timeout.ms = 1800000
	group.max.size = 2147483647
	group.min.session.timeout.ms = 6000
	host.name = 
	inter.broker.listener.name = null
	inter.broker.protocol.version = 2.4-IV1
	kafka.metrics.polling.interval.secs = 10
	kafka.metrics.reporters = []
	leader.imbalance.check.interval.seconds = 300
	leader.imbalance.per.broker.percentage = 10
	listener.security.protocol.map = PLAINTEXT:PLAINTEXT,SSL:SSL,SASL_PLAINTEXT:SASL_PLAINTEXT,SASL_SSL:SASL_SSL
	listeners = PLAINTEXT://:9097
	log.cleaner.backoff.ms = 15000
	log.cleaner.dedupe.buffer.size = 134217728
	log.cleaner.delete.retention.ms = 86400000
	log.cleaner.enable = true
	log.cleaner.io.buffer.load.factor = 0.9
	log.cleaner.io.buffer.size = 524288
	log.cleaner.io.max.bytes.per.second = 1.7976931348623157E308
	log.cleaner.max.compaction.lag.ms = 9223372036854775807
	log.cleaner.min.cleanable.ratio = 0.5
	log.cleaner.min.compaction.lag.ms = 0
	log.cleaner.threads = 1
	log.cleanup.policy = [delete]
	log.dir = /tmp/kafka-logs
	log.dirs = /tmp/kafka-logs/server6
	log.flush.interval.messages = 10000
	log.flush.interval.ms = 1000
	log.flush.offset.checkpoint.interval.ms = 60000
	log.flush.scheduler.interval.ms = 9223372036854775807
	log.flush.start.offset.checkpoint.interval.ms = 60000
	log.index.interval.bytes = 4096
	log.index.size.max.bytes = 10485760
	log.message.downconversion.enable = true
	log.message.format.version = 2.4-IV1
	log.message.timestamp.difference.max.ms = 9223372036854775807
	log.message.timestamp.type = CreateTime
	log.preallocate = false
	log.retention.bytes = 1073741824
	log.retention.check.interval.ms = 300000
	log.retention.hours = 168
	log.retention.minutes = null
	log.retention.ms = null
	log.roll.hours = 168
	log.roll.jitter.hours = 0
	log.roll.jitter.ms = null
	log.roll.ms = null
	log.segment.bytes = 1073741824
	log.segment.delete.delay.ms = 60000
	max.connections = 2147483647
	max.connections.per.ip = 2147483647
	max.connections.per.ip.overrides = 
	max.incremental.fetch.session.cache.slots = 1000
	message.max.bytes = 1000012
	metric.reporters = []
	metrics.num.samples = 2
	metrics.recording.level = INFO
	metrics.sample.window.ms = 30000
	min.insync.replicas = 2
	num.io.threads = 8
	num.network.threads = 3
	num.partitions = 1
	num.recovery.threads.per.data.dir = 1
	num.replica.alter.log.dirs.threads = null
	num.replica.fetchers = 1
	offset.metadata.max.bytes = 4096
	offsets.commit.required.acks = -1
	offsets.commit.timeout.ms = 5000
	offsets.load.buffer.size = 5242880
	offsets.retention.check.interval.ms = 600000
	offsets.retention.minutes = 10080
	offsets.topic.compression.codec = 0
	offsets.topic.num.partitions = 50
	offsets.topic.replication.factor = 3
	offsets.topic.segment.bytes = 104857600
	password.encoder.cipher.algorithm = AES/CBC/PKCS5Padding
	password.encoder.iterations = 4096
	password.encoder.key.length = 128
	password.encoder.keyfactory.algorithm = null
	password.encoder.old.secret = null
	password.encoder.secret = null
	port = 9092
	principal.builder.class = null
	producer.purgatory.purge.interval.requests = 1000
	queued.max.request.bytes = -1
	queued.max.requests = 500
	quota.consumer.default = 9223372036854775807
	quota.producer.default = 9223372036854775807
	quota.window.num = 11
	quota.window.size.seconds = 1
	replica.fetch.backoff.ms = 1000
	replica.fetch.max.bytes = 1048576
	replica.fetch.min.bytes = 1
	replica.fetch.response.max.bytes = 10485760
	replica.fetch.wait.max.ms = 500
	replica.high.watermark.checkpoint.interval.ms = 5000
	replica.lag.time.max.ms = 10000
	replica.selector.class = null
	replica.socket.receive.buffer.bytes = 65536
	replica.socket.timeout.ms = 30000
	replication.quota.window.num = 11
	replication.quota.window.size.seconds = 1
	request.timeout.ms = 30000
	reserved.broker.max.id = 1000
	sasl.client.callback.handler.class = null
	sasl.enabled.mechanisms = [GSSAPI]
	sasl.jaas.config = null
	sasl.kerberos.kinit.cmd = /usr/bin/kinit
	sasl.kerberos.min.time.before.relogin = 60000
	sasl.kerberos.principal.to.local.rules = [DEFAULT]
	sasl.kerberos.service.name = null
	sasl.kerberos.ticket.renew.jitter = 0.05
	sasl.kerberos.ticket.renew.window.factor = 0.8
	sasl.login.callback.handler.class = null
	sasl.login.class = null
	sasl.login.refresh.buffer.seconds = 300
	sasl.login.refresh.min.period.seconds = 60
	sasl.login.refresh.window.factor = 0.8
	sasl.login.refresh.window.jitter = 0.05
	sasl.mechanism.inter.broker.protocol = GSSAPI
	sasl.server.callback.handler.class = null
	security.inter.broker.protocol = PLAINTEXT
	security.providers = null
	socket.receive.buffer.bytes = 102400
	socket.request.max.bytes = 104857600
	socket.send.buffer.bytes = 102400
	ssl.cipher.suites = []
	ssl.client.auth = none
	ssl.enabled.protocols = [TLSv1.2, TLSv1.1, TLSv1]
	ssl.endpoint.identification.algorithm = https
	ssl.key.password = null
	ssl.keymanager.algorithm = SunX509
	ssl.keystore.location = null
	ssl.keystore.password = null
	ssl.keystore.type = JKS
	ssl.principal.mapping.rules = DEFAULT
	ssl.protocol = TLS
	ssl.provider = null
	ssl.secure.random.implementation = null
	ssl.trustmanager.algorithm = PKIX
	ssl.truststore.location = null
	ssl.truststore.password = null
	ssl.truststore.type = JKS
	transaction.abort.timed.out.transaction.cleanup.interval.ms = 60000
	transaction.max.timeout.ms = 900000
	transaction.remove.expired.transaction.cleanup.interval.ms = 3600000
	transaction.state.log.load.buffer.size = 5242880
	transaction.state.log.min.isr = 2
	transaction.state.log.num.partitions = 50
	transaction.state.log.replication.factor = 3
	transaction.state.log.segment.bytes = 104857600
	transactional.id.expiration.ms = 604800000
	unclean.leader.election.enable = false
	zookeeper.connect = localhost:2181
	zookeeper.connection.timeout.ms = 6000
	zookeeper.max.in.flight.requests = 10
	zookeeper.session.timeout.ms = 6000
	zookeeper.set.acl = false
	zookeeper.sync.time.ms = 2000
 (kafka.server.KafkaConfig)
[2020-04-16 11:51:10,694] INFO KafkaConfig values: 
	advertised.host.name = null
	advertised.listeners = null
	advertised.port = null
	alter.config.policy.class.name = null
	alter.log.dirs.replication.quota.window.num = 11
	alter.log.dirs.replication.quota.window.size.seconds = 1
	authorizer.class.name = 
	auto.create.topics.enable = false
	auto.leader.rebalance.enable = true
	background.threads = 10
	broker.id = 5
	broker.id.generation.enable = true
	broker.rack = null
	client.quota.callback.class = null
	compression.type = producer
	connection.failed.authentication.delay.ms = 100
	connections.max.idle.ms = 600000
	connections.max.reauth.ms = 0
	control.plane.listener.name = null
	controlled.shutdown.enable = true
	controlled.shutdown.max.retries = 3
	controlled.shutdown.retry.backoff.ms = 5000
	controller.socket.timeout.ms = 30000
	create.topic.policy.class.name = null
	default.replication.factor = 1
	delegation.token.expiry.check.interval.ms = 3600000
	delegation.token.expiry.time.ms = 86400000
	delegation.token.master.key = null
	delegation.token.max.lifetime.ms = 604800000
	delete.records.purgatory.purge.interval.requests = 1
	delete.topic.enable = true
	fetch.purgatory.purge.interval.requests = 1000
	group.initial.rebalance.delay.ms = 3000
	group.max.session.timeout.ms = 1800000
	group.max.size = 2147483647
	group.min.session.timeout.ms = 6000
	host.name = 
	inter.broker.listener.name = null
	inter.broker.protocol.version = 2.4-IV1
	kafka.metrics.polling.interval.secs = 10
	kafka.metrics.reporters = []
	leader.imbalance.check.interval.seconds = 300
	leader.imbalance.per.broker.percentage = 10
	listener.security.protocol.map = PLAINTEXT:PLAINTEXT,SSL:SSL,SASL_PLAINTEXT:SASL_PLAINTEXT,SASL_SSL:SASL_SSL
	listeners = PLAINTEXT://:9097
	log.cleaner.backoff.ms = 15000
	log.cleaner.dedupe.buffer.size = 134217728
	log.cleaner.delete.retention.ms = 86400000
	log.cleaner.enable = true
	log.cleaner.io.buffer.load.factor = 0.9
	log.cleaner.io.buffer.size = 524288
	log.cleaner.io.max.bytes.per.second = 1.7976931348623157E308
	log.cleaner.max.compaction.lag.ms = 9223372036854775807
	log.cleaner.min.cleanable.ratio = 0.5
	log.cleaner.min.compaction.lag.ms = 0
	log.cleaner.threads = 1
	log.cleanup.policy = [delete]
	log.dir = /tmp/kafka-logs
	log.dirs = /tmp/kafka-logs/server6
	log.flush.interval.messages = 10000
	log.flush.interval.ms = 1000
	log.flush.offset.checkpoint.interval.ms = 60000
	log.flush.scheduler.interval.ms = 9223372036854775807
	log.flush.start.offset.checkpoint.interval.ms = 60000
	log.index.interval.bytes = 4096
	log.index.size.max.bytes = 10485760
	log.message.downconversion.enable = true
	log.message.format.version = 2.4-IV1
	log.message.timestamp.difference.max.ms = 9223372036854775807
	log.message.timestamp.type = CreateTime
	log.preallocate = false
	log.retention.bytes = 1073741824
	log.retention.check.interval.ms = 300000
	log.retention.hours = 168
	log.retention.minutes = null
	log.retention.ms = null
	log.roll.hours = 168
	log.roll.jitter.hours = 0
	log.roll.jitter.ms = null
	log.roll.ms = null
	log.segment.bytes = 1073741824
	log.segment.delete.delay.ms = 60000
	max.connections = 2147483647
	max.connections.per.ip = 2147483647
	max.connections.per.ip.overrides = 
	max.incremental.fetch.session.cache.slots = 1000
	message.max.bytes = 1000012
	metric.reporters = []
	metrics.num.samples = 2
	metrics.recording.level = INFO
	metrics.sample.window.ms = 30000
	min.insync.replicas = 2
	num.io.threads = 8
	num.network.threads = 3
	num.partitions = 1
	num.recovery.threads.per.data.dir = 1
	num.replica.alter.log.dirs.threads = null
	num.replica.fetchers = 1
	offset.metadata.max.bytes = 4096
	offsets.commit.required.acks = -1
	offsets.commit.timeout.ms = 5000
	offsets.load.buffer.size = 5242880
	offsets.retention.check.interval.ms = 600000
	offsets.retention.minutes = 10080
	offsets.topic.compression.codec = 0
	offsets.topic.num.partitions = 50
	offsets.topic.replication.factor = 3
	offsets.topic.segment.bytes = 104857600
	password.encoder.cipher.algorithm = AES/CBC/PKCS5Padding
	password.encoder.iterations = 4096
	password.encoder.key.length = 128
	password.encoder.keyfactory.algorithm = null
	password.encoder.old.secret = null
	password.encoder.secret = null
	port = 9092
	principal.builder.class = null
	producer.purgatory.purge.interval.requests = 1000
	queued.max.request.bytes = -1
	queued.max.requests = 500
	quota.consumer.default = 9223372036854775807
	quota.producer.default = 9223372036854775807
	quota.window.num = 11
	quota.window.size.seconds = 1
	replica.fetch.backoff.ms = 1000
	replica.fetch.max.bytes = 1048576
	replica.fetch.min.bytes = 1
	replica.fetch.response.max.bytes = 10485760
	replica.fetch.wait.max.ms = 500
	replica.high.watermark.checkpoint.interval.ms = 5000
	replica.lag.time.max.ms = 10000
	replica.selector.class = null
	replica.socket.receive.buffer.bytes = 65536
	replica.socket.timeout.ms = 30000
	replication.quota.window.num = 11
	replication.quota.window.size.seconds = 1
	request.timeout.ms = 30000
	reserved.broker.max.id = 1000
	sasl.client.callback.handler.class = null
	sasl.enabled.mechanisms = [GSSAPI]
	sasl.jaas.config = null
	sasl.kerberos.kinit.cmd = /usr/bin/kinit
	sasl.kerberos.min.time.before.relogin = 60000
	sasl.kerberos.principal.to.local.rules = [DEFAULT]
	sasl.kerberos.service.name = null
	sasl.kerberos.ticket.renew.jitter = 0.05
	sasl.kerberos.ticket.renew.window.factor = 0.8
	sasl.login.callback.handler.class = null
	sasl.login.class = null
	sasl.login.refresh.buffer.seconds = 300
	sasl.login.refresh.min.period.seconds = 60
	sasl.login.refresh.window.factor = 0.8
	sasl.login.refresh.window.jitter = 0.05
	sasl.mechanism.inter.broker.protocol = GSSAPI
	sasl.server.callback.handler.class = null
	security.inter.broker.protocol = PLAINTEXT
	security.providers = null
	socket.receive.buffer.bytes = 102400
	socket.request.max.bytes = 104857600
	socket.send.buffer.bytes = 102400
	ssl.cipher.suites = []
	ssl.client.auth = none
	ssl.enabled.protocols = [TLSv1.2, TLSv1.1, TLSv1]
	ssl.endpoint.identification.algorithm = https
	ssl.key.password = null
	ssl.keymanager.algorithm = SunX509
	ssl.keystore.location = null
	ssl.keystore.password = null
	ssl.keystore.type = JKS
	ssl.principal.mapping.rules = DEFAULT
	ssl.protocol = TLS
	ssl.provider = null
	ssl.secure.random.implementation = null
	ssl.trustmanager.algorithm = PKIX
	ssl.truststore.location = null
	ssl.truststore.password = null
	ssl.truststore.type = JKS
	transaction.abort.timed.out.transaction.cleanup.interval.ms = 60000
	transaction.max.timeout.ms = 900000
	transaction.remove.expired.transaction.cleanup.interval.ms = 3600000
	transaction.state.log.load.buffer.size = 5242880
	transaction.state.log.min.isr = 2
	transaction.state.log.num.partitions = 50
	transaction.state.log.replication.factor = 3
	transaction.state.log.segment.bytes = 104857600
	transactional.id.expiration.ms = 604800000
	unclean.leader.election.enable = false
	zookeeper.connect = localhost:2181
	zookeeper.connection.timeout.ms = 6000
	zookeeper.max.in.flight.requests = 10
	zookeeper.session.timeout.ms = 6000
	zookeeper.set.acl = false
	zookeeper.sync.time.ms = 2000
 (kafka.server.KafkaConfig)
[2020-04-16 11:51:11,054] INFO [ThrottledChannelReaper-Fetch]: Starting (kafka.server.ClientQuotaManager$ThrottledChannelReaper)
[2020-04-16 11:51:11,054] INFO [ThrottledChannelReaper-Request]: Starting (kafka.server.ClientQuotaManager$ThrottledChannelReaper)
[2020-04-16 11:51:11,054] INFO [ThrottledChannelReaper-Produce]: Starting (kafka.server.ClientQuotaManager$ThrottledChannelReaper)
[2020-04-16 11:51:11,371] INFO Log directory /tmp/kafka-logs/server6 not found, creating it. (kafka.log.LogManager)
[2020-04-16 11:51:11,484] INFO Loading logs. (kafka.log.LogManager)
[2020-04-16 11:51:11,696] INFO Logs loading complete in 211 ms. (kafka.log.LogManager)
[2020-04-16 11:51:11,851] INFO Starting log cleanup with a period of 300000 ms. (kafka.log.LogManager)
[2020-04-16 11:51:11,900] INFO Starting log flusher with a default period of 9223372036854775807 ms. (kafka.log.LogManager)
[2020-04-16 11:51:16,336] INFO Awaiting socket connections on 0.0.0.0:9097. (kafka.network.Acceptor)
[2020-04-16 11:51:16,769] INFO [SocketServer brokerId=5] Created data-plane acceptor and processors for endpoint : EndPoint(null,9097,ListenerName(PLAINTEXT),PLAINTEXT) (kafka.network.SocketServer)
[2020-04-16 11:51:16,789] INFO [SocketServer brokerId=5] Started 1 acceptor threads for data-plane (kafka.network.SocketServer)
[2020-04-16 11:51:16,885] INFO [ExpirationReaper-5-Produce]: Starting (kafka.server.DelayedOperationPurgatory$ExpiredOperationReaper)
[2020-04-16 11:51:16,919] INFO [ExpirationReaper-5-Fetch]: Starting (kafka.server.DelayedOperationPurgatory$ExpiredOperationReaper)
[2020-04-16 11:51:16,976] INFO [ExpirationReaper-5-DeleteRecords]: Starting (kafka.server.DelayedOperationPurgatory$ExpiredOperationReaper)
[2020-04-16 11:51:16,976] INFO [ExpirationReaper-5-ElectLeader]: Starting (kafka.server.DelayedOperationPurgatory$ExpiredOperationReaper)
[2020-04-16 11:51:17,241] INFO [LogDirFailureHandler]: Starting (kafka.server.ReplicaManager$LogDirFailureHandler)
[2020-04-16 11:51:17,706] INFO Creating /brokers/ids/5 (is it secure? false) (kafka.zk.KafkaZkClient)
[2020-04-16 11:51:17,882] INFO Stat of the created znode at /brokers/ids/5 is: 1842,1842,1587034277834,1587034277834,1,0,0,72058070868623365,188,0,1842
 (kafka.zk.KafkaZkClient)
[2020-04-16 11:51:17,886] INFO Registered broker 5 at path /brokers/ids/5 with addresses: ArrayBuffer(EndPoint(bumblebee,9097,ListenerName(PLAINTEXT),PLAINTEXT)), czxid (broker epoch): 1842 (kafka.zk.KafkaZkClient)
[2020-04-16 11:51:18,489] INFO [ExpirationReaper-5-topic]: Starting (kafka.server.DelayedOperationPurgatory$ExpiredOperationReaper)
[2020-04-16 11:51:18,516] INFO [ExpirationReaper-5-Heartbeat]: Starting (kafka.server.DelayedOperationPurgatory$ExpiredOperationReaper)
[2020-04-16 11:51:18,575] INFO [ExpirationReaper-5-Rebalance]: Starting (kafka.server.DelayedOperationPurgatory$ExpiredOperationReaper)
[2020-04-16 11:51:18,802] INFO [GroupCoordinator 5]: Starting up. (kafka.coordinator.group.GroupCoordinator)
[2020-04-16 11:51:18,808] INFO [GroupCoordinator 5]: Startup complete. (kafka.coordinator.group.GroupCoordinator)
[2020-04-16 11:51:18,901] INFO [ProducerId Manager 5]: Acquired new producerId block (brokerId:5,blockStartProducerId:50000,blockEndProducerId:50999) by writing to Zk with path version 51 (kafka.coordinator.transaction.ProducerIdManager)
[2020-04-16 11:51:18,944] INFO [GroupMetadataManager brokerId=5] Removed 0 expired offsets in 137 milliseconds. (kafka.coordinator.group.GroupMetadataManager)
[2020-04-16 11:51:19,181] INFO [TransactionCoordinator id=5] Starting up. (kafka.coordinator.transaction.TransactionCoordinator)
[2020-04-16 11:51:19,195] INFO [Transaction Marker Channel Manager 5]: Starting (kafka.coordinator.transaction.TransactionMarkerChannelManager)
[2020-04-16 11:51:19,196] INFO [TransactionCoordinator id=5] Startup complete. (kafka.coordinator.transaction.TransactionCoordinator)
[2020-04-16 11:51:19,414] INFO [ExpirationReaper-5-AlterAcls]: Starting (kafka.server.DelayedOperationPurgatory$ExpiredOperationReaper)
[2020-04-16 11:51:19,599] INFO [/config/changes-event-process-thread]: Starting (kafka.common.ZkNodeChangeNotificationListener$ChangeEventProcessThread)
[2020-04-16 11:51:19,955] INFO [SocketServer brokerId=5] Started data-plane processors for 1 acceptors (kafka.network.SocketServer)
[2020-04-16 11:51:20,050] INFO Kafka version: 2.4.1 (org.apache.kafka.common.utils.AppInfoParser)
[2020-04-16 11:51:20,050] INFO Kafka commitId: c57222ae8cd7866b (org.apache.kafka.common.utils.AppInfoParser)
[2020-04-16 11:51:20,055] INFO Kafka startTimeMs: 1587034279991 (org.apache.kafka.common.utils.AppInfoParser)
[2020-04-16 11:51:20,078] INFO [KafkaServer id=5] started (kafka.server.KafkaServer)
[2020-04-16 11:53:05,200] INFO [GroupCoordinator 5]: Removed 0 offsets associated with deleted partitions: AlarmTopic-2, AlarmTopic-1, AlarmTopic-0. (kafka.coordinator.group.GroupCoordinator)
[2020-04-16 11:53:33,302] INFO [GroupCoordinator 5]: Removed 0 offsets associated with deleted partitions: BatchTopic-2, BatchTopic-1, BatchTopic-0. (kafka.coordinator.group.GroupCoordinator)
[2020-04-16 11:53:44,081] INFO [GroupCoordinator 5]: Removed 0 offsets associated with deleted partitions: ReportTopic-2, ReportTopic-1, ReportTopic-0. (kafka.coordinator.group.GroupCoordinator)
[2020-04-16 11:54:45,547] INFO [Log partition=BatchTopic-0, dir=/tmp/kafka-logs/server6] Loading producer state till offset 0 with message format version 2 (kafka.log.Log)
[2020-04-16 11:54:45,658] INFO [Log partition=BatchTopic-0, dir=/tmp/kafka-logs/server6] Completed load of log with 1 segments, log start offset 0 and log end offset 0 in 815 ms (kafka.log.Log)
[2020-04-16 11:54:45,687] INFO Created log for partition BatchTopic-0 in /tmp/kafka-logs/server6/BatchTopic-0 with properties {compression.type -> producer, message.downconversion.enable -> true, min.insync.replicas -> 2, segment.jitter.ms -> 0, cleanup.policy -> [delete], flush.ms -> 1000, segment.bytes -> 1073741824, retention.ms -> 604800000, flush.messages -> 10000, message.format.version -> 2.4-IV1, file.delete.delay.ms -> 60000, max.compaction.lag.ms -> 9223372036854775807, max.message.bytes -> 1000012, min.compaction.lag.ms -> 0, message.timestamp.type -> CreateTime, preallocate -> false, min.cleanable.dirty.ratio -> 0.5, index.interval.bytes -> 4096, unclean.leader.election.enable -> false, retention.bytes -> 1073741824, delete.retention.ms -> 86400000, segment.ms -> 604800000, message.timestamp.difference.max.ms -> 9223372036854775807, segment.index.bytes -> 10485760}. (kafka.log.LogManager)
[2020-04-16 11:54:45,711] INFO [Partition BatchTopic-0 broker=5] No checkpointed highwatermark is found for partition BatchTopic-0 (kafka.cluster.Partition)
[2020-04-16 11:54:45,713] INFO [Partition BatchTopic-0 broker=5] Log loaded for partition BatchTopic-0 with initial high watermark 0 (kafka.cluster.Partition)
[2020-04-16 11:54:45,729] INFO [ReplicaFetcherManager on broker 5] Removed fetcher for partitions Set(BatchTopic-0) (kafka.server.ReplicaFetcherManager)
[2020-04-16 11:54:46,002] INFO [ReplicaFetcher replicaId=5, leaderId=1, fetcherId=0] Starting (kafka.server.ReplicaFetcherThread)
[2020-04-16 11:54:46,023] INFO [ReplicaFetcherManager on broker 5] Added fetcher to broker BrokerEndPoint(id=1, host=bumblebee:9093) for partitions Map(BatchTopic-0 -> (offset=0, leaderEpoch=0)) (kafka.server.ReplicaFetcherManager)
[2020-04-16 11:54:46,056] INFO [ReplicaFetcher replicaId=5, leaderId=1, fetcherId=0] Truncating partition BatchTopic-0 to local high watermark 0 (kafka.server.ReplicaFetcherThread)
[2020-04-16 11:54:46,180] INFO [Log partition=BatchTopic-0, dir=/tmp/kafka-logs/server6] Truncating to 0 has no effect as the largest offset in the log is -1 (kafka.log.Log)
[2020-04-16 11:54:50,611] INFO [ReplicaFetcherManager on broker 5] Removed fetcher for partitions Set(ReportTopic-2) (kafka.server.ReplicaFetcherManager)
[2020-04-16 11:54:50,647] INFO [Log partition=ReportTopic-2, dir=/tmp/kafka-logs/server6] Loading producer state till offset 0 with message format version 2 (kafka.log.Log)
[2020-04-16 11:54:50,648] INFO [Log partition=ReportTopic-2, dir=/tmp/kafka-logs/server6] Completed load of log with 1 segments, log start offset 0 and log end offset 0 in 15 ms (kafka.log.Log)
[2020-04-16 11:54:50,650] INFO Created log for partition ReportTopic-2 in /tmp/kafka-logs/server6/ReportTopic-2 with properties {compression.type -> producer, message.downconversion.enable -> true, min.insync.replicas -> 2, segment.jitter.ms -> 0, cleanup.policy -> [delete], flush.ms -> 1000, segment.bytes -> 1073741824, retention.ms -> 604800000, flush.messages -> 10000, message.format.version -> 2.4-IV1, file.delete.delay.ms -> 60000, max.compaction.lag.ms -> 9223372036854775807, max.message.bytes -> 1000012, min.compaction.lag.ms -> 0, message.timestamp.type -> CreateTime, preallocate -> false, min.cleanable.dirty.ratio -> 0.5, index.interval.bytes -> 4096, unclean.leader.election.enable -> false, retention.bytes -> 1073741824, delete.retention.ms -> 86400000, segment.ms -> 604800000, message.timestamp.difference.max.ms -> 9223372036854775807, segment.index.bytes -> 10485760}. (kafka.log.LogManager)
[2020-04-16 11:54:50,654] INFO [Partition ReportTopic-2 broker=5] No checkpointed highwatermark is found for partition ReportTopic-2 (kafka.cluster.Partition)
[2020-04-16 11:54:50,657] INFO [Partition ReportTopic-2 broker=5] Log loaded for partition ReportTopic-2 with initial high watermark 0 (kafka.cluster.Partition)
[2020-04-16 11:54:50,659] INFO [Partition ReportTopic-2 broker=5] ReportTopic-2 starts at leader epoch 0 from offset 0 with high watermark 0. Previous leader epoch was -1. (kafka.cluster.Partition)
[2020-04-16 11:56:49,383] INFO Terminating process due to signal SIGTERM (org.apache.kafka.common.utils.LoggingSignalHandler)
[2020-04-16 11:56:49,462] INFO [KafkaServer id=5] shutting down (kafka.server.KafkaServer)
[2020-04-16 11:56:49,491] INFO [KafkaServer id=5] Starting controlled shutdown (kafka.server.KafkaServer)
[2020-04-16 11:56:49,710] INFO [ReplicaFetcherManager on broker 5] Removed fetcher for partitions Set(ReportTopic-2) (kafka.server.ReplicaFetcherManager)
[2020-04-16 11:56:49,711] INFO [Partition ReportTopic-2 broker=5] ReportTopic-2 starts at leader epoch 1 from offset 0 with high watermark 0. Previous leader epoch was 0. (kafka.cluster.Partition)
[2020-04-16 11:56:49,768] INFO [ReplicaFetcherManager on broker 5] Removed fetcher for partitions Set(BatchTopic-0) (kafka.server.ReplicaFetcherManager)
[2020-04-16 11:56:49,769] INFO [Partition BatchTopic-0 broker=5] BatchTopic-0 starts at leader epoch 1 from offset 0 with high watermark 0. Previous leader epoch was 0. (kafka.cluster.Partition)
[2020-04-16 11:56:49,776] INFO [ReplicaFetcher replicaId=5, leaderId=1, fetcherId=0] Shutting down (kafka.server.ReplicaFetcherThread)
[2020-04-16 11:56:49,792] INFO [ReplicaFetcher replicaId=5, leaderId=1, fetcherId=0] Error sending fetch request (sessionId=2029801132, epoch=244) to node 1: {}. (org.apache.kafka.clients.FetchSessionHandler)
java.io.IOException: Client was shutdown before response was read
	at org.apache.kafka.clients.NetworkClientUtils.sendAndReceive(NetworkClientUtils.java:109)
	at kafka.server.ReplicaFetcherBlockingSend.sendRequest(ReplicaFetcherBlockingSend.scala:107)
	at kafka.server.ReplicaFetcherThread.fetchFromLeader(ReplicaFetcherThread.scala:196)
	at kafka.server.AbstractFetcherThread.processFetchRequest(AbstractFetcherThread.scala:286)
	at kafka.server.AbstractFetcherThread.$anonfun$maybeFetch$3(AbstractFetcherThread.scala:133)
	at kafka.server.AbstractFetcherThread.$anonfun$maybeFetch$3$adapted(AbstractFetcherThread.scala:132)
	at scala.Option.foreach(Option.scala:407)
	at kafka.server.AbstractFetcherThread.maybeFetch(AbstractFetcherThread.scala:132)
	at kafka.server.AbstractFetcherThread.doWork(AbstractFetcherThread.scala:114)
	at kafka.utils.ShutdownableThread.run(ShutdownableThread.scala:96)
[2020-04-16 11:56:49,803] INFO [ReplicaFetcher replicaId=5, leaderId=1, fetcherId=0] Stopped (kafka.server.ReplicaFetcherThread)
[2020-04-16 11:56:49,804] INFO [ReplicaFetcher replicaId=5, leaderId=1, fetcherId=0] Shutdown completed (kafka.server.ReplicaFetcherThread)
[2020-04-16 11:56:49,913] INFO [ReplicaFetcherManager on broker 5] Removed fetcher for partitions Set(BatchTopic-0) (kafka.server.ReplicaFetcherManager)
[2020-04-16 11:56:49,914] INFO [Partition BatchTopic-0 broker=5] BatchTopic-0 starts at leader epoch 2 from offset 0 with high watermark 0. Previous leader epoch was 1. (kafka.cluster.Partition)
[2020-04-16 11:56:49,948] INFO [KafkaServer id=5] Remaining partitions to move: [RemainingPartition(topicName='BatchTopic', partitionIndex=0)] (kafka.server.KafkaServer)
[2020-04-16 11:56:49,948] INFO [ReplicaFetcherManager on broker 5] Removed fetcher for partitions Set(ReportTopic-2) (kafka.server.ReplicaFetcherManager)
[2020-04-16 11:56:49,948] INFO [KafkaServer id=5] Error from controller: NONE (kafka.server.KafkaServer)
[2020-04-16 11:56:54,953] WARN [KafkaServer id=5] Retrying controlled shutdown after the previous attempt failed... (kafka.server.KafkaServer)
[2020-04-16 11:56:55,029] INFO [ReplicaFetcherManager on broker 5] Removed fetcher for partitions Set(ReportTopic-2) (kafka.server.ReplicaFetcherManager)
[2020-04-16 11:56:55,030] INFO [ReplicaAlterLogDirsManager on broker 5] Removed fetcher for partitions Set(ReportTopic-2) (kafka.server.ReplicaAlterLogDirsManager)
[2020-04-16 11:56:55,045] INFO [KafkaServer id=5] Remaining partitions to move: [RemainingPartition(topicName='BatchTopic', partitionIndex=0)] (kafka.server.KafkaServer)
[2020-04-16 11:56:55,045] INFO [KafkaServer id=5] Error from controller: NONE (kafka.server.KafkaServer)
[2020-04-16 11:56:55,055] INFO [ReplicaFetcherManager on broker 5] Removed fetcher for partitions Set(ReportTopic-2) (kafka.server.ReplicaFetcherManager)
[2020-04-16 11:56:55,056] INFO [ReplicaAlterLogDirsManager on broker 5] Removed fetcher for partitions Set(ReportTopic-2) (kafka.server.ReplicaAlterLogDirsManager)
[2020-04-16 11:57:00,045] WARN [KafkaServer id=5] Retrying controlled shutdown after the previous attempt failed... (kafka.server.KafkaServer)
[2020-04-16 11:57:00,057] INFO [ReplicaFetcherManager on broker 5] Removed fetcher for partitions Set(ReportTopic-2) (kafka.server.ReplicaFetcherManager)
[2020-04-16 11:57:00,057] INFO [ReplicaAlterLogDirsManager on broker 5] Removed fetcher for partitions Set(ReportTopic-2) (kafka.server.ReplicaAlterLogDirsManager)
[2020-04-16 11:57:00,070] INFO [KafkaServer id=5] Remaining partitions to move: [RemainingPartition(topicName='BatchTopic', partitionIndex=0)] (kafka.server.KafkaServer)
[2020-04-16 11:57:00,070] INFO [KafkaServer id=5] Error from controller: NONE (kafka.server.KafkaServer)
[2020-04-16 11:57:00,073] INFO [ReplicaFetcherManager on broker 5] Removed fetcher for partitions Set(ReportTopic-2) (kafka.server.ReplicaFetcherManager)
[2020-04-16 11:57:00,073] INFO [ReplicaAlterLogDirsManager on broker 5] Removed fetcher for partitions Set(ReportTopic-2) (kafka.server.ReplicaAlterLogDirsManager)
[2020-04-16 11:57:05,070] WARN [KafkaServer id=5] Retrying controlled shutdown after the previous attempt failed... (kafka.server.KafkaServer)
[2020-04-16 11:57:05,077] WARN [KafkaServer id=5] Proceeding to do an unclean shutdown as all the controlled shutdown attempts failed (kafka.server.KafkaServer)
[2020-04-16 11:57:05,080] INFO [/config/changes-event-process-thread]: Shutting down (kafka.common.ZkNodeChangeNotificationListener$ChangeEventProcessThread)
[2020-04-16 11:57:05,081] INFO [/config/changes-event-process-thread]: Stopped (kafka.common.ZkNodeChangeNotificationListener$ChangeEventProcessThread)
[2020-04-16 11:57:05,081] INFO [/config/changes-event-process-thread]: Shutdown completed (kafka.common.ZkNodeChangeNotificationListener$ChangeEventProcessThread)
[2020-04-16 11:57:05,082] INFO [SocketServer brokerId=5] Stopping socket server request processors (kafka.network.SocketServer)
[2020-04-16 11:57:05,100] INFO [SocketServer brokerId=5] Stopped socket server request processors (kafka.network.SocketServer)
[2020-04-16 11:57:05,101] INFO [data-plane Kafka Request Handler on Broker 5], shutting down (kafka.server.KafkaRequestHandlerPool)
[2020-04-16 11:57:05,105] INFO [data-plane Kafka Request Handler on Broker 5], shut down completely (kafka.server.KafkaRequestHandlerPool)
[2020-04-16 11:57:05,111] INFO [ExpirationReaper-5-AlterAcls]: Shutting down (kafka.server.DelayedOperationPurgatory$ExpiredOperationReaper)
[2020-04-16 11:57:05,170] INFO [ExpirationReaper-5-AlterAcls]: Stopped (kafka.server.DelayedOperationPurgatory$ExpiredOperationReaper)
[2020-04-16 11:57:05,171] INFO [ExpirationReaper-5-AlterAcls]: Shutdown completed (kafka.server.DelayedOperationPurgatory$ExpiredOperationReaper)
[2020-04-16 11:57:05,173] INFO [KafkaApi-5] Shutdown complete. (kafka.server.KafkaApis)
[2020-04-16 11:57:05,175] INFO [ExpirationReaper-5-topic]: Shutting down (kafka.server.DelayedOperationPurgatory$ExpiredOperationReaper)
[2020-04-16 11:57:05,368] INFO [ExpirationReaper-5-topic]: Stopped (kafka.server.DelayedOperationPurgatory$ExpiredOperationReaper)
[2020-04-16 11:57:05,368] INFO [ExpirationReaper-5-topic]: Shutdown completed (kafka.server.DelayedOperationPurgatory$ExpiredOperationReaper)
[2020-04-16 11:57:05,372] INFO [TransactionCoordinator id=5] Shutting down. (kafka.coordinator.transaction.TransactionCoordinator)
[2020-04-16 11:57:05,374] INFO [ProducerId Manager 5]: Shutdown complete: last producerId assigned 50000 (kafka.coordinator.transaction.ProducerIdManager)
[2020-04-16 11:57:05,375] INFO [Transaction State Manager 5]: Shutdown complete (kafka.coordinator.transaction.TransactionStateManager)
[2020-04-16 11:57:05,375] INFO [Transaction Marker Channel Manager 5]: Shutting down (kafka.coordinator.transaction.TransactionMarkerChannelManager)
[2020-04-16 11:57:05,375] INFO [Transaction Marker Channel Manager 5]: Stopped (kafka.coordinator.transaction.TransactionMarkerChannelManager)
[2020-04-16 11:57:05,375] INFO [Transaction Marker Channel Manager 5]: Shutdown completed (kafka.coordinator.transaction.TransactionMarkerChannelManager)
[2020-04-16 11:57:05,376] INFO [TransactionCoordinator id=5] Shutdown complete. (kafka.coordinator.transaction.TransactionCoordinator)
[2020-04-16 11:57:05,377] INFO [GroupCoordinator 5]: Shutting down. (kafka.coordinator.group.GroupCoordinator)
[2020-04-16 11:57:05,378] INFO [ExpirationReaper-5-Heartbeat]: Shutting down (kafka.server.DelayedOperationPurgatory$ExpiredOperationReaper)
[2020-04-16 11:57:05,570] INFO [ExpirationReaper-5-Heartbeat]: Stopped (kafka.server.DelayedOperationPurgatory$ExpiredOperationReaper)
[2020-04-16 11:57:05,570] INFO [ExpirationReaper-5-Heartbeat]: Shutdown completed (kafka.server.DelayedOperationPurgatory$ExpiredOperationReaper)
[2020-04-16 11:57:05,571] INFO [ExpirationReaper-5-Rebalance]: Shutting down (kafka.server.DelayedOperationPurgatory$ExpiredOperationReaper)
[2020-04-16 11:57:05,770] INFO [ExpirationReaper-5-Rebalance]: Stopped (kafka.server.DelayedOperationPurgatory$ExpiredOperationReaper)
[2020-04-16 11:57:05,770] INFO [ExpirationReaper-5-Rebalance]: Shutdown completed (kafka.server.DelayedOperationPurgatory$ExpiredOperationReaper)
[2020-04-16 11:57:05,772] INFO [GroupCoordinator 5]: Shutdown complete. (kafka.coordinator.group.GroupCoordinator)
[2020-04-16 11:57:05,774] INFO [ReplicaManager broker=5] Shutting down (kafka.server.ReplicaManager)
[2020-04-16 11:57:05,775] INFO [LogDirFailureHandler]: Shutting down (kafka.server.ReplicaManager$LogDirFailureHandler)
[2020-04-16 11:57:05,776] INFO [LogDirFailureHandler]: Stopped (kafka.server.ReplicaManager$LogDirFailureHandler)
[2020-04-16 11:57:05,776] INFO [LogDirFailureHandler]: Shutdown completed (kafka.server.ReplicaManager$LogDirFailureHandler)
[2020-04-16 11:57:05,777] INFO [ReplicaFetcherManager on broker 5] shutting down (kafka.server.ReplicaFetcherManager)
[2020-04-16 11:57:05,782] INFO [ReplicaFetcherManager on broker 5] shutdown completed (kafka.server.ReplicaFetcherManager)
[2020-04-16 11:57:05,783] INFO [ReplicaAlterLogDirsManager on broker 5] shutting down (kafka.server.ReplicaAlterLogDirsManager)
[2020-04-16 11:57:05,784] INFO [ReplicaAlterLogDirsManager on broker 5] shutdown completed (kafka.server.ReplicaAlterLogDirsManager)
[2020-04-16 11:57:05,784] INFO [ExpirationReaper-5-Fetch]: Shutting down (kafka.server.DelayedOperationPurgatory$ExpiredOperationReaper)
[2020-04-16 11:57:05,880] INFO [ExpirationReaper-5-Fetch]: Stopped (kafka.server.DelayedOperationPurgatory$ExpiredOperationReaper)
[2020-04-16 11:57:05,880] INFO [ExpirationReaper-5-Fetch]: Shutdown completed (kafka.server.DelayedOperationPurgatory$ExpiredOperationReaper)
[2020-04-16 11:57:05,881] INFO [ExpirationReaper-5-Produce]: Shutting down (kafka.server.DelayedOperationPurgatory$ExpiredOperationReaper)
[2020-04-16 11:57:05,976] INFO [ExpirationReaper-5-Produce]: Stopped (kafka.server.DelayedOperationPurgatory$ExpiredOperationReaper)
[2020-04-16 11:57:05,977] INFO [ExpirationReaper-5-Produce]: Shutdown completed (kafka.server.DelayedOperationPurgatory$ExpiredOperationReaper)
[2020-04-16 11:57:05,979] INFO [ExpirationReaper-5-DeleteRecords]: Shutting down (kafka.server.DelayedOperationPurgatory$ExpiredOperationReaper)
[2020-04-16 11:57:06,166] INFO [ExpirationReaper-5-DeleteRecords]: Stopped (kafka.server.DelayedOperationPurgatory$ExpiredOperationReaper)
[2020-04-16 11:57:06,166] INFO [ExpirationReaper-5-DeleteRecords]: Shutdown completed (kafka.server.DelayedOperationPurgatory$ExpiredOperationReaper)
[2020-04-16 11:57:06,167] INFO [ExpirationReaper-5-ElectLeader]: Shutting down (kafka.server.DelayedOperationPurgatory$ExpiredOperationReaper)
[2020-04-16 11:57:06,177] INFO [ExpirationReaper-5-ElectLeader]: Stopped (kafka.server.DelayedOperationPurgatory$ExpiredOperationReaper)
[2020-04-16 11:57:06,177] INFO [ExpirationReaper-5-ElectLeader]: Shutdown completed (kafka.server.DelayedOperationPurgatory$ExpiredOperationReaper)
[2020-04-16 11:57:06,182] INFO [ReplicaManager broker=5] Shut down completely (kafka.server.ReplicaManager)
[2020-04-16 11:57:06,184] INFO Shutting down. (kafka.log.LogManager)
[2020-04-16 11:57:06,232] INFO Shutdown complete. (kafka.log.LogManager)
[2020-04-16 11:57:06,247] INFO [ZooKeeperClient Kafka server] Closing. (kafka.zookeeper.ZooKeeperClient)
[2020-04-16 11:57:06,366] INFO Session: 0x100006f05530005 closed (org.apache.zookeeper.ZooKeeper)
[2020-04-16 11:57:06,368] INFO EventThread shut down for session: 0x100006f05530005 (org.apache.zookeeper.ClientCnxn)
[2020-04-16 11:57:06,369] INFO [ZooKeeperClient Kafka server] Closed. (kafka.zookeeper.ZooKeeperClient)
[2020-04-16 11:57:06,369] INFO [ThrottledChannelReaper-Fetch]: Shutting down (kafka.server.ClientQuotaManager$ThrottledChannelReaper)
[2020-04-16 11:57:07,129] INFO [ThrottledChannelReaper-Fetch]: Stopped (kafka.server.ClientQuotaManager$ThrottledChannelReaper)
[2020-04-16 11:57:07,129] INFO [ThrottledChannelReaper-Fetch]: Shutdown completed (kafka.server.ClientQuotaManager$ThrottledChannelReaper)
[2020-04-16 11:57:07,129] INFO [ThrottledChannelReaper-Produce]: Shutting down (kafka.server.ClientQuotaManager$ThrottledChannelReaper)
[2020-04-16 11:57:08,129] INFO [ThrottledChannelReaper-Produce]: Stopped (kafka.server.ClientQuotaManager$ThrottledChannelReaper)
[2020-04-16 11:57:08,131] INFO [ThrottledChannelReaper-Produce]: Shutdown completed (kafka.server.ClientQuotaManager$ThrottledChannelReaper)
[2020-04-16 11:57:08,132] INFO [ThrottledChannelReaper-Request]: Shutting down (kafka.server.ClientQuotaManager$ThrottledChannelReaper)
[2020-04-16 11:57:09,127] INFO [ThrottledChannelReaper-Request]: Shutdown completed (kafka.server.ClientQuotaManager$ThrottledChannelReaper)
[2020-04-16 11:57:09,127] INFO [ThrottledChannelReaper-Request]: Stopped (kafka.server.ClientQuotaManager$ThrottledChannelReaper)
[2020-04-16 11:57:09,139] INFO [SocketServer brokerId=5] Shutting down socket server (kafka.network.SocketServer)
[2020-04-16 11:57:09,302] INFO [SocketServer brokerId=5] Shutdown completed (kafka.network.SocketServer)
[2020-04-16 11:57:09,320] INFO [KafkaServer id=5] shut down completed (kafka.server.KafkaServer)
