[2020-04-10 17:50:41,078] INFO Registered kafka:type=kafka.Log4jController MBean (kafka.utils.Log4jControllerRegistration$)
[2020-04-10 17:50:41,605] INFO Registered signal handlers for TERM, INT, HUP (org.apache.kafka.common.utils.LoggingSignalHandler)
[2020-04-10 17:50:41,606] INFO starting (kafka.server.KafkaServer)
[2020-04-10 17:50:41,606] INFO Connecting to zookeeper on localhost:2181 (kafka.server.KafkaServer)
[2020-04-10 17:50:41,626] INFO [ZooKeeperClient Kafka server] Initializing a new session to localhost:2181. (kafka.zookeeper.ZooKeeperClient)
[2020-04-10 17:50:41,631] INFO Client environment:zookeeper.version=3.5.7-f0fdd52973d373ffd9c86b81d99842dc2c7f660e, built on 02/10/2020 11:30 GMT (org.apache.zookeeper.ZooKeeper)
[2020-04-10 17:50:41,631] INFO Client environment:host.name=pop-os.localdomain (org.apache.zookeeper.ZooKeeper)
[2020-04-10 17:50:41,631] INFO Client environment:java.version=1.8.0_242 (org.apache.zookeeper.ZooKeeper)
[2020-04-10 17:50:41,631] INFO Client environment:java.vendor=Private Build (org.apache.zookeeper.ZooKeeper)
[2020-04-10 17:50:41,631] INFO Client environment:java.home=/usr/lib/jvm/java-8-openjdk-amd64/jre (org.apache.zookeeper.ZooKeeper)
[2020-04-10 17:50:41,631] INFO Client environment:java.class.path=/home/robopop-laptop/Documents/2Semestre/AS/Pratica/AS-Project2/PA2_T2G01/src/main/java/com/as/pa2_t2g01/Scripts/kafka_2.12-2.4.1/bin/../libs/activation-1.1.1.jar:/home/robopop-laptop/Documents/2Semestre/AS/Pratica/AS-Project2/PA2_T2G01/src/main/java/com/as/pa2_t2g01/Scripts/kafka_2.12-2.4.1/bin/../libs/aopalliance-repackaged-2.5.0.jar:/home/robopop-laptop/Documents/2Semestre/AS/Pratica/AS-Project2/PA2_T2G01/src/main/java/com/as/pa2_t2g01/Scripts/kafka_2.12-2.4.1/bin/../libs/argparse4j-0.7.0.jar:/home/robopop-laptop/Documents/2Semestre/AS/Pratica/AS-Project2/PA2_T2G01/src/main/java/com/as/pa2_t2g01/Scripts/kafka_2.12-2.4.1/bin/../libs/audience-annotations-0.5.0.jar:/home/robopop-laptop/Documents/2Semestre/AS/Pratica/AS-Project2/PA2_T2G01/src/main/java/com/as/pa2_t2g01/Scripts/kafka_2.12-2.4.1/bin/../libs/commons-cli-1.4.jar:/home/robopop-laptop/Documents/2Semestre/AS/Pratica/AS-Project2/PA2_T2G01/src/main/java/com/as/pa2_t2g01/Scripts/kafka_2.12-2.4.1/bin/../libs/commons-lang3-3.8.1.jar:/home/robopop-laptop/Documents/2Semestre/AS/Pratica/AS-Project2/PA2_T2G01/src/main/java/com/as/pa2_t2g01/Scripts/kafka_2.12-2.4.1/bin/../libs/connect-api-2.4.1.jar:/home/robopop-laptop/Documents/2Semestre/AS/Pratica/AS-Project2/PA2_T2G01/src/main/java/com/as/pa2_t2g01/Scripts/kafka_2.12-2.4.1/bin/../libs/connect-basic-auth-extension-2.4.1.jar:/home/robopop-laptop/Documents/2Semestre/AS/Pratica/AS-Project2/PA2_T2G01/src/main/java/com/as/pa2_t2g01/Scripts/kafka_2.12-2.4.1/bin/../libs/connect-file-2.4.1.jar:/home/robopop-laptop/Documents/2Semestre/AS/Pratica/AS-Project2/PA2_T2G01/src/main/java/com/as/pa2_t2g01/Scripts/kafka_2.12-2.4.1/bin/../libs/connect-json-2.4.1.jar:/home/robopop-laptop/Documents/2Semestre/AS/Pratica/AS-Project2/PA2_T2G01/src/main/java/com/as/pa2_t2g01/Scripts/kafka_2.12-2.4.1/bin/../libs/connect-mirror-2.4.1.jar:/home/robopop-laptop/Documents/2Semestre/AS/Pratica/AS-Project2/PA2_T2G01/src/main/java/com/as/pa2_t2g01/Scripts/kafka_2.12-2.4.1/bin/../libs/connect-mirror-client-2.4.1.jar:/home/robopop-laptop/Documents/2Semestre/AS/Pratica/AS-Project2/PA2_T2G01/src/main/java/com/as/pa2_t2g01/Scripts/kafka_2.12-2.4.1/bin/../libs/connect-runtime-2.4.1.jar:/home/robopop-laptop/Documents/2Semestre/AS/Pratica/AS-Project2/PA2_T2G01/src/main/java/com/as/pa2_t2g01/Scripts/kafka_2.12-2.4.1/bin/../libs/connect-transforms-2.4.1.jar:/home/robopop-laptop/Documents/2Semestre/AS/Pratica/AS-Project2/PA2_T2G01/src/main/java/com/as/pa2_t2g01/Scripts/kafka_2.12-2.4.1/bin/../libs/guava-20.0.jar:/home/robopop-laptop/Documents/2Semestre/AS/Pratica/AS-Project2/PA2_T2G01/src/main/java/com/as/pa2_t2g01/Scripts/kafka_2.12-2.4.1/bin/../libs/hk2-api-2.5.0.jar:/home/robopop-laptop/Documents/2Semestre/AS/Pratica/AS-Project2/PA2_T2G01/src/main/java/com/as/pa2_t2g01/Scripts/kafka_2.12-2.4.1/bin/../libs/hk2-locator-2.5.0.jar:/home/robopop-laptop/Documents/2Semestre/AS/Pratica/AS-Project2/PA2_T2G01/src/main/java/com/as/pa2_t2g01/Scripts/kafka_2.12-2.4.1/bin/../libs/hk2-utils-2.5.0.jar:/home/robopop-laptop/Documents/2Semestre/AS/Pratica/AS-Project2/PA2_T2G01/src/main/java/com/as/pa2_t2g01/Scripts/kafka_2.12-2.4.1/bin/../libs/jackson-annotations-2.10.0.jar:/home/robopop-laptop/Documents/2Semestre/AS/Pratica/AS-Project2/PA2_T2G01/src/main/java/com/as/pa2_t2g01/Scripts/kafka_2.12-2.4.1/bin/../libs/jackson-core-2.10.0.jar:/home/robopop-laptop/Documents/2Semestre/AS/Pratica/AS-Project2/PA2_T2G01/src/main/java/com/as/pa2_t2g01/Scripts/kafka_2.12-2.4.1/bin/../libs/jackson-databind-2.10.0.jar:/home/robopop-laptop/Documents/2Semestre/AS/Pratica/AS-Project2/PA2_T2G01/src/main/java/com/as/pa2_t2g01/Scripts/kafka_2.12-2.4.1/bin/../libs/jackson-dataformat-csv-2.10.0.jar:/home/robopop-laptop/Documents/2Semestre/AS/Pratica/AS-Project2/PA2_T2G01/src/main/java/com/as/pa2_t2g01/Scripts/kafka_2.12-2.4.1/bin/../libs/jackson-datatype-jdk8-2.10.0.jar:/home/robopop-laptop/Documents/2Semestre/AS/Pratica/AS-Project2/PA2_T2G01/src/main/java/com/as/pa2_t2g01/Scripts/kafka_2.12-2.4.1/bin/../libs/jackson-jaxrs-base-2.10.0.jar:/home/robopop-laptop/Documents/2Semestre/AS/Pratica/AS-Project2/PA2_T2G01/src/main/java/com/as/pa2_t2g01/Scripts/kafka_2.12-2.4.1/bin/../libs/jackson-jaxrs-json-provider-2.10.0.jar:/home/robopop-laptop/Documents/2Semestre/AS/Pratica/AS-Project2/PA2_T2G01/src/main/java/com/as/pa2_t2g01/Scripts/kafka_2.12-2.4.1/bin/../libs/jackson-module-jaxb-annotations-2.10.0.jar:/home/robopop-laptop/Documents/2Semestre/AS/Pratica/AS-Project2/PA2_T2G01/src/main/java/com/as/pa2_t2g01/Scripts/kafka_2.12-2.4.1/bin/../libs/jackson-module-paranamer-2.10.0.jar:/home/robopop-laptop/Documents/2Semestre/AS/Pratica/AS-Project2/PA2_T2G01/src/main/java/com/as/pa2_t2g01/Scripts/kafka_2.12-2.4.1/bin/../libs/jackson-module-scala_2.12-2.10.0.jar:/home/robopop-laptop/Documents/2Semestre/AS/Pratica/AS-Project2/PA2_T2G01/src/main/java/com/as/pa2_t2g01/Scripts/kafka_2.12-2.4.1/bin/../libs/jakarta.activation-api-1.2.1.jar:/home/robopop-laptop/Documents/2Semestre/AS/Pratica/AS-Project2/PA2_T2G01/src/main/java/com/as/pa2_t2g01/Scripts/kafka_2.12-2.4.1/bin/../libs/jakarta.annotation-api-1.3.4.jar:/home/robopop-laptop/Documents/2Semestre/AS/Pratica/AS-Project2/PA2_T2G01/src/main/java/com/as/pa2_t2g01/Scripts/kafka_2.12-2.4.1/bin/../libs/jakarta.inject-2.5.0.jar:/home/robopop-laptop/Documents/2Semestre/AS/Pratica/AS-Project2/PA2_T2G01/src/main/java/com/as/pa2_t2g01/Scripts/kafka_2.12-2.4.1/bin/../libs/jakarta.ws.rs-api-2.1.5.jar:/home/robopop-laptop/Documents/2Semestre/AS/Pratica/AS-Project2/PA2_T2G01/src/main/java/com/as/pa2_t2g01/Scripts/kafka_2.12-2.4.1/bin/../libs/jakarta.xml.bind-api-2.3.2.jar:/home/robopop-laptop/Documents/2Semestre/AS/Pratica/AS-Project2/PA2_T2G01/src/main/java/com/as/pa2_t2g01/Scripts/kafka_2.12-2.4.1/bin/../libs/javassist-3.22.0-CR2.jar:/home/robopop-laptop/Documents/2Semestre/AS/Pratica/AS-Project2/PA2_T2G01/src/main/java/com/as/pa2_t2g01/Scripts/kafka_2.12-2.4.1/bin/../libs/javax.servlet-api-3.1.0.jar:/home/robopop-laptop/Documents/2Semestre/AS/Pratica/AS-Project2/PA2_T2G01/src/main/java/com/as/pa2_t2g01/Scripts/kafka_2.12-2.4.1/bin/../libs/javax.ws.rs-api-2.1.1.jar:/home/robopop-laptop/Documents/2Semestre/AS/Pratica/AS-Project2/PA2_T2G01/src/main/java/com/as/pa2_t2g01/Scripts/kafka_2.12-2.4.1/bin/../libs/jaxb-api-2.3.0.jar:/home/robopop-laptop/Documents/2Semestre/AS/Pratica/AS-Project2/PA2_T2G01/src/main/java/com/as/pa2_t2g01/Scripts/kafka_2.12-2.4.1/bin/../libs/jersey-client-2.28.jar:/home/robopop-laptop/Documents/2Semestre/AS/Pratica/AS-Project2/PA2_T2G01/src/main/java/com/as/pa2_t2g01/Scripts/kafka_2.12-2.4.1/bin/../libs/jersey-common-2.28.jar:/home/robopop-laptop/Documents/2Semestre/AS/Pratica/AS-Project2/PA2_T2G01/src/main/java/com/as/pa2_t2g01/Scripts/kafka_2.12-2.4.1/bin/../libs/jersey-container-servlet-2.28.jar:/home/robopop-laptop/Documents/2Semestre/AS/Pratica/AS-Project2/PA2_T2G01/src/main/java/com/as/pa2_t2g01/Scripts/kafka_2.12-2.4.1/bin/../libs/jersey-container-servlet-core-2.28.jar:/home/robopop-laptop/Documents/2Semestre/AS/Pratica/AS-Project2/PA2_T2G01/src/main/java/com/as/pa2_t2g01/Scripts/kafka_2.12-2.4.1/bin/../libs/jersey-hk2-2.28.jar:/home/robopop-laptop/Documents/2Semestre/AS/Pratica/AS-Project2/PA2_T2G01/src/main/java/com/as/pa2_t2g01/Scripts/kafka_2.12-2.4.1/bin/../libs/jersey-media-jaxb-2.28.jar:/home/robopop-laptop/Documents/2Semestre/AS/Pratica/AS-Project2/PA2_T2G01/src/main/java/com/as/pa2_t2g01/Scripts/kafka_2.12-2.4.1/bin/../libs/jersey-server-2.28.jar:/home/robopop-laptop/Documents/2Semestre/AS/Pratica/AS-Project2/PA2_T2G01/src/main/java/com/as/pa2_t2g01/Scripts/kafka_2.12-2.4.1/bin/../libs/jetty-client-9.4.20.v20190813.jar:/home/robopop-laptop/Documents/2Semestre/AS/Pratica/AS-Project2/PA2_T2G01/src/main/java/com/as/pa2_t2g01/Scripts/kafka_2.12-2.4.1/bin/../libs/jetty-continuation-9.4.20.v20190813.jar:/home/robopop-laptop/Documents/2Semestre/AS/Pratica/AS-Project2/PA2_T2G01/src/main/java/com/as/pa2_t2g01/Scripts/kafka_2.12-2.4.1/bin/../libs/jetty-http-9.4.20.v20190813.jar:/home/robopop-laptop/Documents/2Semestre/AS/Pratica/AS-Project2/PA2_T2G01/src/main/java/com/as/pa2_t2g01/Scripts/kafka_2.12-2.4.1/bin/../libs/jetty-io-9.4.20.v20190813.jar:/home/robopop-laptop/Documents/2Semestre/AS/Pratica/AS-Project2/PA2_T2G01/src/main/java/com/as/pa2_t2g01/Scripts/kafka_2.12-2.4.1/bin/../libs/jetty-security-9.4.20.v20190813.jar:/home/robopop-laptop/Documents/2Semestre/AS/Pratica/AS-Project2/PA2_T2G01/src/main/java/com/as/pa2_t2g01/Scripts/kafka_2.12-2.4.1/bin/../libs/jetty-server-9.4.20.v20190813.jar:/home/robopop-laptop/Documents/2Semestre/AS/Pratica/AS-Project2/PA2_T2G01/src/main/java/com/as/pa2_t2g01/Scripts/kafka_2.12-2.4.1/bin/../libs/jetty-servlet-9.4.20.v20190813.jar:/home/robopop-laptop/Documents/2Semestre/AS/Pratica/AS-Project2/PA2_T2G01/src/main/java/com/as/pa2_t2g01/Scripts/kafka_2.12-2.4.1/bin/../libs/jetty-servlets-9.4.20.v20190813.jar:/home/robopop-laptop/Documents/2Semestre/AS/Pratica/AS-Project2/PA2_T2G01/src/main/java/com/as/pa2_t2g01/Scripts/kafka_2.12-2.4.1/bin/../libs/jetty-util-9.4.20.v20190813.jar:/home/robopop-laptop/Documents/2Semestre/AS/Pratica/AS-Project2/PA2_T2G01/src/main/java/com/as/pa2_t2g01/Scripts/kafka_2.12-2.4.1/bin/../libs/jopt-simple-5.0.4.jar:/home/robopop-laptop/Documents/2Semestre/AS/Pratica/AS-Project2/PA2_T2G01/src/main/java/com/as/pa2_t2g01/Scripts/kafka_2.12-2.4.1/bin/../libs/kafka_2.12-2.4.1.jar:/home/robopop-laptop/Documents/2Semestre/AS/Pratica/AS-Project2/PA2_T2G01/src/main/java/com/as/pa2_t2g01/Scripts/kafka_2.12-2.4.1/bin/../libs/kafka_2.12-2.4.1-sources.jar:/home/robopop-laptop/Documents/2Semestre/AS/Pratica/AS-Project2/PA2_T2G01/src/main/java/com/as/pa2_t2g01/Scripts/kafka_2.12-2.4.1/bin/../libs/kafka-clients-2.4.1.jar:/home/robopop-laptop/Documents/2Semestre/AS/Pratica/AS-Project2/PA2_T2G01/src/main/java/com/as/pa2_t2g01/Scripts/kafka_2.12-2.4.1/bin/../libs/kafka-log4j-appender-2.4.1.jar:/home/robopop-laptop/Documents/2Semestre/AS/Pratica/AS-Project2/PA2_T2G01/src/main/java/com/as/pa2_t2g01/Scripts/kafka_2.12-2.4.1/bin/../libs/kafka-streams-2.4.1.jar:/home/robopop-laptop/Documents/2Semestre/AS/Pratica/AS-Project2/PA2_T2G01/src/main/java/com/as/pa2_t2g01/Scripts/kafka_2.12-2.4.1/bin/../libs/kafka-streams-examples-2.4.1.jar:/home/robopop-laptop/Documents/2Semestre/AS/Pratica/AS-Project2/PA2_T2G01/src/main/java/com/as/pa2_t2g01/Scripts/kafka_2.12-2.4.1/bin/../libs/kafka-streams-scala_2.12-2.4.1.jar:/home/robopop-laptop/Documents/2Semestre/AS/Pratica/AS-Project2/PA2_T2G01/src/main/java/com/as/pa2_t2g01/Scripts/kafka_2.12-2.4.1/bin/../libs/kafka-streams-test-utils-2.4.1.jar:/home/robopop-laptop/Documents/2Semestre/AS/Pratica/AS-Project2/PA2_T2G01/src/main/java/com/as/pa2_t2g01/Scripts/kafka_2.12-2.4.1/bin/../libs/kafka-tools-2.4.1.jar:/home/robopop-laptop/Documents/2Semestre/AS/Pratica/AS-Project2/PA2_T2G01/src/main/java/com/as/pa2_t2g01/Scripts/kafka_2.12-2.4.1/bin/../libs/log4j-1.2.17.jar:/home/robopop-laptop/Documents/2Semestre/AS/Pratica/AS-Project2/PA2_T2G01/src/main/java/com/as/pa2_t2g01/Scripts/kafka_2.12-2.4.1/bin/../libs/lz4-java-1.6.0.jar:/home/robopop-laptop/Documents/2Semestre/AS/Pratica/AS-Project2/PA2_T2G01/src/main/java/com/as/pa2_t2g01/Scripts/kafka_2.12-2.4.1/bin/../libs/maven-artifact-3.6.1.jar:/home/robopop-laptop/Documents/2Semestre/AS/Pratica/AS-Project2/PA2_T2G01/src/main/java/com/as/pa2_t2g01/Scripts/kafka_2.12-2.4.1/bin/../libs/metrics-core-2.2.0.jar:/home/robopop-laptop/Documents/2Semestre/AS/Pratica/AS-Project2/PA2_T2G01/src/main/java/com/as/pa2_t2g01/Scripts/kafka_2.12-2.4.1/bin/../libs/netty-buffer-4.1.45.Final.jar:/home/robopop-laptop/Documents/2Semestre/AS/Pratica/AS-Project2/PA2_T2G01/src/main/java/com/as/pa2_t2g01/Scripts/kafka_2.12-2.4.1/bin/../libs/netty-codec-4.1.45.Final.jar:/home/robopop-laptop/Documents/2Semestre/AS/Pratica/AS-Project2/PA2_T2G01/src/main/java/com/as/pa2_t2g01/Scripts/kafka_2.12-2.4.1/bin/../libs/netty-common-4.1.45.Final.jar:/home/robopop-laptop/Documents/2Semestre/AS/Pratica/AS-Project2/PA2_T2G01/src/main/java/com/as/pa2_t2g01/Scripts/kafka_2.12-2.4.1/bin/../libs/netty-handler-4.1.45.Final.jar:/home/robopop-laptop/Documents/2Semestre/AS/Pratica/AS-Project2/PA2_T2G01/src/main/java/com/as/pa2_t2g01/Scripts/kafka_2.12-2.4.1/bin/../libs/netty-resolver-4.1.45.Final.jar:/home/robopop-laptop/Documents/2Semestre/AS/Pratica/AS-Project2/PA2_T2G01/src/main/java/com/as/pa2_t2g01/Scripts/kafka_2.12-2.4.1/bin/../libs/netty-transport-4.1.45.Final.jar:/home/robopop-laptop/Documents/2Semestre/AS/Pratica/AS-Project2/PA2_T2G01/src/main/java/com/as/pa2_t2g01/Scripts/kafka_2.12-2.4.1/bin/../libs/netty-transport-native-epoll-4.1.45.Final.jar:/home/robopop-laptop/Documents/2Semestre/AS/Pratica/AS-Project2/PA2_T2G01/src/main/java/com/as/pa2_t2g01/Scripts/kafka_2.12-2.4.1/bin/../libs/netty-transport-native-unix-common-4.1.45.Final.jar:/home/robopop-laptop/Documents/2Semestre/AS/Pratica/AS-Project2/PA2_T2G01/src/main/java/com/as/pa2_t2g01/Scripts/kafka_2.12-2.4.1/bin/../libs/osgi-resource-locator-1.0.1.jar:/home/robopop-laptop/Documents/2Semestre/AS/Pratica/AS-Project2/PA2_T2G01/src/main/java/com/as/pa2_t2g01/Scripts/kafka_2.12-2.4.1/bin/../libs/paranamer-2.8.jar:/home/robopop-laptop/Documents/2Semestre/AS/Pratica/AS-Project2/PA2_T2G01/src/main/java/com/as/pa2_t2g01/Scripts/kafka_2.12-2.4.1/bin/../libs/plexus-utils-3.2.0.jar:/home/robopop-laptop/Documents/2Semestre/AS/Pratica/AS-Project2/PA2_T2G01/src/main/java/com/as/pa2_t2g01/Scripts/kafka_2.12-2.4.1/bin/../libs/reflections-0.9.11.jar:/home/robopop-laptop/Documents/2Semestre/AS/Pratica/AS-Project2/PA2_T2G01/src/main/java/com/as/pa2_t2g01/Scripts/kafka_2.12-2.4.1/bin/../libs/rocksdbjni-5.18.3.jar:/home/robopop-laptop/Documents/2Semestre/AS/Pratica/AS-Project2/PA2_T2G01/src/main/java/com/as/pa2_t2g01/Scripts/kafka_2.12-2.4.1/bin/../libs/scala-collection-compat_2.12-2.1.2.jar:/home/robopop-laptop/Documents/2Semestre/AS/Pratica/AS-Project2/PA2_T2G01/src/main/java/com/as/pa2_t2g01/Scripts/kafka_2.12-2.4.1/bin/../libs/scala-java8-compat_2.12-0.9.0.jar:/home/robopop-laptop/Documents/2Semestre/AS/Pratica/AS-Project2/PA2_T2G01/src/main/java/com/as/pa2_t2g01/Scripts/kafka_2.12-2.4.1/bin/../libs/scala-library-2.12.10.jar:/home/robopop-laptop/Documents/2Semestre/AS/Pratica/AS-Project2/PA2_T2G01/src/main/java/com/as/pa2_t2g01/Scripts/kafka_2.12-2.4.1/bin/../libs/scala-logging_2.12-3.9.2.jar:/home/robopop-laptop/Documents/2Semestre/AS/Pratica/AS-Project2/PA2_T2G01/src/main/java/com/as/pa2_t2g01/Scripts/kafka_2.12-2.4.1/bin/../libs/scala-reflect-2.12.10.jar:/home/robopop-laptop/Documents/2Semestre/AS/Pratica/AS-Project2/PA2_T2G01/src/main/java/com/as/pa2_t2g01/Scripts/kafka_2.12-2.4.1/bin/../libs/slf4j-api-1.7.28.jar:/home/robopop-laptop/Documents/2Semestre/AS/Pratica/AS-Project2/PA2_T2G01/src/main/java/com/as/pa2_t2g01/Scripts/kafka_2.12-2.4.1/bin/../libs/slf4j-log4j12-1.7.28.jar:/home/robopop-laptop/Documents/2Semestre/AS/Pratica/AS-Project2/PA2_T2G01/src/main/java/com/as/pa2_t2g01/Scripts/kafka_2.12-2.4.1/bin/../libs/snappy-java-1.1.7.3.jar:/home/robopop-laptop/Documents/2Semestre/AS/Pratica/AS-Project2/PA2_T2G01/src/main/java/com/as/pa2_t2g01/Scripts/kafka_2.12-2.4.1/bin/../libs/validation-api-2.0.1.Final.jar:/home/robopop-laptop/Documents/2Semestre/AS/Pratica/AS-Project2/PA2_T2G01/src/main/java/com/as/pa2_t2g01/Scripts/kafka_2.12-2.4.1/bin/../libs/zookeeper-3.5.7.jar:/home/robopop-laptop/Documents/2Semestre/AS/Pratica/AS-Project2/PA2_T2G01/src/main/java/com/as/pa2_t2g01/Scripts/kafka_2.12-2.4.1/bin/../libs/zookeeper-jute-3.5.7.jar:/home/robopop-laptop/Documents/2Semestre/AS/Pratica/AS-Project2/PA2_T2G01/src/main/java/com/as/pa2_t2g01/Scripts/kafka_2.12-2.4.1/bin/../libs/zstd-jni-1.4.3-1.jar (org.apache.zookeeper.ZooKeeper)
[2020-04-10 17:50:41,633] INFO Client environment:java.library.path=/usr/java/packages/lib/amd64:/usr/lib/x86_64-linux-gnu/jni:/lib/x86_64-linux-gnu:/usr/lib/x86_64-linux-gnu:/usr/lib/jni:/lib:/usr/lib (org.apache.zookeeper.ZooKeeper)
[2020-04-10 17:50:41,633] INFO Client environment:java.io.tmpdir=/tmp (org.apache.zookeeper.ZooKeeper)
[2020-04-10 17:50:41,633] INFO Client environment:java.compiler=<NA> (org.apache.zookeeper.ZooKeeper)
[2020-04-10 17:50:41,633] INFO Client environment:os.name=Linux (org.apache.zookeeper.ZooKeeper)
[2020-04-10 17:50:41,633] INFO Client environment:os.arch=amd64 (org.apache.zookeeper.ZooKeeper)
[2020-04-10 17:50:41,633] INFO Client environment:os.version=5.3.0-7642-generic (org.apache.zookeeper.ZooKeeper)
[2020-04-10 17:50:41,633] INFO Client environment:user.name=robopop-laptop (org.apache.zookeeper.ZooKeeper)
[2020-04-10 17:50:41,633] INFO Client environment:user.home=/home/robopop-laptop (org.apache.zookeeper.ZooKeeper)
[2020-04-10 17:50:41,633] INFO Client environment:user.dir=/home/robopop-laptop/Documents/2Semestre/AS/Pratica/AS-Project2/PA2_T2G01/src/main/java/com/as/pa2_t2g01/Scripts (org.apache.zookeeper.ZooKeeper)
[2020-04-10 17:50:41,633] INFO Client environment:os.memory.free=974MB (org.apache.zookeeper.ZooKeeper)
[2020-04-10 17:50:41,633] INFO Client environment:os.memory.max=1024MB (org.apache.zookeeper.ZooKeeper)
[2020-04-10 17:50:41,633] INFO Client environment:os.memory.total=1024MB (org.apache.zookeeper.ZooKeeper)
[2020-04-10 17:50:41,639] INFO Initiating client connection, connectString=localhost:2181 sessionTimeout=6000 watcher=kafka.zookeeper.ZooKeeperClient$ZooKeeperClientWatcher$@7714e963 (org.apache.zookeeper.ZooKeeper)
[2020-04-10 17:50:41,659] INFO Setting -D jdk.tls.rejectClientInitiatedRenegotiation=true to disable client-initiated TLS renegotiation (org.apache.zookeeper.common.X509Util)
[2020-04-10 17:50:41,663] INFO jute.maxbuffer value is 4194304 Bytes (org.apache.zookeeper.ClientCnxnSocket)
[2020-04-10 17:50:41,671] INFO zookeeper.request.timeout value is 0. feature enabled= (org.apache.zookeeper.ClientCnxn)
[2020-04-10 17:50:41,673] INFO [ZooKeeperClient Kafka server] Waiting until connected. (kafka.zookeeper.ZooKeeperClient)
[2020-04-10 17:50:41,675] INFO Opening socket connection to server localhost/127.0.0.1:2181. Will not attempt to authenticate using SASL (unknown error) (org.apache.zookeeper.ClientCnxn)
[2020-04-10 17:50:41,678] INFO Socket connection established, initiating session, client: /127.0.0.1:57438, server: localhost/127.0.0.1:2181 (org.apache.zookeeper.ClientCnxn)
[2020-04-10 17:50:41,696] INFO Session establishment complete on server localhost/127.0.0.1:2181, sessionid = 0x100019fbe590000, negotiated timeout = 6000 (org.apache.zookeeper.ClientCnxn)
[2020-04-10 17:50:41,700] INFO [ZooKeeperClient Kafka server] Connected. (kafka.zookeeper.ZooKeeperClient)
[2020-04-10 17:50:41,934] INFO Cluster ID = 1s6xQjcKRJyfKp-w911I0g (kafka.server.KafkaServer)
[2020-04-10 17:50:41,994] INFO KafkaConfig values: 
	advertised.host.name = null
	advertised.listeners = null
	advertised.port = null
	alter.config.policy.class.name = null
	alter.log.dirs.replication.quota.window.num = 11
	alter.log.dirs.replication.quota.window.size.seconds = 1
	authorizer.class.name = 
	auto.create.topics.enable = true
	auto.leader.rebalance.enable = true
	background.threads = 10
	broker.id = 0
	broker.id.generation.enable = true
	broker.rack = null
	client.quota.callback.class = null
	compression.type = producer
	connection.failed.authentication.delay.ms = 100
	connections.max.idle.ms = 600000
	connections.max.reauth.ms = 0
	control.plane.listener.name = null
	controlled.shutdown.enable = true
	controlled.shutdown.max.retries = 3
	controlled.shutdown.retry.backoff.ms = 5000
	controller.socket.timeout.ms = 30000
	create.topic.policy.class.name = null
	default.replication.factor = 1
	delegation.token.expiry.check.interval.ms = 3600000
	delegation.token.expiry.time.ms = 86400000
	delegation.token.master.key = null
	delegation.token.max.lifetime.ms = 604800000
	delete.records.purgatory.purge.interval.requests = 1
	delete.topic.enable = true
	fetch.purgatory.purge.interval.requests = 1000
	group.initial.rebalance.delay.ms = 0
	group.max.session.timeout.ms = 1800000
	group.max.size = 2147483647
	group.min.session.timeout.ms = 6000
	host.name = 
	inter.broker.listener.name = null
	inter.broker.protocol.version = 2.4-IV1
	kafka.metrics.polling.interval.secs = 10
	kafka.metrics.reporters = []
	leader.imbalance.check.interval.seconds = 300
	leader.imbalance.per.broker.percentage = 10
	listener.security.protocol.map = PLAINTEXT:PLAINTEXT,SSL:SSL,SASL_PLAINTEXT:SASL_PLAINTEXT,SASL_SSL:SASL_SSL
	listeners = null
	log.cleaner.backoff.ms = 15000
	log.cleaner.dedupe.buffer.size = 134217728
	log.cleaner.delete.retention.ms = 86400000
	log.cleaner.enable = true
	log.cleaner.io.buffer.load.factor = 0.9
	log.cleaner.io.buffer.size = 524288
	log.cleaner.io.max.bytes.per.second = 1.7976931348623157E308
	log.cleaner.max.compaction.lag.ms = 9223372036854775807
	log.cleaner.min.cleanable.ratio = 0.5
	log.cleaner.min.compaction.lag.ms = 0
	log.cleaner.threads = 1
	log.cleanup.policy = [delete]
	log.dir = /tmp/kafka-logs
	log.dirs = /tmp/kafka-logs
	log.flush.interval.messages = 9223372036854775807
	log.flush.interval.ms = null
	log.flush.offset.checkpoint.interval.ms = 60000
	log.flush.scheduler.interval.ms = 9223372036854775807
	log.flush.start.offset.checkpoint.interval.ms = 60000
	log.index.interval.bytes = 4096
	log.index.size.max.bytes = 10485760
	log.message.downconversion.enable = true
	log.message.format.version = 2.4-IV1
	log.message.timestamp.difference.max.ms = 9223372036854775807
	log.message.timestamp.type = CreateTime
	log.preallocate = false
	log.retention.bytes = -1
	log.retention.check.interval.ms = 300000
	log.retention.hours = 168
	log.retention.minutes = null
	log.retention.ms = null
	log.roll.hours = 168
	log.roll.jitter.hours = 0
	log.roll.jitter.ms = null
	log.roll.ms = null
	log.segment.bytes = 1073741824
	log.segment.delete.delay.ms = 60000
	max.connections = 2147483647
	max.connections.per.ip = 2147483647
	max.connections.per.ip.overrides = 
	max.incremental.fetch.session.cache.slots = 1000
	message.max.bytes = 1000012
	metric.reporters = []
	metrics.num.samples = 2
	metrics.recording.level = INFO
	metrics.sample.window.ms = 30000
	min.insync.replicas = 1
	num.io.threads = 8
	num.network.threads = 3
	num.partitions = 1
	num.recovery.threads.per.data.dir = 1
	num.replica.alter.log.dirs.threads = null
	num.replica.fetchers = 1
	offset.metadata.max.bytes = 4096
	offsets.commit.required.acks = -1
	offsets.commit.timeout.ms = 5000
	offsets.load.buffer.size = 5242880
	offsets.retention.check.interval.ms = 600000
	offsets.retention.minutes = 10080
	offsets.topic.compression.codec = 0
	offsets.topic.num.partitions = 50
	offsets.topic.replication.factor = 1
	offsets.topic.segment.bytes = 104857600
	password.encoder.cipher.algorithm = AES/CBC/PKCS5Padding
	password.encoder.iterations = 4096
	password.encoder.key.length = 128
	password.encoder.keyfactory.algorithm = null
	password.encoder.old.secret = null
	password.encoder.secret = null
	port = 9092
	principal.builder.class = null
	producer.purgatory.purge.interval.requests = 1000
	queued.max.request.bytes = -1
	queued.max.requests = 500
	quota.consumer.default = 9223372036854775807
	quota.producer.default = 9223372036854775807
	quota.window.num = 11
	quota.window.size.seconds = 1
	replica.fetch.backoff.ms = 1000
	replica.fetch.max.bytes = 1048576
	replica.fetch.min.bytes = 1
	replica.fetch.response.max.bytes = 10485760
	replica.fetch.wait.max.ms = 500
	replica.high.watermark.checkpoint.interval.ms = 5000
	replica.lag.time.max.ms = 10000
	replica.selector.class = null
	replica.socket.receive.buffer.bytes = 65536
	replica.socket.timeout.ms = 30000
	replication.quota.window.num = 11
	replication.quota.window.size.seconds = 1
	request.timeout.ms = 30000
	reserved.broker.max.id = 1000
	sasl.client.callback.handler.class = null
	sasl.enabled.mechanisms = [GSSAPI]
	sasl.jaas.config = null
	sasl.kerberos.kinit.cmd = /usr/bin/kinit
	sasl.kerberos.min.time.before.relogin = 60000
	sasl.kerberos.principal.to.local.rules = [DEFAULT]
	sasl.kerberos.service.name = null
	sasl.kerberos.ticket.renew.jitter = 0.05
	sasl.kerberos.ticket.renew.window.factor = 0.8
	sasl.login.callback.handler.class = null
	sasl.login.class = null
	sasl.login.refresh.buffer.seconds = 300
	sasl.login.refresh.min.period.seconds = 60
	sasl.login.refresh.window.factor = 0.8
	sasl.login.refresh.window.jitter = 0.05
	sasl.mechanism.inter.broker.protocol = GSSAPI
	sasl.server.callback.handler.class = null
	security.inter.broker.protocol = PLAINTEXT
	security.providers = null
	socket.receive.buffer.bytes = 102400
	socket.request.max.bytes = 104857600
	socket.send.buffer.bytes = 102400
	ssl.cipher.suites = []
	ssl.client.auth = none
	ssl.enabled.protocols = [TLSv1.2, TLSv1.1, TLSv1]
	ssl.endpoint.identification.algorithm = https
	ssl.key.password = null
	ssl.keymanager.algorithm = SunX509
	ssl.keystore.location = null
	ssl.keystore.password = null
	ssl.keystore.type = JKS
	ssl.principal.mapping.rules = DEFAULT
	ssl.protocol = TLS
	ssl.provider = null
	ssl.secure.random.implementation = null
	ssl.trustmanager.algorithm = PKIX
	ssl.truststore.location = null
	ssl.truststore.password = null
	ssl.truststore.type = JKS
	transaction.abort.timed.out.transaction.cleanup.interval.ms = 60000
	transaction.max.timeout.ms = 900000
	transaction.remove.expired.transaction.cleanup.interval.ms = 3600000
	transaction.state.log.load.buffer.size = 5242880
	transaction.state.log.min.isr = 1
	transaction.state.log.num.partitions = 50
	transaction.state.log.replication.factor = 1
	transaction.state.log.segment.bytes = 104857600
	transactional.id.expiration.ms = 604800000
	unclean.leader.election.enable = false
	zookeeper.connect = localhost:2181
	zookeeper.connection.timeout.ms = 6000
	zookeeper.max.in.flight.requests = 10
	zookeeper.session.timeout.ms = 6000
	zookeeper.set.acl = false
	zookeeper.sync.time.ms = 2000
 (kafka.server.KafkaConfig)
[2020-04-10 17:50:42,006] INFO KafkaConfig values: 
	advertised.host.name = null
	advertised.listeners = null
	advertised.port = null
	alter.config.policy.class.name = null
	alter.log.dirs.replication.quota.window.num = 11
	alter.log.dirs.replication.quota.window.size.seconds = 1
	authorizer.class.name = 
	auto.create.topics.enable = true
	auto.leader.rebalance.enable = true
	background.threads = 10
	broker.id = 0
	broker.id.generation.enable = true
	broker.rack = null
	client.quota.callback.class = null
	compression.type = producer
	connection.failed.authentication.delay.ms = 100
	connections.max.idle.ms = 600000
	connections.max.reauth.ms = 0
	control.plane.listener.name = null
	controlled.shutdown.enable = true
	controlled.shutdown.max.retries = 3
	controlled.shutdown.retry.backoff.ms = 5000
	controller.socket.timeout.ms = 30000
	create.topic.policy.class.name = null
	default.replication.factor = 1
	delegation.token.expiry.check.interval.ms = 3600000
	delegation.token.expiry.time.ms = 86400000
	delegation.token.master.key = null
	delegation.token.max.lifetime.ms = 604800000
	delete.records.purgatory.purge.interval.requests = 1
	delete.topic.enable = true
	fetch.purgatory.purge.interval.requests = 1000
	group.initial.rebalance.delay.ms = 0
	group.max.session.timeout.ms = 1800000
	group.max.size = 2147483647
	group.min.session.timeout.ms = 6000
	host.name = 
	inter.broker.listener.name = null
	inter.broker.protocol.version = 2.4-IV1
	kafka.metrics.polling.interval.secs = 10
	kafka.metrics.reporters = []
	leader.imbalance.check.interval.seconds = 300
	leader.imbalance.per.broker.percentage = 10
	listener.security.protocol.map = PLAINTEXT:PLAINTEXT,SSL:SSL,SASL_PLAINTEXT:SASL_PLAINTEXT,SASL_SSL:SASL_SSL
	listeners = null
	log.cleaner.backoff.ms = 15000
	log.cleaner.dedupe.buffer.size = 134217728
	log.cleaner.delete.retention.ms = 86400000
	log.cleaner.enable = true
	log.cleaner.io.buffer.load.factor = 0.9
	log.cleaner.io.buffer.size = 524288
	log.cleaner.io.max.bytes.per.second = 1.7976931348623157E308
	log.cleaner.max.compaction.lag.ms = 9223372036854775807
	log.cleaner.min.cleanable.ratio = 0.5
	log.cleaner.min.compaction.lag.ms = 0
	log.cleaner.threads = 1
	log.cleanup.policy = [delete]
	log.dir = /tmp/kafka-logs
	log.dirs = /tmp/kafka-logs
	log.flush.interval.messages = 9223372036854775807
	log.flush.interval.ms = null
	log.flush.offset.checkpoint.interval.ms = 60000
	log.flush.scheduler.interval.ms = 9223372036854775807
	log.flush.start.offset.checkpoint.interval.ms = 60000
	log.index.interval.bytes = 4096
	log.index.size.max.bytes = 10485760
	log.message.downconversion.enable = true
	log.message.format.version = 2.4-IV1
	log.message.timestamp.difference.max.ms = 9223372036854775807
	log.message.timestamp.type = CreateTime
	log.preallocate = false
	log.retention.bytes = -1
	log.retention.check.interval.ms = 300000
	log.retention.hours = 168
	log.retention.minutes = null
	log.retention.ms = null
	log.roll.hours = 168
	log.roll.jitter.hours = 0
	log.roll.jitter.ms = null
	log.roll.ms = null
	log.segment.bytes = 1073741824
	log.segment.delete.delay.ms = 60000
	max.connections = 2147483647
	max.connections.per.ip = 2147483647
	max.connections.per.ip.overrides = 
	max.incremental.fetch.session.cache.slots = 1000
	message.max.bytes = 1000012
	metric.reporters = []
	metrics.num.samples = 2
	metrics.recording.level = INFO
	metrics.sample.window.ms = 30000
	min.insync.replicas = 1
	num.io.threads = 8
	num.network.threads = 3
	num.partitions = 1
	num.recovery.threads.per.data.dir = 1
	num.replica.alter.log.dirs.threads = null
	num.replica.fetchers = 1
	offset.metadata.max.bytes = 4096
	offsets.commit.required.acks = -1
	offsets.commit.timeout.ms = 5000
	offsets.load.buffer.size = 5242880
	offsets.retention.check.interval.ms = 600000
	offsets.retention.minutes = 10080
	offsets.topic.compression.codec = 0
	offsets.topic.num.partitions = 50
	offsets.topic.replication.factor = 1
	offsets.topic.segment.bytes = 104857600
	password.encoder.cipher.algorithm = AES/CBC/PKCS5Padding
	password.encoder.iterations = 4096
	password.encoder.key.length = 128
	password.encoder.keyfactory.algorithm = null
	password.encoder.old.secret = null
	password.encoder.secret = null
	port = 9092
	principal.builder.class = null
	producer.purgatory.purge.interval.requests = 1000
	queued.max.request.bytes = -1
	queued.max.requests = 500
	quota.consumer.default = 9223372036854775807
	quota.producer.default = 9223372036854775807
	quota.window.num = 11
	quota.window.size.seconds = 1
	replica.fetch.backoff.ms = 1000
	replica.fetch.max.bytes = 1048576
	replica.fetch.min.bytes = 1
	replica.fetch.response.max.bytes = 10485760
	replica.fetch.wait.max.ms = 500
	replica.high.watermark.checkpoint.interval.ms = 5000
	replica.lag.time.max.ms = 10000
	replica.selector.class = null
	replica.socket.receive.buffer.bytes = 65536
	replica.socket.timeout.ms = 30000
	replication.quota.window.num = 11
	replication.quota.window.size.seconds = 1
	request.timeout.ms = 30000
	reserved.broker.max.id = 1000
	sasl.client.callback.handler.class = null
	sasl.enabled.mechanisms = [GSSAPI]
	sasl.jaas.config = null
	sasl.kerberos.kinit.cmd = /usr/bin/kinit
	sasl.kerberos.min.time.before.relogin = 60000
	sasl.kerberos.principal.to.local.rules = [DEFAULT]
	sasl.kerberos.service.name = null
	sasl.kerberos.ticket.renew.jitter = 0.05
	sasl.kerberos.ticket.renew.window.factor = 0.8
	sasl.login.callback.handler.class = null
	sasl.login.class = null
	sasl.login.refresh.buffer.seconds = 300
	sasl.login.refresh.min.period.seconds = 60
	sasl.login.refresh.window.factor = 0.8
	sasl.login.refresh.window.jitter = 0.05
	sasl.mechanism.inter.broker.protocol = GSSAPI
	sasl.server.callback.handler.class = null
	security.inter.broker.protocol = PLAINTEXT
	security.providers = null
	socket.receive.buffer.bytes = 102400
	socket.request.max.bytes = 104857600
	socket.send.buffer.bytes = 102400
	ssl.cipher.suites = []
	ssl.client.auth = none
	ssl.enabled.protocols = [TLSv1.2, TLSv1.1, TLSv1]
	ssl.endpoint.identification.algorithm = https
	ssl.key.password = null
	ssl.keymanager.algorithm = SunX509
	ssl.keystore.location = null
	ssl.keystore.password = null
	ssl.keystore.type = JKS
	ssl.principal.mapping.rules = DEFAULT
	ssl.protocol = TLS
	ssl.provider = null
	ssl.secure.random.implementation = null
	ssl.trustmanager.algorithm = PKIX
	ssl.truststore.location = null
	ssl.truststore.password = null
	ssl.truststore.type = JKS
	transaction.abort.timed.out.transaction.cleanup.interval.ms = 60000
	transaction.max.timeout.ms = 900000
	transaction.remove.expired.transaction.cleanup.interval.ms = 3600000
	transaction.state.log.load.buffer.size = 5242880
	transaction.state.log.min.isr = 1
	transaction.state.log.num.partitions = 50
	transaction.state.log.replication.factor = 1
	transaction.state.log.segment.bytes = 104857600
	transactional.id.expiration.ms = 604800000
	unclean.leader.election.enable = false
	zookeeper.connect = localhost:2181
	zookeeper.connection.timeout.ms = 6000
	zookeeper.max.in.flight.requests = 10
	zookeeper.session.timeout.ms = 6000
	zookeeper.set.acl = false
	zookeeper.sync.time.ms = 2000
 (kafka.server.KafkaConfig)
[2020-04-10 17:50:42,028] INFO [ThrottledChannelReaper-Fetch]: Starting (kafka.server.ClientQuotaManager$ThrottledChannelReaper)
[2020-04-10 17:50:42,029] INFO [ThrottledChannelReaper-Produce]: Starting (kafka.server.ClientQuotaManager$ThrottledChannelReaper)
[2020-04-10 17:50:42,029] INFO [ThrottledChannelReaper-Request]: Starting (kafka.server.ClientQuotaManager$ThrottledChannelReaper)
[2020-04-10 17:50:42,065] INFO Loading logs. (kafka.log.LogManager)
[2020-04-10 17:50:42,143] INFO [Log partition=BatchTopic-0, dir=/tmp/kafka-logs] Loading producer state till offset 0 with message format version 2 (kafka.log.Log)
[2020-04-10 17:50:42,157] INFO [Log partition=BatchTopic-0, dir=/tmp/kafka-logs] Completed load of log with 1 segments, log start offset 0 and log end offset 0 in 71 ms (kafka.log.Log)
[2020-04-10 17:50:42,166] INFO Logs loading complete in 101 ms. (kafka.log.LogManager)
[2020-04-10 17:50:42,177] INFO Starting log cleanup with a period of 300000 ms. (kafka.log.LogManager)
[2020-04-10 17:50:42,178] INFO Starting log flusher with a default period of 9223372036854775807 ms. (kafka.log.LogManager)
[2020-04-10 17:50:42,561] INFO Awaiting socket connections on 0.0.0.0:9092. (kafka.network.Acceptor)
[2020-04-10 17:50:42,590] INFO [SocketServer brokerId=0] Created data-plane acceptor and processors for endpoint : EndPoint(null,9092,ListenerName(PLAINTEXT),PLAINTEXT) (kafka.network.SocketServer)
[2020-04-10 17:50:42,591] INFO [SocketServer brokerId=0] Started 1 acceptor threads for data-plane (kafka.network.SocketServer)
[2020-04-10 17:50:42,608] INFO [ExpirationReaper-0-Produce]: Starting (kafka.server.DelayedOperationPurgatory$ExpiredOperationReaper)
[2020-04-10 17:50:42,608] INFO [ExpirationReaper-0-Fetch]: Starting (kafka.server.DelayedOperationPurgatory$ExpiredOperationReaper)
[2020-04-10 17:50:42,609] INFO [ExpirationReaper-0-DeleteRecords]: Starting (kafka.server.DelayedOperationPurgatory$ExpiredOperationReaper)
[2020-04-10 17:50:42,609] INFO [ExpirationReaper-0-ElectLeader]: Starting (kafka.server.DelayedOperationPurgatory$ExpiredOperationReaper)
[2020-04-10 17:50:42,624] INFO [LogDirFailureHandler]: Starting (kafka.server.ReplicaManager$LogDirFailureHandler)
[2020-04-10 17:50:42,669] INFO Creating /brokers/ids/0 (is it secure? false) (kafka.zk.KafkaZkClient)
[2020-04-10 17:50:42,690] INFO Stat of the created znode at /brokers/ids/0 is: 1121,1121,1586537442681,1586537442681,1,0,0,72059379642859520,206,0,1121
 (kafka.zk.KafkaZkClient)
[2020-04-10 17:50:42,690] INFO Registered broker 0 at path /brokers/ids/0 with addresses: ArrayBuffer(EndPoint(pop-os.localdomain,9092,ListenerName(PLAINTEXT),PLAINTEXT)), czxid (broker epoch): 1121 (kafka.zk.KafkaZkClient)
[2020-04-10 17:50:42,769] INFO [ExpirationReaper-0-topic]: Starting (kafka.server.DelayedOperationPurgatory$ExpiredOperationReaper)
[2020-04-10 17:50:42,771] INFO [ExpirationReaper-0-Heartbeat]: Starting (kafka.server.DelayedOperationPurgatory$ExpiredOperationReaper)
[2020-04-10 17:50:42,772] INFO [ExpirationReaper-0-Rebalance]: Starting (kafka.server.DelayedOperationPurgatory$ExpiredOperationReaper)
[2020-04-10 17:50:42,807] INFO [GroupCoordinator 0]: Starting up. (kafka.coordinator.group.GroupCoordinator)
[2020-04-10 17:50:42,807] INFO [GroupCoordinator 0]: Startup complete. (kafka.coordinator.group.GroupCoordinator)
[2020-04-10 17:50:42,814] INFO [GroupMetadataManager brokerId=0] Removed 0 expired offsets in 7 milliseconds. (kafka.coordinator.group.GroupMetadataManager)
[2020-04-10 17:50:42,827] INFO [ProducerId Manager 0]: Acquired new producerId block (brokerId:0,blockStartProducerId:38000,blockEndProducerId:38999) by writing to Zk with path version 39 (kafka.coordinator.transaction.ProducerIdManager)
[2020-04-10 17:50:42,865] INFO [TransactionCoordinator id=0] Starting up. (kafka.coordinator.transaction.TransactionCoordinator)
[2020-04-10 17:50:42,869] INFO [Transaction Marker Channel Manager 0]: Starting (kafka.coordinator.transaction.TransactionMarkerChannelManager)
[2020-04-10 17:50:42,870] INFO [TransactionCoordinator id=0] Startup complete. (kafka.coordinator.transaction.TransactionCoordinator)
[2020-04-10 17:50:42,933] INFO [ExpirationReaper-0-AlterAcls]: Starting (kafka.server.DelayedOperationPurgatory$ExpiredOperationReaper)
[2020-04-10 17:50:42,996] INFO [/config/changes-event-process-thread]: Starting (kafka.common.ZkNodeChangeNotificationListener$ChangeEventProcessThread)
[2020-04-10 17:50:43,046] INFO [SocketServer brokerId=0] Started data-plane processors for 1 acceptors (kafka.network.SocketServer)
[2020-04-10 17:50:43,050] INFO Kafka version: 2.4.1 (org.apache.kafka.common.utils.AppInfoParser)
[2020-04-10 17:50:43,050] INFO Kafka commitId: c57222ae8cd7866b (org.apache.kafka.common.utils.AppInfoParser)
[2020-04-10 17:50:43,050] INFO Kafka startTimeMs: 1586537443046 (org.apache.kafka.common.utils.AppInfoParser)
[2020-04-10 17:50:43,052] INFO [KafkaServer id=0] started (kafka.server.KafkaServer)
[2020-04-10 17:50:43,107] INFO [ReplicaFetcherManager on broker 0] Removed fetcher for partitions Set(BatchTopic-0) (kafka.server.ReplicaFetcherManager)
[2020-04-10 17:50:43,138] INFO [Partition BatchTopic-0 broker=0] Log loaded for partition BatchTopic-0 with initial high watermark 0 (kafka.cluster.Partition)
[2020-04-10 17:50:43,139] INFO [Partition BatchTopic-0 broker=0] BatchTopic-0 starts at leader epoch 26 from offset 0 with high watermark 0. Previous leader epoch was -1. (kafka.cluster.Partition)
[2020-04-10 17:50:46,139] INFO [Partition BatchTopic-0 broker=0] Expanding ISR from 0 to 0,1 (kafka.cluster.Partition)
[2020-04-10 17:50:46,148] INFO [Partition BatchTopic-0 broker=0] ISR updated to [0,1] and zkVersion updated to [40] (kafka.cluster.Partition)
[2020-04-10 17:50:48,095] INFO [Partition BatchTopic-0 broker=0] Expanding ISR from 0,1 to 0,1,2 (kafka.cluster.Partition)
[2020-04-10 17:50:48,106] INFO [Partition BatchTopic-0 broker=0] ISR updated to [0,1,2] and zkVersion updated to [41] (kafka.cluster.Partition)
[2020-04-10 17:51:07,687] INFO Creating topic ReportTopic with configuration {} and initial partition assignment Map(0 -> ArrayBuffer(0, 2, 1)) (kafka.zk.AdminZkClient)
[2020-04-10 17:51:07,723] INFO [ReplicaFetcherManager on broker 0] Removed fetcher for partitions Set(ReportTopic-0) (kafka.server.ReplicaFetcherManager)
[2020-04-10 17:51:07,744] INFO [Log partition=ReportTopic-0, dir=/tmp/kafka-logs] Loading producer state till offset 0 with message format version 2 (kafka.log.Log)
[2020-04-10 17:51:07,748] INFO [Log partition=ReportTopic-0, dir=/tmp/kafka-logs] Completed load of log with 1 segments, log start offset 0 and log end offset 0 in 8 ms (kafka.log.Log)
[2020-04-10 17:51:07,749] INFO Created log for partition ReportTopic-0 in /tmp/kafka-logs/ReportTopic-0 with properties {compression.type -> producer, message.downconversion.enable -> true, min.insync.replicas -> 1, segment.jitter.ms -> 0, cleanup.policy -> [delete], flush.ms -> 9223372036854775807, segment.bytes -> 1073741824, retention.ms -> 604800000, flush.messages -> 9223372036854775807, message.format.version -> 2.4-IV1, file.delete.delay.ms -> 60000, max.compaction.lag.ms -> 9223372036854775807, max.message.bytes -> 1000012, min.compaction.lag.ms -> 0, message.timestamp.type -> CreateTime, preallocate -> false, min.cleanable.dirty.ratio -> 0.5, index.interval.bytes -> 4096, unclean.leader.election.enable -> false, retention.bytes -> -1, delete.retention.ms -> 86400000, segment.ms -> 604800000, message.timestamp.difference.max.ms -> 9223372036854775807, segment.index.bytes -> 10485760}. (kafka.log.LogManager)
[2020-04-10 17:51:07,750] INFO [Partition ReportTopic-0 broker=0] No checkpointed highwatermark is found for partition ReportTopic-0 (kafka.cluster.Partition)
[2020-04-10 17:51:07,751] INFO [Partition ReportTopic-0 broker=0] Log loaded for partition ReportTopic-0 with initial high watermark 0 (kafka.cluster.Partition)
[2020-04-10 17:51:07,751] INFO [Partition ReportTopic-0 broker=0] ReportTopic-0 starts at leader epoch 0 from offset 0 with high watermark 0. Previous leader epoch was -1. (kafka.cluster.Partition)
[2020-04-10 17:51:11,910] INFO Creating topic AlarmTopic with configuration {} and initial partition assignment Map(0 -> ArrayBuffer(1, 0, 2)) (kafka.zk.AdminZkClient)
[2020-04-10 17:51:11,974] INFO [Log partition=AlarmTopic-0, dir=/tmp/kafka-logs] Loading producer state till offset 0 with message format version 2 (kafka.log.Log)
[2020-04-10 17:51:11,975] INFO [Log partition=AlarmTopic-0, dir=/tmp/kafka-logs] Completed load of log with 1 segments, log start offset 0 and log end offset 0 in 3 ms (kafka.log.Log)
[2020-04-10 17:51:11,976] INFO Created log for partition AlarmTopic-0 in /tmp/kafka-logs/AlarmTopic-0 with properties {compression.type -> producer, message.downconversion.enable -> true, min.insync.replicas -> 1, segment.jitter.ms -> 0, cleanup.policy -> [delete], flush.ms -> 9223372036854775807, segment.bytes -> 1073741824, retention.ms -> 604800000, flush.messages -> 9223372036854775807, message.format.version -> 2.4-IV1, file.delete.delay.ms -> 60000, max.compaction.lag.ms -> 9223372036854775807, max.message.bytes -> 1000012, min.compaction.lag.ms -> 0, message.timestamp.type -> CreateTime, preallocate -> false, min.cleanable.dirty.ratio -> 0.5, index.interval.bytes -> 4096, unclean.leader.election.enable -> false, retention.bytes -> -1, delete.retention.ms -> 86400000, segment.ms -> 604800000, message.timestamp.difference.max.ms -> 9223372036854775807, segment.index.bytes -> 10485760}. (kafka.log.LogManager)
[2020-04-10 17:51:11,977] INFO [Partition AlarmTopic-0 broker=0] No checkpointed highwatermark is found for partition AlarmTopic-0 (kafka.cluster.Partition)
[2020-04-10 17:51:11,977] INFO [Partition AlarmTopic-0 broker=0] Log loaded for partition AlarmTopic-0 with initial high watermark 0 (kafka.cluster.Partition)
[2020-04-10 17:51:11,978] INFO [ReplicaFetcherManager on broker 0] Removed fetcher for partitions Set(AlarmTopic-0) (kafka.server.ReplicaFetcherManager)
[2020-04-10 17:51:12,001] INFO [ReplicaFetcher replicaId=0, leaderId=1, fetcherId=0] Starting (kafka.server.ReplicaFetcherThread)
[2020-04-10 17:51:12,006] INFO [ReplicaFetcherManager on broker 0] Added fetcher to broker BrokerEndPoint(id=1, host=pop-os.localdomain:9093) for partitions Map(AlarmTopic-0 -> (offset=0, leaderEpoch=0)) (kafka.server.ReplicaFetcherManager)
[2020-04-10 17:51:13,015] INFO [ReplicaFetcher replicaId=0, leaderId=1, fetcherId=0] Truncating partition AlarmTopic-0 to local high watermark 0 (kafka.server.ReplicaFetcherThread)
[2020-04-10 17:51:13,018] INFO [Log partition=AlarmTopic-0, dir=/tmp/kafka-logs] Truncating to 0 has no effect as the largest offset in the log is -1 (kafka.log.Log)
[2020-04-10 17:52:47,569] INFO Creating topic __consumer_offsets with configuration {segment.bytes=104857600, compression.type=producer, cleanup.policy=compact} and initial partition assignment Map(23 -> ArrayBuffer(2), 32 -> ArrayBuffer(2), 41 -> ArrayBuffer(2), 17 -> ArrayBuffer(2), 8 -> ArrayBuffer(2), 35 -> ArrayBuffer(2), 44 -> ArrayBuffer(2), 26 -> ArrayBuffer(2), 11 -> ArrayBuffer(2), 29 -> ArrayBuffer(2), 38 -> ArrayBuffer(2), 47 -> ArrayBuffer(2), 20 -> ArrayBuffer(2), 2 -> ArrayBuffer(2), 5 -> ArrayBuffer(2), 14 -> ArrayBuffer(2), 46 -> ArrayBuffer(1), 49 -> ArrayBuffer(1), 40 -> ArrayBuffer(1), 13 -> ArrayBuffer(1), 4 -> ArrayBuffer(1), 22 -> ArrayBuffer(1), 31 -> ArrayBuffer(1), 16 -> ArrayBuffer(1), 7 -> ArrayBuffer(1), 43 -> ArrayBuffer(1), 25 -> ArrayBuffer(1), 34 -> ArrayBuffer(1), 10 -> ArrayBuffer(1), 37 -> ArrayBuffer(1), 1 -> ArrayBuffer(1), 19 -> ArrayBuffer(1), 28 -> ArrayBuffer(1), 45 -> ArrayBuffer(0), 27 -> ArrayBuffer(0), 36 -> ArrayBuffer(0), 18 -> ArrayBuffer(0), 9 -> ArrayBuffer(0), 21 -> ArrayBuffer(0), 48 -> ArrayBuffer(0), 3 -> ArrayBuffer(0), 12 -> ArrayBuffer(0), 30 -> ArrayBuffer(0), 39 -> ArrayBuffer(0), 15 -> ArrayBuffer(0), 42 -> ArrayBuffer(0), 24 -> ArrayBuffer(0), 6 -> ArrayBuffer(0), 33 -> ArrayBuffer(0), 0 -> ArrayBuffer(0)) (kafka.zk.AdminZkClient)
[2020-04-10 17:52:47,577] INFO [KafkaApi-0] Auto creation of topic __consumer_offsets with 50 partitions and replication factor 1 is successful (kafka.server.KafkaApis)
[2020-04-10 17:52:47,666] INFO [ReplicaFetcherManager on broker 0] Removed fetcher for partitions Set(__consumer_offsets-30, __consumer_offsets-21, __consumer_offsets-27, __consumer_offsets-9, __consumer_offsets-33, __consumer_offsets-36, __consumer_offsets-42, __consumer_offsets-3, __consumer_offsets-18, __consumer_offsets-15, __consumer_offsets-24, __consumer_offsets-48, __consumer_offsets-6, __consumer_offsets-0, __consumer_offsets-39, __consumer_offsets-12, __consumer_offsets-45) (kafka.server.ReplicaFetcherManager)
[2020-04-10 17:52:47,675] INFO [Log partition=__consumer_offsets-0, dir=/tmp/kafka-logs] Loading producer state till offset 0 with message format version 2 (kafka.log.Log)
[2020-04-10 17:52:47,676] INFO [Log partition=__consumer_offsets-0, dir=/tmp/kafka-logs] Completed load of log with 1 segments, log start offset 0 and log end offset 0 in 2 ms (kafka.log.Log)
[2020-04-10 17:52:47,677] INFO Created log for partition __consumer_offsets-0 in /tmp/kafka-logs/__consumer_offsets-0 with properties {compression.type -> producer, message.downconversion.enable -> true, min.insync.replicas -> 1, segment.jitter.ms -> 0, cleanup.policy -> compact, flush.ms -> 9223372036854775807, segment.bytes -> 104857600, retention.ms -> 604800000, flush.messages -> 9223372036854775807, message.format.version -> 2.4-IV1, file.delete.delay.ms -> 60000, max.compaction.lag.ms -> 9223372036854775807, max.message.bytes -> 1000012, min.compaction.lag.ms -> 0, message.timestamp.type -> CreateTime, preallocate -> false, min.cleanable.dirty.ratio -> 0.5, index.interval.bytes -> 4096, unclean.leader.election.enable -> false, retention.bytes -> -1, delete.retention.ms -> 86400000, segment.ms -> 604800000, message.timestamp.difference.max.ms -> 9223372036854775807, segment.index.bytes -> 10485760}. (kafka.log.LogManager)
[2020-04-10 17:52:47,677] INFO [Partition __consumer_offsets-0 broker=0] No checkpointed highwatermark is found for partition __consumer_offsets-0 (kafka.cluster.Partition)
[2020-04-10 17:52:47,678] INFO [Partition __consumer_offsets-0 broker=0] Log loaded for partition __consumer_offsets-0 with initial high watermark 0 (kafka.cluster.Partition)
[2020-04-10 17:52:47,678] INFO [Partition __consumer_offsets-0 broker=0] __consumer_offsets-0 starts at leader epoch 0 from offset 0 with high watermark 0. Previous leader epoch was -1. (kafka.cluster.Partition)
[2020-04-10 17:52:47,688] INFO [Log partition=__consumer_offsets-48, dir=/tmp/kafka-logs] Loading producer state till offset 0 with message format version 2 (kafka.log.Log)
[2020-04-10 17:52:47,688] INFO [Log partition=__consumer_offsets-48, dir=/tmp/kafka-logs] Completed load of log with 1 segments, log start offset 0 and log end offset 0 in 2 ms (kafka.log.Log)
[2020-04-10 17:52:47,689] INFO Created log for partition __consumer_offsets-48 in /tmp/kafka-logs/__consumer_offsets-48 with properties {compression.type -> producer, message.downconversion.enable -> true, min.insync.replicas -> 1, segment.jitter.ms -> 0, cleanup.policy -> compact, flush.ms -> 9223372036854775807, segment.bytes -> 104857600, retention.ms -> 604800000, flush.messages -> 9223372036854775807, message.format.version -> 2.4-IV1, file.delete.delay.ms -> 60000, max.compaction.lag.ms -> 9223372036854775807, max.message.bytes -> 1000012, min.compaction.lag.ms -> 0, message.timestamp.type -> CreateTime, preallocate -> false, min.cleanable.dirty.ratio -> 0.5, index.interval.bytes -> 4096, unclean.leader.election.enable -> false, retention.bytes -> -1, delete.retention.ms -> 86400000, segment.ms -> 604800000, message.timestamp.difference.max.ms -> 9223372036854775807, segment.index.bytes -> 10485760}. (kafka.log.LogManager)
[2020-04-10 17:52:47,689] INFO [Partition __consumer_offsets-48 broker=0] No checkpointed highwatermark is found for partition __consumer_offsets-48 (kafka.cluster.Partition)
[2020-04-10 17:52:47,690] INFO [Partition __consumer_offsets-48 broker=0] Log loaded for partition __consumer_offsets-48 with initial high watermark 0 (kafka.cluster.Partition)
[2020-04-10 17:52:47,690] INFO [Partition __consumer_offsets-48 broker=0] __consumer_offsets-48 starts at leader epoch 0 from offset 0 with high watermark 0. Previous leader epoch was -1. (kafka.cluster.Partition)
[2020-04-10 17:52:47,698] INFO [Log partition=__consumer_offsets-45, dir=/tmp/kafka-logs] Loading producer state till offset 0 with message format version 2 (kafka.log.Log)
[2020-04-10 17:52:47,698] INFO [Log partition=__consumer_offsets-45, dir=/tmp/kafka-logs] Completed load of log with 1 segments, log start offset 0 and log end offset 0 in 2 ms (kafka.log.Log)
[2020-04-10 17:52:47,699] INFO Created log for partition __consumer_offsets-45 in /tmp/kafka-logs/__consumer_offsets-45 with properties {compression.type -> producer, message.downconversion.enable -> true, min.insync.replicas -> 1, segment.jitter.ms -> 0, cleanup.policy -> compact, flush.ms -> 9223372036854775807, segment.bytes -> 104857600, retention.ms -> 604800000, flush.messages -> 9223372036854775807, message.format.version -> 2.4-IV1, file.delete.delay.ms -> 60000, max.compaction.lag.ms -> 9223372036854775807, max.message.bytes -> 1000012, min.compaction.lag.ms -> 0, message.timestamp.type -> CreateTime, preallocate -> false, min.cleanable.dirty.ratio -> 0.5, index.interval.bytes -> 4096, unclean.leader.election.enable -> false, retention.bytes -> -1, delete.retention.ms -> 86400000, segment.ms -> 604800000, message.timestamp.difference.max.ms -> 9223372036854775807, segment.index.bytes -> 10485760}. (kafka.log.LogManager)
[2020-04-10 17:52:47,699] INFO [Partition __consumer_offsets-45 broker=0] No checkpointed highwatermark is found for partition __consumer_offsets-45 (kafka.cluster.Partition)
[2020-04-10 17:52:47,699] INFO [Partition __consumer_offsets-45 broker=0] Log loaded for partition __consumer_offsets-45 with initial high watermark 0 (kafka.cluster.Partition)
[2020-04-10 17:52:47,699] INFO [Partition __consumer_offsets-45 broker=0] __consumer_offsets-45 starts at leader epoch 0 from offset 0 with high watermark 0. Previous leader epoch was -1. (kafka.cluster.Partition)
[2020-04-10 17:52:47,707] INFO [Log partition=__consumer_offsets-42, dir=/tmp/kafka-logs] Loading producer state till offset 0 with message format version 2 (kafka.log.Log)
[2020-04-10 17:52:47,708] INFO [Log partition=__consumer_offsets-42, dir=/tmp/kafka-logs] Completed load of log with 1 segments, log start offset 0 and log end offset 0 in 3 ms (kafka.log.Log)
[2020-04-10 17:52:47,709] INFO Created log for partition __consumer_offsets-42 in /tmp/kafka-logs/__consumer_offsets-42 with properties {compression.type -> producer, message.downconversion.enable -> true, min.insync.replicas -> 1, segment.jitter.ms -> 0, cleanup.policy -> compact, flush.ms -> 9223372036854775807, segment.bytes -> 104857600, retention.ms -> 604800000, flush.messages -> 9223372036854775807, message.format.version -> 2.4-IV1, file.delete.delay.ms -> 60000, max.compaction.lag.ms -> 9223372036854775807, max.message.bytes -> 1000012, min.compaction.lag.ms -> 0, message.timestamp.type -> CreateTime, preallocate -> false, min.cleanable.dirty.ratio -> 0.5, index.interval.bytes -> 4096, unclean.leader.election.enable -> false, retention.bytes -> -1, delete.retention.ms -> 86400000, segment.ms -> 604800000, message.timestamp.difference.max.ms -> 9223372036854775807, segment.index.bytes -> 10485760}. (kafka.log.LogManager)
[2020-04-10 17:52:47,709] INFO [Partition __consumer_offsets-42 broker=0] No checkpointed highwatermark is found for partition __consumer_offsets-42 (kafka.cluster.Partition)
[2020-04-10 17:52:47,709] INFO [Partition __consumer_offsets-42 broker=0] Log loaded for partition __consumer_offsets-42 with initial high watermark 0 (kafka.cluster.Partition)
[2020-04-10 17:52:47,709] INFO [Partition __consumer_offsets-42 broker=0] __consumer_offsets-42 starts at leader epoch 0 from offset 0 with high watermark 0. Previous leader epoch was -1. (kafka.cluster.Partition)
[2020-04-10 17:52:47,716] INFO [Log partition=__consumer_offsets-39, dir=/tmp/kafka-logs] Loading producer state till offset 0 with message format version 2 (kafka.log.Log)
[2020-04-10 17:52:47,716] INFO [Log partition=__consumer_offsets-39, dir=/tmp/kafka-logs] Completed load of log with 1 segments, log start offset 0 and log end offset 0 in 2 ms (kafka.log.Log)
[2020-04-10 17:52:47,717] INFO Created log for partition __consumer_offsets-39 in /tmp/kafka-logs/__consumer_offsets-39 with properties {compression.type -> producer, message.downconversion.enable -> true, min.insync.replicas -> 1, segment.jitter.ms -> 0, cleanup.policy -> compact, flush.ms -> 9223372036854775807, segment.bytes -> 104857600, retention.ms -> 604800000, flush.messages -> 9223372036854775807, message.format.version -> 2.4-IV1, file.delete.delay.ms -> 60000, max.compaction.lag.ms -> 9223372036854775807, max.message.bytes -> 1000012, min.compaction.lag.ms -> 0, message.timestamp.type -> CreateTime, preallocate -> false, min.cleanable.dirty.ratio -> 0.5, index.interval.bytes -> 4096, unclean.leader.election.enable -> false, retention.bytes -> -1, delete.retention.ms -> 86400000, segment.ms -> 604800000, message.timestamp.difference.max.ms -> 9223372036854775807, segment.index.bytes -> 10485760}. (kafka.log.LogManager)
[2020-04-10 17:52:47,717] INFO [Partition __consumer_offsets-39 broker=0] No checkpointed highwatermark is found for partition __consumer_offsets-39 (kafka.cluster.Partition)
[2020-04-10 17:52:47,717] INFO [Partition __consumer_offsets-39 broker=0] Log loaded for partition __consumer_offsets-39 with initial high watermark 0 (kafka.cluster.Partition)
[2020-04-10 17:52:47,717] INFO [Partition __consumer_offsets-39 broker=0] __consumer_offsets-39 starts at leader epoch 0 from offset 0 with high watermark 0. Previous leader epoch was -1. (kafka.cluster.Partition)
[2020-04-10 17:52:47,725] INFO [Log partition=__consumer_offsets-36, dir=/tmp/kafka-logs] Loading producer state till offset 0 with message format version 2 (kafka.log.Log)
[2020-04-10 17:52:47,726] INFO [Log partition=__consumer_offsets-36, dir=/tmp/kafka-logs] Completed load of log with 1 segments, log start offset 0 and log end offset 0 in 2 ms (kafka.log.Log)
[2020-04-10 17:52:47,727] INFO Created log for partition __consumer_offsets-36 in /tmp/kafka-logs/__consumer_offsets-36 with properties {compression.type -> producer, message.downconversion.enable -> true, min.insync.replicas -> 1, segment.jitter.ms -> 0, cleanup.policy -> compact, flush.ms -> 9223372036854775807, segment.bytes -> 104857600, retention.ms -> 604800000, flush.messages -> 9223372036854775807, message.format.version -> 2.4-IV1, file.delete.delay.ms -> 60000, max.compaction.lag.ms -> 9223372036854775807, max.message.bytes -> 1000012, min.compaction.lag.ms -> 0, message.timestamp.type -> CreateTime, preallocate -> false, min.cleanable.dirty.ratio -> 0.5, index.interval.bytes -> 4096, unclean.leader.election.enable -> false, retention.bytes -> -1, delete.retention.ms -> 86400000, segment.ms -> 604800000, message.timestamp.difference.max.ms -> 9223372036854775807, segment.index.bytes -> 10485760}. (kafka.log.LogManager)
[2020-04-10 17:52:47,727] INFO [Partition __consumer_offsets-36 broker=0] No checkpointed highwatermark is found for partition __consumer_offsets-36 (kafka.cluster.Partition)
[2020-04-10 17:52:47,727] INFO [Partition __consumer_offsets-36 broker=0] Log loaded for partition __consumer_offsets-36 with initial high watermark 0 (kafka.cluster.Partition)
[2020-04-10 17:52:47,727] INFO [Partition __consumer_offsets-36 broker=0] __consumer_offsets-36 starts at leader epoch 0 from offset 0 with high watermark 0. Previous leader epoch was -1. (kafka.cluster.Partition)
[2020-04-10 17:52:47,734] INFO [Log partition=__consumer_offsets-33, dir=/tmp/kafka-logs] Loading producer state till offset 0 with message format version 2 (kafka.log.Log)
[2020-04-10 17:52:47,735] INFO [Log partition=__consumer_offsets-33, dir=/tmp/kafka-logs] Completed load of log with 1 segments, log start offset 0 and log end offset 0 in 2 ms (kafka.log.Log)
[2020-04-10 17:52:47,736] INFO Created log for partition __consumer_offsets-33 in /tmp/kafka-logs/__consumer_offsets-33 with properties {compression.type -> producer, message.downconversion.enable -> true, min.insync.replicas -> 1, segment.jitter.ms -> 0, cleanup.policy -> compact, flush.ms -> 9223372036854775807, segment.bytes -> 104857600, retention.ms -> 604800000, flush.messages -> 9223372036854775807, message.format.version -> 2.4-IV1, file.delete.delay.ms -> 60000, max.compaction.lag.ms -> 9223372036854775807, max.message.bytes -> 1000012, min.compaction.lag.ms -> 0, message.timestamp.type -> CreateTime, preallocate -> false, min.cleanable.dirty.ratio -> 0.5, index.interval.bytes -> 4096, unclean.leader.election.enable -> false, retention.bytes -> -1, delete.retention.ms -> 86400000, segment.ms -> 604800000, message.timestamp.difference.max.ms -> 9223372036854775807, segment.index.bytes -> 10485760}. (kafka.log.LogManager)
[2020-04-10 17:52:47,736] INFO [Partition __consumer_offsets-33 broker=0] No checkpointed highwatermark is found for partition __consumer_offsets-33 (kafka.cluster.Partition)
[2020-04-10 17:52:47,736] INFO [Partition __consumer_offsets-33 broker=0] Log loaded for partition __consumer_offsets-33 with initial high watermark 0 (kafka.cluster.Partition)
[2020-04-10 17:52:47,736] INFO [Partition __consumer_offsets-33 broker=0] __consumer_offsets-33 starts at leader epoch 0 from offset 0 with high watermark 0. Previous leader epoch was -1. (kafka.cluster.Partition)
[2020-04-10 17:52:47,747] INFO [Log partition=__consumer_offsets-30, dir=/tmp/kafka-logs] Loading producer state till offset 0 with message format version 2 (kafka.log.Log)
[2020-04-10 17:52:47,747] INFO [Log partition=__consumer_offsets-30, dir=/tmp/kafka-logs] Completed load of log with 1 segments, log start offset 0 and log end offset 0 in 2 ms (kafka.log.Log)
[2020-04-10 17:52:47,748] INFO Created log for partition __consumer_offsets-30 in /tmp/kafka-logs/__consumer_offsets-30 with properties {compression.type -> producer, message.downconversion.enable -> true, min.insync.replicas -> 1, segment.jitter.ms -> 0, cleanup.policy -> compact, flush.ms -> 9223372036854775807, segment.bytes -> 104857600, retention.ms -> 604800000, flush.messages -> 9223372036854775807, message.format.version -> 2.4-IV1, file.delete.delay.ms -> 60000, max.compaction.lag.ms -> 9223372036854775807, max.message.bytes -> 1000012, min.compaction.lag.ms -> 0, message.timestamp.type -> CreateTime, preallocate -> false, min.cleanable.dirty.ratio -> 0.5, index.interval.bytes -> 4096, unclean.leader.election.enable -> false, retention.bytes -> -1, delete.retention.ms -> 86400000, segment.ms -> 604800000, message.timestamp.difference.max.ms -> 9223372036854775807, segment.index.bytes -> 10485760}. (kafka.log.LogManager)
[2020-04-10 17:52:47,748] INFO [Partition __consumer_offsets-30 broker=0] No checkpointed highwatermark is found for partition __consumer_offsets-30 (kafka.cluster.Partition)
[2020-04-10 17:52:47,748] INFO [Partition __consumer_offsets-30 broker=0] Log loaded for partition __consumer_offsets-30 with initial high watermark 0 (kafka.cluster.Partition)
[2020-04-10 17:52:47,749] INFO [Partition __consumer_offsets-30 broker=0] __consumer_offsets-30 starts at leader epoch 0 from offset 0 with high watermark 0. Previous leader epoch was -1. (kafka.cluster.Partition)
[2020-04-10 17:52:47,756] INFO [Log partition=__consumer_offsets-27, dir=/tmp/kafka-logs] Loading producer state till offset 0 with message format version 2 (kafka.log.Log)
[2020-04-10 17:52:47,757] INFO [Log partition=__consumer_offsets-27, dir=/tmp/kafka-logs] Completed load of log with 1 segments, log start offset 0 and log end offset 0 in 2 ms (kafka.log.Log)
[2020-04-10 17:52:47,758] INFO Created log for partition __consumer_offsets-27 in /tmp/kafka-logs/__consumer_offsets-27 with properties {compression.type -> producer, message.downconversion.enable -> true, min.insync.replicas -> 1, segment.jitter.ms -> 0, cleanup.policy -> compact, flush.ms -> 9223372036854775807, segment.bytes -> 104857600, retention.ms -> 604800000, flush.messages -> 9223372036854775807, message.format.version -> 2.4-IV1, file.delete.delay.ms -> 60000, max.compaction.lag.ms -> 9223372036854775807, max.message.bytes -> 1000012, min.compaction.lag.ms -> 0, message.timestamp.type -> CreateTime, preallocate -> false, min.cleanable.dirty.ratio -> 0.5, index.interval.bytes -> 4096, unclean.leader.election.enable -> false, retention.bytes -> -1, delete.retention.ms -> 86400000, segment.ms -> 604800000, message.timestamp.difference.max.ms -> 9223372036854775807, segment.index.bytes -> 10485760}. (kafka.log.LogManager)
[2020-04-10 17:52:47,758] INFO [Partition __consumer_offsets-27 broker=0] No checkpointed highwatermark is found for partition __consumer_offsets-27 (kafka.cluster.Partition)
[2020-04-10 17:52:47,758] INFO [Partition __consumer_offsets-27 broker=0] Log loaded for partition __consumer_offsets-27 with initial high watermark 0 (kafka.cluster.Partition)
[2020-04-10 17:52:47,758] INFO [Partition __consumer_offsets-27 broker=0] __consumer_offsets-27 starts at leader epoch 0 from offset 0 with high watermark 0. Previous leader epoch was -1. (kafka.cluster.Partition)
[2020-04-10 17:52:47,767] INFO [Log partition=__consumer_offsets-24, dir=/tmp/kafka-logs] Loading producer state till offset 0 with message format version 2 (kafka.log.Log)
[2020-04-10 17:52:47,767] INFO [Log partition=__consumer_offsets-24, dir=/tmp/kafka-logs] Completed load of log with 1 segments, log start offset 0 and log end offset 0 in 2 ms (kafka.log.Log)
[2020-04-10 17:52:47,768] INFO Created log for partition __consumer_offsets-24 in /tmp/kafka-logs/__consumer_offsets-24 with properties {compression.type -> producer, message.downconversion.enable -> true, min.insync.replicas -> 1, segment.jitter.ms -> 0, cleanup.policy -> compact, flush.ms -> 9223372036854775807, segment.bytes -> 104857600, retention.ms -> 604800000, flush.messages -> 9223372036854775807, message.format.version -> 2.4-IV1, file.delete.delay.ms -> 60000, max.compaction.lag.ms -> 9223372036854775807, max.message.bytes -> 1000012, min.compaction.lag.ms -> 0, message.timestamp.type -> CreateTime, preallocate -> false, min.cleanable.dirty.ratio -> 0.5, index.interval.bytes -> 4096, unclean.leader.election.enable -> false, retention.bytes -> -1, delete.retention.ms -> 86400000, segment.ms -> 604800000, message.timestamp.difference.max.ms -> 9223372036854775807, segment.index.bytes -> 10485760}. (kafka.log.LogManager)
[2020-04-10 17:52:47,768] INFO [Partition __consumer_offsets-24 broker=0] No checkpointed highwatermark is found for partition __consumer_offsets-24 (kafka.cluster.Partition)
[2020-04-10 17:52:47,768] INFO [Partition __consumer_offsets-24 broker=0] Log loaded for partition __consumer_offsets-24 with initial high watermark 0 (kafka.cluster.Partition)
[2020-04-10 17:52:47,768] INFO [Partition __consumer_offsets-24 broker=0] __consumer_offsets-24 starts at leader epoch 0 from offset 0 with high watermark 0. Previous leader epoch was -1. (kafka.cluster.Partition)
[2020-04-10 17:52:47,776] INFO [Log partition=__consumer_offsets-21, dir=/tmp/kafka-logs] Loading producer state till offset 0 with message format version 2 (kafka.log.Log)
[2020-04-10 17:52:47,776] INFO [Log partition=__consumer_offsets-21, dir=/tmp/kafka-logs] Completed load of log with 1 segments, log start offset 0 and log end offset 0 in 2 ms (kafka.log.Log)
[2020-04-10 17:52:47,777] INFO Created log for partition __consumer_offsets-21 in /tmp/kafka-logs/__consumer_offsets-21 with properties {compression.type -> producer, message.downconversion.enable -> true, min.insync.replicas -> 1, segment.jitter.ms -> 0, cleanup.policy -> compact, flush.ms -> 9223372036854775807, segment.bytes -> 104857600, retention.ms -> 604800000, flush.messages -> 9223372036854775807, message.format.version -> 2.4-IV1, file.delete.delay.ms -> 60000, max.compaction.lag.ms -> 9223372036854775807, max.message.bytes -> 1000012, min.compaction.lag.ms -> 0, message.timestamp.type -> CreateTime, preallocate -> false, min.cleanable.dirty.ratio -> 0.5, index.interval.bytes -> 4096, unclean.leader.election.enable -> false, retention.bytes -> -1, delete.retention.ms -> 86400000, segment.ms -> 604800000, message.timestamp.difference.max.ms -> 9223372036854775807, segment.index.bytes -> 10485760}. (kafka.log.LogManager)
[2020-04-10 17:52:47,778] INFO [Partition __consumer_offsets-21 broker=0] No checkpointed highwatermark is found for partition __consumer_offsets-21 (kafka.cluster.Partition)
[2020-04-10 17:52:47,778] INFO [Partition __consumer_offsets-21 broker=0] Log loaded for partition __consumer_offsets-21 with initial high watermark 0 (kafka.cluster.Partition)
[2020-04-10 17:52:47,778] INFO [Partition __consumer_offsets-21 broker=0] __consumer_offsets-21 starts at leader epoch 0 from offset 0 with high watermark 0. Previous leader epoch was -1. (kafka.cluster.Partition)
[2020-04-10 17:52:47,785] INFO [Log partition=__consumer_offsets-18, dir=/tmp/kafka-logs] Loading producer state till offset 0 with message format version 2 (kafka.log.Log)
[2020-04-10 17:52:47,785] INFO [Log partition=__consumer_offsets-18, dir=/tmp/kafka-logs] Completed load of log with 1 segments, log start offset 0 and log end offset 0 in 2 ms (kafka.log.Log)
[2020-04-10 17:52:47,786] INFO Created log for partition __consumer_offsets-18 in /tmp/kafka-logs/__consumer_offsets-18 with properties {compression.type -> producer, message.downconversion.enable -> true, min.insync.replicas -> 1, segment.jitter.ms -> 0, cleanup.policy -> compact, flush.ms -> 9223372036854775807, segment.bytes -> 104857600, retention.ms -> 604800000, flush.messages -> 9223372036854775807, message.format.version -> 2.4-IV1, file.delete.delay.ms -> 60000, max.compaction.lag.ms -> 9223372036854775807, max.message.bytes -> 1000012, min.compaction.lag.ms -> 0, message.timestamp.type -> CreateTime, preallocate -> false, min.cleanable.dirty.ratio -> 0.5, index.interval.bytes -> 4096, unclean.leader.election.enable -> false, retention.bytes -> -1, delete.retention.ms -> 86400000, segment.ms -> 604800000, message.timestamp.difference.max.ms -> 9223372036854775807, segment.index.bytes -> 10485760}. (kafka.log.LogManager)
[2020-04-10 17:52:47,787] INFO [Partition __consumer_offsets-18 broker=0] No checkpointed highwatermark is found for partition __consumer_offsets-18 (kafka.cluster.Partition)
[2020-04-10 17:52:47,787] INFO [Partition __consumer_offsets-18 broker=0] Log loaded for partition __consumer_offsets-18 with initial high watermark 0 (kafka.cluster.Partition)
[2020-04-10 17:52:47,787] INFO [Partition __consumer_offsets-18 broker=0] __consumer_offsets-18 starts at leader epoch 0 from offset 0 with high watermark 0. Previous leader epoch was -1. (kafka.cluster.Partition)
[2020-04-10 17:52:47,793] INFO [Log partition=__consumer_offsets-15, dir=/tmp/kafka-logs] Loading producer state till offset 0 with message format version 2 (kafka.log.Log)
[2020-04-10 17:52:47,794] INFO [Log partition=__consumer_offsets-15, dir=/tmp/kafka-logs] Completed load of log with 1 segments, log start offset 0 and log end offset 0 in 2 ms (kafka.log.Log)
[2020-04-10 17:52:47,795] INFO Created log for partition __consumer_offsets-15 in /tmp/kafka-logs/__consumer_offsets-15 with properties {compression.type -> producer, message.downconversion.enable -> true, min.insync.replicas -> 1, segment.jitter.ms -> 0, cleanup.policy -> compact, flush.ms -> 9223372036854775807, segment.bytes -> 104857600, retention.ms -> 604800000, flush.messages -> 9223372036854775807, message.format.version -> 2.4-IV1, file.delete.delay.ms -> 60000, max.compaction.lag.ms -> 9223372036854775807, max.message.bytes -> 1000012, min.compaction.lag.ms -> 0, message.timestamp.type -> CreateTime, preallocate -> false, min.cleanable.dirty.ratio -> 0.5, index.interval.bytes -> 4096, unclean.leader.election.enable -> false, retention.bytes -> -1, delete.retention.ms -> 86400000, segment.ms -> 604800000, message.timestamp.difference.max.ms -> 9223372036854775807, segment.index.bytes -> 10485760}. (kafka.log.LogManager)
[2020-04-10 17:52:47,795] INFO [Partition __consumer_offsets-15 broker=0] No checkpointed highwatermark is found for partition __consumer_offsets-15 (kafka.cluster.Partition)
[2020-04-10 17:52:47,795] INFO [Partition __consumer_offsets-15 broker=0] Log loaded for partition __consumer_offsets-15 with initial high watermark 0 (kafka.cluster.Partition)
[2020-04-10 17:52:47,795] INFO [Partition __consumer_offsets-15 broker=0] __consumer_offsets-15 starts at leader epoch 0 from offset 0 with high watermark 0. Previous leader epoch was -1. (kafka.cluster.Partition)
[2020-04-10 17:52:47,805] INFO [Log partition=__consumer_offsets-12, dir=/tmp/kafka-logs] Loading producer state till offset 0 with message format version 2 (kafka.log.Log)
[2020-04-10 17:52:47,805] INFO [Log partition=__consumer_offsets-12, dir=/tmp/kafka-logs] Completed load of log with 1 segments, log start offset 0 and log end offset 0 in 2 ms (kafka.log.Log)
[2020-04-10 17:52:47,806] INFO Created log for partition __consumer_offsets-12 in /tmp/kafka-logs/__consumer_offsets-12 with properties {compression.type -> producer, message.downconversion.enable -> true, min.insync.replicas -> 1, segment.jitter.ms -> 0, cleanup.policy -> compact, flush.ms -> 9223372036854775807, segment.bytes -> 104857600, retention.ms -> 604800000, flush.messages -> 9223372036854775807, message.format.version -> 2.4-IV1, file.delete.delay.ms -> 60000, max.compaction.lag.ms -> 9223372036854775807, max.message.bytes -> 1000012, min.compaction.lag.ms -> 0, message.timestamp.type -> CreateTime, preallocate -> false, min.cleanable.dirty.ratio -> 0.5, index.interval.bytes -> 4096, unclean.leader.election.enable -> false, retention.bytes -> -1, delete.retention.ms -> 86400000, segment.ms -> 604800000, message.timestamp.difference.max.ms -> 9223372036854775807, segment.index.bytes -> 10485760}. (kafka.log.LogManager)
[2020-04-10 17:52:47,806] INFO [Partition __consumer_offsets-12 broker=0] No checkpointed highwatermark is found for partition __consumer_offsets-12 (kafka.cluster.Partition)
[2020-04-10 17:52:47,806] INFO [Partition __consumer_offsets-12 broker=0] Log loaded for partition __consumer_offsets-12 with initial high watermark 0 (kafka.cluster.Partition)
[2020-04-10 17:52:47,806] INFO [Partition __consumer_offsets-12 broker=0] __consumer_offsets-12 starts at leader epoch 0 from offset 0 with high watermark 0. Previous leader epoch was -1. (kafka.cluster.Partition)
[2020-04-10 17:52:47,816] INFO [Log partition=__consumer_offsets-9, dir=/tmp/kafka-logs] Loading producer state till offset 0 with message format version 2 (kafka.log.Log)
[2020-04-10 17:52:47,816] INFO [Log partition=__consumer_offsets-9, dir=/tmp/kafka-logs] Completed load of log with 1 segments, log start offset 0 and log end offset 0 in 3 ms (kafka.log.Log)
[2020-04-10 17:52:47,817] INFO Created log for partition __consumer_offsets-9 in /tmp/kafka-logs/__consumer_offsets-9 with properties {compression.type -> producer, message.downconversion.enable -> true, min.insync.replicas -> 1, segment.jitter.ms -> 0, cleanup.policy -> compact, flush.ms -> 9223372036854775807, segment.bytes -> 104857600, retention.ms -> 604800000, flush.messages -> 9223372036854775807, message.format.version -> 2.4-IV1, file.delete.delay.ms -> 60000, max.compaction.lag.ms -> 9223372036854775807, max.message.bytes -> 1000012, min.compaction.lag.ms -> 0, message.timestamp.type -> CreateTime, preallocate -> false, min.cleanable.dirty.ratio -> 0.5, index.interval.bytes -> 4096, unclean.leader.election.enable -> false, retention.bytes -> -1, delete.retention.ms -> 86400000, segment.ms -> 604800000, message.timestamp.difference.max.ms -> 9223372036854775807, segment.index.bytes -> 10485760}. (kafka.log.LogManager)
[2020-04-10 17:52:47,817] INFO [Partition __consumer_offsets-9 broker=0] No checkpointed highwatermark is found for partition __consumer_offsets-9 (kafka.cluster.Partition)
[2020-04-10 17:52:47,817] INFO [Partition __consumer_offsets-9 broker=0] Log loaded for partition __consumer_offsets-9 with initial high watermark 0 (kafka.cluster.Partition)
[2020-04-10 17:52:47,817] INFO [Partition __consumer_offsets-9 broker=0] __consumer_offsets-9 starts at leader epoch 0 from offset 0 with high watermark 0. Previous leader epoch was -1. (kafka.cluster.Partition)
[2020-04-10 17:52:47,832] INFO [Log partition=__consumer_offsets-6, dir=/tmp/kafka-logs] Loading producer state till offset 0 with message format version 2 (kafka.log.Log)
[2020-04-10 17:52:47,832] INFO [Log partition=__consumer_offsets-6, dir=/tmp/kafka-logs] Completed load of log with 1 segments, log start offset 0 and log end offset 0 in 1 ms (kafka.log.Log)
[2020-04-10 17:52:47,833] INFO Created log for partition __consumer_offsets-6 in /tmp/kafka-logs/__consumer_offsets-6 with properties {compression.type -> producer, message.downconversion.enable -> true, min.insync.replicas -> 1, segment.jitter.ms -> 0, cleanup.policy -> compact, flush.ms -> 9223372036854775807, segment.bytes -> 104857600, retention.ms -> 604800000, flush.messages -> 9223372036854775807, message.format.version -> 2.4-IV1, file.delete.delay.ms -> 60000, max.compaction.lag.ms -> 9223372036854775807, max.message.bytes -> 1000012, min.compaction.lag.ms -> 0, message.timestamp.type -> CreateTime, preallocate -> false, min.cleanable.dirty.ratio -> 0.5, index.interval.bytes -> 4096, unclean.leader.election.enable -> false, retention.bytes -> -1, delete.retention.ms -> 86400000, segment.ms -> 604800000, message.timestamp.difference.max.ms -> 9223372036854775807, segment.index.bytes -> 10485760}. (kafka.log.LogManager)
[2020-04-10 17:52:47,833] INFO [Partition __consumer_offsets-6 broker=0] No checkpointed highwatermark is found for partition __consumer_offsets-6 (kafka.cluster.Partition)
[2020-04-10 17:52:47,833] INFO [Partition __consumer_offsets-6 broker=0] Log loaded for partition __consumer_offsets-6 with initial high watermark 0 (kafka.cluster.Partition)
[2020-04-10 17:52:47,833] INFO [Partition __consumer_offsets-6 broker=0] __consumer_offsets-6 starts at leader epoch 0 from offset 0 with high watermark 0. Previous leader epoch was -1. (kafka.cluster.Partition)
[2020-04-10 17:52:47,844] INFO [Log partition=__consumer_offsets-3, dir=/tmp/kafka-logs] Loading producer state till offset 0 with message format version 2 (kafka.log.Log)
[2020-04-10 17:52:47,844] INFO [Log partition=__consumer_offsets-3, dir=/tmp/kafka-logs] Completed load of log with 1 segments, log start offset 0 and log end offset 0 in 2 ms (kafka.log.Log)
[2020-04-10 17:52:47,845] INFO Created log for partition __consumer_offsets-3 in /tmp/kafka-logs/__consumer_offsets-3 with properties {compression.type -> producer, message.downconversion.enable -> true, min.insync.replicas -> 1, segment.jitter.ms -> 0, cleanup.policy -> compact, flush.ms -> 9223372036854775807, segment.bytes -> 104857600, retention.ms -> 604800000, flush.messages -> 9223372036854775807, message.format.version -> 2.4-IV1, file.delete.delay.ms -> 60000, max.compaction.lag.ms -> 9223372036854775807, max.message.bytes -> 1000012, min.compaction.lag.ms -> 0, message.timestamp.type -> CreateTime, preallocate -> false, min.cleanable.dirty.ratio -> 0.5, index.interval.bytes -> 4096, unclean.leader.election.enable -> false, retention.bytes -> -1, delete.retention.ms -> 86400000, segment.ms -> 604800000, message.timestamp.difference.max.ms -> 9223372036854775807, segment.index.bytes -> 10485760}. (kafka.log.LogManager)
[2020-04-10 17:52:47,845] INFO [Partition __consumer_offsets-3 broker=0] No checkpointed highwatermark is found for partition __consumer_offsets-3 (kafka.cluster.Partition)
[2020-04-10 17:52:47,846] INFO [Partition __consumer_offsets-3 broker=0] Log loaded for partition __consumer_offsets-3 with initial high watermark 0 (kafka.cluster.Partition)
[2020-04-10 17:52:47,846] INFO [Partition __consumer_offsets-3 broker=0] __consumer_offsets-3 starts at leader epoch 0 from offset 0 with high watermark 0. Previous leader epoch was -1. (kafka.cluster.Partition)
[2020-04-10 17:52:47,852] INFO [GroupMetadataManager brokerId=0] Scheduling loading of offsets and group metadata from __consumer_offsets-0 (kafka.coordinator.group.GroupMetadataManager)
[2020-04-10 17:52:47,853] INFO [GroupMetadataManager brokerId=0] Scheduling loading of offsets and group metadata from __consumer_offsets-3 (kafka.coordinator.group.GroupMetadataManager)
[2020-04-10 17:52:47,853] INFO [GroupMetadataManager brokerId=0] Scheduling loading of offsets and group metadata from __consumer_offsets-6 (kafka.coordinator.group.GroupMetadataManager)
[2020-04-10 17:52:47,853] INFO [GroupMetadataManager brokerId=0] Scheduling loading of offsets and group metadata from __consumer_offsets-9 (kafka.coordinator.group.GroupMetadataManager)
[2020-04-10 17:52:47,853] INFO [GroupMetadataManager brokerId=0] Scheduling loading of offsets and group metadata from __consumer_offsets-12 (kafka.coordinator.group.GroupMetadataManager)
[2020-04-10 17:52:47,853] INFO [GroupMetadataManager brokerId=0] Scheduling loading of offsets and group metadata from __consumer_offsets-15 (kafka.coordinator.group.GroupMetadataManager)
[2020-04-10 17:52:47,853] INFO [GroupMetadataManager brokerId=0] Scheduling loading of offsets and group metadata from __consumer_offsets-18 (kafka.coordinator.group.GroupMetadataManager)
[2020-04-10 17:52:47,853] INFO [GroupMetadataManager brokerId=0] Scheduling loading of offsets and group metadata from __consumer_offsets-21 (kafka.coordinator.group.GroupMetadataManager)
[2020-04-10 17:52:47,853] INFO [GroupMetadataManager brokerId=0] Scheduling loading of offsets and group metadata from __consumer_offsets-24 (kafka.coordinator.group.GroupMetadataManager)
[2020-04-10 17:52:47,853] INFO [GroupMetadataManager brokerId=0] Scheduling loading of offsets and group metadata from __consumer_offsets-27 (kafka.coordinator.group.GroupMetadataManager)
[2020-04-10 17:52:47,854] INFO [GroupMetadataManager brokerId=0] Scheduling loading of offsets and group metadata from __consumer_offsets-30 (kafka.coordinator.group.GroupMetadataManager)
[2020-04-10 17:52:47,854] INFO [GroupMetadataManager brokerId=0] Scheduling loading of offsets and group metadata from __consumer_offsets-33 (kafka.coordinator.group.GroupMetadataManager)
[2020-04-10 17:52:47,854] INFO [GroupMetadataManager brokerId=0] Scheduling loading of offsets and group metadata from __consumer_offsets-36 (kafka.coordinator.group.GroupMetadataManager)
[2020-04-10 17:52:47,854] INFO [GroupMetadataManager brokerId=0] Scheduling loading of offsets and group metadata from __consumer_offsets-39 (kafka.coordinator.group.GroupMetadataManager)
[2020-04-10 17:52:47,854] INFO [GroupMetadataManager brokerId=0] Scheduling loading of offsets and group metadata from __consumer_offsets-42 (kafka.coordinator.group.GroupMetadataManager)
[2020-04-10 17:52:47,854] INFO [GroupMetadataManager brokerId=0] Scheduling loading of offsets and group metadata from __consumer_offsets-45 (kafka.coordinator.group.GroupMetadataManager)
[2020-04-10 17:52:47,854] INFO [GroupMetadataManager brokerId=0] Scheduling loading of offsets and group metadata from __consumer_offsets-48 (kafka.coordinator.group.GroupMetadataManager)
[2020-04-10 17:52:47,859] INFO [GroupMetadataManager brokerId=0] Finished loading offsets and group metadata from __consumer_offsets-0 in 5 milliseconds. (kafka.coordinator.group.GroupMetadataManager)
[2020-04-10 17:52:47,861] INFO [GroupMetadataManager brokerId=0] Finished loading offsets and group metadata from __consumer_offsets-3 in 0 milliseconds. (kafka.coordinator.group.GroupMetadataManager)
[2020-04-10 17:52:47,861] INFO [GroupMetadataManager brokerId=0] Finished loading offsets and group metadata from __consumer_offsets-6 in 0 milliseconds. (kafka.coordinator.group.GroupMetadataManager)
[2020-04-10 17:52:47,862] INFO [GroupMetadataManager brokerId=0] Finished loading offsets and group metadata from __consumer_offsets-9 in 1 milliseconds. (kafka.coordinator.group.GroupMetadataManager)
[2020-04-10 17:52:47,862] INFO [GroupMetadataManager brokerId=0] Finished loading offsets and group metadata from __consumer_offsets-12 in 0 milliseconds. (kafka.coordinator.group.GroupMetadataManager)
[2020-04-10 17:52:47,863] INFO [GroupMetadataManager brokerId=0] Finished loading offsets and group metadata from __consumer_offsets-15 in 1 milliseconds. (kafka.coordinator.group.GroupMetadataManager)
[2020-04-10 17:52:47,864] INFO [GroupMetadataManager brokerId=0] Finished loading offsets and group metadata from __consumer_offsets-18 in 1 milliseconds. (kafka.coordinator.group.GroupMetadataManager)
[2020-04-10 17:52:47,866] INFO [GroupMetadataManager brokerId=0] Finished loading offsets and group metadata from __consumer_offsets-21 in 0 milliseconds. (kafka.coordinator.group.GroupMetadataManager)
[2020-04-10 17:52:47,867] INFO [GroupMetadataManager brokerId=0] Finished loading offsets and group metadata from __consumer_offsets-24 in 1 milliseconds. (kafka.coordinator.group.GroupMetadataManager)
[2020-04-10 17:52:47,870] INFO [GroupMetadataManager brokerId=0] Finished loading offsets and group metadata from __consumer_offsets-27 in 1 milliseconds. (kafka.coordinator.group.GroupMetadataManager)
[2020-04-10 17:52:47,870] INFO [GroupMetadataManager brokerId=0] Finished loading offsets and group metadata from __consumer_offsets-30 in 0 milliseconds. (kafka.coordinator.group.GroupMetadataManager)
[2020-04-10 17:52:47,871] INFO [GroupMetadataManager brokerId=0] Finished loading offsets and group metadata from __consumer_offsets-33 in 0 milliseconds. (kafka.coordinator.group.GroupMetadataManager)
[2020-04-10 17:52:47,871] INFO [GroupMetadataManager brokerId=0] Finished loading offsets and group metadata from __consumer_offsets-36 in 0 milliseconds. (kafka.coordinator.group.GroupMetadataManager)
[2020-04-10 17:52:47,871] INFO [GroupMetadataManager brokerId=0] Finished loading offsets and group metadata from __consumer_offsets-39 in 0 milliseconds. (kafka.coordinator.group.GroupMetadataManager)
[2020-04-10 17:52:47,872] INFO [GroupMetadataManager brokerId=0] Finished loading offsets and group metadata from __consumer_offsets-42 in 0 milliseconds. (kafka.coordinator.group.GroupMetadataManager)
[2020-04-10 17:52:47,872] INFO [GroupMetadataManager brokerId=0] Finished loading offsets and group metadata from __consumer_offsets-45 in 0 milliseconds. (kafka.coordinator.group.GroupMetadataManager)
[2020-04-10 17:52:47,873] INFO [GroupMetadataManager brokerId=0] Finished loading offsets and group metadata from __consumer_offsets-48 in 1 milliseconds. (kafka.coordinator.group.GroupMetadataManager)
